ARM GAS  C:\Users\ilias\AppData\Local\Temp\cc600hS2.s 			page 1


   1              		.cpu cortex-m0
   2              		.fpu softvfp
   3              		.eabi_attribute 20, 1
   4              		.eabi_attribute 21, 1
   5              		.eabi_attribute 23, 3
   6              		.eabi_attribute 24, 1
   7              		.eabi_attribute 25, 1
   8              		.eabi_attribute 26, 1
   9              		.eabi_attribute 30, 6
  10              		.eabi_attribute 34, 0
  11              		.eabi_attribute 18, 4
  12              		.code	16
  13              		.file	"cyfitter_cfg.c"
  14              		.text
  15              	.Ltext0:
  16              		.cfi_sections	.debug_frame
  17              		.section	.text.CYMEMZERO,"ax",%progbits
  18              		.align	2
  19              		.code	16
  20              		.thumb_func
  21              		.type	CYMEMZERO, %function
  22              	CYMEMZERO:
  23              	.LFB2:
  24              		.file 1 ".\\Generated_Source\\PSoC4\\cyfitter_cfg.c"
   1:.\Generated_Source\PSoC4/cyfitter_cfg.c **** /*******************************************************************************
   2:.\Generated_Source\PSoC4/cyfitter_cfg.c **** * File Name: cyfitter_cfg.c
   3:.\Generated_Source\PSoC4/cyfitter_cfg.c **** * 
   4:.\Generated_Source\PSoC4/cyfitter_cfg.c **** * PSoC Creator  3.3 SP1
   5:.\Generated_Source\PSoC4/cyfitter_cfg.c **** *
   6:.\Generated_Source\PSoC4/cyfitter_cfg.c **** * Description:
   7:.\Generated_Source\PSoC4/cyfitter_cfg.c **** * This file contains device initialization code.
   8:.\Generated_Source\PSoC4/cyfitter_cfg.c **** * Except for the user defined sections in CyClockStartupError(), this file should not be modified.
   9:.\Generated_Source\PSoC4/cyfitter_cfg.c **** * This file is automatically generated by PSoC Creator.
  10:.\Generated_Source\PSoC4/cyfitter_cfg.c **** *
  11:.\Generated_Source\PSoC4/cyfitter_cfg.c **** ********************************************************************************
  12:.\Generated_Source\PSoC4/cyfitter_cfg.c **** * Copyright (c) 2007-2015 Cypress Semiconductor.  All rights reserved.
  13:.\Generated_Source\PSoC4/cyfitter_cfg.c **** * You may use this file only in accordance with the license, terms, conditions, 
  14:.\Generated_Source\PSoC4/cyfitter_cfg.c **** * disclaimers, and limitations in the end user license agreement accompanying 
  15:.\Generated_Source\PSoC4/cyfitter_cfg.c **** * the software package with which this file was provided.
  16:.\Generated_Source\PSoC4/cyfitter_cfg.c **** ********************************************************************************/
  17:.\Generated_Source\PSoC4/cyfitter_cfg.c **** 
  18:.\Generated_Source\PSoC4/cyfitter_cfg.c **** #include <string.h>
  19:.\Generated_Source\PSoC4/cyfitter_cfg.c **** #include "cytypes.h"
  20:.\Generated_Source\PSoC4/cyfitter_cfg.c **** #include "cydevice_trm.h"
  21:.\Generated_Source\PSoC4/cyfitter_cfg.c **** #include "cyfitter.h"
  22:.\Generated_Source\PSoC4/cyfitter_cfg.c **** #include "CyLib.h"
  23:.\Generated_Source\PSoC4/cyfitter_cfg.c **** #include "CyLFClk.h"
  24:.\Generated_Source\PSoC4/cyfitter_cfg.c **** #include "cyfitter_cfg.h"
  25:.\Generated_Source\PSoC4/cyfitter_cfg.c **** 
  26:.\Generated_Source\PSoC4/cyfitter_cfg.c **** 
  27:.\Generated_Source\PSoC4/cyfitter_cfg.c **** #if defined(__GNUC__) || defined(__ARMCC_VERSION)
  28:.\Generated_Source\PSoC4/cyfitter_cfg.c ****     #define CYPACKED 
  29:.\Generated_Source\PSoC4/cyfitter_cfg.c ****     #define CYPACKED_ATTR __attribute__ ((packed))
  30:.\Generated_Source\PSoC4/cyfitter_cfg.c ****     #define CYALIGNED __attribute__ ((aligned))
  31:.\Generated_Source\PSoC4/cyfitter_cfg.c ****     #define CY_CFG_UNUSED __attribute__ ((unused))
  32:.\Generated_Source\PSoC4/cyfitter_cfg.c ****     #ifndef CY_CFG_SECTION
  33:.\Generated_Source\PSoC4/cyfitter_cfg.c ****         #define CY_CFG_SECTION __attribute__ ((section(".psocinit")))
ARM GAS  C:\Users\ilias\AppData\Local\Temp\cc600hS2.s 			page 2


  34:.\Generated_Source\PSoC4/cyfitter_cfg.c ****     #endif
  35:.\Generated_Source\PSoC4/cyfitter_cfg.c ****     
  36:.\Generated_Source\PSoC4/cyfitter_cfg.c ****     #if defined(__ARMCC_VERSION)
  37:.\Generated_Source\PSoC4/cyfitter_cfg.c ****         #define CY_CFG_MEMORY_BARRIER() __memory_changed()
  38:.\Generated_Source\PSoC4/cyfitter_cfg.c ****     #else
  39:.\Generated_Source\PSoC4/cyfitter_cfg.c ****         #define CY_CFG_MEMORY_BARRIER() __sync_synchronize()
  40:.\Generated_Source\PSoC4/cyfitter_cfg.c ****     #endif
  41:.\Generated_Source\PSoC4/cyfitter_cfg.c ****     
  42:.\Generated_Source\PSoC4/cyfitter_cfg.c **** #elif defined(__ICCARM__)
  43:.\Generated_Source\PSoC4/cyfitter_cfg.c ****     #include <intrinsics.h>
  44:.\Generated_Source\PSoC4/cyfitter_cfg.c **** 
  45:.\Generated_Source\PSoC4/cyfitter_cfg.c ****     #define CYPACKED __packed
  46:.\Generated_Source\PSoC4/cyfitter_cfg.c ****     #define CYPACKED_ATTR 
  47:.\Generated_Source\PSoC4/cyfitter_cfg.c ****     #define CYALIGNED _Pragma("data_alignment=4")
  48:.\Generated_Source\PSoC4/cyfitter_cfg.c ****     #define CY_CFG_UNUSED _Pragma("diag_suppress=Pe177")
  49:.\Generated_Source\PSoC4/cyfitter_cfg.c ****     #define CY_CFG_SECTION _Pragma("location=\".psocinit\"")
  50:.\Generated_Source\PSoC4/cyfitter_cfg.c ****     
  51:.\Generated_Source\PSoC4/cyfitter_cfg.c ****     #define CY_CFG_MEMORY_BARRIER() __DMB()
  52:.\Generated_Source\PSoC4/cyfitter_cfg.c ****     
  53:.\Generated_Source\PSoC4/cyfitter_cfg.c **** #else
  54:.\Generated_Source\PSoC4/cyfitter_cfg.c ****     #error Unsupported toolchain
  55:.\Generated_Source\PSoC4/cyfitter_cfg.c **** #endif
  56:.\Generated_Source\PSoC4/cyfitter_cfg.c **** 
  57:.\Generated_Source\PSoC4/cyfitter_cfg.c **** 
  58:.\Generated_Source\PSoC4/cyfitter_cfg.c **** CY_CFG_UNUSED
  59:.\Generated_Source\PSoC4/cyfitter_cfg.c **** static void CYMEMZERO(void *s, size_t n);
  60:.\Generated_Source\PSoC4/cyfitter_cfg.c **** CY_CFG_UNUSED
  61:.\Generated_Source\PSoC4/cyfitter_cfg.c **** static void CYMEMZERO(void *s, size_t n)
  62:.\Generated_Source\PSoC4/cyfitter_cfg.c **** {
  25              		.loc 1 62 0
  26              		.cfi_startproc
  27 0000 80B5     		push	{r7, lr}
  28              		.cfi_def_cfa_offset 8
  29              		.cfi_offset 7, -8
  30              		.cfi_offset 14, -4
  31 0002 82B0     		sub	sp, sp, #8
  32              		.cfi_def_cfa_offset 16
  33 0004 00AF     		add	r7, sp, #0
  34              		.cfi_def_cfa_register 7
  35 0006 7860     		str	r0, [r7, #4]
  36 0008 3960     		str	r1, [r7]
  63:.\Generated_Source\PSoC4/cyfitter_cfg.c **** 	(void)memset(s, 0, n);
  37              		.loc 1 63 0
  38 000a 7A68     		ldr	r2, [r7, #4]
  39 000c 3B68     		ldr	r3, [r7]
  40 000e 101C     		mov	r0, r2
  41 0010 0021     		mov	r1, #0
  42 0012 1A1C     		mov	r2, r3
  43 0014 FFF7FEFF 		bl	memset
  64:.\Generated_Source\PSoC4/cyfitter_cfg.c **** }
  44              		.loc 1 64 0
  45 0018 BD46     		mov	sp, r7
  46 001a 02B0     		add	sp, sp, #8
  47              		@ sp needed
  48 001c 80BD     		pop	{r7, pc}
  49              		.cfi_endproc
  50              	.LFE2:
ARM GAS  C:\Users\ilias\AppData\Local\Temp\cc600hS2.s 			page 3


  51              		.size	CYMEMZERO, .-CYMEMZERO
  52 001e C046     		.section	.text.CYCONFIGCPY,"ax",%progbits
  53              		.align	2
  54              		.code	16
  55              		.thumb_func
  56              		.type	CYCONFIGCPY, %function
  57              	CYCONFIGCPY:
  58              	.LFB3:
  65:.\Generated_Source\PSoC4/cyfitter_cfg.c **** CY_CFG_UNUSED
  66:.\Generated_Source\PSoC4/cyfitter_cfg.c **** static void CYCONFIGCPY(void *dest, const void *src, size_t n);
  67:.\Generated_Source\PSoC4/cyfitter_cfg.c **** CY_CFG_UNUSED
  68:.\Generated_Source\PSoC4/cyfitter_cfg.c **** static void CYCONFIGCPY(void *dest, const void *src, size_t n)
  69:.\Generated_Source\PSoC4/cyfitter_cfg.c **** {
  59              		.loc 1 69 0
  60              		.cfi_startproc
  61 0000 80B5     		push	{r7, lr}
  62              		.cfi_def_cfa_offset 8
  63              		.cfi_offset 7, -8
  64              		.cfi_offset 14, -4
  65 0002 84B0     		sub	sp, sp, #16
  66              		.cfi_def_cfa_offset 24
  67 0004 00AF     		add	r7, sp, #0
  68              		.cfi_def_cfa_register 7
  69 0006 F860     		str	r0, [r7, #12]
  70 0008 B960     		str	r1, [r7, #8]
  71 000a 7A60     		str	r2, [r7, #4]
  70:.\Generated_Source\PSoC4/cyfitter_cfg.c **** 	(void)memcpy(dest, src, n);
  72              		.loc 1 70 0
  73 000c F968     		ldr	r1, [r7, #12]
  74 000e BA68     		ldr	r2, [r7, #8]
  75 0010 7B68     		ldr	r3, [r7, #4]
  76 0012 081C     		mov	r0, r1
  77 0014 111C     		mov	r1, r2
  78 0016 1A1C     		mov	r2, r3
  79 0018 FFF7FEFF 		bl	memcpy
  71:.\Generated_Source\PSoC4/cyfitter_cfg.c **** }
  80              		.loc 1 71 0
  81 001c BD46     		mov	sp, r7
  82 001e 04B0     		add	sp, sp, #16
  83              		@ sp needed
  84 0020 80BD     		pop	{r7, pc}
  85              		.cfi_endproc
  86              	.LFE3:
  87              		.size	CYCONFIGCPY, .-CYCONFIGCPY
  88 0022 C046     		.section	.text.CYCONFIGCPYCODE,"ax",%progbits
  89              		.align	2
  90              		.code	16
  91              		.thumb_func
  92              		.type	CYCONFIGCPYCODE, %function
  93              	CYCONFIGCPYCODE:
  94              	.LFB4:
  72:.\Generated_Source\PSoC4/cyfitter_cfg.c **** CY_CFG_UNUSED
  73:.\Generated_Source\PSoC4/cyfitter_cfg.c **** static void CYCONFIGCPYCODE(void *dest, const void *src, size_t n);
  74:.\Generated_Source\PSoC4/cyfitter_cfg.c **** CY_CFG_UNUSED
  75:.\Generated_Source\PSoC4/cyfitter_cfg.c **** static void CYCONFIGCPYCODE(void *dest, const void *src, size_t n)
  76:.\Generated_Source\PSoC4/cyfitter_cfg.c **** {
  95              		.loc 1 76 0
ARM GAS  C:\Users\ilias\AppData\Local\Temp\cc600hS2.s 			page 4


  96              		.cfi_startproc
  97 0000 80B5     		push	{r7, lr}
  98              		.cfi_def_cfa_offset 8
  99              		.cfi_offset 7, -8
 100              		.cfi_offset 14, -4
 101 0002 84B0     		sub	sp, sp, #16
 102              		.cfi_def_cfa_offset 24
 103 0004 00AF     		add	r7, sp, #0
 104              		.cfi_def_cfa_register 7
 105 0006 F860     		str	r0, [r7, #12]
 106 0008 B960     		str	r1, [r7, #8]
 107 000a 7A60     		str	r2, [r7, #4]
  77:.\Generated_Source\PSoC4/cyfitter_cfg.c **** 	(void)memcpy(dest, src, n);
 108              		.loc 1 77 0
 109 000c F968     		ldr	r1, [r7, #12]
 110 000e BA68     		ldr	r2, [r7, #8]
 111 0010 7B68     		ldr	r3, [r7, #4]
 112 0012 081C     		mov	r0, r1
 113 0014 111C     		mov	r1, r2
 114 0016 1A1C     		mov	r2, r3
 115 0018 FFF7FEFF 		bl	memcpy
  78:.\Generated_Source\PSoC4/cyfitter_cfg.c **** }
 116              		.loc 1 78 0
 117 001c BD46     		mov	sp, r7
 118 001e 04B0     		add	sp, sp, #16
 119              		@ sp needed
 120 0020 80BD     		pop	{r7, pc}
 121              		.cfi_endproc
 122              	.LFE4:
 123              		.size	CYCONFIGCPYCODE, .-CYCONFIGCPYCODE
 124 0022 C046     		.section	.psocinit,"ax",%progbits
 125              		.align	2
 126              		.code	16
 127              		.thumb_func
 128              		.type	ClockSetup, %function
 129              	ClockSetup:
 130              	.LFB5:
  79:.\Generated_Source\PSoC4/cyfitter_cfg.c **** 
  80:.\Generated_Source\PSoC4/cyfitter_cfg.c **** 
  81:.\Generated_Source\PSoC4/cyfitter_cfg.c **** 
  82:.\Generated_Source\PSoC4/cyfitter_cfg.c **** /* Clock startup error codes                                                   */
  83:.\Generated_Source\PSoC4/cyfitter_cfg.c **** #define CYCLOCKSTART_NO_ERROR    0u
  84:.\Generated_Source\PSoC4/cyfitter_cfg.c **** #define CYCLOCKSTART_XTAL_ERROR  1u
  85:.\Generated_Source\PSoC4/cyfitter_cfg.c **** #define CYCLOCKSTART_32KHZ_ERROR 2u
  86:.\Generated_Source\PSoC4/cyfitter_cfg.c **** #define CYCLOCKSTART_PLL_ERROR   3u
  87:.\Generated_Source\PSoC4/cyfitter_cfg.c **** 
  88:.\Generated_Source\PSoC4/cyfitter_cfg.c **** #ifdef CY_NEED_CYCLOCKSTARTUPERROR
  89:.\Generated_Source\PSoC4/cyfitter_cfg.c **** /*******************************************************************************
  90:.\Generated_Source\PSoC4/cyfitter_cfg.c **** * Function Name: CyClockStartupError
  91:.\Generated_Source\PSoC4/cyfitter_cfg.c **** ********************************************************************************
  92:.\Generated_Source\PSoC4/cyfitter_cfg.c **** * Summary:
  93:.\Generated_Source\PSoC4/cyfitter_cfg.c **** *  If an error is encountered during clock configuration (crystal startup error,
  94:.\Generated_Source\PSoC4/cyfitter_cfg.c **** *  PLL lock error, etc.), the system will end up here.  Unless reimplemented by
  95:.\Generated_Source\PSoC4/cyfitter_cfg.c **** *  the customer, this function will stop in an infinite loop.
  96:.\Generated_Source\PSoC4/cyfitter_cfg.c **** *
  97:.\Generated_Source\PSoC4/cyfitter_cfg.c **** * Parameters:
  98:.\Generated_Source\PSoC4/cyfitter_cfg.c **** *   void
ARM GAS  C:\Users\ilias\AppData\Local\Temp\cc600hS2.s 			page 5


  99:.\Generated_Source\PSoC4/cyfitter_cfg.c **** *
 100:.\Generated_Source\PSoC4/cyfitter_cfg.c **** * Return:
 101:.\Generated_Source\PSoC4/cyfitter_cfg.c **** *   void
 102:.\Generated_Source\PSoC4/cyfitter_cfg.c **** *
 103:.\Generated_Source\PSoC4/cyfitter_cfg.c **** *******************************************************************************/
 104:.\Generated_Source\PSoC4/cyfitter_cfg.c **** CY_CFG_UNUSED
 105:.\Generated_Source\PSoC4/cyfitter_cfg.c **** static void CyClockStartupError(uint8 errorCode);
 106:.\Generated_Source\PSoC4/cyfitter_cfg.c **** CY_CFG_UNUSED
 107:.\Generated_Source\PSoC4/cyfitter_cfg.c **** static void CyClockStartupError(uint8 errorCode)
 108:.\Generated_Source\PSoC4/cyfitter_cfg.c **** {
 109:.\Generated_Source\PSoC4/cyfitter_cfg.c ****     /* To remove the compiler warning if errorCode not used.                */
 110:.\Generated_Source\PSoC4/cyfitter_cfg.c ****     errorCode = errorCode;
 111:.\Generated_Source\PSoC4/cyfitter_cfg.c **** 
 112:.\Generated_Source\PSoC4/cyfitter_cfg.c ****     /* `#START CyClockStartupError` */
 113:.\Generated_Source\PSoC4/cyfitter_cfg.c **** 
 114:.\Generated_Source\PSoC4/cyfitter_cfg.c ****     /* If we have a clock startup error (bad MHz crystal, PLL lock, etc.),  */
 115:.\Generated_Source\PSoC4/cyfitter_cfg.c ****     /* we will end up here to allow the customer to implement something to  */
 116:.\Generated_Source\PSoC4/cyfitter_cfg.c ****     /* deal with the clock condition.                                       */
 117:.\Generated_Source\PSoC4/cyfitter_cfg.c **** 
 118:.\Generated_Source\PSoC4/cyfitter_cfg.c ****     /* `#END` */
 119:.\Generated_Source\PSoC4/cyfitter_cfg.c **** 
 120:.\Generated_Source\PSoC4/cyfitter_cfg.c ****     /* If nothing else, stop here since the clocks have not started         */
 121:.\Generated_Source\PSoC4/cyfitter_cfg.c ****     /* correctly.                                                           */
 122:.\Generated_Source\PSoC4/cyfitter_cfg.c ****     while(1) {}
 123:.\Generated_Source\PSoC4/cyfitter_cfg.c **** }
 124:.\Generated_Source\PSoC4/cyfitter_cfg.c **** #endif
 125:.\Generated_Source\PSoC4/cyfitter_cfg.c **** 
 126:.\Generated_Source\PSoC4/cyfitter_cfg.c **** 
 127:.\Generated_Source\PSoC4/cyfitter_cfg.c **** 
 128:.\Generated_Source\PSoC4/cyfitter_cfg.c **** /*******************************************************************************
 129:.\Generated_Source\PSoC4/cyfitter_cfg.c **** * Function Name: ClockSetup
 130:.\Generated_Source\PSoC4/cyfitter_cfg.c **** ********************************************************************************
 131:.\Generated_Source\PSoC4/cyfitter_cfg.c **** *
 132:.\Generated_Source\PSoC4/cyfitter_cfg.c **** * Summary:
 133:.\Generated_Source\PSoC4/cyfitter_cfg.c **** *   Performs the initialization of all of the clocks in the device based on the
 134:.\Generated_Source\PSoC4/cyfitter_cfg.c **** *   settings in the Clock tab of the DWR.  This includes enabling the requested
 135:.\Generated_Source\PSoC4/cyfitter_cfg.c **** *   clocks and setting the necessary dividers to produce the desired frequency. 
 136:.\Generated_Source\PSoC4/cyfitter_cfg.c **** *
 137:.\Generated_Source\PSoC4/cyfitter_cfg.c **** * Parameters:
 138:.\Generated_Source\PSoC4/cyfitter_cfg.c **** *   void
 139:.\Generated_Source\PSoC4/cyfitter_cfg.c **** *
 140:.\Generated_Source\PSoC4/cyfitter_cfg.c **** * Return:
 141:.\Generated_Source\PSoC4/cyfitter_cfg.c **** *   void
 142:.\Generated_Source\PSoC4/cyfitter_cfg.c **** *
 143:.\Generated_Source\PSoC4/cyfitter_cfg.c **** *******************************************************************************/
 144:.\Generated_Source\PSoC4/cyfitter_cfg.c **** static void ClockSetup(void);
 145:.\Generated_Source\PSoC4/cyfitter_cfg.c **** CY_CFG_SECTION
 146:.\Generated_Source\PSoC4/cyfitter_cfg.c **** static void ClockSetup(void)
 147:.\Generated_Source\PSoC4/cyfitter_cfg.c **** {
 131              		.loc 1 147 0
 132              		.cfi_startproc
 133 0000 80B5     		push	{r7, lr}
 134              		.cfi_def_cfa_offset 8
 135              		.cfi_offset 7, -8
 136              		.cfi_offset 14, -4
 137 0002 00AF     		add	r7, sp, #0
 138              		.cfi_def_cfa_register 7
ARM GAS  C:\Users\ilias\AppData\Local\Temp\cc600hS2.s 			page 6


 148:.\Generated_Source\PSoC4/cyfitter_cfg.c **** 
 149:.\Generated_Source\PSoC4/cyfitter_cfg.c **** 	/* Set Flash Cycles based on max possible frequency in case a glitch occurs during ClockSetup(). *
 150:.\Generated_Source\PSoC4/cyfitter_cfg.c **** 	CY_SET_REG32((void CYXDATA *)(CYREG_CPUSS_FLASH_CTL), (0x0012u));
 139              		.loc 1 150 0
 140 0004 264B     		ldr	r3, .L5
 141 0006 1222     		mov	r2, #18
 142 0008 1A60     		str	r2, [r3]
 151:.\Generated_Source\PSoC4/cyfitter_cfg.c **** 
 152:.\Generated_Source\PSoC4/cyfitter_cfg.c **** 	/* Start the WCO */
 153:.\Generated_Source\PSoC4/cyfitter_cfg.c **** 	CySysClkWcoStart();
 143              		.loc 1 153 0
 144 000a FFF7FEFF 		bl	CySysClkWcoStart
 154:.\Generated_Source\PSoC4/cyfitter_cfg.c **** 	CyDelayCycles(12000000u); /* WCO may take up to 500ms to start */
 145              		.loc 1 154 0
 146 000e 254B     		ldr	r3, .L5+4
 147 0010 181C     		mov	r0, r3
 148 0012 FFF7FEFF 		bl	CyDelayCycles
 155:.\Generated_Source\PSoC4/cyfitter_cfg.c **** 	(void)CySysClkWcoSetPowerMode(CY_SYS_CLK_WCO_LPM);    /* Switch to the low power mode */
 149              		.loc 1 155 0
 150 0016 0120     		mov	r0, #1
 151 0018 FFF7FEFF 		bl	CySysClkWcoSetPowerMode
 156:.\Generated_Source\PSoC4/cyfitter_cfg.c **** 
 157:.\Generated_Source\PSoC4/cyfitter_cfg.c **** 	/* Setup and trim IMO based on desired frequency. */
 158:.\Generated_Source\PSoC4/cyfitter_cfg.c **** 	CySysClkWriteImoFreq(48u);
 152              		.loc 1 158 0
 153 001c 3020     		mov	r0, #48
 154 001e FFF7FEFF 		bl	CySysClkWriteImoFreq
 159:.\Generated_Source\PSoC4/cyfitter_cfg.c **** 	/* CYDEV_CLK_ILO_CONFIG Starting address: CYDEV_CLK_ILO_CONFIG */
 160:.\Generated_Source\PSoC4/cyfitter_cfg.c **** 	CY_SET_XTND_REG32((void CYFAR *)(CYREG_CLK_ILO_CONFIG), 0x80000006u);
 155              		.loc 1 160 0
 156 0022 214B     		ldr	r3, .L5+8
 157 0024 214A     		ldr	r2, .L5+12
 158 0026 1A60     		str	r2, [r3]
 161:.\Generated_Source\PSoC4/cyfitter_cfg.c **** 
 162:.\Generated_Source\PSoC4/cyfitter_cfg.c **** 	/* CYDEV_WDT_CONFIG Starting address: CYDEV_WDT_CONFIG */
 163:.\Generated_Source\PSoC4/cyfitter_cfg.c **** 	CY_SET_XTND_REG32((void CYFAR *)(CYREG_WDT_CONFIG), 0x40000000u);
 159              		.loc 1 163 0
 160 0028 214B     		ldr	r3, .L5+16
 161 002a 8022     		mov	r2, #128
 162 002c D205     		lsl	r2, r2, #23
 163 002e 1A60     		str	r2, [r3]
 164:.\Generated_Source\PSoC4/cyfitter_cfg.c **** 
 165:.\Generated_Source\PSoC4/cyfitter_cfg.c **** 
 166:.\Generated_Source\PSoC4/cyfitter_cfg.c **** 	/* Enable fast start mode for XO */
 167:.\Generated_Source\PSoC4/cyfitter_cfg.c **** 	CY_SET_REG32((void*)CYREG_BLE_BLERD_BB_XO, CY_GET_REG32((void*)CYREG_BLE_BLERD_BB_XO) | (uint32)0x
 164              		.loc 1 167 0
 165 0030 204B     		ldr	r3, .L5+20
 166 0032 204A     		ldr	r2, .L5+20
 167 0034 1268     		ldr	r2, [r2]
 168 0036 0221     		mov	r1, #2
 169 0038 0A43     		orr	r2, r1
 170 003a 1A60     		str	r2, [r3]
 168:.\Generated_Source\PSoC4/cyfitter_cfg.c **** 	CY_SET_XTND_REG32((void CYFAR *)(CYREG_BLE_BLERD_BB_XO_CAPTRIM), 0x00003E2Du);
 171              		.loc 1 168 0
 172 003c 1E4B     		ldr	r3, .L5+24
 173 003e 1F4A     		ldr	r2, .L5+28
 174 0040 1A60     		str	r2, [r3]
ARM GAS  C:\Users\ilias\AppData\Local\Temp\cc600hS2.s 			page 7


 169:.\Generated_Source\PSoC4/cyfitter_cfg.c **** 	/* Disable Crystal Stable Interrupt before enabling ECO */
 170:.\Generated_Source\PSoC4/cyfitter_cfg.c **** 	CY_SET_REG32((void*)CYREG_BLE_BLESS_LL_DSM_CTRL, CY_GET_REG32((void*)CYREG_BLE_BLESS_LL_DSM_CTRL) 
 175              		.loc 1 170 0
 176 0042 1F4B     		ldr	r3, .L5+32
 177 0044 1E4A     		ldr	r2, .L5+32
 178 0046 1268     		ldr	r2, [r2]
 179 0048 0821     		mov	r1, #8
 180 004a 8A43     		bic	r2, r1
 181 004c 1A60     		str	r2, [r3]
 171:.\Generated_Source\PSoC4/cyfitter_cfg.c **** 	/* Start the ECO and do not check status since it is not needed for HFCLK */
 172:.\Generated_Source\PSoC4/cyfitter_cfg.c **** 	(void)CySysClkEcoStart(2000u);
 182              		.loc 1 172 0
 183 004e FA23     		mov	r3, #250
 184 0050 DB00     		lsl	r3, r3, #3
 185 0052 181C     		mov	r0, r3
 186 0054 FFF7FEFF 		bl	CySysClkEcoStart
 173:.\Generated_Source\PSoC4/cyfitter_cfg.c **** 	CyDelayUs(1500u); /* Wait to stabalize */
 187              		.loc 1 173 0
 188 0058 1A4B     		ldr	r3, .L5+36
 189 005a 181C     		mov	r0, r3
 190 005c FFF7FEFF 		bl	CyDelayUs
 174:.\Generated_Source\PSoC4/cyfitter_cfg.c **** 
 175:.\Generated_Source\PSoC4/cyfitter_cfg.c **** 	/* Setup phase aligned clocks */
 176:.\Generated_Source\PSoC4/cyfitter_cfg.c **** 	CY_SET_REG32((void *)CYREG_PERI_DIV_16_CTL0, 0x00001900u);
 191              		.loc 1 176 0
 192 0060 194B     		ldr	r3, .L5+40
 193 0062 C822     		mov	r2, #200
 194 0064 5201     		lsl	r2, r2, #5
 195 0066 1A60     		str	r2, [r3]
 177:.\Generated_Source\PSoC4/cyfitter_cfg.c **** 	CY_SET_REG32((void *)CYREG_PERI_DIV_CMD, 0x8000FF40u);
 196              		.loc 1 177 0
 197 0068 184B     		ldr	r3, .L5+44
 198 006a 194A     		ldr	r2, .L5+48
 199 006c 1A60     		str	r2, [r3]
 178:.\Generated_Source\PSoC4/cyfitter_cfg.c **** 
 179:.\Generated_Source\PSoC4/cyfitter_cfg.c **** 	/* CYDEV_CLK_IMO_CONFIG Starting address: CYDEV_CLK_IMO_CONFIG */
 180:.\Generated_Source\PSoC4/cyfitter_cfg.c **** 	CY_SET_XTND_REG32((void CYFAR *)(CYREG_CLK_IMO_CONFIG), 0x80000000u);
 200              		.loc 1 180 0
 201 006e 194B     		ldr	r3, .L5+52
 202 0070 8022     		mov	r2, #128
 203 0072 1206     		lsl	r2, r2, #24
 204 0074 1A60     		str	r2, [r3]
 181:.\Generated_Source\PSoC4/cyfitter_cfg.c **** 
 182:.\Generated_Source\PSoC4/cyfitter_cfg.c **** 	/* CYDEV_CLK_SELECT Starting address: CYDEV_CLK_SELECT */
 183:.\Generated_Source\PSoC4/cyfitter_cfg.c **** 	CY_SET_XTND_REG32((void CYFAR *)(CYREG_CLK_SELECT), 0x00040000u);
 205              		.loc 1 183 0
 206 0076 184B     		ldr	r3, .L5+56
 207 0078 8022     		mov	r2, #128
 208 007a D202     		lsl	r2, r2, #11
 209 007c 1A60     		str	r2, [r3]
 184:.\Generated_Source\PSoC4/cyfitter_cfg.c **** 
 185:.\Generated_Source\PSoC4/cyfitter_cfg.c **** 	/* CYDEV_PERI_PCLK_CTL1 Starting address: CYDEV_PERI_PCLK_CTL1 */
 186:.\Generated_Source\PSoC4/cyfitter_cfg.c **** 	CY_SET_XTND_REG32((void CYFAR *)(CYREG_PERI_PCLK_CTL1), 0x00000040u);
 210              		.loc 1 186 0
 211 007e 174B     		ldr	r3, .L5+60
 212 0080 4022     		mov	r2, #64
 213 0082 1A60     		str	r2, [r3]
ARM GAS  C:\Users\ilias\AppData\Local\Temp\cc600hS2.s 			page 8


 187:.\Generated_Source\PSoC4/cyfitter_cfg.c **** 
 188:.\Generated_Source\PSoC4/cyfitter_cfg.c **** 	(void)CyIntSetVector(8u, &CySysWdtIsr);
 214              		.loc 1 188 0
 215 0084 164B     		ldr	r3, .L5+64
 216 0086 0820     		mov	r0, #8
 217 0088 191C     		mov	r1, r3
 218 008a FFF7FEFF 		bl	CyIntSetVector
 189:.\Generated_Source\PSoC4/cyfitter_cfg.c **** 	CyIntEnable(8u);
 219              		.loc 1 189 0
 220 008e 0820     		mov	r0, #8
 221 0090 FFF7FEFF 		bl	CyIntEnable
 190:.\Generated_Source\PSoC4/cyfitter_cfg.c **** 	CY_SET_XTND_REG32((void CYFAR *)(CYREG_WDT_CONFIG), 0x40000000u);
 222              		.loc 1 190 0
 223 0094 064B     		ldr	r3, .L5+16
 224 0096 8022     		mov	r2, #128
 225 0098 D205     		lsl	r2, r2, #23
 226 009a 1A60     		str	r2, [r3]
 191:.\Generated_Source\PSoC4/cyfitter_cfg.c **** }
 227              		.loc 1 191 0
 228 009c BD46     		mov	sp, r7
 229              		@ sp needed
 230 009e 80BD     		pop	{r7, pc}
 231              	.L6:
 232              		.align	2
 233              	.L5:
 234 00a0 30001040 		.word	1074790448
 235 00a4 001BB700 		.word	12000000
 236 00a8 04010B40 		.word	1074462980
 237 00ac 06000080 		.word	-2147483642
 238 00b0 0C020B40 		.word	1074463244
 239 00b4 78002E40 		.word	1076756600
 240 00b8 7C002E40 		.word	1076756604
 241 00bc 2D3E0000 		.word	15917
 242 00c0 6CF02E40 		.word	1076818028
 243 00c4 DC050000 		.word	1500
 244 00c8 00030140 		.word	1073808128
 245 00cc 00000140 		.word	1073807360
 246 00d0 40FF0080 		.word	-2147418304
 247 00d4 08010B40 		.word	1074462984
 248 00d8 00010B40 		.word	1074462976
 249 00dc 04010140 		.word	1073807620
 250 00e0 00000000 		.word	CySysWdtIsr
 251              		.cfi_endproc
 252              	.LFE5:
 253              		.size	ClockSetup, .-ClockSetup
 254              		.section	.text.AnalogSetDefault,"ax",%progbits
 255              		.align	2
 256              		.code	16
 257              		.thumb_func
 258              		.type	AnalogSetDefault, %function
 259              	AnalogSetDefault:
 260              	.LFB6:
 192:.\Generated_Source\PSoC4/cyfitter_cfg.c **** 
 193:.\Generated_Source\PSoC4/cyfitter_cfg.c **** 
 194:.\Generated_Source\PSoC4/cyfitter_cfg.c **** /* Analog API Functions */
 195:.\Generated_Source\PSoC4/cyfitter_cfg.c **** 
 196:.\Generated_Source\PSoC4/cyfitter_cfg.c **** 
ARM GAS  C:\Users\ilias\AppData\Local\Temp\cc600hS2.s 			page 9


 197:.\Generated_Source\PSoC4/cyfitter_cfg.c **** /*******************************************************************************
 198:.\Generated_Source\PSoC4/cyfitter_cfg.c **** * Function Name: AnalogSetDefault
 199:.\Generated_Source\PSoC4/cyfitter_cfg.c **** ********************************************************************************
 200:.\Generated_Source\PSoC4/cyfitter_cfg.c **** *
 201:.\Generated_Source\PSoC4/cyfitter_cfg.c **** * Summary:
 202:.\Generated_Source\PSoC4/cyfitter_cfg.c **** *  Sets up the analog portions of the chip to default values based on chip
 203:.\Generated_Source\PSoC4/cyfitter_cfg.c **** *  configuration options from the project.
 204:.\Generated_Source\PSoC4/cyfitter_cfg.c **** *
 205:.\Generated_Source\PSoC4/cyfitter_cfg.c **** * Parameters:
 206:.\Generated_Source\PSoC4/cyfitter_cfg.c **** *  void
 207:.\Generated_Source\PSoC4/cyfitter_cfg.c **** *
 208:.\Generated_Source\PSoC4/cyfitter_cfg.c **** * Return:
 209:.\Generated_Source\PSoC4/cyfitter_cfg.c **** *  void
 210:.\Generated_Source\PSoC4/cyfitter_cfg.c **** *
 211:.\Generated_Source\PSoC4/cyfitter_cfg.c **** *******************************************************************************/
 212:.\Generated_Source\PSoC4/cyfitter_cfg.c **** static void AnalogSetDefault(void);
 213:.\Generated_Source\PSoC4/cyfitter_cfg.c **** static void AnalogSetDefault(void)
 214:.\Generated_Source\PSoC4/cyfitter_cfg.c **** {
 261              		.loc 1 214 0
 262              		.cfi_startproc
 263 0000 80B5     		push	{r7, lr}
 264              		.cfi_def_cfa_offset 8
 265              		.cfi_offset 7, -8
 266              		.cfi_offset 14, -4
 267 0002 00AF     		add	r7, sp, #0
 268              		.cfi_def_cfa_register 7
 215:.\Generated_Source\PSoC4/cyfitter_cfg.c **** 	CY_SET_XTND_REG32((void CYFAR *)CYREG_CTBM0_DFT_CTRL, 0x00000003u);
 269              		.loc 1 215 0
 270 0004 054B     		ldr	r3, .L8
 271 0006 0322     		mov	r2, #3
 272 0008 1A60     		str	r2, [r3]
 216:.\Generated_Source\PSoC4/cyfitter_cfg.c **** 	CY_SET_XTND_REG32((void CYFAR *)CYREG_CTBM1_DFT_CTRL, 0x00000003u);
 273              		.loc 1 216 0
 274 000a 054B     		ldr	r3, .L8+4
 275 000c 0322     		mov	r2, #3
 276 000e 1A60     		str	r2, [r3]
 217:.\Generated_Source\PSoC4/cyfitter_cfg.c **** 	CY_SET_XTND_REG32((void CYFAR *)CYREG_PASS_DSAB_DSAB_CTRL, 0x00000000u);
 277              		.loc 1 217 0
 278 0010 044B     		ldr	r3, .L8+8
 279 0012 0022     		mov	r2, #0
 280 0014 1A60     		str	r2, [r3]
 218:.\Generated_Source\PSoC4/cyfitter_cfg.c **** }
 281              		.loc 1 218 0
 282 0016 BD46     		mov	sp, r7
 283              		@ sp needed
 284 0018 80BD     		pop	{r7, pc}
 285              	.L9:
 286 001a C046     		.align	2
 287              	.L8:
 288 001c 30003040 		.word	1076887600
 289 0020 30003140 		.word	1076953136
 290 0024 000E3F40 		.word	1077874176
 291              		.cfi_endproc
 292              	.LFE6:
 293              		.size	AnalogSetDefault, .-AnalogSetDefault
 294              		.section	.psocinit
 295              		.align	2
ARM GAS  C:\Users\ilias\AppData\Local\Temp\cc600hS2.s 			page 10


 296              		.global	cyfitter_cfg
 297              		.code	16
 298              		.thumb_func
 299              		.type	cyfitter_cfg, %function
 300              	cyfitter_cfg:
 301              	.LFB7:
 219:.\Generated_Source\PSoC4/cyfitter_cfg.c **** 
 220:.\Generated_Source\PSoC4/cyfitter_cfg.c **** #define CY_AMUX_UNUSED CYREG_CM0_ROM_DWT
 221:.\Generated_Source\PSoC4/cyfitter_cfg.c **** 
 222:.\Generated_Source\PSoC4/cyfitter_cfg.c **** 
 223:.\Generated_Source\PSoC4/cyfitter_cfg.c **** /*******************************************************************************
 224:.\Generated_Source\PSoC4/cyfitter_cfg.c **** * Function Name: cyfitter_cfg
 225:.\Generated_Source\PSoC4/cyfitter_cfg.c **** ********************************************************************************
 226:.\Generated_Source\PSoC4/cyfitter_cfg.c **** * Summary:
 227:.\Generated_Source\PSoC4/cyfitter_cfg.c **** *  This function is called by the start-up code for the selected device. It
 228:.\Generated_Source\PSoC4/cyfitter_cfg.c **** *  performs all of the necessary device configuration based on the design
 229:.\Generated_Source\PSoC4/cyfitter_cfg.c **** *  settings.  This includes settings from the Design Wide Resources (DWR) such
 230:.\Generated_Source\PSoC4/cyfitter_cfg.c **** *  as Clocks and Pins as well as any component configuration that is necessary.
 231:.\Generated_Source\PSoC4/cyfitter_cfg.c **** *
 232:.\Generated_Source\PSoC4/cyfitter_cfg.c **** * Parameters:  
 233:.\Generated_Source\PSoC4/cyfitter_cfg.c **** *   void
 234:.\Generated_Source\PSoC4/cyfitter_cfg.c **** *
 235:.\Generated_Source\PSoC4/cyfitter_cfg.c **** * Return:
 236:.\Generated_Source\PSoC4/cyfitter_cfg.c **** *   void
 237:.\Generated_Source\PSoC4/cyfitter_cfg.c **** *
 238:.\Generated_Source\PSoC4/cyfitter_cfg.c **** *******************************************************************************/
 239:.\Generated_Source\PSoC4/cyfitter_cfg.c **** CY_CFG_SECTION
 240:.\Generated_Source\PSoC4/cyfitter_cfg.c **** void cyfitter_cfg(void)
 241:.\Generated_Source\PSoC4/cyfitter_cfg.c **** {
 302              		.loc 1 241 0
 303              		.cfi_startproc
 304 00e4 80B5     		push	{r7, lr}
 305              		.cfi_def_cfa_offset 8
 306              		.cfi_offset 7, -8
 307              		.cfi_offset 14, -4
 308 00e6 82B0     		sub	sp, sp, #8
 309              		.cfi_def_cfa_offset 16
 310 00e8 00AF     		add	r7, sp, #0
 311              		.cfi_def_cfa_register 7
 242:.\Generated_Source\PSoC4/cyfitter_cfg.c **** 	/* Disable interrupts by default. Let user enable if/when they want. */
 243:.\Generated_Source\PSoC4/cyfitter_cfg.c **** 	CyGlobalIntDisable;
 312              		.loc 1 243 0
 313              	@ 243 ".\Generated_Source\PSoC4\cyfitter_cfg.c" 1
 314 00ea 72B6     		CPSID   i
 315              	@ 0 "" 2
 244:.\Generated_Source\PSoC4/cyfitter_cfg.c **** 
 245:.\Generated_Source\PSoC4/cyfitter_cfg.c **** 	CY_SET_XTND_REG32((void CYFAR *)(CYREG_BLE_BLESS_LL_DSM_CTRL), 0x00000000u);
 316              		.loc 1 245 0
 317              		.code	16
 318 00ec 374B     		ldr	r3, .L13
 319 00ee 0022     		mov	r2, #0
 320 00f0 1A60     		str	r2, [r3]
 321              	.LBB2:
 246:.\Generated_Source\PSoC4/cyfitter_cfg.c **** 
 247:.\Generated_Source\PSoC4/cyfitter_cfg.c **** 	{
 248:.\Generated_Source\PSoC4/cyfitter_cfg.c **** 
 249:.\Generated_Source\PSoC4/cyfitter_cfg.c **** 		CYPACKED typedef struct {
ARM GAS  C:\Users\ilias\AppData\Local\Temp\cc600hS2.s 			page 11


 250:.\Generated_Source\PSoC4/cyfitter_cfg.c **** 			void CYFAR *address;
 251:.\Generated_Source\PSoC4/cyfitter_cfg.c **** 			uint16 size;
 252:.\Generated_Source\PSoC4/cyfitter_cfg.c **** 		} CYPACKED_ATTR cfg_memset_t;
 253:.\Generated_Source\PSoC4/cyfitter_cfg.c **** 
 254:.\Generated_Source\PSoC4/cyfitter_cfg.c **** 		static const cfg_memset_t CYCODE cfg_memset_list [] = {
 255:.\Generated_Source\PSoC4/cyfitter_cfg.c **** 			/* address, size */
 256:.\Generated_Source\PSoC4/cyfitter_cfg.c **** 			{(void CYFAR *)(CYDEV_UDB_P0_U0_BASE), 1024u},
 257:.\Generated_Source\PSoC4/cyfitter_cfg.c **** 			{(void CYFAR *)(CYDEV_UDB_DSI0_BASE), 1024u},
 258:.\Generated_Source\PSoC4/cyfitter_cfg.c **** 		};
 259:.\Generated_Source\PSoC4/cyfitter_cfg.c **** 
 260:.\Generated_Source\PSoC4/cyfitter_cfg.c **** 		uint8 CYDATA i;
 261:.\Generated_Source\PSoC4/cyfitter_cfg.c **** 
 262:.\Generated_Source\PSoC4/cyfitter_cfg.c **** 		/* Zero out critical memory blocks before beginning configuration */
 263:.\Generated_Source\PSoC4/cyfitter_cfg.c **** 		for (i = 0u; i < (sizeof(cfg_memset_list)/sizeof(cfg_memset_list[0])); i++)
 322              		.loc 1 263 0
 323 00f2 FB1D     		add	r3, r7, #7
 324 00f4 0022     		mov	r2, #0
 325 00f6 1A70     		strb	r2, [r3]
 326 00f8 23E0     		b	.L11
 327              	.L12:
 328              	.LBB3:
 264:.\Generated_Source\PSoC4/cyfitter_cfg.c **** 		{
 265:.\Generated_Source\PSoC4/cyfitter_cfg.c **** 			const cfg_memset_t CYCODE * CYDATA ms = &cfg_memset_list[i];
 329              		.loc 1 265 0 discriminator 3
 330 00fa FB1D     		add	r3, r7, #7
 331 00fc 1A78     		ldrb	r2, [r3]
 332 00fe 131C     		mov	r3, r2
 333 0100 5B00     		lsl	r3, r3, #1
 334 0102 9B18     		add	r3, r3, r2
 335 0104 5B00     		lsl	r3, r3, #1
 336 0106 324A     		ldr	r2, .L13+4
 337 0108 9B18     		add	r3, r3, r2
 338 010a 3B60     		str	r3, [r7]
 266:.\Generated_Source\PSoC4/cyfitter_cfg.c **** 			CYMEMZERO(ms->address, (size_t)(uint32)(ms->size));
 339              		.loc 1 266 0 discriminator 3
 340 010c 3B68     		ldr	r3, [r7]
 341 010e 1A78     		ldrb	r2, [r3]
 342 0110 5978     		ldrb	r1, [r3, #1]
 343 0112 0902     		lsl	r1, r1, #8
 344 0114 0A43     		orr	r2, r1
 345 0116 9978     		ldrb	r1, [r3, #2]
 346 0118 0904     		lsl	r1, r1, #16
 347 011a 0A43     		orr	r2, r1
 348 011c DB78     		ldrb	r3, [r3, #3]
 349 011e 1B06     		lsl	r3, r3, #24
 350 0120 1343     		orr	r3, r2
 351 0122 191C     		mov	r1, r3
 352 0124 3B68     		ldr	r3, [r7]
 353 0126 1A79     		ldrb	r2, [r3, #4]
 354 0128 5B79     		ldrb	r3, [r3, #5]
 355 012a 1B02     		lsl	r3, r3, #8
 356 012c 1343     		orr	r3, r2
 357 012e 9BB2     		uxth	r3, r3
 358 0130 081C     		mov	r0, r1
 359 0132 191C     		mov	r1, r3
 360 0134 FFF7FEFF 		bl	CYMEMZERO
 361              	.LBE3:
ARM GAS  C:\Users\ilias\AppData\Local\Temp\cc600hS2.s 			page 12


 263:.\Generated_Source\PSoC4/cyfitter_cfg.c **** 		{
 362              		.loc 1 263 0 discriminator 3
 363 0138 FB1D     		add	r3, r7, #7
 364 013a 1A78     		ldrb	r2, [r3]
 365 013c FB1D     		add	r3, r7, #7
 366 013e 0132     		add	r2, r2, #1
 367 0140 1A70     		strb	r2, [r3]
 368              	.L11:
 263:.\Generated_Source\PSoC4/cyfitter_cfg.c **** 		{
 369              		.loc 1 263 0 is_stmt 0 discriminator 1
 370 0142 FB1D     		add	r3, r7, #7
 371 0144 1B78     		ldrb	r3, [r3]
 372 0146 012B     		cmp	r3, #1
 373 0148 D7D9     		bls	.L12
 267:.\Generated_Source\PSoC4/cyfitter_cfg.c **** 		}
 268:.\Generated_Source\PSoC4/cyfitter_cfg.c **** 
 269:.\Generated_Source\PSoC4/cyfitter_cfg.c **** 		/* HSIOM Starting address: CYDEV_HSIOM_BASE */
 270:.\Generated_Source\PSoC4/cyfitter_cfg.c **** 		CY_SET_XTND_REG32((void CYFAR *)(CYDEV_HSIOM_BASE), 0xEE000000u);
 374              		.loc 1 270 0 is_stmt 1
 375 014a 224B     		ldr	r3, .L13+8
 376 014c EE22     		mov	r2, #238
 377 014e 1206     		lsl	r2, r2, #24
 378 0150 1A60     		str	r2, [r3]
 271:.\Generated_Source\PSoC4/cyfitter_cfg.c **** 		CY_SET_XTND_REG32((void CYFAR *)(CYREG_HSIOM_PORT_SEL1), 0x00990000u);
 379              		.loc 1 271 0
 380 0152 214B     		ldr	r3, .L13+12
 381 0154 9922     		mov	r2, #153
 382 0156 1204     		lsl	r2, r2, #16
 383 0158 1A60     		str	r2, [r3]
 272:.\Generated_Source\PSoC4/cyfitter_cfg.c **** 
 273:.\Generated_Source\PSoC4/cyfitter_cfg.c **** 		/* UDB_PA_0 Starting address: CYDEV_UDB_PA0_BASE */
 274:.\Generated_Source\PSoC4/cyfitter_cfg.c **** 		CY_SET_XTND_REG32((void CYFAR *)(CYDEV_UDB_PA0_BASE), 0x00990000u);
 384              		.loc 1 274 0
 385 015a 204B     		ldr	r3, .L13+16
 386 015c 9922     		mov	r2, #153
 387 015e 1204     		lsl	r2, r2, #16
 388 0160 1A60     		str	r2, [r3]
 275:.\Generated_Source\PSoC4/cyfitter_cfg.c **** 
 276:.\Generated_Source\PSoC4/cyfitter_cfg.c **** 		/* UDB_PA_1 Starting address: CYDEV_UDB_PA1_BASE */
 277:.\Generated_Source\PSoC4/cyfitter_cfg.c **** 		CY_SET_XTND_REG32((void CYFAR *)(CYDEV_UDB_PA1_BASE), 0x00990000u);
 389              		.loc 1 277 0
 390 0162 1F4B     		ldr	r3, .L13+20
 391 0164 9922     		mov	r2, #153
 392 0166 1204     		lsl	r2, r2, #16
 393 0168 1A60     		str	r2, [r3]
 278:.\Generated_Source\PSoC4/cyfitter_cfg.c **** 
 279:.\Generated_Source\PSoC4/cyfitter_cfg.c **** 		/* Enable digital routing */
 280:.\Generated_Source\PSoC4/cyfitter_cfg.c **** 		CY_SET_XTND_REG8((void *)CYREG_UDB_UDBIF_BANK_CTL, CY_GET_XTND_REG8((void *)CYREG_UDB_UDBIF_BANK_
 394              		.loc 1 280 0
 395 016a 1E4A     		ldr	r2, .L13+24
 396 016c 1D4B     		ldr	r3, .L13+24
 397 016e 1B78     		ldrb	r3, [r3]
 398 0170 DBB2     		uxtb	r3, r3
 399 0172 0221     		mov	r1, #2
 400 0174 0B43     		orr	r3, r1
 401 0176 DBB2     		uxtb	r3, r3
 402 0178 1370     		strb	r3, [r2]
ARM GAS  C:\Users\ilias\AppData\Local\Temp\cc600hS2.s 			page 13


 281:.\Generated_Source\PSoC4/cyfitter_cfg.c **** 
 282:.\Generated_Source\PSoC4/cyfitter_cfg.c **** 		/* Enable UDB array */
 283:.\Generated_Source\PSoC4/cyfitter_cfg.c **** 		CY_SET_XTND_REG8((void *)CYREG_UDB_UDBIF_WAIT_CFG, (uint8)((CY_GET_XTND_REG8((void *)CYREG_UDB_UD
 403              		.loc 1 283 0
 404 017a 1B4A     		ldr	r2, .L13+28
 405 017c 1A4B     		ldr	r3, .L13+28
 406 017e 1B78     		ldrb	r3, [r3]
 407 0180 DBB2     		uxtb	r3, r3
 408 0182 3C21     		mov	r1, #60
 409 0184 8B43     		bic	r3, r1
 410 0186 DBB2     		uxtb	r3, r3
 411 0188 1421     		mov	r1, #20
 412 018a 0B43     		orr	r3, r1
 413 018c DBB2     		uxtb	r3, r3
 414 018e 1370     		strb	r3, [r2]
 284:.\Generated_Source\PSoC4/cyfitter_cfg.c **** 		CY_SET_XTND_REG8((void *)CYREG_UDB_UDBIF_BANK_CTL, (uint8)(CY_GET_XTND_REG8((void *)CYREG_UDB_UDB
 415              		.loc 1 284 0
 416 0190 144A     		ldr	r2, .L13+24
 417 0192 144B     		ldr	r3, .L13+24
 418 0194 1B78     		ldrb	r3, [r3]
 419 0196 DBB2     		uxtb	r3, r3
 420 0198 1621     		mov	r1, #22
 421 019a 0B43     		orr	r3, r1
 422 019c DBB2     		uxtb	r3, r3
 423 019e 1370     		strb	r3, [r2]
 424              	.LBE2:
 285:.\Generated_Source\PSoC4/cyfitter_cfg.c **** 	}
 286:.\Generated_Source\PSoC4/cyfitter_cfg.c **** 
 287:.\Generated_Source\PSoC4/cyfitter_cfg.c **** 	/* Perform second pass device configuration. These items must be configured in specific order afte
 288:.\Generated_Source\PSoC4/cyfitter_cfg.c **** 	/* IOPINS0_0 Starting address: CYDEV_GPIO_PRT0_BASE */
 289:.\Generated_Source\PSoC4/cyfitter_cfg.c **** 	CY_SET_XTND_REG32((void CYFAR *)(CYDEV_GPIO_PRT0_BASE), 0x0000003Fu);
 425              		.loc 1 289 0
 426 01a0 124B     		ldr	r3, .L13+32
 427 01a2 3F22     		mov	r2, #63
 428 01a4 1A60     		str	r2, [r3]
 290:.\Generated_Source\PSoC4/cyfitter_cfg.c **** 	CY_SET_XTND_REG32((void CYFAR *)(CYREG_GPIO_PRT0_PC), 0x00DA4492u);
 429              		.loc 1 290 0
 430 01a6 124B     		ldr	r3, .L13+36
 431 01a8 124A     		ldr	r2, .L13+40
 432 01aa 1A60     		str	r2, [r3]
 291:.\Generated_Source\PSoC4/cyfitter_cfg.c **** 
 292:.\Generated_Source\PSoC4/cyfitter_cfg.c **** 	/* IOPINS0_1 Starting address: CYDEV_GPIO_PRT1_BASE */
 293:.\Generated_Source\PSoC4/cyfitter_cfg.c **** 	CY_SET_XTND_REG32((void CYFAR *)(CYDEV_GPIO_PRT1_BASE), 0x00000021u);
 433              		.loc 1 293 0
 434 01ac 124B     		ldr	r3, .L13+44
 435 01ae 2122     		mov	r2, #33
 436 01b0 1A60     		str	r2, [r3]
 294:.\Generated_Source\PSoC4/cyfitter_cfg.c **** 	CY_SET_XTND_REG32((void CYFAR *)(CYREG_GPIO_PRT1_PC), 0x00031002u);
 437              		.loc 1 294 0
 438 01b2 124B     		ldr	r3, .L13+48
 439 01b4 124A     		ldr	r2, .L13+52
 440 01b6 1A60     		str	r2, [r3]
 295:.\Generated_Source\PSoC4/cyfitter_cfg.c **** 	CY_SET_XTND_REG32((void CYFAR *)(CYREG_GPIO_PRT1_PC2), 0x00000020u);
 441              		.loc 1 295 0
 442 01b8 124B     		ldr	r3, .L13+56
 443 01ba 2022     		mov	r2, #32
 444 01bc 1A60     		str	r2, [r3]
ARM GAS  C:\Users\ilias\AppData\Local\Temp\cc600hS2.s 			page 14


 296:.\Generated_Source\PSoC4/cyfitter_cfg.c **** 
 297:.\Generated_Source\PSoC4/cyfitter_cfg.c **** 
 298:.\Generated_Source\PSoC4/cyfitter_cfg.c **** 	/* Setup clocks based on selections from Clock DWR */
 299:.\Generated_Source\PSoC4/cyfitter_cfg.c **** 	ClockSetup();
 445              		.loc 1 299 0
 446 01be FFF71FFF 		bl	ClockSetup
 300:.\Generated_Source\PSoC4/cyfitter_cfg.c **** 
 301:.\Generated_Source\PSoC4/cyfitter_cfg.c **** 	/* Perform basic analog initialization to defaults */
 302:.\Generated_Source\PSoC4/cyfitter_cfg.c **** 	AnalogSetDefault();
 447              		.loc 1 302 0
 448 01c2 FFF7FEFF 		bl	AnalogSetDefault
 303:.\Generated_Source\PSoC4/cyfitter_cfg.c **** 
 304:.\Generated_Source\PSoC4/cyfitter_cfg.c **** }
 449              		.loc 1 304 0
 450 01c6 BD46     		mov	sp, r7
 451 01c8 02B0     		add	sp, sp, #8
 452              		@ sp needed
 453 01ca 80BD     		pop	{r7, pc}
 454              	.L14:
 455              		.align	2
 456              	.L13:
 457 01cc 6CF02E40 		.word	1076818028
 458 01d0 00000000 		.word	cfg_memset_list.4742
 459 01d4 00000240 		.word	1073872896
 460 01d8 00010240 		.word	1073873152
 461 01dc 00500F40 		.word	1074745344
 462 01e0 10500F40 		.word	1074745360
 463 01e4 00700F40 		.word	1074753536
 464 01e8 01700F40 		.word	1074753537
 465 01ec 00000440 		.word	1074003968
 466 01f0 08000440 		.word	1074003976
 467 01f4 9244DA00 		.word	14304402
 468 01f8 00010440 		.word	1074004224
 469 01fc 08010440 		.word	1074004232
 470 0200 02100300 		.word	200706
 471 0204 18010440 		.word	1074004248
 472              		.cfi_endproc
 473              	.LFE7:
 474              		.size	cyfitter_cfg, .-cyfitter_cfg
 475              		.section	.rodata
 476              		.align	2
 477              		.type	cfg_memset_list.4742, %object
 478              		.size	cfg_memset_list.4742, 12
 479              	cfg_memset_list.4742:
 480 0000 00300F40 		.word	1074737152
 481 0004 0004     		.short	1024
 482 0006 00400F40 		.4byte	1074741248
 483 000a 0004     		.short	1024
 484              		.text
 485              	.Letext0:
 486              		.file 2 "c:\\program files (x86)\\cypress\\psoc creator\\3.3\\psoc creator\\import\\gnu\\arm\\4.9.
 487              		.file 3 ".\\Generated_Source\\PSoC4\\cytypes.h"
 488              		.section	.debug_info,"",%progbits
 489              	.Ldebug_info0:
 490 0000 48020000 		.4byte	0x248
 491 0004 0400     		.2byte	0x4
 492 0006 00000000 		.4byte	.Ldebug_abbrev0
ARM GAS  C:\Users\ilias\AppData\Local\Temp\cc600hS2.s 			page 15


 493 000a 04       		.byte	0x4
 494 000b 01       		.uleb128 0x1
 495 000c A5000000 		.4byte	.LASF29
 496 0010 01       		.byte	0x1
 497 0011 A1010000 		.4byte	.LASF30
 498 0015 6D010000 		.4byte	.LASF31
 499 0019 00000000 		.4byte	.Ldebug_ranges0+0
 500 001d 00000000 		.4byte	0
 501 0021 00000000 		.4byte	.Ldebug_line0
 502 0025 02       		.uleb128 0x2
 503 0026 04       		.byte	0x4
 504 0027 05       		.byte	0x5
 505 0028 696E7400 		.ascii	"int\000"
 506 002c 03       		.uleb128 0x3
 507 002d 06000000 		.4byte	.LASF11
 508 0031 02       		.byte	0x2
 509 0032 D4       		.byte	0xd4
 510 0033 37000000 		.4byte	0x37
 511 0037 04       		.uleb128 0x4
 512 0038 04       		.byte	0x4
 513 0039 07       		.byte	0x7
 514 003a 41010000 		.4byte	.LASF0
 515 003e 04       		.uleb128 0x4
 516 003f 01       		.byte	0x1
 517 0040 06       		.byte	0x6
 518 0041 F8010000 		.4byte	.LASF1
 519 0045 04       		.uleb128 0x4
 520 0046 01       		.byte	0x1
 521 0047 08       		.byte	0x8
 522 0048 83000000 		.4byte	.LASF2
 523 004c 04       		.uleb128 0x4
 524 004d 02       		.byte	0x2
 525 004e 05       		.byte	0x5
 526 004f E5010000 		.4byte	.LASF3
 527 0053 04       		.uleb128 0x4
 528 0054 02       		.byte	0x2
 529 0055 07       		.byte	0x7
 530 0056 39000000 		.4byte	.LASF4
 531 005a 04       		.uleb128 0x4
 532 005b 04       		.byte	0x4
 533 005c 05       		.byte	0x5
 534 005d EF010000 		.4byte	.LASF5
 535 0061 04       		.uleb128 0x4
 536 0062 04       		.byte	0x4
 537 0063 07       		.byte	0x7
 538 0064 61000000 		.4byte	.LASF6
 539 0068 04       		.uleb128 0x4
 540 0069 08       		.byte	0x8
 541 006a 05       		.byte	0x5
 542 006b D2010000 		.4byte	.LASF7
 543 006f 04       		.uleb128 0x4
 544 0070 08       		.byte	0x8
 545 0071 07       		.byte	0x7
 546 0072 56010000 		.4byte	.LASF8
 547 0076 04       		.uleb128 0x4
 548 0077 04       		.byte	0x4
 549 0078 07       		.byte	0x7
ARM GAS  C:\Users\ilias\AppData\Local\Temp\cc600hS2.s 			page 16


 550 0079 C9010000 		.4byte	.LASF9
 551 007d 05       		.uleb128 0x5
 552 007e 04       		.byte	0x4
 553 007f 04       		.uleb128 0x4
 554 0080 01       		.byte	0x1
 555 0081 08       		.byte	0x8
 556 0082 E0010000 		.4byte	.LASF10
 557 0086 06       		.uleb128 0x6
 558 0087 73000000 		.4byte	.LASF12
 559 008b 03       		.byte	0x3
 560 008c 3801     		.2byte	0x138
 561 008e 45000000 		.4byte	0x45
 562 0092 06       		.uleb128 0x6
 563 0093 33010000 		.4byte	.LASF13
 564 0097 03       		.byte	0x3
 565 0098 3901     		.2byte	0x139
 566 009a 53000000 		.4byte	0x53
 567 009e 06       		.uleb128 0x6
 568 009f 3A010000 		.4byte	.LASF14
 569 00a3 03       		.byte	0x3
 570 00a4 3A01     		.2byte	0x13a
 571 00a6 61000000 		.4byte	0x61
 572 00aa 04       		.uleb128 0x4
 573 00ab 04       		.byte	0x4
 574 00ac 04       		.byte	0x4
 575 00ad 4C000000 		.4byte	.LASF15
 576 00b1 04       		.uleb128 0x4
 577 00b2 08       		.byte	0x8
 578 00b3 04       		.byte	0x4
 579 00b4 91000000 		.4byte	.LASF16
 580 00b8 06       		.uleb128 0x6
 581 00b9 5C000000 		.4byte	.LASF17
 582 00bd 03       		.byte	0x3
 583 00be E201     		.2byte	0x1e2
 584 00c0 C4000000 		.4byte	0xc4
 585 00c4 07       		.uleb128 0x7
 586 00c5 86000000 		.4byte	0x86
 587 00c9 06       		.uleb128 0x6
 588 00ca 00000000 		.4byte	.LASF18
 589 00ce 03       		.byte	0x3
 590 00cf E401     		.2byte	0x1e4
 591 00d1 D5000000 		.4byte	0xd5
 592 00d5 07       		.uleb128 0x7
 593 00d6 9E000000 		.4byte	0x9e
 594 00da 08       		.uleb128 0x8
 595 00db 79000000 		.4byte	.LASF19
 596 00df 01       		.byte	0x1
 597 00e0 3D       		.byte	0x3d
 598 00e1 00000000 		.4byte	.LFB2
 599 00e5 1E000000 		.4byte	.LFE2-.LFB2
 600 00e9 01       		.uleb128 0x1
 601 00ea 9C       		.byte	0x9c
 602 00eb 08010000 		.4byte	0x108
 603 00ef 09       		.uleb128 0x9
 604 00f0 7300     		.ascii	"s\000"
 605 00f2 01       		.byte	0x1
 606 00f3 3D       		.byte	0x3d
ARM GAS  C:\Users\ilias\AppData\Local\Temp\cc600hS2.s 			page 17


 607 00f4 7D000000 		.4byte	0x7d
 608 00f8 02       		.uleb128 0x2
 609 00f9 91       		.byte	0x91
 610 00fa 74       		.sleb128 -12
 611 00fb 09       		.uleb128 0x9
 612 00fc 6E00     		.ascii	"n\000"
 613 00fe 01       		.byte	0x1
 614 00ff 3D       		.byte	0x3d
 615 0100 2C000000 		.4byte	0x2c
 616 0104 02       		.uleb128 0x2
 617 0105 91       		.byte	0x91
 618 0106 70       		.sleb128 -16
 619 0107 00       		.byte	0
 620 0108 08       		.uleb128 0x8
 621 0109 14020000 		.4byte	.LASF20
 622 010d 01       		.byte	0x1
 623 010e 44       		.byte	0x44
 624 010f 00000000 		.4byte	.LFB3
 625 0113 22000000 		.4byte	.LFE3-.LFB3
 626 0117 01       		.uleb128 0x1
 627 0118 9C       		.byte	0x9c
 628 0119 46010000 		.4byte	0x146
 629 011d 0A       		.uleb128 0xa
 630 011e 52000000 		.4byte	.LASF21
 631 0122 01       		.byte	0x1
 632 0123 44       		.byte	0x44
 633 0124 7D000000 		.4byte	0x7d
 634 0128 02       		.uleb128 0x2
 635 0129 91       		.byte	0x91
 636 012a 74       		.sleb128 -12
 637 012b 09       		.uleb128 0x9
 638 012c 73726300 		.ascii	"src\000"
 639 0130 01       		.byte	0x1
 640 0131 44       		.byte	0x44
 641 0132 46010000 		.4byte	0x146
 642 0136 02       		.uleb128 0x2
 643 0137 91       		.byte	0x91
 644 0138 70       		.sleb128 -16
 645 0139 09       		.uleb128 0x9
 646 013a 6E00     		.ascii	"n\000"
 647 013c 01       		.byte	0x1
 648 013d 44       		.byte	0x44
 649 013e 2C000000 		.4byte	0x2c
 650 0142 02       		.uleb128 0x2
 651 0143 91       		.byte	0x91
 652 0144 6C       		.sleb128 -20
 653 0145 00       		.byte	0
 654 0146 0B       		.uleb128 0xb
 655 0147 04       		.byte	0x4
 656 0148 4C010000 		.4byte	0x14c
 657 014c 0C       		.uleb128 0xc
 658 014d 08       		.uleb128 0x8
 659 014e 04020000 		.4byte	.LASF22
 660 0152 01       		.byte	0x1
 661 0153 4B       		.byte	0x4b
 662 0154 00000000 		.4byte	.LFB4
 663 0158 22000000 		.4byte	.LFE4-.LFB4
ARM GAS  C:\Users\ilias\AppData\Local\Temp\cc600hS2.s 			page 18


 664 015c 01       		.uleb128 0x1
 665 015d 9C       		.byte	0x9c
 666 015e 8B010000 		.4byte	0x18b
 667 0162 0A       		.uleb128 0xa
 668 0163 52000000 		.4byte	.LASF21
 669 0167 01       		.byte	0x1
 670 0168 4B       		.byte	0x4b
 671 0169 7D000000 		.4byte	0x7d
 672 016d 02       		.uleb128 0x2
 673 016e 91       		.byte	0x91
 674 016f 74       		.sleb128 -12
 675 0170 09       		.uleb128 0x9
 676 0171 73726300 		.ascii	"src\000"
 677 0175 01       		.byte	0x1
 678 0176 4B       		.byte	0x4b
 679 0177 46010000 		.4byte	0x146
 680 017b 02       		.uleb128 0x2
 681 017c 91       		.byte	0x91
 682 017d 70       		.sleb128 -16
 683 017e 09       		.uleb128 0x9
 684 017f 6E00     		.ascii	"n\000"
 685 0181 01       		.byte	0x1
 686 0182 4B       		.byte	0x4b
 687 0183 2C000000 		.4byte	0x2c
 688 0187 02       		.uleb128 0x2
 689 0188 91       		.byte	0x91
 690 0189 6C       		.sleb128 -20
 691 018a 00       		.byte	0
 692 018b 0D       		.uleb128 0xd
 693 018c 2E000000 		.4byte	.LASF23
 694 0190 01       		.byte	0x1
 695 0191 92       		.byte	0x92
 696 0192 00000000 		.4byte	.LFB5
 697 0196 E4000000 		.4byte	.LFE5-.LFB5
 698 019a 01       		.uleb128 0x1
 699 019b 9C       		.byte	0x9c
 700 019c 0E       		.uleb128 0xe
 701 019d 0D000000 		.4byte	.LASF24
 702 01a1 01       		.byte	0x1
 703 01a2 D5       		.byte	0xd5
 704 01a3 00000000 		.4byte	.LFB6
 705 01a7 28000000 		.4byte	.LFE6-.LFB6
 706 01ab 01       		.uleb128 0x1
 707 01ac 9C       		.byte	0x9c
 708 01ad 0F       		.uleb128 0xf
 709 01ae 98000000 		.4byte	.LASF32
 710 01b2 01       		.byte	0x1
 711 01b3 F0       		.byte	0xf0
 712 01b4 E4000000 		.4byte	.LFB7
 713 01b8 24010000 		.4byte	.LFE7-.LFB7
 714 01bc 01       		.uleb128 0x1
 715 01bd 9C       		.byte	0x9c
 716 01be 10       		.uleb128 0x10
 717 01bf F2000000 		.4byte	.LBB2
 718 01c3 AE000000 		.4byte	.LBE2-.LBB2
 719 01c7 11       		.uleb128 0x11
 720 01c8 06       		.byte	0x6
ARM GAS  C:\Users\ilias\AppData\Local\Temp\cc600hS2.s 			page 19


 721 01c9 01       		.byte	0x1
 722 01ca F9       		.byte	0xf9
 723 01cb E8010000 		.4byte	0x1e8
 724 01cf 12       		.uleb128 0x12
 725 01d0 4E010000 		.4byte	.LASF25
 726 01d4 01       		.byte	0x1
 727 01d5 FA       		.byte	0xfa
 728 01d6 7D000000 		.4byte	0x7d
 729 01da 00       		.byte	0
 730 01db 12       		.uleb128 0x12
 731 01dc 57000000 		.4byte	.LASF26
 732 01e0 01       		.byte	0x1
 733 01e1 FB       		.byte	0xfb
 734 01e2 92000000 		.4byte	0x92
 735 01e6 04       		.byte	0x4
 736 01e7 00       		.byte	0
 737 01e8 03       		.uleb128 0x3
 738 01e9 94010000 		.4byte	.LASF27
 739 01ed 01       		.byte	0x1
 740 01ee FC       		.byte	0xfc
 741 01ef C7010000 		.4byte	0x1c7
 742 01f3 13       		.uleb128 0x13
 743 01f4 E8010000 		.4byte	0x1e8
 744 01f8 03020000 		.4byte	0x203
 745 01fc 14       		.uleb128 0x14
 746 01fd 76000000 		.4byte	0x76
 747 0201 01       		.byte	0x1
 748 0202 00       		.byte	0
 749 0203 15       		.uleb128 0x15
 750 0204 1E000000 		.4byte	.LASF28
 751 0208 01       		.byte	0x1
 752 0209 FE       		.byte	0xfe
 753 020a 14020000 		.4byte	0x214
 754 020e 05       		.uleb128 0x5
 755 020f 03       		.byte	0x3
 756 0210 00000000 		.4byte	cfg_memset_list.4742
 757 0214 16       		.uleb128 0x16
 758 0215 F3010000 		.4byte	0x1f3
 759 0219 17       		.uleb128 0x17
 760 021a 6900     		.ascii	"i\000"
 761 021c 01       		.byte	0x1
 762 021d 0401     		.2byte	0x104
 763 021f 86000000 		.4byte	0x86
 764 0223 02       		.uleb128 0x2
 765 0224 91       		.byte	0x91
 766 0225 77       		.sleb128 -9
 767 0226 10       		.uleb128 0x10
 768 0227 FA000000 		.4byte	.LBB3
 769 022b 3E000000 		.4byte	.LBE3-.LBB3
 770 022f 17       		.uleb128 0x17
 771 0230 6D7300   		.ascii	"ms\000"
 772 0233 01       		.byte	0x1
 773 0234 0901     		.2byte	0x109
 774 0236 3D020000 		.4byte	0x23d
 775 023a 02       		.uleb128 0x2
 776 023b 91       		.byte	0x91
 777 023c 70       		.sleb128 -16
ARM GAS  C:\Users\ilias\AppData\Local\Temp\cc600hS2.s 			page 20


 778 023d 0B       		.uleb128 0xb
 779 023e 04       		.byte	0x4
 780 023f 43020000 		.4byte	0x243
 781 0243 16       		.uleb128 0x16
 782 0244 E8010000 		.4byte	0x1e8
 783 0248 00       		.byte	0
 784 0249 00       		.byte	0
 785 024a 00       		.byte	0
 786 024b 00       		.byte	0
 787              		.section	.debug_abbrev,"",%progbits
 788              	.Ldebug_abbrev0:
 789 0000 01       		.uleb128 0x1
 790 0001 11       		.uleb128 0x11
 791 0002 01       		.byte	0x1
 792 0003 25       		.uleb128 0x25
 793 0004 0E       		.uleb128 0xe
 794 0005 13       		.uleb128 0x13
 795 0006 0B       		.uleb128 0xb
 796 0007 03       		.uleb128 0x3
 797 0008 0E       		.uleb128 0xe
 798 0009 1B       		.uleb128 0x1b
 799 000a 0E       		.uleb128 0xe
 800 000b 55       		.uleb128 0x55
 801 000c 17       		.uleb128 0x17
 802 000d 11       		.uleb128 0x11
 803 000e 01       		.uleb128 0x1
 804 000f 10       		.uleb128 0x10
 805 0010 17       		.uleb128 0x17
 806 0011 00       		.byte	0
 807 0012 00       		.byte	0
 808 0013 02       		.uleb128 0x2
 809 0014 24       		.uleb128 0x24
 810 0015 00       		.byte	0
 811 0016 0B       		.uleb128 0xb
 812 0017 0B       		.uleb128 0xb
 813 0018 3E       		.uleb128 0x3e
 814 0019 0B       		.uleb128 0xb
 815 001a 03       		.uleb128 0x3
 816 001b 08       		.uleb128 0x8
 817 001c 00       		.byte	0
 818 001d 00       		.byte	0
 819 001e 03       		.uleb128 0x3
 820 001f 16       		.uleb128 0x16
 821 0020 00       		.byte	0
 822 0021 03       		.uleb128 0x3
 823 0022 0E       		.uleb128 0xe
 824 0023 3A       		.uleb128 0x3a
 825 0024 0B       		.uleb128 0xb
 826 0025 3B       		.uleb128 0x3b
 827 0026 0B       		.uleb128 0xb
 828 0027 49       		.uleb128 0x49
 829 0028 13       		.uleb128 0x13
 830 0029 00       		.byte	0
 831 002a 00       		.byte	0
 832 002b 04       		.uleb128 0x4
 833 002c 24       		.uleb128 0x24
 834 002d 00       		.byte	0
ARM GAS  C:\Users\ilias\AppData\Local\Temp\cc600hS2.s 			page 21


 835 002e 0B       		.uleb128 0xb
 836 002f 0B       		.uleb128 0xb
 837 0030 3E       		.uleb128 0x3e
 838 0031 0B       		.uleb128 0xb
 839 0032 03       		.uleb128 0x3
 840 0033 0E       		.uleb128 0xe
 841 0034 00       		.byte	0
 842 0035 00       		.byte	0
 843 0036 05       		.uleb128 0x5
 844 0037 0F       		.uleb128 0xf
 845 0038 00       		.byte	0
 846 0039 0B       		.uleb128 0xb
 847 003a 0B       		.uleb128 0xb
 848 003b 00       		.byte	0
 849 003c 00       		.byte	0
 850 003d 06       		.uleb128 0x6
 851 003e 16       		.uleb128 0x16
 852 003f 00       		.byte	0
 853 0040 03       		.uleb128 0x3
 854 0041 0E       		.uleb128 0xe
 855 0042 3A       		.uleb128 0x3a
 856 0043 0B       		.uleb128 0xb
 857 0044 3B       		.uleb128 0x3b
 858 0045 05       		.uleb128 0x5
 859 0046 49       		.uleb128 0x49
 860 0047 13       		.uleb128 0x13
 861 0048 00       		.byte	0
 862 0049 00       		.byte	0
 863 004a 07       		.uleb128 0x7
 864 004b 35       		.uleb128 0x35
 865 004c 00       		.byte	0
 866 004d 49       		.uleb128 0x49
 867 004e 13       		.uleb128 0x13
 868 004f 00       		.byte	0
 869 0050 00       		.byte	0
 870 0051 08       		.uleb128 0x8
 871 0052 2E       		.uleb128 0x2e
 872 0053 01       		.byte	0x1
 873 0054 03       		.uleb128 0x3
 874 0055 0E       		.uleb128 0xe
 875 0056 3A       		.uleb128 0x3a
 876 0057 0B       		.uleb128 0xb
 877 0058 3B       		.uleb128 0x3b
 878 0059 0B       		.uleb128 0xb
 879 005a 27       		.uleb128 0x27
 880 005b 19       		.uleb128 0x19
 881 005c 11       		.uleb128 0x11
 882 005d 01       		.uleb128 0x1
 883 005e 12       		.uleb128 0x12
 884 005f 06       		.uleb128 0x6
 885 0060 40       		.uleb128 0x40
 886 0061 18       		.uleb128 0x18
 887 0062 9642     		.uleb128 0x2116
 888 0064 19       		.uleb128 0x19
 889 0065 01       		.uleb128 0x1
 890 0066 13       		.uleb128 0x13
 891 0067 00       		.byte	0
ARM GAS  C:\Users\ilias\AppData\Local\Temp\cc600hS2.s 			page 22


 892 0068 00       		.byte	0
 893 0069 09       		.uleb128 0x9
 894 006a 05       		.uleb128 0x5
 895 006b 00       		.byte	0
 896 006c 03       		.uleb128 0x3
 897 006d 08       		.uleb128 0x8
 898 006e 3A       		.uleb128 0x3a
 899 006f 0B       		.uleb128 0xb
 900 0070 3B       		.uleb128 0x3b
 901 0071 0B       		.uleb128 0xb
 902 0072 49       		.uleb128 0x49
 903 0073 13       		.uleb128 0x13
 904 0074 02       		.uleb128 0x2
 905 0075 18       		.uleb128 0x18
 906 0076 00       		.byte	0
 907 0077 00       		.byte	0
 908 0078 0A       		.uleb128 0xa
 909 0079 05       		.uleb128 0x5
 910 007a 00       		.byte	0
 911 007b 03       		.uleb128 0x3
 912 007c 0E       		.uleb128 0xe
 913 007d 3A       		.uleb128 0x3a
 914 007e 0B       		.uleb128 0xb
 915 007f 3B       		.uleb128 0x3b
 916 0080 0B       		.uleb128 0xb
 917 0081 49       		.uleb128 0x49
 918 0082 13       		.uleb128 0x13
 919 0083 02       		.uleb128 0x2
 920 0084 18       		.uleb128 0x18
 921 0085 00       		.byte	0
 922 0086 00       		.byte	0
 923 0087 0B       		.uleb128 0xb
 924 0088 0F       		.uleb128 0xf
 925 0089 00       		.byte	0
 926 008a 0B       		.uleb128 0xb
 927 008b 0B       		.uleb128 0xb
 928 008c 49       		.uleb128 0x49
 929 008d 13       		.uleb128 0x13
 930 008e 00       		.byte	0
 931 008f 00       		.byte	0
 932 0090 0C       		.uleb128 0xc
 933 0091 26       		.uleb128 0x26
 934 0092 00       		.byte	0
 935 0093 00       		.byte	0
 936 0094 00       		.byte	0
 937 0095 0D       		.uleb128 0xd
 938 0096 2E       		.uleb128 0x2e
 939 0097 00       		.byte	0
 940 0098 03       		.uleb128 0x3
 941 0099 0E       		.uleb128 0xe
 942 009a 3A       		.uleb128 0x3a
 943 009b 0B       		.uleb128 0xb
 944 009c 3B       		.uleb128 0x3b
 945 009d 0B       		.uleb128 0xb
 946 009e 27       		.uleb128 0x27
 947 009f 19       		.uleb128 0x19
 948 00a0 11       		.uleb128 0x11
ARM GAS  C:\Users\ilias\AppData\Local\Temp\cc600hS2.s 			page 23


 949 00a1 01       		.uleb128 0x1
 950 00a2 12       		.uleb128 0x12
 951 00a3 06       		.uleb128 0x6
 952 00a4 40       		.uleb128 0x40
 953 00a5 18       		.uleb128 0x18
 954 00a6 9642     		.uleb128 0x2116
 955 00a8 19       		.uleb128 0x19
 956 00a9 00       		.byte	0
 957 00aa 00       		.byte	0
 958 00ab 0E       		.uleb128 0xe
 959 00ac 2E       		.uleb128 0x2e
 960 00ad 00       		.byte	0
 961 00ae 03       		.uleb128 0x3
 962 00af 0E       		.uleb128 0xe
 963 00b0 3A       		.uleb128 0x3a
 964 00b1 0B       		.uleb128 0xb
 965 00b2 3B       		.uleb128 0x3b
 966 00b3 0B       		.uleb128 0xb
 967 00b4 27       		.uleb128 0x27
 968 00b5 19       		.uleb128 0x19
 969 00b6 11       		.uleb128 0x11
 970 00b7 01       		.uleb128 0x1
 971 00b8 12       		.uleb128 0x12
 972 00b9 06       		.uleb128 0x6
 973 00ba 40       		.uleb128 0x40
 974 00bb 18       		.uleb128 0x18
 975 00bc 9742     		.uleb128 0x2117
 976 00be 19       		.uleb128 0x19
 977 00bf 00       		.byte	0
 978 00c0 00       		.byte	0
 979 00c1 0F       		.uleb128 0xf
 980 00c2 2E       		.uleb128 0x2e
 981 00c3 01       		.byte	0x1
 982 00c4 3F       		.uleb128 0x3f
 983 00c5 19       		.uleb128 0x19
 984 00c6 03       		.uleb128 0x3
 985 00c7 0E       		.uleb128 0xe
 986 00c8 3A       		.uleb128 0x3a
 987 00c9 0B       		.uleb128 0xb
 988 00ca 3B       		.uleb128 0x3b
 989 00cb 0B       		.uleb128 0xb
 990 00cc 27       		.uleb128 0x27
 991 00cd 19       		.uleb128 0x19
 992 00ce 11       		.uleb128 0x11
 993 00cf 01       		.uleb128 0x1
 994 00d0 12       		.uleb128 0x12
 995 00d1 06       		.uleb128 0x6
 996 00d2 40       		.uleb128 0x40
 997 00d3 18       		.uleb128 0x18
 998 00d4 9642     		.uleb128 0x2116
 999 00d6 19       		.uleb128 0x19
 1000 00d7 00       		.byte	0
 1001 00d8 00       		.byte	0
 1002 00d9 10       		.uleb128 0x10
 1003 00da 0B       		.uleb128 0xb
 1004 00db 01       		.byte	0x1
 1005 00dc 11       		.uleb128 0x11
ARM GAS  C:\Users\ilias\AppData\Local\Temp\cc600hS2.s 			page 24


 1006 00dd 01       		.uleb128 0x1
 1007 00de 12       		.uleb128 0x12
 1008 00df 06       		.uleb128 0x6
 1009 00e0 00       		.byte	0
 1010 00e1 00       		.byte	0
 1011 00e2 11       		.uleb128 0x11
 1012 00e3 13       		.uleb128 0x13
 1013 00e4 01       		.byte	0x1
 1014 00e5 0B       		.uleb128 0xb
 1015 00e6 0B       		.uleb128 0xb
 1016 00e7 3A       		.uleb128 0x3a
 1017 00e8 0B       		.uleb128 0xb
 1018 00e9 3B       		.uleb128 0x3b
 1019 00ea 0B       		.uleb128 0xb
 1020 00eb 01       		.uleb128 0x1
 1021 00ec 13       		.uleb128 0x13
 1022 00ed 00       		.byte	0
 1023 00ee 00       		.byte	0
 1024 00ef 12       		.uleb128 0x12
 1025 00f0 0D       		.uleb128 0xd
 1026 00f1 00       		.byte	0
 1027 00f2 03       		.uleb128 0x3
 1028 00f3 0E       		.uleb128 0xe
 1029 00f4 3A       		.uleb128 0x3a
 1030 00f5 0B       		.uleb128 0xb
 1031 00f6 3B       		.uleb128 0x3b
 1032 00f7 0B       		.uleb128 0xb
 1033 00f8 49       		.uleb128 0x49
 1034 00f9 13       		.uleb128 0x13
 1035 00fa 38       		.uleb128 0x38
 1036 00fb 0B       		.uleb128 0xb
 1037 00fc 00       		.byte	0
 1038 00fd 00       		.byte	0
 1039 00fe 13       		.uleb128 0x13
 1040 00ff 01       		.uleb128 0x1
 1041 0100 01       		.byte	0x1
 1042 0101 49       		.uleb128 0x49
 1043 0102 13       		.uleb128 0x13
 1044 0103 01       		.uleb128 0x1
 1045 0104 13       		.uleb128 0x13
 1046 0105 00       		.byte	0
 1047 0106 00       		.byte	0
 1048 0107 14       		.uleb128 0x14
 1049 0108 21       		.uleb128 0x21
 1050 0109 00       		.byte	0
 1051 010a 49       		.uleb128 0x49
 1052 010b 13       		.uleb128 0x13
 1053 010c 2F       		.uleb128 0x2f
 1054 010d 0B       		.uleb128 0xb
 1055 010e 00       		.byte	0
 1056 010f 00       		.byte	0
 1057 0110 15       		.uleb128 0x15
 1058 0111 34       		.uleb128 0x34
 1059 0112 00       		.byte	0
 1060 0113 03       		.uleb128 0x3
 1061 0114 0E       		.uleb128 0xe
 1062 0115 3A       		.uleb128 0x3a
ARM GAS  C:\Users\ilias\AppData\Local\Temp\cc600hS2.s 			page 25


 1063 0116 0B       		.uleb128 0xb
 1064 0117 3B       		.uleb128 0x3b
 1065 0118 0B       		.uleb128 0xb
 1066 0119 49       		.uleb128 0x49
 1067 011a 13       		.uleb128 0x13
 1068 011b 02       		.uleb128 0x2
 1069 011c 18       		.uleb128 0x18
 1070 011d 00       		.byte	0
 1071 011e 00       		.byte	0
 1072 011f 16       		.uleb128 0x16
 1073 0120 26       		.uleb128 0x26
 1074 0121 00       		.byte	0
 1075 0122 49       		.uleb128 0x49
 1076 0123 13       		.uleb128 0x13
 1077 0124 00       		.byte	0
 1078 0125 00       		.byte	0
 1079 0126 17       		.uleb128 0x17
 1080 0127 34       		.uleb128 0x34
 1081 0128 00       		.byte	0
 1082 0129 03       		.uleb128 0x3
 1083 012a 08       		.uleb128 0x8
 1084 012b 3A       		.uleb128 0x3a
 1085 012c 0B       		.uleb128 0xb
 1086 012d 3B       		.uleb128 0x3b
 1087 012e 05       		.uleb128 0x5
 1088 012f 49       		.uleb128 0x49
 1089 0130 13       		.uleb128 0x13
 1090 0131 02       		.uleb128 0x2
 1091 0132 18       		.uleb128 0x18
 1092 0133 00       		.byte	0
 1093 0134 00       		.byte	0
 1094 0135 00       		.byte	0
 1095              		.section	.debug_aranges,"",%progbits
 1096 0000 44000000 		.4byte	0x44
 1097 0004 0200     		.2byte	0x2
 1098 0006 00000000 		.4byte	.Ldebug_info0
 1099 000a 04       		.byte	0x4
 1100 000b 00       		.byte	0
 1101 000c 0000     		.2byte	0
 1102 000e 0000     		.2byte	0
 1103 0010 00000000 		.4byte	.LFB2
 1104 0014 1E000000 		.4byte	.LFE2-.LFB2
 1105 0018 00000000 		.4byte	.LFB3
 1106 001c 22000000 		.4byte	.LFE3-.LFB3
 1107 0020 00000000 		.4byte	.LFB4
 1108 0024 22000000 		.4byte	.LFE4-.LFB4
 1109 0028 00000000 		.4byte	.LFB5
 1110 002c E4000000 		.4byte	.LFE5-.LFB5
 1111 0030 00000000 		.4byte	.LFB6
 1112 0034 28000000 		.4byte	.LFE6-.LFB6
 1113 0038 E4000000 		.4byte	.LFB7
 1114 003c 24010000 		.4byte	.LFE7-.LFB7
 1115 0040 00000000 		.4byte	0
 1116 0044 00000000 		.4byte	0
 1117              		.section	.debug_ranges,"",%progbits
 1118              	.Ldebug_ranges0:
 1119 0000 00000000 		.4byte	.LFB2
ARM GAS  C:\Users\ilias\AppData\Local\Temp\cc600hS2.s 			page 26


 1120 0004 1E000000 		.4byte	.LFE2
 1121 0008 00000000 		.4byte	.LFB3
 1122 000c 22000000 		.4byte	.LFE3
 1123 0010 00000000 		.4byte	.LFB4
 1124 0014 22000000 		.4byte	.LFE4
 1125 0018 00000000 		.4byte	.LFB5
 1126 001c E4000000 		.4byte	.LFE5
 1127 0020 00000000 		.4byte	.LFB6
 1128 0024 28000000 		.4byte	.LFE6
 1129 0028 E4000000 		.4byte	.LFB7
 1130 002c 08020000 		.4byte	.LFE7
 1131 0030 00000000 		.4byte	0
 1132 0034 00000000 		.4byte	0
 1133              		.section	.debug_line,"",%progbits
 1134              	.Ldebug_line0:
 1135 0000 71010000 		.section	.debug_str,"MS",%progbits,1
 1135      0200CD00 
 1135      00000201 
 1135      FB0E0D00 
 1135      01010101 
 1136              	.LASF18:
 1137 0000 72656733 		.ascii	"reg32\000"
 1137      3200
 1138              	.LASF11:
 1139 0006 73697A65 		.ascii	"size_t\000"
 1139      5F7400
 1140              	.LASF24:
 1141 000d 416E616C 		.ascii	"AnalogSetDefault\000"
 1141      6F675365 
 1141      74446566 
 1141      61756C74 
 1141      00
 1142              	.LASF28:
 1143 001e 6366675F 		.ascii	"cfg_memset_list\000"
 1143      6D656D73 
 1143      65745F6C 
 1143      69737400 
 1144              	.LASF23:
 1145 002e 436C6F63 		.ascii	"ClockSetup\000"
 1145      6B536574 
 1145      757000
 1146              	.LASF4:
 1147 0039 73686F72 		.ascii	"short unsigned int\000"
 1147      7420756E 
 1147      7369676E 
 1147      65642069 
 1147      6E7400
 1148              	.LASF15:
 1149 004c 666C6F61 		.ascii	"float\000"
 1149      7400
 1150              	.LASF21:
 1151 0052 64657374 		.ascii	"dest\000"
 1151      00
 1152              	.LASF26:
 1153 0057 73697A65 		.ascii	"size\000"
 1153      00
 1154              	.LASF17:
ARM GAS  C:\Users\ilias\AppData\Local\Temp\cc600hS2.s 			page 27


 1155 005c 72656738 		.ascii	"reg8\000"
 1155      00
 1156              	.LASF6:
 1157 0061 6C6F6E67 		.ascii	"long unsigned int\000"
 1157      20756E73 
 1157      69676E65 
 1157      6420696E 
 1157      7400
 1158              	.LASF12:
 1159 0073 75696E74 		.ascii	"uint8\000"
 1159      3800
 1160              	.LASF19:
 1161 0079 43594D45 		.ascii	"CYMEMZERO\000"
 1161      4D5A4552 
 1161      4F00
 1162              	.LASF2:
 1163 0083 756E7369 		.ascii	"unsigned char\000"
 1163      676E6564 
 1163      20636861 
 1163      7200
 1164              	.LASF16:
 1165 0091 646F7562 		.ascii	"double\000"
 1165      6C6500
 1166              	.LASF32:
 1167 0098 63796669 		.ascii	"cyfitter_cfg\000"
 1167      74746572 
 1167      5F636667 
 1167      00
 1168              	.LASF29:
 1169 00a5 474E5520 		.ascii	"GNU C 4.9.3 20150303 (release) [ARM/embedded-4_9-br"
 1169      4320342E 
 1169      392E3320 
 1169      32303135 
 1169      30333033 
 1170 00d8 616E6368 		.ascii	"anch revision 221220] -mcpu=cortex-m0 -mthumb -g -O"
 1170      20726576 
 1170      6973696F 
 1170      6E203232 
 1170      31323230 
 1171 010b 30202D66 		.ascii	"0 -ffunction-sections -ffat-lto-objects\000"
 1171      66756E63 
 1171      74696F6E 
 1171      2D736563 
 1171      74696F6E 
 1172              	.LASF13:
 1173 0133 75696E74 		.ascii	"uint16\000"
 1173      313600
 1174              	.LASF14:
 1175 013a 75696E74 		.ascii	"uint32\000"
 1175      333200
 1176              	.LASF0:
 1177 0141 756E7369 		.ascii	"unsigned int\000"
 1177      676E6564 
 1177      20696E74 
 1177      00
 1178              	.LASF25:
 1179 014e 61646472 		.ascii	"address\000"
ARM GAS  C:\Users\ilias\AppData\Local\Temp\cc600hS2.s 			page 28


 1179      65737300 
 1180              	.LASF8:
 1181 0156 6C6F6E67 		.ascii	"long long unsigned int\000"
 1181      206C6F6E 
 1181      6720756E 
 1181      7369676E 
 1181      65642069 
 1182              	.LASF31:
 1183 016d 453A5C43 		.ascii	"E:\\Cypress\\FirstApp\\TransferByte.cydsn\000"
 1183      79707265 
 1183      73735C46 
 1183      69727374 
 1183      4170705C 
 1184              	.LASF27:
 1185 0194 6366675F 		.ascii	"cfg_memset_t\000"
 1185      6D656D73 
 1185      65745F74 
 1185      00
 1186              	.LASF30:
 1187 01a1 2E5C4765 		.ascii	".\\Generated_Source\\PSoC4\\cyfitter_cfg.c\000"
 1187      6E657261 
 1187      7465645F 
 1187      536F7572 
 1187      63655C50 
 1188              	.LASF9:
 1189 01c9 73697A65 		.ascii	"sizetype\000"
 1189      74797065 
 1189      00
 1190              	.LASF7:
 1191 01d2 6C6F6E67 		.ascii	"long long int\000"
 1191      206C6F6E 
 1191      6720696E 
 1191      7400
 1192              	.LASF10:
 1193 01e0 63686172 		.ascii	"char\000"
 1193      00
 1194              	.LASF3:
 1195 01e5 73686F72 		.ascii	"short int\000"
 1195      7420696E 
 1195      7400
 1196              	.LASF5:
 1197 01ef 6C6F6E67 		.ascii	"long int\000"
 1197      20696E74 
 1197      00
 1198              	.LASF1:
 1199 01f8 7369676E 		.ascii	"signed char\000"
 1199      65642063 
 1199      68617200 
 1200              	.LASF22:
 1201 0204 4359434F 		.ascii	"CYCONFIGCPYCODE\000"
 1201      4E464947 
 1201      43505943 
 1201      4F444500 
 1202              	.LASF20:
 1203 0214 4359434F 		.ascii	"CYCONFIGCPY\000"
 1203      4E464947 
 1203      43505900 
ARM GAS  C:\Users\ilias\AppData\Local\Temp\cc600hS2.s 			page 29


 1204              		.ident	"GCC: (GNU Tools for ARM Embedded Processors) 4.9.3 20150303 (release) [ARM/embedded-4_9-br
