ARM GAS  C:\Users\ilias\AppData\Local\Temp\ccQqDEwR.s 			page 1


   1              		.cpu cortex-m0
   2              		.fpu softvfp
   3              		.eabi_attribute 20, 1
   4              		.eabi_attribute 21, 1
   5              		.eabi_attribute 23, 3
   6              		.eabi_attribute 24, 1
   7              		.eabi_attribute 25, 1
   8              		.eabi_attribute 26, 1
   9              		.eabi_attribute 30, 6
  10              		.eabi_attribute 34, 0
  11              		.eabi_attribute 18, 4
  12              		.code	16
  13              		.file	"generic.c"
  14              		.text
  15              	.Ltext0:
  16              		.cfi_sections	.debug_frame
  17              		.comm	connectionHandle,2,4
  18              		.global	sendNotifications
  19              		.data
  20              		.type	sendNotifications, %object
  21              		.size	sendNotifications, 1
  22              	sendNotifications:
  23 0000 01       		.byte	1
  24              		.global	deviceConnected
  25              		.bss
  26              		.type	deviceConnected, %object
  27              		.size	deviceConnected, 1
  28              	deviceConnected:
  29 0000 00       		.space	1
  30              		.global	busyStatus
  31              		.type	busyStatus, %object
  32              		.size	busyStatus, 1
  33              	busyStatus:
  34 0001 00       		.space	1
  35              		.comm	DataCCCDvalue,2,4
  36              		.comm	DataNotificationCCCDhandle,12,4
  37              		.section	.rodata
  38              		.align	2
  39              	.LC2:
  40 0000 0A0D436F 		.ascii	"\012\015Connection established\000"
  40      6E6E6563 
  40      74696F6E 
  40      20657374 
  40      61626C69 
  41 0019 000000   		.section	.text.GenericAppEventHandler,"ax",%progbits
  42              		.align	2
  43              		.global	GenericAppEventHandler
  44              		.code	16
  45              		.thumb_func
  46              		.type	GenericAppEventHandler, %function
  47              	GenericAppEventHandler:
  48              	.LFB37:
  49              		.file 1 ".\\generic.c"
   1:.\generic.c   **** /* ========================================
   2:.\generic.c   ****  *
   3:.\generic.c   ****  * Copyright YOUR COMPANY, THE YEAR
   4:.\generic.c   ****  * All Rights Reserved
ARM GAS  C:\Users\ilias\AppData\Local\Temp\ccQqDEwR.s 			page 2


   5:.\generic.c   ****  * UNPUBLISHED, LICENSED SOFTWARE.
   6:.\generic.c   ****  *
   7:.\generic.c   ****  * CONFIDENTIAL AND PROPRIETARY INFORMATION
   8:.\generic.c   ****  * WHICH IS THE PROPERTY OF your company.
   9:.\generic.c   ****  *
  10:.\generic.c   ****  * ========================================
  11:.\generic.c   **** */
  12:.\generic.c   **** #include <main.h>
  13:.\generic.c   **** 
  14:.\generic.c   **** CYBLE_CONN_HANDLE_T  connectionHandle;
  15:.\generic.c   **** 
  16:.\generic.c   **** /*This flag is set when the Central device writes to CCCD of the 
  17:.\generic.c   **** * CapSense slider Characteristic to enable notifications */
  18:.\generic.c   **** uint8 sendNotifications = TRUE;						
  19:.\generic.c   **** 
  20:.\generic.c   **** /* This flag is used by application to know whether a Central 
  21:.\generic.c   **** * device has been connected. This is updated in BLE event callback 
  22:.\generic.c   **** * function*/
  23:.\generic.c   **** uint8 deviceConnected = FALSE;
  24:.\generic.c   **** 
  25:.\generic.c   **** /* Status flag for the Stack Busy state. This flag is used to notify the application 
  26:.\generic.c   **** * whether there is stack buffer free to puch more data or not */
  27:.\generic.c   **** uint8 busyStatus = 0;
  28:.\generic.c   **** 
  29:.\generic.c   **** /* Local variable to store the current CCCD value */
  30:.\generic.c   **** uint8 DataCCCDvalue[2];
  31:.\generic.c   **** 
  32:.\generic.c   **** /* Handle value to update the CCCD */
  33:.\generic.c   **** CYBLE_GATT_HANDLE_VALUE_PAIR_T DataNotificationCCCDhandle;
  34:.\generic.c   **** 
  35:.\generic.c   **** void GenericAppEventHandler(uint32 event, void *eventParam)
  36:.\generic.c   **** {
  50              		.loc 1 36 0
  51              		.cfi_startproc
  52 0000 80B5     		push	{r7, lr}
  53              		.cfi_def_cfa_offset 8
  54              		.cfi_offset 7, -8
  55              		.cfi_offset 14, -4
  56 0002 84B0     		sub	sp, sp, #16
  57              		.cfi_def_cfa_offset 24
  58 0004 00AF     		add	r7, sp, #0
  59              		.cfi_def_cfa_register 7
  60 0006 7860     		str	r0, [r7, #4]
  61 0008 3960     		str	r1, [r7]
  37:.\generic.c   ****     CYBLE_GATTS_WRITE_REQ_PARAM_T *wrReqParam;
  38:.\generic.c   ****     CYBLE_GATTS_WRITE_REQ_PARAM_T *uartRxDataWrReq;
  39:.\generic.c   ****     switch(event)
  62              		.loc 1 39 0
  63 000a 7B68     		ldr	r3, [r7, #4]
  64 000c 412B     		cmp	r3, #65
  65 000e 17D0     		beq	.L3
  66 0010 07D8     		bhi	.L4
  67 0012 052B     		cmp	r3, #5
  68 0014 00D1     		bne	.LCB20
  69 0016 97E0     		b	.L5	@long jump
  70              	.LCB20:
  71 0018 282B     		cmp	r3, #40
ARM GAS  C:\Users\ilias\AppData\Local\Temp\ccQqDEwR.s 			page 3


  72 001a 0DD0     		beq	.L6
  73 001c 012B     		cmp	r3, #1
  74 001e 07D0     		beq	.L7
  40:.\generic.c   **** 	{
  41:.\generic.c   ****     /**********************************************************
  42:.\generic.c   ****     *                       General Events
  43:.\generic.c   ****     ***********************************************************/
  44:.\generic.c   **** 	case CYBLE_EVT_STACK_ON: 
  45:.\generic.c   **** 		/* Start BLE Advertisement after BLE Stack is ON */
  46:.\generic.c   **** 		CyBle_GappStartAdvertisement(CYBLE_ADVERTISING_FAST);
  47:.\generic.c   **** 		
  48:.\generic.c   **** 		break;
  49:.\generic.c   ****         
  50:.\generic.c   ****     /**********************************************************
  51:.\generic.c   ****     *                       GAP Events
  52:.\generic.c   ****     ***********************************************************/
  53:.\generic.c   ****     case CYBLE_EVT_GAP_DEVICE_DISCONNECTED:
  54:.\generic.c   ****         /* Put the device to discoverable mode so that remote can search it. */
  55:.\generic.c   ****         CyBle_GappStartAdvertisement(CYBLE_ADVERTISING_FAST);
  56:.\generic.c   **** 		
  57:.\generic.c   ****         break;
  58:.\generic.c   ****     /**********************************************************
  59:.\generic.c   ****     *                       GATT Events
  60:.\generic.c   ****     ***********************************************************/
  61:.\generic.c   ****     case CYBLE_EVT_GATT_CONNECT_IND:
  62:.\generic.c   ****         connectionHandle = *(CYBLE_CONN_HANDLE_T  *)eventParam;
  63:.\generic.c   **** 			
  64:.\generic.c   **** 			/* This flag is used in application to check connection status */
  65:.\generic.c   **** 			deviceConnected = TRUE;	
  66:.\generic.c   ****                 UART_1_UartPutString("\n\rConnection established");    
  67:.\generic.c   ****         break;
  68:.\generic.c   **** 
  69:.\generic.c   ****     case CYBLE_EVT_GATT_DISCONNECT_IND:
  70:.\generic.c   **** 			/* This event is received when device is disconnected */
  71:.\generic.c   **** 
  72:.\generic.c   **** 			/* Update deviceConnected flag*/
  73:.\generic.c   **** 			deviceConnected = FALSE;
  74:.\generic.c   **** 			
  75:.\generic.c   **** 			/* Reset CapSense notification flag to prevent further notifications
  76:.\generic.c   **** 			 * being sent to Central device after next connection. */
  77:.\generic.c   **** 			sendNotifications = FALSE;
  78:.\generic.c   **** 			
  79:.\generic.c   **** 			/* Reset the CCCD value to disable notifications */
  80:.\generic.c   ****     		/* Write the present CapSense notification status to the local variable */
  81:.\generic.c   ****     	    DataCCCDvalue[0] = sendNotifications;
  82:.\generic.c   ****     		DataCCCDvalue[1] = 0x00;
  83:.\generic.c   ****     		
  84:.\generic.c   ****     		/* Update CCCD handle with notification status data*/
  85:.\generic.c   ****     		DataNotificationCCCDhandle.attrHandle = CYBLE_CUSTOM_SERVICE_CUSTOM_CHARACTERISTIC_CLIENT_CHA
  86:.\generic.c   ****     		DataNotificationCCCDhandle.value.val = DataCCCDvalue;
  87:.\generic.c   ****     		DataNotificationCCCDhandle.value.len = CCCD_DATA_LEN;
  88:.\generic.c   ****     		
  89:.\generic.c   ****     		/* Report data to BLE component for sending data when read by Central device */
  90:.\generic.c   ****     		CyBle_GattsWriteAttributeValue(&DataNotificationCCCDhandle, ZERO, &connectionHandle, CYBLE_GA
  91:.\generic.c   ****             
  92:.\generic.c   ****             UART_1_Stop();
  93:.\generic.c   ****             UART_1_SpiUartClearTxBuffer();
ARM GAS  C:\Users\ilias\AppData\Local\Temp\ccQqDEwR.s 			page 4


  94:.\generic.c   ****             UART_1_SpiUartClearRxBuffer();
  95:.\generic.c   ****             UART_1_Start();
  96:.\generic.c   **** 		    break;
  97:.\generic.c   ****         
  98:.\generic.c   ****         case CYBLE_EVT_GATTS_WRITE_CMD_REQ:
  99:.\generic.c   ****             
 100:.\generic.c   ****             uartRxDataWrReq = (CYBLE_GATTS_WRITE_REQ_PARAM_T *) eventParam;
 101:.\generic.c   ****             //if(uartRxDataWrReq->handleValPair.attrHandle == CYBLE_SERVER_UART_SERVER_UART_RX_DATA
 102:.\generic.c   ****             //{
 103:.\generic.c   ****                 UART_1_SpiUartPutArray(uartRxDataWrReq->handleValPair.value.val, \
 104:.\generic.c   ****                                     (uint32) uartRxDataWrReq->handleValPair.value.len);
 105:.\generic.c   ****             //}
 106:.\generic.c   ****             break;
 107:.\generic.c   ****             
 108:.\generic.c   ****         case CYBLE_EVT_GATTS_WRITE_REQ:
 109:.\generic.c   ****                 UART_1_UartPutString("\n\rConnection established");  
 110:.\generic.c   **** 			/* This event is received when Central device sends a Write command on an Attribute */
 111:.\generic.c   ****             wrReqParam = (CYBLE_GATTS_WRITE_REQ_PARAM_T *) eventParam;
 112:.\generic.c   **** 
 113:.\generic.c   **** 			/* When this event is triggered, the peripheral has received a write command on the custom chara
 114:.\generic.c   **** 			/* Check if command is for correct attribute and update the flag for sending Notifications */
 115:.\generic.c   ****             //if(CYBLE_CUSTOM_SERVICE_CUSTOM_CHARACTERISTIC_CLIENT_CHARACTERISTIC_CONFIGURATION_DES
 116:.\generic.c   ****             //{
 117:.\generic.c   **** 				/* Extract the Write value sent by the Client for CapSense Slider CCCD */
 118:.\generic.c   ****                 if(wrReqParam->handleValPair.value.val[CYBLE_CUSTOM_SERVICE_CUSTOM_CHARACTERISTIC_C
 119:.\generic.c   ****                 {
 120:.\generic.c   ****                     sendNotifications = TRUE;
 121:.\generic.c   ****                 }
 122:.\generic.c   ****                 else if(wrReqParam->handleValPair.value.val[CYBLE_CUSTOM_SERVICE_CUSTOM_CHARACTERIS
 123:.\generic.c   ****                 {
 124:.\generic.c   ****                     sendNotifications = FALSE;
 125:.\generic.c   ****                 }
 126:.\generic.c   **** 				
 127:.\generic.c   ****         		/* Write the present CapSense notification status to the local variable */
 128:.\generic.c   ****         		DataCCCDvalue[0] = sendNotifications;
 129:.\generic.c   ****         		DataCCCDvalue[1] = 0x00;
 130:.\generic.c   ****         		
 131:.\generic.c   ****         		/* Update CCCD handle with notification status data*/
 132:.\generic.c   ****         		DataNotificationCCCDhandle.attrHandle = CYBLE_CUSTOM_SERVICE_CUSTOM_CHARACTERISTIC_CLIENT
 133:.\generic.c   ****         		DataNotificationCCCDhandle.value.val = DataCCCDvalue;
 134:.\generic.c   ****         		DataNotificationCCCDhandle.value.len = CCCD_DATA_LEN;
 135:.\generic.c   ****         		
 136:.\generic.c   ****         		/* Report data to BLE component for sending data when read by Central device */
 137:.\generic.c   ****         		CyBle_GattsWriteAttributeValue(&DataNotificationCCCDhandle, ZERO, &connectionHandle, CYBL
 138:.\generic.c   ****             //}
 139:.\generic.c   **** 						
 140:.\generic.c   **** 			/* Send the response to the write request received. */
 141:.\generic.c   **** 			CyBle_GattsWriteRsp(connectionHandle);
 142:.\generic.c   **** 			break;
 143:.\generic.c   ****         
 144:.\generic.c   ****         case CYBLE_EVT_STACK_BUSY_STATUS:
 145:.\generic.c   **** 			/* This event is generated when the internal stack buffer is full and no more
 146:.\generic.c   **** 			* data can be accepted or the stack has buffer available and can accept data.
 147:.\generic.c   **** 			* This event is used by application to prevent pushing lot of data to stack. */
 148:.\generic.c   **** 			
 149:.\generic.c   **** 			/* Extract the present stack status */
 150:.\generic.c   ****             busyStatus = * (uint8*)eventParam;
ARM GAS  C:\Users\ilias\AppData\Local\Temp\ccQqDEwR.s 			page 5


 151:.\generic.c   ****             break;
 152:.\generic.c   ****             
 153:.\generic.c   ****     default:
 154:.\generic.c   ****         break;
  75              		.loc 1 154 0
  76 0020 97E0     		b	.L1
  77              	.L4:
  39:.\generic.c   **** 	{
  78              		.loc 1 39 0
  79 0022 4C2B     		cmp	r3, #76
  80 0024 50D0     		beq	.L8
  81 0026 4E2B     		cmp	r3, #78
  82 0028 43D0     		beq	.L9
  83 002a 422B     		cmp	r3, #66
  84 002c 1AD0     		beq	.L10
  85              		.loc 1 154 0
  86 002e 90E0     		b	.L1
  87              	.L7:
  46:.\generic.c   **** 		
  88              		.loc 1 46 0
  89 0030 0020     		mov	r0, #0
  90 0032 FFF7FEFF 		bl	CyBle_GappStartAdvertisement
  48:.\generic.c   ****         
  91              		.loc 1 48 0
  92 0036 8CE0     		b	.L1
  93              	.L6:
  55:.\generic.c   **** 		
  94              		.loc 1 55 0
  95 0038 0020     		mov	r0, #0
  96 003a FFF7FEFF 		bl	CyBle_GappStartAdvertisement
  57:.\generic.c   ****     /**********************************************************
  97              		.loc 1 57 0
  98 003e 88E0     		b	.L1
  99              	.L3:
  62:.\generic.c   **** 			
 100              		.loc 1 62 0
 101 0040 454A     		ldr	r2, .L14
 102 0042 3B68     		ldr	r3, [r7]
 103 0044 111C     		mov	r1, r2
 104 0046 1A1C     		mov	r2, r3
 105 0048 0223     		mov	r3, #2
 106 004a 081C     		mov	r0, r1
 107 004c 111C     		mov	r1, r2
 108 004e 1A1C     		mov	r2, r3
 109 0050 FFF7FEFF 		bl	memcpy
  65:.\generic.c   ****                 UART_1_UartPutString("\n\rConnection established");    
 110              		.loc 1 65 0
 111 0054 414B     		ldr	r3, .L14+4
 112 0056 0122     		mov	r2, #1
 113 0058 1A70     		strb	r2, [r3]
  66:.\generic.c   ****         break;
 114              		.loc 1 66 0
 115 005a 414B     		ldr	r3, .L14+8
 116 005c 181C     		mov	r0, r3
 117 005e FFF7FEFF 		bl	UART_1_UartPutString
  67:.\generic.c   **** 
 118              		.loc 1 67 0
ARM GAS  C:\Users\ilias\AppData\Local\Temp\ccQqDEwR.s 			page 6


 119 0062 76E0     		b	.L1
 120              	.L10:
  73:.\generic.c   **** 			
 121              		.loc 1 73 0
 122 0064 3D4B     		ldr	r3, .L14+4
 123 0066 0022     		mov	r2, #0
 124 0068 1A70     		strb	r2, [r3]
  77:.\generic.c   **** 			
 125              		.loc 1 77 0
 126 006a 3E4B     		ldr	r3, .L14+12
 127 006c 0022     		mov	r2, #0
 128 006e 1A70     		strb	r2, [r3]
  81:.\generic.c   ****     		DataCCCDvalue[1] = 0x00;
 129              		.loc 1 81 0
 130 0070 3C4B     		ldr	r3, .L14+12
 131 0072 1A78     		ldrb	r2, [r3]
 132 0074 3C4B     		ldr	r3, .L14+16
 133 0076 1A70     		strb	r2, [r3]
  82:.\generic.c   ****     		
 134              		.loc 1 82 0
 135 0078 3B4B     		ldr	r3, .L14+16
 136 007a 0022     		mov	r2, #0
 137 007c 5A70     		strb	r2, [r3, #1]
  85:.\generic.c   ****     		DataNotificationCCCDhandle.value.val = DataCCCDvalue;
 138              		.loc 1 85 0
 139 007e 3B4B     		ldr	r3, .L14+20
 140 0080 1022     		mov	r2, #16
 141 0082 1A81     		strh	r2, [r3, #8]
  86:.\generic.c   ****     		DataNotificationCCCDhandle.value.len = CCCD_DATA_LEN;
 142              		.loc 1 86 0
 143 0084 394B     		ldr	r3, .L14+20
 144 0086 384A     		ldr	r2, .L14+16
 145 0088 1A60     		str	r2, [r3]
  87:.\generic.c   ****     		
 146              		.loc 1 87 0
 147 008a 384B     		ldr	r3, .L14+20
 148 008c 0222     		mov	r2, #2
 149 008e 9A80     		strh	r2, [r3, #4]
  90:.\generic.c   ****             
 150              		.loc 1 90 0
 151 0090 364A     		ldr	r2, .L14+20
 152 0092 314B     		ldr	r3, .L14
 153 0094 101C     		mov	r0, r2
 154 0096 0021     		mov	r1, #0
 155 0098 1A1C     		mov	r2, r3
 156 009a 4023     		mov	r3, #64
 157 009c FFF7FEFF 		bl	CyBle_GattsWriteAttributeValue
  92:.\generic.c   ****             UART_1_SpiUartClearTxBuffer();
 158              		.loc 1 92 0
 159 00a0 FFF7FEFF 		bl	UART_1_Stop
  93:.\generic.c   ****             UART_1_SpiUartClearRxBuffer();
 160              		.loc 1 93 0
 161 00a4 FFF7FEFF 		bl	UART_1_SpiUartClearTxBuffer
  94:.\generic.c   ****             UART_1_Start();
 162              		.loc 1 94 0
 163 00a8 FFF7FEFF 		bl	UART_1_SpiUartClearRxBuffer
  95:.\generic.c   **** 		    break;
ARM GAS  C:\Users\ilias\AppData\Local\Temp\ccQqDEwR.s 			page 7


 164              		.loc 1 95 0
 165 00ac FFF7FEFF 		bl	UART_1_Start
  96:.\generic.c   ****         
 166              		.loc 1 96 0
 167 00b0 4FE0     		b	.L1
 168              	.L9:
 100:.\generic.c   ****             //if(uartRxDataWrReq->handleValPair.attrHandle == CYBLE_SERVER_UART_SERVER_UART_RX_DATA
 169              		.loc 1 100 0
 170 00b2 3B68     		ldr	r3, [r7]
 171 00b4 FB60     		str	r3, [r7, #12]
 103:.\generic.c   ****                                     (uint32) uartRxDataWrReq->handleValPair.value.len);
 172              		.loc 1 103 0
 173 00b6 FB68     		ldr	r3, [r7, #12]
 174 00b8 5A68     		ldr	r2, [r3, #4]
 104:.\generic.c   ****             //}
 175              		.loc 1 104 0
 176 00ba FB68     		ldr	r3, [r7, #12]
 177 00bc 1B89     		ldrh	r3, [r3, #8]
 103:.\generic.c   ****                                     (uint32) uartRxDataWrReq->handleValPair.value.len);
 178              		.loc 1 103 0
 179 00be 101C     		mov	r0, r2
 180 00c0 191C     		mov	r1, r3
 181 00c2 FFF7FEFF 		bl	UART_1_SpiUartPutArray
 106:.\generic.c   ****             
 182              		.loc 1 106 0
 183 00c6 44E0     		b	.L1
 184              	.L8:
 109:.\generic.c   **** 			/* This event is received when Central device sends a Write command on an Attribute */
 185              		.loc 1 109 0
 186 00c8 254B     		ldr	r3, .L14+8
 187 00ca 181C     		mov	r0, r3
 188 00cc FFF7FEFF 		bl	UART_1_UartPutString
 111:.\generic.c   **** 
 189              		.loc 1 111 0
 190 00d0 3B68     		ldr	r3, [r7]
 191 00d2 BB60     		str	r3, [r7, #8]
 118:.\generic.c   ****                 {
 192              		.loc 1 118 0
 193 00d4 BB68     		ldr	r3, [r7, #8]
 194 00d6 5B68     		ldr	r3, [r3, #4]
 195 00d8 0133     		add	r3, r3, #1
 196 00da 1B78     		ldrb	r3, [r3]
 197 00dc 012B     		cmp	r3, #1
 198 00de 03D1     		bne	.L12
 120:.\generic.c   ****                 }
 199              		.loc 1 120 0
 200 00e0 204B     		ldr	r3, .L14+12
 201 00e2 0122     		mov	r2, #1
 202 00e4 1A70     		strb	r2, [r3]
 203 00e6 08E0     		b	.L13
 204              	.L12:
 122:.\generic.c   ****                 {
 205              		.loc 1 122 0
 206 00e8 BB68     		ldr	r3, [r7, #8]
 207 00ea 5B68     		ldr	r3, [r3, #4]
 208 00ec 0133     		add	r3, r3, #1
 209 00ee 1B78     		ldrb	r3, [r3]
ARM GAS  C:\Users\ilias\AppData\Local\Temp\ccQqDEwR.s 			page 8


 210 00f0 002B     		cmp	r3, #0
 211 00f2 02D1     		bne	.L13
 124:.\generic.c   ****                 }
 212              		.loc 1 124 0
 213 00f4 1B4B     		ldr	r3, .L14+12
 214 00f6 0022     		mov	r2, #0
 215 00f8 1A70     		strb	r2, [r3]
 216              	.L13:
 128:.\generic.c   ****         		DataCCCDvalue[1] = 0x00;
 217              		.loc 1 128 0
 218 00fa 1A4B     		ldr	r3, .L14+12
 219 00fc 1A78     		ldrb	r2, [r3]
 220 00fe 1A4B     		ldr	r3, .L14+16
 221 0100 1A70     		strb	r2, [r3]
 129:.\generic.c   ****         		
 222              		.loc 1 129 0
 223 0102 194B     		ldr	r3, .L14+16
 224 0104 0022     		mov	r2, #0
 225 0106 5A70     		strb	r2, [r3, #1]
 132:.\generic.c   ****         		DataNotificationCCCDhandle.value.val = DataCCCDvalue;
 226              		.loc 1 132 0
 227 0108 184B     		ldr	r3, .L14+20
 228 010a 1022     		mov	r2, #16
 229 010c 1A81     		strh	r2, [r3, #8]
 133:.\generic.c   ****         		DataNotificationCCCDhandle.value.len = CCCD_DATA_LEN;
 230              		.loc 1 133 0
 231 010e 174B     		ldr	r3, .L14+20
 232 0110 154A     		ldr	r2, .L14+16
 233 0112 1A60     		str	r2, [r3]
 134:.\generic.c   ****         		
 234              		.loc 1 134 0
 235 0114 154B     		ldr	r3, .L14+20
 236 0116 0222     		mov	r2, #2
 237 0118 9A80     		strh	r2, [r3, #4]
 137:.\generic.c   ****             //}
 238              		.loc 1 137 0
 239 011a 144A     		ldr	r2, .L14+20
 240 011c 0E4B     		ldr	r3, .L14
 241 011e 101C     		mov	r0, r2
 242 0120 0021     		mov	r1, #0
 243 0122 1A1C     		mov	r2, r3
 244 0124 4023     		mov	r3, #64
 245 0126 FFF7FEFF 		bl	CyBle_GattsWriteAttributeValue
 141:.\generic.c   **** 			break;
 246              		.loc 1 141 0
 247 012a 0B4B     		ldr	r3, .L14
 248 012c 1A78     		ldrb	r2, [r3]
 249 012e 5B78     		ldrb	r3, [r3, #1]
 250 0130 1B02     		lsl	r3, r3, #8
 251 0132 1A43     		orr	r2, r3
 252 0134 0023     		mov	r3, #0
 253 0136 1204     		lsl	r2, r2, #16
 254 0138 120C     		lsr	r2, r2, #16
 255 013a 1B0C     		lsr	r3, r3, #16
 256 013c 1B04     		lsl	r3, r3, #16
 257 013e 1343     		orr	r3, r2
 258 0140 181C     		mov	r0, r3
ARM GAS  C:\Users\ilias\AppData\Local\Temp\ccQqDEwR.s 			page 9


 259 0142 FFF7FEFF 		bl	CyBle_GattsWriteRsp
 142:.\generic.c   ****         
 260              		.loc 1 142 0
 261 0146 04E0     		b	.L1
 262              	.L5:
 150:.\generic.c   ****             break;
 263              		.loc 1 150 0
 264 0148 3B68     		ldr	r3, [r7]
 265 014a 1A78     		ldrb	r2, [r3]
 266 014c 084B     		ldr	r3, .L14+24
 267 014e 1A70     		strb	r2, [r3]
 151:.\generic.c   ****             
 268              		.loc 1 151 0
 269 0150 C046     		mov	r8, r8
 270              	.L1:
 155:.\generic.c   **** 	}
 156:.\generic.c   **** }
 271              		.loc 1 156 0
 272 0152 BD46     		mov	sp, r7
 273 0154 04B0     		add	sp, sp, #16
 274              		@ sp needed
 275 0156 80BD     		pop	{r7, pc}
 276              	.L15:
 277              		.align	2
 278              	.L14:
 279 0158 00000000 		.word	connectionHandle
 280 015c 00000000 		.word	deviceConnected
 281 0160 00000000 		.word	.LC2
 282 0164 00000000 		.word	sendNotifications
 283 0168 00000000 		.word	DataCCCDvalue
 284 016c 00000000 		.word	DataNotificationCCCDhandle
 285 0170 00000000 		.word	busyStatus
 286              		.cfi_endproc
 287              	.LFE37:
 288              		.size	GenericAppEventHandler, .-GenericAppEventHandler
 289              		.section	.text.SendDataOverNotification,"ax",%progbits
 290              		.align	2
 291              		.global	SendDataOverNotification
 292              		.code	16
 293              		.thumb_func
 294              		.type	SendDataOverNotification, %function
 295              	SendDataOverNotification:
 296              	.LFB38:
 157:.\generic.c   **** 
 158:.\generic.c   **** void SendDataOverNotification(uint8 Data)
 159:.\generic.c   **** {
 297              		.loc 1 159 0
 298              		.cfi_startproc
 299 0000 80B5     		push	{r7, lr}
 300              		.cfi_def_cfa_offset 8
 301              		.cfi_offset 7, -8
 302              		.cfi_offset 14, -4
 303 0002 86B0     		sub	sp, sp, #24
 304              		.cfi_def_cfa_offset 32
 305 0004 00AF     		add	r7, sp, #0
 306              		.cfi_def_cfa_register 7
 307 0006 021C     		mov	r2, r0
ARM GAS  C:\Users\ilias\AppData\Local\Temp\ccQqDEwR.s 			page 10


 308 0008 FB1D     		add	r3, r7, #7
 309 000a 1A70     		strb	r2, [r3]
 160:.\generic.c   **** 	/* 'notificationHandle' stores notification data parameters */
 161:.\generic.c   **** 	CYBLE_GATTS_HANDLE_VALUE_NTF_T		DataNotificationHandle;	
 162:.\generic.c   **** 	
 163:.\generic.c   **** 	/* If stack is not busy, then send the notification */
 164:.\generic.c   **** 	if(busyStatus == CYBLE_STACK_STATE_FREE)
 310              		.loc 1 164 0
 311 000c 114B     		ldr	r3, .L18
 312 000e 1B78     		ldrb	r3, [r3]
 313 0010 002B     		cmp	r3, #0
 314 0012 1BD1     		bne	.L16
 165:.\generic.c   **** 	{
 166:.\generic.c   **** 		/* Update notification handle will data*/
 167:.\generic.c   **** 		DataNotificationHandle.attrHandle = CYBLE_CUSTOM_SERVICE_CUSTOM_CHARACTERISTIC_CHAR_HANDLE;				
 315              		.loc 1 167 0
 316 0014 0C23     		mov	r3, #12
 317 0016 FB18     		add	r3, r7, r3
 318 0018 0E22     		mov	r2, #14
 319 001a 1A81     		strh	r2, [r3, #8]
 168:.\generic.c   **** 		DataNotificationHandle.value.val = &Data;
 320              		.loc 1 168 0
 321 001c 0C23     		mov	r3, #12
 322 001e FB18     		add	r3, r7, r3
 323 0020 FA1D     		add	r2, r7, #7
 324 0022 1A60     		str	r2, [r3]
 169:.\generic.c   **** 		DataNotificationHandle.value.len = DATA_NTF_DATA_LEN;
 325              		.loc 1 169 0
 326 0024 0C23     		mov	r3, #12
 327 0026 FB18     		add	r3, r7, r3
 328 0028 0122     		mov	r2, #1
 329 002a 9A80     		strh	r2, [r3, #4]
 170:.\generic.c   **** 
 171:.\generic.c   **** 		/* Send the updated handle as part of attribute for notifications */
 172:.\generic.c   **** 		CyBle_GattsNotification(connectionHandle,&DataNotificationHandle);
 330              		.loc 1 172 0
 331 002c 0A4B     		ldr	r3, .L18+4
 332 002e 0C22     		mov	r2, #12
 333 0030 B918     		add	r1, r7, r2
 334 0032 1A78     		ldrb	r2, [r3]
 335 0034 5B78     		ldrb	r3, [r3, #1]
 336 0036 1B02     		lsl	r3, r3, #8
 337 0038 1A43     		orr	r2, r3
 338 003a 0023     		mov	r3, #0
 339 003c 1204     		lsl	r2, r2, #16
 340 003e 120C     		lsr	r2, r2, #16
 341 0040 1B0C     		lsr	r3, r3, #16
 342 0042 1B04     		lsl	r3, r3, #16
 343 0044 1343     		orr	r3, r2
 344 0046 181C     		mov	r0, r3
 345 0048 FFF7FEFF 		bl	CyBle_GattsNotification
 346              	.L16:
 173:.\generic.c   **** 	}
 174:.\generic.c   **** }
 347              		.loc 1 174 0
 348 004c BD46     		mov	sp, r7
 349 004e 06B0     		add	sp, sp, #24
ARM GAS  C:\Users\ilias\AppData\Local\Temp\ccQqDEwR.s 			page 11


 350              		@ sp needed
 351 0050 80BD     		pop	{r7, pc}
 352              	.L19:
 353 0052 C046     		.align	2
 354              	.L18:
 355 0054 00000000 		.word	busyStatus
 356 0058 00000000 		.word	connectionHandle
 357              		.cfi_endproc
 358              	.LFE38:
 359              		.size	SendDataOverNotification, .-SendDataOverNotification
 360              		.text
 361              	.Letext0:
 362              		.file 2 "Generated_Source\\PSoC4/cytypes.h"
 363              		.file 3 "Generated_Source\\PSoC4/BLE_1_StackGatt.h"
 364              		.file 4 "Generated_Source\\PSoC4/BLE_1_StackGattServer.h"
 365              		.file 5 "Generated_Source\\PSoC4/BLE_1_Stack.h"
 366              		.section	.debug_info,"",%progbits
 367              	.Ldebug_info0:
 368 0000 11040000 		.4byte	0x411
 369 0004 0400     		.2byte	0x4
 370 0006 00000000 		.4byte	.Ldebug_abbrev0
 371 000a 04       		.byte	0x4
 372 000b 01       		.uleb128 0x1
 373 000c DA050000 		.4byte	.LASF100
 374 0010 01       		.byte	0x1
 375 0011 AB030000 		.4byte	.LASF101
 376 0015 FC000000 		.4byte	.LASF102
 377 0019 00000000 		.4byte	.Ldebug_ranges0+0
 378 001d 00000000 		.4byte	0
 379 0021 00000000 		.4byte	.Ldebug_line0
 380 0025 02       		.uleb128 0x2
 381 0026 01       		.byte	0x1
 382 0027 06       		.byte	0x6
 383 0028 88040000 		.4byte	.LASF0
 384 002c 02       		.uleb128 0x2
 385 002d 01       		.byte	0x1
 386 002e 08       		.byte	0x8
 387 002f F1030000 		.4byte	.LASF1
 388 0033 02       		.uleb128 0x2
 389 0034 02       		.byte	0x2
 390 0035 05       		.byte	0x5
 391 0036 70000000 		.4byte	.LASF2
 392 003a 02       		.uleb128 0x2
 393 003b 02       		.byte	0x2
 394 003c 07       		.byte	0x7
 395 003d 86050000 		.4byte	.LASF3
 396 0041 02       		.uleb128 0x2
 397 0042 04       		.byte	0x4
 398 0043 05       		.byte	0x5
 399 0044 B4020000 		.4byte	.LASF4
 400 0048 02       		.uleb128 0x2
 401 0049 04       		.byte	0x4
 402 004a 07       		.byte	0x7
 403 004b 19050000 		.4byte	.LASF5
 404 004f 02       		.uleb128 0x2
 405 0050 08       		.byte	0x8
 406 0051 05       		.byte	0x5
ARM GAS  C:\Users\ilias\AppData\Local\Temp\ccQqDEwR.s 			page 12


 407 0052 70020000 		.4byte	.LASF6
 408 0056 02       		.uleb128 0x2
 409 0057 08       		.byte	0x8
 410 0058 07       		.byte	0x7
 411 0059 7E020000 		.4byte	.LASF7
 412 005d 03       		.uleb128 0x3
 413 005e 04       		.byte	0x4
 414 005f 05       		.byte	0x5
 415 0060 696E7400 		.ascii	"int\000"
 416 0064 02       		.uleb128 0x2
 417 0065 04       		.byte	0x4
 418 0066 07       		.byte	0x7
 419 0067 F1040000 		.4byte	.LASF8
 420 006b 04       		.uleb128 0x4
 421 006c C5030000 		.4byte	.LASF9
 422 0070 02       		.byte	0x2
 423 0071 3801     		.2byte	0x138
 424 0073 2C000000 		.4byte	0x2c
 425 0077 04       		.uleb128 0x4
 426 0078 6D010000 		.4byte	.LASF10
 427 007c 02       		.byte	0x2
 428 007d 3901     		.2byte	0x139
 429 007f 3A000000 		.4byte	0x3a
 430 0083 04       		.uleb128 0x4
 431 0084 0A070000 		.4byte	.LASF11
 432 0088 02       		.byte	0x2
 433 0089 3A01     		.2byte	0x13a
 434 008b 48000000 		.4byte	0x48
 435 008f 02       		.uleb128 0x2
 436 0090 04       		.byte	0x4
 437 0091 04       		.byte	0x4
 438 0092 37020000 		.4byte	.LASF12
 439 0096 02       		.uleb128 0x2
 440 0097 08       		.byte	0x8
 441 0098 04       		.byte	0x4
 442 0099 5D070000 		.4byte	.LASF13
 443 009d 02       		.uleb128 0x2
 444 009e 01       		.byte	0x1
 445 009f 08       		.byte	0x8
 446 00a0 C2050000 		.4byte	.LASF14
 447 00a4 02       		.uleb128 0x2
 448 00a5 04       		.byte	0x4
 449 00a6 07       		.byte	0x7
 450 00a7 B2000000 		.4byte	.LASF15
 451 00ab 05       		.uleb128 0x5
 452 00ac 04       		.byte	0x4
 453 00ad 06       		.uleb128 0x6
 454 00ae 01       		.byte	0x1
 455 00af 05       		.byte	0x5
 456 00b0 A4       		.byte	0xa4
 457 00b1 32020000 		.4byte	0x232
 458 00b5 07       		.uleb128 0x7
 459 00b6 D8010000 		.4byte	.LASF16
 460 00ba 00       		.sleb128 0
 461 00bb 07       		.uleb128 0x7
 462 00bc 23010000 		.4byte	.LASF17
 463 00c0 01       		.sleb128 1
ARM GAS  C:\Users\ilias\AppData\Local\Temp\ccQqDEwR.s 			page 13


 464 00c1 07       		.uleb128 0x7
 465 00c2 36080000 		.4byte	.LASF18
 466 00c6 02       		.sleb128 2
 467 00c7 07       		.uleb128 0x7
 468 00c8 D8070000 		.4byte	.LASF19
 469 00cc 03       		.sleb128 3
 470 00cd 07       		.uleb128 0x7
 471 00ce E7000000 		.4byte	.LASF20
 472 00d2 04       		.sleb128 4
 473 00d3 07       		.uleb128 0x7
 474 00d4 46030000 		.4byte	.LASF21
 475 00d8 05       		.sleb128 5
 476 00d9 07       		.uleb128 0x7
 477 00da 92060000 		.4byte	.LASF22
 478 00de 20       		.sleb128 32
 479 00df 07       		.uleb128 0x7
 480 00e0 2B050000 		.4byte	.LASF23
 481 00e4 21       		.sleb128 33
 482 00e5 07       		.uleb128 0x7
 483 00e6 00000000 		.4byte	.LASF24
 484 00ea 22       		.sleb128 34
 485 00eb 07       		.uleb128 0x7
 486 00ec 85030000 		.4byte	.LASF25
 487 00f0 23       		.sleb128 35
 488 00f1 07       		.uleb128 0x7
 489 00f2 D5040000 		.4byte	.LASF26
 490 00f6 24       		.sleb128 36
 491 00f7 07       		.uleb128 0x7
 492 00f8 7A000000 		.4byte	.LASF27
 493 00fc 25       		.sleb128 37
 494 00fd 07       		.uleb128 0x7
 495 00fe FD020000 		.4byte	.LASF28
 496 0102 26       		.sleb128 38
 497 0103 07       		.uleb128 0x7
 498 0104 DE020000 		.4byte	.LASF29
 499 0108 27       		.sleb128 39
 500 0109 07       		.uleb128 0x7
 501 010a 3E000000 		.4byte	.LASF30
 502 010e 28       		.sleb128 40
 503 010f 07       		.uleb128 0x7
 504 0110 69050000 		.4byte	.LASF31
 505 0114 29       		.sleb128 41
 506 0115 07       		.uleb128 0x7
 507 0116 99050000 		.4byte	.LASF32
 508 011a 2A       		.sleb128 42
 509 011b 07       		.uleb128 0x7
 510 011c 1F090000 		.4byte	.LASF33
 511 0120 2B       		.sleb128 43
 512 0121 07       		.uleb128 0x7
 513 0122 74010000 		.4byte	.LASF34
 514 0126 2C       		.sleb128 44
 515 0127 07       		.uleb128 0x7
 516 0128 24000000 		.4byte	.LASF35
 517 012c C000     		.sleb128 64
 518 012e 07       		.uleb128 0x7
 519 012f FE040000 		.4byte	.LASF36
 520 0133 C100     		.sleb128 65
ARM GAS  C:\Users\ilias\AppData\Local\Temp\ccQqDEwR.s 			page 14


 521 0135 07       		.uleb128 0x7
 522 0136 94000000 		.4byte	.LASF37
 523 013a C200     		.sleb128 66
 524 013c 07       		.uleb128 0x7
 525 013d 36010000 		.4byte	.LASF38
 526 0141 C300     		.sleb128 67
 527 0143 07       		.uleb128 0x7
 528 0144 C6080000 		.4byte	.LASF39
 529 0148 C400     		.sleb128 68
 530 014a 07       		.uleb128 0x7
 531 014b 60080000 		.4byte	.LASF40
 532 014f C500     		.sleb128 69
 533 0151 07       		.uleb128 0x7
 534 0152 A5080000 		.4byte	.LASF41
 535 0156 C600     		.sleb128 70
 536 0158 07       		.uleb128 0x7
 537 0159 6A040000 		.4byte	.LASF42
 538 015d C700     		.sleb128 71
 539 015f 07       		.uleb128 0x7
 540 0160 AE040000 		.4byte	.LASF43
 541 0164 C800     		.sleb128 72
 542 0166 07       		.uleb128 0x7
 543 0167 3D020000 		.4byte	.LASF44
 544 016b C900     		.sleb128 73
 545 016d 07       		.uleb128 0x7
 546 016e CD060000 		.4byte	.LASF45
 547 0172 CA00     		.sleb128 74
 548 0174 07       		.uleb128 0x7
 549 0175 98010000 		.4byte	.LASF46
 550 0179 CB00     		.sleb128 75
 551 017b 07       		.uleb128 0x7
 552 017c 94040000 		.4byte	.LASF47
 553 0180 CC00     		.sleb128 76
 554 0182 07       		.uleb128 0x7
 555 0183 56020000 		.4byte	.LASF48
 556 0187 CD00     		.sleb128 77
 557 0189 07       		.uleb128 0x7
 558 018a 87080000 		.4byte	.LASF49
 559 018e CE00     		.sleb128 78
 560 0190 07       		.uleb128 0x7
 561 0191 1A040000 		.4byte	.LASF50
 562 0195 CF00     		.sleb128 79
 563 0197 07       		.uleb128 0x7
 564 0198 A0090000 		.4byte	.LASF51
 565 019c D000     		.sleb128 80
 566 019e 07       		.uleb128 0x7
 567 019f EB060000 		.4byte	.LASF52
 568 01a3 D100     		.sleb128 81
 569 01a5 07       		.uleb128 0x7
 570 01a6 25030000 		.4byte	.LASF53
 571 01aa D200     		.sleb128 82
 572 01ac 07       		.uleb128 0x7
 573 01ad BD020000 		.4byte	.LASF54
 574 01b1 D300     		.sleb128 83
 575 01b3 07       		.uleb128 0x7
 576 01b4 B7010000 		.4byte	.LASF55
 577 01b8 D400     		.sleb128 84
ARM GAS  C:\Users\ilias\AppData\Local\Temp\ccQqDEwR.s 			page 15


 578 01ba 07       		.uleb128 0x7
 579 01bb E6090000 		.4byte	.LASF56
 580 01bf D500     		.sleb128 85
 581 01c1 07       		.uleb128 0x7
 582 01c2 78090000 		.4byte	.LASF57
 583 01c6 D600     		.sleb128 86
 584 01c8 07       		.uleb128 0x7
 585 01c9 4F090000 		.4byte	.LASF58
 586 01cd D700     		.sleb128 87
 587 01cf 07       		.uleb128 0x7
 588 01d0 CB030000 		.4byte	.LASF59
 589 01d4 F000     		.sleb128 112
 590 01d6 07       		.uleb128 0x7
 591 01d7 10080000 		.4byte	.LASF60
 592 01db F100     		.sleb128 113
 593 01dd 07       		.uleb128 0x7
 594 01de 68060000 		.4byte	.LASF61
 595 01e2 F200     		.sleb128 114
 596 01e4 07       		.uleb128 0x7
 597 01e5 EF010000 		.4byte	.LASF62
 598 01e9 F300     		.sleb128 115
 599 01eb 07       		.uleb128 0x7
 600 01ec BA070000 		.4byte	.LASF63
 601 01f0 F400     		.sleb128 116
 602 01f2 07       		.uleb128 0x7
 603 01f3 48050000 		.4byte	.LASF64
 604 01f7 F500     		.sleb128 117
 605 01f9 07       		.uleb128 0x7
 606 01fa 0D020000 		.4byte	.LASF65
 607 01fe F600     		.sleb128 118
 608 0200 07       		.uleb128 0x7
 609 0201 F1070000 		.4byte	.LASF66
 610 0205 F700     		.sleb128 119
 611 0207 07       		.uleb128 0x7
 612 0208 2F070000 		.4byte	.LASF67
 613 020c F800     		.sleb128 120
 614 020e 07       		.uleb128 0x7
 615 020f 97070000 		.4byte	.LASF68
 616 0213 F900     		.sleb128 121
 617 0215 07       		.uleb128 0x7
 618 0216 FB080000 		.4byte	.LASF69
 619 021a FA00     		.sleb128 122
 620 021c 07       		.uleb128 0x7
 621 021d 11070000 		.4byte	.LASF70
 622 0221 FA01     		.sleb128 250
 623 0223 07       		.uleb128 0x7
 624 0224 39040000 		.4byte	.LASF71
 625 0228 FB01     		.sleb128 251
 626 022a 07       		.uleb128 0x7
 627 022b B7030000 		.4byte	.LASF72
 628 022f FF01     		.sleb128 255
 629 0231 00       		.byte	0
 630 0232 08       		.uleb128 0x8
 631 0233 04       		.byte	0x4
 632 0234 6B000000 		.4byte	0x6b
 633 0238 04       		.uleb128 0x4
 634 0239 BF090000 		.4byte	.LASF73
ARM GAS  C:\Users\ilias\AppData\Local\Temp\ccQqDEwR.s 			page 16


 635 023d 03       		.byte	0x3
 636 023e 8801     		.2byte	0x188
 637 0240 77000000 		.4byte	0x77
 638 0244 09       		.uleb128 0x9
 639 0245 02       		.byte	0x2
 640 0246 03       		.byte	0x3
 641 0247 9201     		.2byte	0x192
 642 0249 68020000 		.4byte	0x268
 643 024d 0A       		.uleb128 0xa
 644 024e 2E020000 		.4byte	.LASF74
 645 0252 03       		.byte	0x3
 646 0253 9901     		.2byte	0x199
 647 0255 6B000000 		.4byte	0x6b
 648 0259 00       		.byte	0
 649 025a 0A       		.uleb128 0xa
 650 025b 42050000 		.4byte	.LASF75
 651 025f 03       		.byte	0x3
 652 0260 9F01     		.2byte	0x19f
 653 0262 6B000000 		.4byte	0x6b
 654 0266 01       		.byte	0x1
 655 0267 00       		.byte	0
 656 0268 04       		.uleb128 0x4
 657 0269 64070000 		.4byte	.LASF76
 658 026d 03       		.byte	0x3
 659 026e A101     		.2byte	0x1a1
 660 0270 44020000 		.4byte	0x244
 661 0274 09       		.uleb128 0x9
 662 0275 08       		.byte	0x8
 663 0276 03       		.byte	0x3
 664 0277 BD01     		.2byte	0x1bd
 665 0279 A5020000 		.4byte	0x2a5
 666 027d 0B       		.uleb128 0xb
 667 027e 76616C00 		.ascii	"val\000"
 668 0282 03       		.byte	0x3
 669 0283 C001     		.2byte	0x1c0
 670 0285 32020000 		.4byte	0x232
 671 0289 00       		.byte	0
 672 028a 0B       		.uleb128 0xb
 673 028b 6C656E00 		.ascii	"len\000"
 674 028f 03       		.byte	0x3
 675 0290 C301     		.2byte	0x1c3
 676 0292 77000000 		.4byte	0x77
 677 0296 04       		.byte	0x4
 678 0297 0A       		.uleb128 0xa
 679 0298 56080000 		.4byte	.LASF77
 680 029c 03       		.byte	0x3
 681 029d CA01     		.2byte	0x1ca
 682 029f 77000000 		.4byte	0x77
 683 02a3 06       		.byte	0x6
 684 02a4 00       		.byte	0
 685 02a5 04       		.uleb128 0x4
 686 02a6 C7050000 		.4byte	.LASF78
 687 02aa 03       		.byte	0x3
 688 02ab CC01     		.2byte	0x1cc
 689 02ad 74020000 		.4byte	0x274
 690 02b1 09       		.uleb128 0x9
 691 02b2 0C       		.byte	0xc
ARM GAS  C:\Users\ilias\AppData\Local\Temp\ccQqDEwR.s 			page 17


 692 02b3 03       		.byte	0x3
 693 02b4 CF01     		.2byte	0x1cf
 694 02b6 D5020000 		.4byte	0x2d5
 695 02ba 0A       		.uleb128 0xa
 696 02bb 9A090000 		.4byte	.LASF79
 697 02bf 03       		.byte	0x3
 698 02c0 D201     		.2byte	0x1d2
 699 02c2 A5020000 		.4byte	0x2a5
 700 02c6 00       		.byte	0
 701 02c7 0A       		.uleb128 0xa
 702 02c8 52070000 		.4byte	.LASF80
 703 02cc 03       		.byte	0x3
 704 02cd D501     		.2byte	0x1d5
 705 02cf 38020000 		.4byte	0x238
 706 02d3 08       		.byte	0x8
 707 02d4 00       		.byte	0
 708 02d5 04       		.uleb128 0x4
 709 02d6 78070000 		.4byte	.LASF81
 710 02da 03       		.byte	0x3
 711 02db D701     		.2byte	0x1d7
 712 02dd B1020000 		.4byte	0x2b1
 713 02e1 0C       		.uleb128 0xc
 714 02e2 95020000 		.4byte	.LASF82
 715 02e6 04       		.byte	0x4
 716 02e7 34       		.byte	0x34
 717 02e8 D5020000 		.4byte	0x2d5
 718 02ec 0D       		.uleb128 0xd
 719 02ed 10       		.byte	0x10
 720 02ee 04       		.byte	0x4
 721 02ef 8A       		.byte	0x8a
 722 02f0 0D030000 		.4byte	0x30d
 723 02f4 0E       		.uleb128 0xe
 724 02f5 BB000000 		.4byte	.LASF83
 725 02f9 04       		.byte	0x4
 726 02fa 8D       		.byte	0x8d
 727 02fb 68020000 		.4byte	0x268
 728 02ff 00       		.byte	0
 729 0300 0E       		.uleb128 0xe
 730 0301 84060000 		.4byte	.LASF84
 731 0305 04       		.byte	0x4
 732 0306 90       		.byte	0x90
 733 0307 D5020000 		.4byte	0x2d5
 734 030b 04       		.byte	0x4
 735 030c 00       		.byte	0
 736 030d 0C       		.uleb128 0xc
 737 030e 62030000 		.4byte	.LASF85
 738 0312 04       		.byte	0x4
 739 0313 92       		.byte	0x92
 740 0314 EC020000 		.4byte	0x2ec
 741 0318 0F       		.uleb128 0xf
 742 0319 E4080000 		.4byte	.LASF90
 743 031d 01       		.byte	0x1
 744 031e 23       		.byte	0x23
 745 031f 00000000 		.4byte	.LFB37
 746 0323 74010000 		.4byte	.LFE37-.LFB37
 747 0327 01       		.uleb128 0x1
 748 0328 9C       		.byte	0x9c
ARM GAS  C:\Users\ilias\AppData\Local\Temp\ccQqDEwR.s 			page 18


 749 0329 66030000 		.4byte	0x366
 750 032d 10       		.uleb128 0x10
 751 032e E1000000 		.4byte	.LASF86
 752 0332 01       		.byte	0x1
 753 0333 23       		.byte	0x23
 754 0334 83000000 		.4byte	0x83
 755 0338 02       		.uleb128 0x2
 756 0339 91       		.byte	0x91
 757 033a 6C       		.sleb128 -20
 758 033b 10       		.uleb128 0x10
 759 033c DB090000 		.4byte	.LASF87
 760 0340 01       		.byte	0x1
 761 0341 23       		.byte	0x23
 762 0342 AB000000 		.4byte	0xab
 763 0346 02       		.uleb128 0x2
 764 0347 91       		.byte	0x91
 765 0348 68       		.sleb128 -24
 766 0349 11       		.uleb128 0x11
 767 034a C6000000 		.4byte	.LASF88
 768 034e 01       		.byte	0x1
 769 034f 25       		.byte	0x25
 770 0350 66030000 		.4byte	0x366
 771 0354 02       		.uleb128 0x2
 772 0355 91       		.byte	0x91
 773 0356 70       		.sleb128 -16
 774 0357 11       		.uleb128 0x11
 775 0358 D1000000 		.4byte	.LASF89
 776 035c 01       		.byte	0x1
 777 035d 26       		.byte	0x26
 778 035e 66030000 		.4byte	0x366
 779 0362 02       		.uleb128 0x2
 780 0363 91       		.byte	0x91
 781 0364 74       		.sleb128 -12
 782 0365 00       		.byte	0
 783 0366 08       		.uleb128 0x8
 784 0367 04       		.byte	0x4
 785 0368 0D030000 		.4byte	0x30d
 786 036c 0F       		.uleb128 0xf
 787 036d 54010000 		.4byte	.LASF91
 788 0371 01       		.byte	0x1
 789 0372 9E       		.byte	0x9e
 790 0373 00000000 		.4byte	.LFB38
 791 0377 5C000000 		.4byte	.LFE38-.LFB38
 792 037b 01       		.uleb128 0x1
 793 037c 9C       		.byte	0x9c
 794 037d 9E030000 		.4byte	0x39e
 795 0381 10       		.uleb128 0x10
 796 0382 80030000 		.4byte	.LASF92
 797 0386 01       		.byte	0x1
 798 0387 9E       		.byte	0x9e
 799 0388 6B000000 		.4byte	0x6b
 800 038c 02       		.uleb128 0x2
 801 038d 91       		.byte	0x91
 802 038e 67       		.sleb128 -25
 803 038f 11       		.uleb128 0x11
 804 0390 B6060000 		.4byte	.LASF93
 805 0394 01       		.byte	0x1
ARM GAS  C:\Users\ilias\AppData\Local\Temp\ccQqDEwR.s 			page 19


 806 0395 A1       		.byte	0xa1
 807 0396 E1020000 		.4byte	0x2e1
 808 039a 02       		.uleb128 0x2
 809 039b 91       		.byte	0x91
 810 039c 6C       		.sleb128 -20
 811 039d 00       		.byte	0
 812 039e 12       		.uleb128 0x12
 813 039f 3E090000 		.4byte	.LASF94
 814 03a3 01       		.byte	0x1
 815 03a4 0E       		.byte	0xe
 816 03a5 68020000 		.4byte	0x268
 817 03a9 05       		.uleb128 0x5
 818 03aa 03       		.byte	0x3
 819 03ab 00000000 		.4byte	connectionHandle
 820 03af 12       		.uleb128 0x12
 821 03b0 58040000 		.4byte	.LASF95
 822 03b4 01       		.byte	0x1
 823 03b5 12       		.byte	0x12
 824 03b6 6B000000 		.4byte	0x6b
 825 03ba 05       		.uleb128 0x5
 826 03bb 03       		.byte	0x3
 827 03bc 00000000 		.4byte	sendNotifications
 828 03c0 12       		.uleb128 0x12
 829 03c1 60000000 		.4byte	.LASF96
 830 03c5 01       		.byte	0x1
 831 03c6 17       		.byte	0x17
 832 03c7 6B000000 		.4byte	0x6b
 833 03cb 05       		.uleb128 0x5
 834 03cc 03       		.byte	0x3
 835 03cd 00000000 		.4byte	deviceConnected
 836 03d1 12       		.uleb128 0x12
 837 03d2 0A0A0000 		.4byte	.LASF97
 838 03d6 01       		.byte	0x1
 839 03d7 1B       		.byte	0x1b
 840 03d8 6B000000 		.4byte	0x6b
 841 03dc 05       		.uleb128 0x5
 842 03dd 03       		.byte	0x3
 843 03de 00000000 		.4byte	busyStatus
 844 03e2 13       		.uleb128 0x13
 845 03e3 6B000000 		.4byte	0x6b
 846 03e7 F2030000 		.4byte	0x3f2
 847 03eb 14       		.uleb128 0x14
 848 03ec A4000000 		.4byte	0xa4
 849 03f0 01       		.byte	0x1
 850 03f1 00       		.byte	0
 851 03f2 12       		.uleb128 0x12
 852 03f3 48080000 		.4byte	.LASF98
 853 03f7 01       		.byte	0x1
 854 03f8 1E       		.byte	0x1e
 855 03f9 E2030000 		.4byte	0x3e2
 856 03fd 05       		.uleb128 0x5
 857 03fe 03       		.byte	0x3
 858 03ff 00000000 		.4byte	DataCCCDvalue
 859 0403 12       		.uleb128 0x12
 860 0404 FF030000 		.4byte	.LASF99
 861 0408 01       		.byte	0x1
 862 0409 21       		.byte	0x21
ARM GAS  C:\Users\ilias\AppData\Local\Temp\ccQqDEwR.s 			page 20


 863 040a D5020000 		.4byte	0x2d5
 864 040e 05       		.uleb128 0x5
 865 040f 03       		.byte	0x3
 866 0410 00000000 		.4byte	DataNotificationCCCDhandle
 867 0414 00       		.byte	0
 868              		.section	.debug_abbrev,"",%progbits
 869              	.Ldebug_abbrev0:
 870 0000 01       		.uleb128 0x1
 871 0001 11       		.uleb128 0x11
 872 0002 01       		.byte	0x1
 873 0003 25       		.uleb128 0x25
 874 0004 0E       		.uleb128 0xe
 875 0005 13       		.uleb128 0x13
 876 0006 0B       		.uleb128 0xb
 877 0007 03       		.uleb128 0x3
 878 0008 0E       		.uleb128 0xe
 879 0009 1B       		.uleb128 0x1b
 880 000a 0E       		.uleb128 0xe
 881 000b 55       		.uleb128 0x55
 882 000c 17       		.uleb128 0x17
 883 000d 11       		.uleb128 0x11
 884 000e 01       		.uleb128 0x1
 885 000f 10       		.uleb128 0x10
 886 0010 17       		.uleb128 0x17
 887 0011 00       		.byte	0
 888 0012 00       		.byte	0
 889 0013 02       		.uleb128 0x2
 890 0014 24       		.uleb128 0x24
 891 0015 00       		.byte	0
 892 0016 0B       		.uleb128 0xb
 893 0017 0B       		.uleb128 0xb
 894 0018 3E       		.uleb128 0x3e
 895 0019 0B       		.uleb128 0xb
 896 001a 03       		.uleb128 0x3
 897 001b 0E       		.uleb128 0xe
 898 001c 00       		.byte	0
 899 001d 00       		.byte	0
 900 001e 03       		.uleb128 0x3
 901 001f 24       		.uleb128 0x24
 902 0020 00       		.byte	0
 903 0021 0B       		.uleb128 0xb
 904 0022 0B       		.uleb128 0xb
 905 0023 3E       		.uleb128 0x3e
 906 0024 0B       		.uleb128 0xb
 907 0025 03       		.uleb128 0x3
 908 0026 08       		.uleb128 0x8
 909 0027 00       		.byte	0
 910 0028 00       		.byte	0
 911 0029 04       		.uleb128 0x4
 912 002a 16       		.uleb128 0x16
 913 002b 00       		.byte	0
 914 002c 03       		.uleb128 0x3
 915 002d 0E       		.uleb128 0xe
 916 002e 3A       		.uleb128 0x3a
 917 002f 0B       		.uleb128 0xb
 918 0030 3B       		.uleb128 0x3b
 919 0031 05       		.uleb128 0x5
ARM GAS  C:\Users\ilias\AppData\Local\Temp\ccQqDEwR.s 			page 21


 920 0032 49       		.uleb128 0x49
 921 0033 13       		.uleb128 0x13
 922 0034 00       		.byte	0
 923 0035 00       		.byte	0
 924 0036 05       		.uleb128 0x5
 925 0037 0F       		.uleb128 0xf
 926 0038 00       		.byte	0
 927 0039 0B       		.uleb128 0xb
 928 003a 0B       		.uleb128 0xb
 929 003b 00       		.byte	0
 930 003c 00       		.byte	0
 931 003d 06       		.uleb128 0x6
 932 003e 04       		.uleb128 0x4
 933 003f 01       		.byte	0x1
 934 0040 0B       		.uleb128 0xb
 935 0041 0B       		.uleb128 0xb
 936 0042 3A       		.uleb128 0x3a
 937 0043 0B       		.uleb128 0xb
 938 0044 3B       		.uleb128 0x3b
 939 0045 0B       		.uleb128 0xb
 940 0046 01       		.uleb128 0x1
 941 0047 13       		.uleb128 0x13
 942 0048 00       		.byte	0
 943 0049 00       		.byte	0
 944 004a 07       		.uleb128 0x7
 945 004b 28       		.uleb128 0x28
 946 004c 00       		.byte	0
 947 004d 03       		.uleb128 0x3
 948 004e 0E       		.uleb128 0xe
 949 004f 1C       		.uleb128 0x1c
 950 0050 0D       		.uleb128 0xd
 951 0051 00       		.byte	0
 952 0052 00       		.byte	0
 953 0053 08       		.uleb128 0x8
 954 0054 0F       		.uleb128 0xf
 955 0055 00       		.byte	0
 956 0056 0B       		.uleb128 0xb
 957 0057 0B       		.uleb128 0xb
 958 0058 49       		.uleb128 0x49
 959 0059 13       		.uleb128 0x13
 960 005a 00       		.byte	0
 961 005b 00       		.byte	0
 962 005c 09       		.uleb128 0x9
 963 005d 13       		.uleb128 0x13
 964 005e 01       		.byte	0x1
 965 005f 0B       		.uleb128 0xb
 966 0060 0B       		.uleb128 0xb
 967 0061 3A       		.uleb128 0x3a
 968 0062 0B       		.uleb128 0xb
 969 0063 3B       		.uleb128 0x3b
 970 0064 05       		.uleb128 0x5
 971 0065 01       		.uleb128 0x1
 972 0066 13       		.uleb128 0x13
 973 0067 00       		.byte	0
 974 0068 00       		.byte	0
 975 0069 0A       		.uleb128 0xa
 976 006a 0D       		.uleb128 0xd
ARM GAS  C:\Users\ilias\AppData\Local\Temp\ccQqDEwR.s 			page 22


 977 006b 00       		.byte	0
 978 006c 03       		.uleb128 0x3
 979 006d 0E       		.uleb128 0xe
 980 006e 3A       		.uleb128 0x3a
 981 006f 0B       		.uleb128 0xb
 982 0070 3B       		.uleb128 0x3b
 983 0071 05       		.uleb128 0x5
 984 0072 49       		.uleb128 0x49
 985 0073 13       		.uleb128 0x13
 986 0074 38       		.uleb128 0x38
 987 0075 0B       		.uleb128 0xb
 988 0076 00       		.byte	0
 989 0077 00       		.byte	0
 990 0078 0B       		.uleb128 0xb
 991 0079 0D       		.uleb128 0xd
 992 007a 00       		.byte	0
 993 007b 03       		.uleb128 0x3
 994 007c 08       		.uleb128 0x8
 995 007d 3A       		.uleb128 0x3a
 996 007e 0B       		.uleb128 0xb
 997 007f 3B       		.uleb128 0x3b
 998 0080 05       		.uleb128 0x5
 999 0081 49       		.uleb128 0x49
 1000 0082 13       		.uleb128 0x13
 1001 0083 38       		.uleb128 0x38
 1002 0084 0B       		.uleb128 0xb
 1003 0085 00       		.byte	0
 1004 0086 00       		.byte	0
 1005 0087 0C       		.uleb128 0xc
 1006 0088 16       		.uleb128 0x16
 1007 0089 00       		.byte	0
 1008 008a 03       		.uleb128 0x3
 1009 008b 0E       		.uleb128 0xe
 1010 008c 3A       		.uleb128 0x3a
 1011 008d 0B       		.uleb128 0xb
 1012 008e 3B       		.uleb128 0x3b
 1013 008f 0B       		.uleb128 0xb
 1014 0090 49       		.uleb128 0x49
 1015 0091 13       		.uleb128 0x13
 1016 0092 00       		.byte	0
 1017 0093 00       		.byte	0
 1018 0094 0D       		.uleb128 0xd
 1019 0095 13       		.uleb128 0x13
 1020 0096 01       		.byte	0x1
 1021 0097 0B       		.uleb128 0xb
 1022 0098 0B       		.uleb128 0xb
 1023 0099 3A       		.uleb128 0x3a
 1024 009a 0B       		.uleb128 0xb
 1025 009b 3B       		.uleb128 0x3b
 1026 009c 0B       		.uleb128 0xb
 1027 009d 01       		.uleb128 0x1
 1028 009e 13       		.uleb128 0x13
 1029 009f 00       		.byte	0
 1030 00a0 00       		.byte	0
 1031 00a1 0E       		.uleb128 0xe
 1032 00a2 0D       		.uleb128 0xd
 1033 00a3 00       		.byte	0
ARM GAS  C:\Users\ilias\AppData\Local\Temp\ccQqDEwR.s 			page 23


 1034 00a4 03       		.uleb128 0x3
 1035 00a5 0E       		.uleb128 0xe
 1036 00a6 3A       		.uleb128 0x3a
 1037 00a7 0B       		.uleb128 0xb
 1038 00a8 3B       		.uleb128 0x3b
 1039 00a9 0B       		.uleb128 0xb
 1040 00aa 49       		.uleb128 0x49
 1041 00ab 13       		.uleb128 0x13
 1042 00ac 38       		.uleb128 0x38
 1043 00ad 0B       		.uleb128 0xb
 1044 00ae 00       		.byte	0
 1045 00af 00       		.byte	0
 1046 00b0 0F       		.uleb128 0xf
 1047 00b1 2E       		.uleb128 0x2e
 1048 00b2 01       		.byte	0x1
 1049 00b3 3F       		.uleb128 0x3f
 1050 00b4 19       		.uleb128 0x19
 1051 00b5 03       		.uleb128 0x3
 1052 00b6 0E       		.uleb128 0xe
 1053 00b7 3A       		.uleb128 0x3a
 1054 00b8 0B       		.uleb128 0xb
 1055 00b9 3B       		.uleb128 0x3b
 1056 00ba 0B       		.uleb128 0xb
 1057 00bb 27       		.uleb128 0x27
 1058 00bc 19       		.uleb128 0x19
 1059 00bd 11       		.uleb128 0x11
 1060 00be 01       		.uleb128 0x1
 1061 00bf 12       		.uleb128 0x12
 1062 00c0 06       		.uleb128 0x6
 1063 00c1 40       		.uleb128 0x40
 1064 00c2 18       		.uleb128 0x18
 1065 00c3 9642     		.uleb128 0x2116
 1066 00c5 19       		.uleb128 0x19
 1067 00c6 01       		.uleb128 0x1
 1068 00c7 13       		.uleb128 0x13
 1069 00c8 00       		.byte	0
 1070 00c9 00       		.byte	0
 1071 00ca 10       		.uleb128 0x10
 1072 00cb 05       		.uleb128 0x5
 1073 00cc 00       		.byte	0
 1074 00cd 03       		.uleb128 0x3
 1075 00ce 0E       		.uleb128 0xe
 1076 00cf 3A       		.uleb128 0x3a
 1077 00d0 0B       		.uleb128 0xb
 1078 00d1 3B       		.uleb128 0x3b
 1079 00d2 0B       		.uleb128 0xb
 1080 00d3 49       		.uleb128 0x49
 1081 00d4 13       		.uleb128 0x13
 1082 00d5 02       		.uleb128 0x2
 1083 00d6 18       		.uleb128 0x18
 1084 00d7 00       		.byte	0
 1085 00d8 00       		.byte	0
 1086 00d9 11       		.uleb128 0x11
 1087 00da 34       		.uleb128 0x34
 1088 00db 00       		.byte	0
 1089 00dc 03       		.uleb128 0x3
 1090 00dd 0E       		.uleb128 0xe
ARM GAS  C:\Users\ilias\AppData\Local\Temp\ccQqDEwR.s 			page 24


 1091 00de 3A       		.uleb128 0x3a
 1092 00df 0B       		.uleb128 0xb
 1093 00e0 3B       		.uleb128 0x3b
 1094 00e1 0B       		.uleb128 0xb
 1095 00e2 49       		.uleb128 0x49
 1096 00e3 13       		.uleb128 0x13
 1097 00e4 02       		.uleb128 0x2
 1098 00e5 18       		.uleb128 0x18
 1099 00e6 00       		.byte	0
 1100 00e7 00       		.byte	0
 1101 00e8 12       		.uleb128 0x12
 1102 00e9 34       		.uleb128 0x34
 1103 00ea 00       		.byte	0
 1104 00eb 03       		.uleb128 0x3
 1105 00ec 0E       		.uleb128 0xe
 1106 00ed 3A       		.uleb128 0x3a
 1107 00ee 0B       		.uleb128 0xb
 1108 00ef 3B       		.uleb128 0x3b
 1109 00f0 0B       		.uleb128 0xb
 1110 00f1 49       		.uleb128 0x49
 1111 00f2 13       		.uleb128 0x13
 1112 00f3 3F       		.uleb128 0x3f
 1113 00f4 19       		.uleb128 0x19
 1114 00f5 02       		.uleb128 0x2
 1115 00f6 18       		.uleb128 0x18
 1116 00f7 00       		.byte	0
 1117 00f8 00       		.byte	0
 1118 00f9 13       		.uleb128 0x13
 1119 00fa 01       		.uleb128 0x1
 1120 00fb 01       		.byte	0x1
 1121 00fc 49       		.uleb128 0x49
 1122 00fd 13       		.uleb128 0x13
 1123 00fe 01       		.uleb128 0x1
 1124 00ff 13       		.uleb128 0x13
 1125 0100 00       		.byte	0
 1126 0101 00       		.byte	0
 1127 0102 14       		.uleb128 0x14
 1128 0103 21       		.uleb128 0x21
 1129 0104 00       		.byte	0
 1130 0105 49       		.uleb128 0x49
 1131 0106 13       		.uleb128 0x13
 1132 0107 2F       		.uleb128 0x2f
 1133 0108 0B       		.uleb128 0xb
 1134 0109 00       		.byte	0
 1135 010a 00       		.byte	0
 1136 010b 00       		.byte	0
 1137              		.section	.debug_aranges,"",%progbits
 1138 0000 24000000 		.4byte	0x24
 1139 0004 0200     		.2byte	0x2
 1140 0006 00000000 		.4byte	.Ldebug_info0
 1141 000a 04       		.byte	0x4
 1142 000b 00       		.byte	0
 1143 000c 0000     		.2byte	0
 1144 000e 0000     		.2byte	0
 1145 0010 00000000 		.4byte	.LFB37
 1146 0014 74010000 		.4byte	.LFE37-.LFB37
 1147 0018 00000000 		.4byte	.LFB38
ARM GAS  C:\Users\ilias\AppData\Local\Temp\ccQqDEwR.s 			page 25


 1148 001c 5C000000 		.4byte	.LFE38-.LFB38
 1149 0020 00000000 		.4byte	0
 1150 0024 00000000 		.4byte	0
 1151              		.section	.debug_ranges,"",%progbits
 1152              	.Ldebug_ranges0:
 1153 0000 00000000 		.4byte	.LFB37
 1154 0004 74010000 		.4byte	.LFE37
 1155 0008 00000000 		.4byte	.LFB38
 1156 000c 5C000000 		.4byte	.LFE38
 1157 0010 00000000 		.4byte	0
 1158 0014 00000000 		.4byte	0
 1159              		.section	.debug_line,"",%progbits
 1160              	.Ldebug_line0:
 1161 0000 EC000000 		.section	.debug_str,"MS",%progbits,1
 1161      02008700 
 1161      00000201 
 1161      FB0E0D00 
 1161      01010101 
 1162              	.LASF24:
 1163 0000 4359424C 		.ascii	"CYBLE_EVT_GAP_PASSKEY_ENTRY_REQUEST\000"
 1163      455F4556 
 1163      545F4741 
 1163      505F5041 
 1163      53534B45 
 1164              	.LASF35:
 1165 0024 4359424C 		.ascii	"CYBLE_EVT_GATTC_ERROR_RSP\000"
 1165      455F4556 
 1165      545F4741 
 1165      5454435F 
 1165      4552524F 
 1166              	.LASF30:
 1167 003e 4359424C 		.ascii	"CYBLE_EVT_GAP_DEVICE_DISCONNECTED\000"
 1167      455F4556 
 1167      545F4741 
 1167      505F4445 
 1167      56494345 
 1168              	.LASF96:
 1169 0060 64657669 		.ascii	"deviceConnected\000"
 1169      6365436F 
 1169      6E6E6563 
 1169      74656400 
 1170              	.LASF2:
 1171 0070 73686F72 		.ascii	"short int\000"
 1171      7420696E 
 1171      7400
 1172              	.LASF27:
 1173 007a 4359424C 		.ascii	"CYBLE_EVT_GAP_AUTH_FAILED\000"
 1173      455F4556 
 1173      545F4741 
 1173      505F4155 
 1173      54485F46 
 1174              	.LASF37:
 1175 0094 4359424C 		.ascii	"CYBLE_EVT_GATT_DISCONNECT_IND\000"
 1175      455F4556 
 1175      545F4741 
 1175      54545F44 
 1175      4953434F 
ARM GAS  C:\Users\ilias\AppData\Local\Temp\ccQqDEwR.s 			page 26


 1176              	.LASF15:
 1177 00b2 73697A65 		.ascii	"sizetype\000"
 1177      74797065 
 1177      00
 1178              	.LASF83:
 1179 00bb 636F6E6E 		.ascii	"connHandle\000"
 1179      48616E64 
 1179      6C6500
 1180              	.LASF88:
 1181 00c6 77725265 		.ascii	"wrReqParam\000"
 1181      71506172 
 1181      616D00
 1182              	.LASF89:
 1183 00d1 75617274 		.ascii	"uartRxDataWrReq\000"
 1183      52784461 
 1183      74615772 
 1183      52657100 
 1184              	.LASF86:
 1185 00e1 6576656E 		.ascii	"event\000"
 1185      7400
 1186              	.LASF20:
 1187 00e7 4359424C 		.ascii	"CYBLE_EVT_HCI_STATUS\000"
 1187      455F4556 
 1187      545F4843 
 1187      495F5354 
 1187      41545553 
 1188              	.LASF102:
 1189 00fc 453A5C43 		.ascii	"E:\\Cypress\\FirstApp\\TransferByte.cydsn\000"
 1189      79707265 
 1189      73735C46 
 1189      69727374 
 1189      4170705C 
 1190              	.LASF17:
 1191 0123 4359424C 		.ascii	"CYBLE_EVT_STACK_ON\000"
 1191      455F4556 
 1191      545F5354 
 1191      41434B5F 
 1191      4F4E00
 1192              	.LASF38:
 1193 0136 4359424C 		.ascii	"CYBLE_EVT_GATTS_XCNHG_MTU_REQ\000"
 1193      455F4556 
 1193      545F4741 
 1193      5454535F 
 1193      58434E48 
 1194              	.LASF91:
 1195 0154 53656E64 		.ascii	"SendDataOverNotification\000"
 1195      44617461 
 1195      4F766572 
 1195      4E6F7469 
 1195      66696361 
 1196              	.LASF10:
 1197 016d 75696E74 		.ascii	"uint16\000"
 1197      313600
 1198              	.LASF34:
 1199 0174 4359424C 		.ascii	"CYBLE_EVT_GAP_KEYINFO_EXCHNGE_CMPLT\000"
 1199      455F4556 
 1199      545F4741 
ARM GAS  C:\Users\ilias\AppData\Local\Temp\ccQqDEwR.s 			page 27


 1199      505F4B45 
 1199      59494E46 
 1200              	.LASF46:
 1201 0198 4359424C 		.ascii	"CYBLE_EVT_GATTC_READ_MULTI_RSP\000"
 1201      455F4556 
 1201      545F4741 
 1201      5454435F 
 1201      52454144 
 1202              	.LASF55:
 1203 01b7 4359424C 		.ascii	"CYBLE_EVT_GATTS_HANDLE_VALUE_CNF\000"
 1203      455F4556 
 1203      545F4741 
 1203      5454535F 
 1203      48414E44 
 1204              	.LASF16:
 1205 01d8 4359424C 		.ascii	"CYBLE_EVT_HOST_INVALID\000"
 1205      455F4556 
 1205      545F484F 
 1205      53545F49 
 1205      4E56414C 
 1206              	.LASF62:
 1207 01ef 4359424C 		.ascii	"CYBLE_EVT_L2CAP_CBFC_CONN_IND\000"
 1207      455F4556 
 1207      545F4C32 
 1207      4341505F 
 1207      43424643 
 1208              	.LASF65:
 1209 020d 4359424C 		.ascii	"CYBLE_EVT_L2CAP_CBFC_DISCONN_CNF\000"
 1209      455F4556 
 1209      545F4C32 
 1209      4341505F 
 1209      43424643 
 1210              	.LASF74:
 1211 022e 62644861 		.ascii	"bdHandle\000"
 1211      6E646C65 
 1211      00
 1212              	.LASF12:
 1213 0237 666C6F61 		.ascii	"float\000"
 1213      7400
 1214              	.LASF44:
 1215 023d 4359424C 		.ascii	"CYBLE_EVT_GATTC_READ_RSP\000"
 1215      455F4556 
 1215      545F4741 
 1215      5454435F 
 1215      52454144 
 1216              	.LASF48:
 1217 0256 4359424C 		.ascii	"CYBLE_EVT_GATTC_WRITE_RSP\000"
 1217      455F4556 
 1217      545F4741 
 1217      5454435F 
 1217      57524954 
 1218              	.LASF6:
 1219 0270 6C6F6E67 		.ascii	"long long int\000"
 1219      206C6F6E 
 1219      6720696E 
 1219      7400
 1220              	.LASF7:
ARM GAS  C:\Users\ilias\AppData\Local\Temp\ccQqDEwR.s 			page 28


 1221 027e 6C6F6E67 		.ascii	"long long unsigned int\000"
 1221      206C6F6E 
 1221      6720756E 
 1221      7369676E 
 1221      65642069 
 1222              	.LASF82:
 1223 0295 4359424C 		.ascii	"CYBLE_GATTS_HANDLE_VALUE_NTF_T\000"
 1223      455F4741 
 1223      5454535F 
 1223      48414E44 
 1223      4C455F56 
 1224              	.LASF4:
 1225 02b4 6C6F6E67 		.ascii	"long int\000"
 1225      20696E74 
 1225      00
 1226              	.LASF54:
 1227 02bd 4359424C 		.ascii	"CYBLE_EVT_GATTC_HANDLE_VALUE_IND\000"
 1227      455F4556 
 1227      545F4741 
 1227      5454435F 
 1227      48414E44 
 1228              	.LASF29:
 1229 02de 4359424C 		.ascii	"CYBLE_EVT_GAP_DEVICE_CONNECTED\000"
 1229      455F4556 
 1229      545F4741 
 1229      505F4445 
 1229      56494345 
 1230              	.LASF28:
 1231 02fd 4359424C 		.ascii	"CYBLE_EVT_GAPP_ADVERTISEMENT_START_STOP\000"
 1231      455F4556 
 1231      545F4741 
 1231      50505F41 
 1231      44564552 
 1232              	.LASF53:
 1233 0325 4359424C 		.ascii	"CYBLE_EVT_GATTC_HANDLE_VALUE_NTF\000"
 1233      455F4556 
 1233      545F4741 
 1233      5454435F 
 1233      48414E44 
 1234              	.LASF21:
 1235 0346 4359424C 		.ascii	"CYBLE_EVT_STACK_BUSY_STATUS\000"
 1235      455F4556 
 1235      545F5354 
 1235      41434B5F 
 1235      42555359 
 1236              	.LASF85:
 1237 0362 4359424C 		.ascii	"CYBLE_GATTS_WRITE_REQ_PARAM_T\000"
 1237      455F4741 
 1237      5454535F 
 1237      57524954 
 1237      455F5245 
 1238              	.LASF92:
 1239 0380 44617461 		.ascii	"Data\000"
 1239      00
 1240              	.LASF25:
 1241 0385 4359424C 		.ascii	"CYBLE_EVT_GAP_PASSKEY_DISPLAY_REQUEST\000"
 1241      455F4556 
ARM GAS  C:\Users\ilias\AppData\Local\Temp\ccQqDEwR.s 			page 29


 1241      545F4741 
 1241      505F5041 
 1241      53534B45 
 1242              	.LASF101:
 1243 03ab 2E5C6765 		.ascii	".\\generic.c\000"
 1243      6E657269 
 1243      632E6300 
 1244              	.LASF72:
 1245 03b7 4359424C 		.ascii	"CYBLE_EVT_MAX\000"
 1245      455F4556 
 1245      545F4D41 
 1245      5800
 1246              	.LASF9:
 1247 03c5 75696E74 		.ascii	"uint8\000"
 1247      3800
 1248              	.LASF59:
 1249 03cb 4359424C 		.ascii	"CYBLE_EVT_L2CAP_CONN_PARAM_UPDATE_REQ\000"
 1249      455F4556 
 1249      545F4C32 
 1249      4341505F 
 1249      434F4E4E 
 1250              	.LASF1:
 1251 03f1 756E7369 		.ascii	"unsigned char\000"
 1251      676E6564 
 1251      20636861 
 1251      7200
 1252              	.LASF99:
 1253 03ff 44617461 		.ascii	"DataNotificationCCCDhandle\000"
 1253      4E6F7469 
 1253      66696361 
 1253      74696F6E 
 1253      43434344 
 1254              	.LASF50:
 1255 041a 4359424C 		.ascii	"CYBLE_EVT_GATTS_PREP_WRITE_REQ\000"
 1255      455F4556 
 1255      545F4741 
 1255      5454535F 
 1255      50524550 
 1256              	.LASF71:
 1257 0439 4359424C 		.ascii	"CYBLE_EVT_LE_PING_AUTH_TIMEOUT\000"
 1257      455F4556 
 1257      545F4C45 
 1257      5F50494E 
 1257      475F4155 
 1258              	.LASF95:
 1259 0458 73656E64 		.ascii	"sendNotifications\000"
 1259      4E6F7469 
 1259      66696361 
 1259      74696F6E 
 1259      7300
 1260              	.LASF42:
 1261 046a 4359424C 		.ascii	"CYBLE_EVT_GATTC_FIND_INFO_RSP\000"
 1261      455F4556 
 1261      545F4741 
 1261      5454435F 
 1261      46494E44 
 1262              	.LASF0:
ARM GAS  C:\Users\ilias\AppData\Local\Temp\ccQqDEwR.s 			page 30


 1263 0488 7369676E 		.ascii	"signed char\000"
 1263      65642063 
 1263      68617200 
 1264              	.LASF47:
 1265 0494 4359424C 		.ascii	"CYBLE_EVT_GATTS_WRITE_REQ\000"
 1265      455F4556 
 1265      545F4741 
 1265      5454535F 
 1265      57524954 
 1266              	.LASF43:
 1267 04ae 4359424C 		.ascii	"CYBLE_EVT_GATTC_FIND_BY_TYPE_VALUE_RSP\000"
 1267      455F4556 
 1267      545F4741 
 1267      5454435F 
 1267      46494E44 
 1268              	.LASF26:
 1269 04d5 4359424C 		.ascii	"CYBLE_EVT_GAP_AUTH_COMPLETE\000"
 1269      455F4556 
 1269      545F4741 
 1269      505F4155 
 1269      54485F43 
 1270              	.LASF8:
 1271 04f1 756E7369 		.ascii	"unsigned int\000"
 1271      676E6564 
 1271      20696E74 
 1271      00
 1272              	.LASF36:
 1273 04fe 4359424C 		.ascii	"CYBLE_EVT_GATT_CONNECT_IND\000"
 1273      455F4556 
 1273      545F4741 
 1273      54545F43 
 1273      4F4E4E45 
 1274              	.LASF5:
 1275 0519 6C6F6E67 		.ascii	"long unsigned int\000"
 1275      20756E73 
 1275      69676E65 
 1275      6420696E 
 1275      7400
 1276              	.LASF23:
 1277 052b 4359424C 		.ascii	"CYBLE_EVT_GAP_AUTH_REQ\000"
 1277      455F4556 
 1277      545F4741 
 1277      505F4155 
 1277      54485F52 
 1278              	.LASF75:
 1279 0542 61747449 		.ascii	"attId\000"
 1279      6400
 1280              	.LASF64:
 1281 0548 4359424C 		.ascii	"CYBLE_EVT_L2CAP_CBFC_DISCONN_IND\000"
 1281      455F4556 
 1281      545F4C32 
 1281      4341505F 
 1281      43424643 
 1282              	.LASF31:
 1283 0569 4359424C 		.ascii	"CYBLE_EVT_GAP_ENCRYPT_CHANGE\000"
 1283      455F4556 
 1283      545F4741 
ARM GAS  C:\Users\ilias\AppData\Local\Temp\ccQqDEwR.s 			page 31


 1283      505F454E 
 1283      43525950 
 1284              	.LASF3:
 1285 0586 73686F72 		.ascii	"short unsigned int\000"
 1285      7420756E 
 1285      7369676E 
 1285      65642069 
 1285      6E7400
 1286              	.LASF32:
 1287 0599 4359424C 		.ascii	"CYBLE_EVT_GAP_CONNECTION_UPDATE_COMPLETE\000"
 1287      455F4556 
 1287      545F4741 
 1287      505F434F 
 1287      4E4E4543 
 1288              	.LASF14:
 1289 05c2 63686172 		.ascii	"char\000"
 1289      00
 1290              	.LASF78:
 1291 05c7 4359424C 		.ascii	"CYBLE_GATT_VALUE_T\000"
 1291      455F4741 
 1291      54545F56 
 1291      414C5545 
 1291      5F5400
 1292              	.LASF100:
 1293 05da 474E5520 		.ascii	"GNU C 4.9.3 20150303 (release) [ARM/embedded-4_9-br"
 1293      4320342E 
 1293      392E3320 
 1293      32303135 
 1293      30333033 
 1294 060d 616E6368 		.ascii	"anch revision 221220] -mcpu=cortex-m0 -mthumb -g -O"
 1294      20726576 
 1294      6973696F 
 1294      6E203232 
 1294      31323230 
 1295 0640 30202D66 		.ascii	"0 -ffunction-sections -ffat-lto-objects\000"
 1295      66756E63 
 1295      74696F6E 
 1295      2D736563 
 1295      74696F6E 
 1296              	.LASF61:
 1297 0668 4359424C 		.ascii	"CYBLE_EVT_L2CAP_COMMAND_REJ\000"
 1297      455F4556 
 1297      545F4C32 
 1297      4341505F 
 1297      434F4D4D 
 1298              	.LASF84:
 1299 0684 68616E64 		.ascii	"handleValPair\000"
 1299      6C655661 
 1299      6C506169 
 1299      7200
 1300              	.LASF22:
 1301 0692 4359424C 		.ascii	"CYBLE_EVT_GAPC_SCAN_PROGRESS_RESULT\000"
 1301      455F4556 
 1301      545F4741 
 1301      50435F53 
 1301      43414E5F 
 1302              	.LASF93:
ARM GAS  C:\Users\ilias\AppData\Local\Temp\ccQqDEwR.s 			page 32


 1303 06b6 44617461 		.ascii	"DataNotificationHandle\000"
 1303      4E6F7469 
 1303      66696361 
 1303      74696F6E 
 1303      48616E64 
 1304              	.LASF45:
 1305 06cd 4359424C 		.ascii	"CYBLE_EVT_GATTC_READ_BLOB_RSP\000"
 1305      455F4556 
 1305      545F4741 
 1305      5454435F 
 1305      52454144 
 1306              	.LASF52:
 1307 06eb 4359424C 		.ascii	"CYBLE_EVT_GATTC_EXEC_WRITE_RSP\000"
 1307      455F4556 
 1307      545F4741 
 1307      5454435F 
 1307      45584543 
 1308              	.LASF11:
 1309 070a 75696E74 		.ascii	"uint32\000"
 1309      333200
 1310              	.LASF70:
 1311 0711 4359424C 		.ascii	"CYBLE_EVT_PENDING_FLASH_WRITE\000"
 1311      455F4556 
 1311      545F5045 
 1311      4E44494E 
 1311      475F464C 
 1312              	.LASF67:
 1313 072f 4359424C 		.ascii	"CYBLE_EVT_L2CAP_CBFC_RX_CREDIT_IND\000"
 1313      455F4556 
 1313      545F4C32 
 1313      4341505F 
 1313      43424643 
 1314              	.LASF80:
 1315 0752 61747472 		.ascii	"attrHandle\000"
 1315      48616E64 
 1315      6C6500
 1316              	.LASF13:
 1317 075d 646F7562 		.ascii	"double\000"
 1317      6C6500
 1318              	.LASF76:
 1319 0764 4359424C 		.ascii	"CYBLE_CONN_HANDLE_T\000"
 1319      455F434F 
 1319      4E4E5F48 
 1319      414E444C 
 1319      455F5400 
 1320              	.LASF81:
 1321 0778 4359424C 		.ascii	"CYBLE_GATT_HANDLE_VALUE_PAIR_T\000"
 1321      455F4741 
 1321      54545F48 
 1321      414E444C 
 1321      455F5641 
 1322              	.LASF68:
 1323 0797 4359424C 		.ascii	"CYBLE_EVT_L2CAP_CBFC_TX_CREDIT_IND\000"
 1323      455F4556 
 1323      545F4C32 
 1323      4341505F 
 1323      43424643 
ARM GAS  C:\Users\ilias\AppData\Local\Temp\ccQqDEwR.s 			page 33


 1324              	.LASF63:
 1325 07ba 4359424C 		.ascii	"CYBLE_EVT_L2CAP_CBFC_CONN_CNF\000"
 1325      455F4556 
 1325      545F4C32 
 1325      4341505F 
 1325      43424643 
 1326              	.LASF19:
 1327 07d8 4359424C 		.ascii	"CYBLE_EVT_HARDWARE_ERROR\000"
 1327      455F4556 
 1327      545F4841 
 1327      52445741 
 1327      52455F45 
 1328              	.LASF66:
 1329 07f1 4359424C 		.ascii	"CYBLE_EVT_L2CAP_CBFC_DATA_READ\000"
 1329      455F4556 
 1329      545F4C32 
 1329      4341505F 
 1329      43424643 
 1330              	.LASF60:
 1331 0810 4359424C 		.ascii	"CYBLE_EVT_L2CAP_CONN_PARAM_UPDATE_RSP\000"
 1331      455F4556 
 1331      545F4C32 
 1331      4341505F 
 1331      434F4E4E 
 1332              	.LASF18:
 1333 0836 4359424C 		.ascii	"CYBLE_EVT_TIMEOUT\000"
 1333      455F4556 
 1333      545F5449 
 1333      4D454F55 
 1333      5400
 1334              	.LASF98:
 1335 0848 44617461 		.ascii	"DataCCCDvalue\000"
 1335      43434344 
 1335      76616C75 
 1335      6500
 1336              	.LASF77:
 1337 0856 61637475 		.ascii	"actualLen\000"
 1337      616C4C65 
 1337      6E00
 1338              	.LASF40:
 1339 0860 4359424C 		.ascii	"CYBLE_EVT_GATTC_READ_BY_GROUP_TYPE_RSP\000"
 1339      455F4556 
 1339      545F4741 
 1339      5454435F 
 1339      52454144 
 1340              	.LASF49:
 1341 0887 4359424C 		.ascii	"CYBLE_EVT_GATTS_WRITE_CMD_REQ\000"
 1341      455F4556 
 1341      545F4741 
 1341      5454535F 
 1341      57524954 
 1342              	.LASF41:
 1343 08a5 4359424C 		.ascii	"CYBLE_EVT_GATTC_READ_BY_TYPE_RSP\000"
 1343      455F4556 
 1343      545F4741 
 1343      5454435F 
 1343      52454144 
ARM GAS  C:\Users\ilias\AppData\Local\Temp\ccQqDEwR.s 			page 34


 1344              	.LASF39:
 1345 08c6 4359424C 		.ascii	"CYBLE_EVT_GATTC_XCHNG_MTU_RSP\000"
 1345      455F4556 
 1345      545F4741 
 1345      5454435F 
 1345      5843484E 
 1346              	.LASF90:
 1347 08e4 47656E65 		.ascii	"GenericAppEventHandler\000"
 1347      72696341 
 1347      70704576 
 1347      656E7448 
 1347      616E646C 
 1348              	.LASF69:
 1349 08fb 4359424C 		.ascii	"CYBLE_EVT_L2CAP_CBFC_DATA_WRITE_IND\000"
 1349      455F4556 
 1349      545F4C32 
 1349      4341505F 
 1349      43424643 
 1350              	.LASF33:
 1351 091f 4359424C 		.ascii	"CYBLE_EVT_GAPC_SCAN_START_STOP\000"
 1351      455F4556 
 1351      545F4741 
 1351      50435F53 
 1351      43414E5F 
 1352              	.LASF94:
 1353 093e 636F6E6E 		.ascii	"connectionHandle\000"
 1353      65637469 
 1353      6F6E4861 
 1353      6E646C65 
 1353      00
 1354              	.LASF58:
 1355 094f 4359424C 		.ascii	"CYBLE_EVT_GATTS_READ_CHAR_VAL_ACCESS_REQ\000"
 1355      455F4556 
 1355      545F4741 
 1355      5454535F 
 1355      52454144 
 1356              	.LASF57:
 1357 0978 4359424C 		.ascii	"CYBLE_EVT_GATTC_STOP_CMD_COMPLETE\000"
 1357      455F4556 
 1357      545F4741 
 1357      5454435F 
 1357      53544F50 
 1358              	.LASF79:
 1359 099a 76616C75 		.ascii	"value\000"
 1359      6500
 1360              	.LASF51:
 1361 09a0 4359424C 		.ascii	"CYBLE_EVT_GATTS_EXEC_WRITE_REQ\000"
 1361      455F4556 
 1361      545F4741 
 1361      5454535F 
 1361      45584543 
 1362              	.LASF73:
 1363 09bf 4359424C 		.ascii	"CYBLE_GATT_DB_ATTR_HANDLE_T\000"
 1363      455F4741 
 1363      54545F44 
 1363      425F4154 
 1363      54525F48 
ARM GAS  C:\Users\ilias\AppData\Local\Temp\ccQqDEwR.s 			page 35


 1364              	.LASF87:
 1365 09db 6576656E 		.ascii	"eventParam\000"
 1365      74506172 
 1365      616D00
 1366              	.LASF56:
 1367 09e6 4359424C 		.ascii	"CYBLE_EVT_GATTS_DATA_SIGNED_CMD_REQ\000"
 1367      455F4556 
 1367      545F4741 
 1367      5454535F 
 1367      44415441 
 1368              	.LASF97:
 1369 0a0a 62757379 		.ascii	"busyStatus\000"
 1369      53746174 
 1369      757300
 1370              		.ident	"GCC: (GNU Tools for ARM Embedded Processors) 4.9.3 20150303 (release) [ARM/embedded-4_9-br
