ARM GAS  C:\Users\ilias\AppData\Local\Temp\ccuzXXgF.s 			page 1


   1              		.cpu cortex-m0
   2              		.fpu softvfp
   3              		.eabi_attribute 20, 1
   4              		.eabi_attribute 21, 1
   5              		.eabi_attribute 23, 3
   6              		.eabi_attribute 24, 1
   7              		.eabi_attribute 25, 1
   8              		.eabi_attribute 26, 1
   9              		.eabi_attribute 30, 6
  10              		.eabi_attribute 34, 0
  11              		.eabi_attribute 18, 4
  12              		.code	16
  13              		.file	"main.c"
  14              		.text
  15              	.Ltext0:
  16              		.cfi_sections	.debug_frame
  17              		.section	.text.main,"ax",%progbits
  18              		.align	2
  19              		.global	main
  20              		.code	16
  21              		.thumb_func
  22              		.type	main, %function
  23              	main:
  24              	.LFB37:
  25              		.file 1 ".\\main.c"
   1:.\main.c      **** /* ========================================
   2:.\main.c      ****  *
   3:.\main.c      ****  * Copyright YOUR COMPANY, THE YEAR
   4:.\main.c      ****  * All Rights Reserved
   5:.\main.c      ****  * UNPUBLISHED, LICENSED SOFTWARE.
   6:.\main.c      ****  *
   7:.\main.c      ****  * CONFIDENTIAL AND PROPRIETARY INFORMATION
   8:.\main.c      ****  * WHICH IS THE PROPERTY OF your company.
   9:.\main.c      ****  *
  10:.\main.c      ****  * ========================================
  11:.\main.c      **** */
  12:.\main.c      **** #include <main.h>
  13:.\main.c      **** 
  14:.\main.c      **** extern uint8 sendNotifications;	
  15:.\main.c      **** 
  16:.\main.c      **** extern uint8 deviceConnected;
  17:.\main.c      **** 
  18:.\main.c      **** /* 'connectionHandle' stores connection parameters */
  19:.\main.c      **** extern CYBLE_CONN_HANDLE_T  connectionHandle;
  20:.\main.c      **** 
  21:.\main.c      **** int main()
  22:.\main.c      **** {
  26              		.loc 1 22 0
  27              		.cfi_startproc
  28 0000 80B5     		push	{r7, lr}
  29              		.cfi_def_cfa_offset 8
  30              		.cfi_offset 7, -8
  31              		.cfi_offset 14, -4
  32 0002 00AF     		add	r7, sp, #0
  33              		.cfi_def_cfa_register 7
  23:.\main.c      ****     /* Place your initialization/startup code here (e.g. MyInst_Start()) */
  24:.\main.c      ****     InitializeSystem();
ARM GAS  C:\Users\ilias\AppData\Local\Temp\ccuzXXgF.s 			page 2


  34              		.loc 1 24 0
  35 0004 FFF7FEFF 		bl	InitializeSystem
  36              	.L3:
  25:.\main.c      ****     for(;;)
  26:.\main.c      ****     {
  27:.\main.c      ****         CyBle_ProcessEvents();
  37              		.loc 1 27 0
  38 0008 FFF7FEFF 		bl	CyBle_ProcessEvents
  28:.\main.c      ****         if(TRUE == deviceConnected)
  39              		.loc 1 28 0
  40 000c 054B     		ldr	r3, .L4
  41 000e 1B78     		ldrb	r3, [r3]
  42 0010 012B     		cmp	r3, #1
  43 0012 05D1     		bne	.L2
  29:.\main.c      **** 		{
  30:.\main.c      **** 			
  31:.\main.c      **** 			/* Send CapSense Slider data when respective notification is enabled */
  32:.\main.c      **** 			if(sendNotifications == TRUE)
  44              		.loc 1 32 0
  45 0014 044B     		ldr	r3, .L4+4
  46 0016 1B78     		ldrb	r3, [r3]
  47 0018 012B     		cmp	r3, #1
  48 001a 01D1     		bne	.L2
  33:.\main.c      **** 			{
  34:.\main.c      **** 				//if(CYBLE_BLESS_STATE_ECO_STABLE ==CyBle_GetBleSsState())
  35:.\main.c      **** 				//{
  36:.\main.c      **** 					/* Check for CapSense slider swipe and send data accordingly */
  37:.\main.c      **** 					HandleData();
  49              		.loc 1 37 0
  50 001c FFF7FEFF 		bl	HandleData
  51              	.L2:
  38:.\main.c      **** 				//}
  39:.\main.c      **** 			}
  40:.\main.c      **** 		}
  41:.\main.c      ****     }
  52              		.loc 1 41 0
  53 0020 F2E7     		b	.L3
  54              	.L5:
  55 0022 C046     		.align	2
  56              	.L4:
  57 0024 00000000 		.word	deviceConnected
  58 0028 00000000 		.word	sendNotifications
  59              		.cfi_endproc
  60              	.LFE37:
  61              		.size	main, .-main
  62              		.section	.rodata
  63              		.align	2
  64              	.LC3:
  65 0000 73746172 		.ascii	"started\000"
  65      74656400 
  66              		.section	.text.InitializeSystem,"ax",%progbits
  67              		.align	2
  68              		.global	InitializeSystem
  69              		.code	16
  70              		.thumb_func
  71              		.type	InitializeSystem, %function
  72              	InitializeSystem:
ARM GAS  C:\Users\ilias\AppData\Local\Temp\ccuzXXgF.s 			page 3


  73              	.LFB38:
  42:.\main.c      **** }
  43:.\main.c      **** 
  44:.\main.c      **** void InitializeSystem(void)
  45:.\main.c      **** {
  74              		.loc 1 45 0
  75              		.cfi_startproc
  76 0000 80B5     		push	{r7, lr}
  77              		.cfi_def_cfa_offset 8
  78              		.cfi_offset 7, -8
  79              		.cfi_offset 14, -4
  80 0002 00AF     		add	r7, sp, #0
  81              		.cfi_def_cfa_register 7
  46:.\main.c      **** 	/* Enable global interrupt mask */
  47:.\main.c      **** 	CyGlobalIntEnable; 
  82              		.loc 1 47 0
  83              	@ 47 ".\main.c" 1
  84 0004 62B6     		CPSIE   i
  85              	@ 0 "" 2
  48:.\main.c      ****     UART_1_Start();
  86              		.loc 1 48 0
  87              		.code	16
  88 0006 FFF7FEFF 		bl	UART_1_Start
  49:.\main.c      **** 
  50:.\main.c      **** 	/* Start BLE component and register the CustomEventHandler function. This 
  51:.\main.c      **** 	* function exposes the events from BLE component for application use */
  52:.\main.c      ****     CyBle_Start(GenericAppEventHandler);
  89              		.loc 1 52 0
  90 000a 064B     		ldr	r3, .L7
  91 000c 181C     		mov	r0, r3
  92 000e FFF7FEFF 		bl	CyBle_Start
  53:.\main.c      ****     UART_1_UartPutString("started");
  93              		.loc 1 53 0
  94 0012 054B     		ldr	r3, .L7+4
  95 0014 181C     		mov	r0, r3
  96 0016 FFF7FEFF 		bl	UART_1_UartPutString
  54:.\main.c      ****     CyBle_ProcessEvents();
  97              		.loc 1 54 0
  98 001a FFF7FEFF 		bl	CyBle_ProcessEvents
  55:.\main.c      **** }
  99              		.loc 1 55 0
 100 001e BD46     		mov	sp, r7
 101              		@ sp needed
 102 0020 80BD     		pop	{r7, pc}
 103              	.L8:
 104 0022 C046     		.align	2
 105              	.L7:
 106 0024 00000000 		.word	GenericAppEventHandler
 107 0028 00000000 		.word	.LC3
 108              		.cfi_endproc
 109              	.LFE38:
 110              		.size	InitializeSystem, .-InitializeSystem
 111              		.section	.text.HandleData,"ax",%progbits
 112              		.align	2
 113              		.global	HandleData
 114              		.code	16
 115              		.thumb_func
ARM GAS  C:\Users\ilias\AppData\Local\Temp\ccuzXXgF.s 			page 4


 116              		.type	HandleData, %function
 117              	HandleData:
 118              	.LFB39:
  56:.\main.c      **** 
  57:.\main.c      **** void HandleData(void)
  58:.\main.c      **** {
 119              		.loc 1 58 0
 120              		.cfi_startproc
 121 0000 80B5     		push	{r7, lr}
 122              		.cfi_def_cfa_offset 8
 123              		.cfi_offset 7, -8
 124              		.cfi_offset 14, -4
 125 0002 82B0     		sub	sp, sp, #8
 126              		.cfi_def_cfa_offset 16
 127 0004 00AF     		add	r7, sp, #0
 128              		.cfi_def_cfa_register 7
  59:.\main.c      ****     uint32 size = UART_1_SpiUartGetRxBufferSize();    
 129              		.loc 1 59 0
 130 0006 FFF7FEFF 		bl	UART_1_SpiUartGetRxBufferSize
 131 000a 031C     		mov	r3, r0
 132 000c 7B60     		str	r3, [r7, #4]
  60:.\main.c      **** 	static uint8 lastData;	
  61:.\main.c      **** 	
  62:.\main.c      **** 	uint8 newData;// UART_1_rx_Read() + lastData;
  63:.\main.c      ****     //newData = UART_1_UartGetChar();
  64:.\main.c      ****     //newData = (data & 0xff000000);
  65:.\main.c      ****     //newData += lastData;
  66:.\main.c      ****     
  67:.\main.c      ****     if (0 != size) 
 133              		.loc 1 67 0
 134 000e 7B68     		ldr	r3, [r7, #4]
 135 0010 002B     		cmp	r3, #0
 136 0012 06D0     		beq	.L10
  68:.\main.c      ****     {
  69:.\main.c      **** 	    SendDataOverNotification((uint8)UART_1_UartGetByte());
 137              		.loc 1 69 0
 138 0014 FFF7FEFF 		bl	UART_1_UartGetByte
 139 0018 031C     		mov	r3, r0
 140 001a DBB2     		uxtb	r3, r3
 141 001c 181C     		mov	r0, r3
 142 001e FFF7FEFF 		bl	SendDataOverNotification
 143              	.L10:
  70:.\main.c      ****     }
  71:.\main.c      ****     lastData = newData;
 144              		.loc 1 71 0
 145 0022 034B     		ldr	r3, .L11
 146 0024 FA1C     		add	r2, r7, #3
 147 0026 1278     		ldrb	r2, [r2]
 148 0028 1A70     		strb	r2, [r3]
  72:.\main.c      **** }
 149              		.loc 1 72 0
 150 002a BD46     		mov	sp, r7
 151 002c 02B0     		add	sp, sp, #8
 152              		@ sp needed
 153 002e 80BD     		pop	{r7, pc}
 154              	.L12:
 155              		.align	2
ARM GAS  C:\Users\ilias\AppData\Local\Temp\ccuzXXgF.s 			page 5


 156              	.L11:
 157 0030 00000000 		.word	lastData.6736
 158              		.cfi_endproc
 159              	.LFE39:
 160              		.size	HandleData, .-HandleData
 161              		.bss
 162              	lastData.6736:
 163 0000 00       		.space	1
 164              		.text
 165              	.Letext0:
 166              		.file 2 "Generated_Source\\PSoC4/cytypes.h"
 167              		.section	.debug_info,"",%progbits
 168              	.Ldebug_info0:
 169 0000 1B010000 		.4byte	0x11b
 170 0004 0400     		.2byte	0x4
 171 0006 00000000 		.4byte	.Ldebug_abbrev0
 172 000a 04       		.byte	0x4
 173 000b 01       		.uleb128 0x1
 174 000c 35010000 		.4byte	.LASF22
 175 0010 01       		.byte	0x1
 176 0011 D6000000 		.4byte	.LASF23
 177 0015 7A000000 		.4byte	.LASF24
 178 0019 00000000 		.4byte	.Ldebug_ranges0+0
 179 001d 00000000 		.4byte	0
 180 0021 00000000 		.4byte	.Ldebug_line0
 181 0025 02       		.uleb128 0x2
 182 0026 01       		.byte	0x1
 183 0027 06       		.byte	0x6
 184 0028 F9000000 		.4byte	.LASF0
 185 002c 02       		.uleb128 0x2
 186 002d 01       		.byte	0x1
 187 002e 08       		.byte	0x8
 188 002f AF000000 		.4byte	.LASF1
 189 0033 02       		.uleb128 0x2
 190 0034 02       		.byte	0x2
 191 0035 05       		.byte	0x5
 192 0036 22010000 		.4byte	.LASF2
 193 003a 02       		.uleb128 0x2
 194 003b 02       		.byte	0x2
 195 003c 07       		.byte	0x7
 196 003d E6000000 		.4byte	.LASF3
 197 0041 02       		.uleb128 0x2
 198 0042 04       		.byte	0x4
 199 0043 05       		.byte	0x5
 200 0044 CD000000 		.4byte	.LASF4
 201 0048 02       		.uleb128 0x2
 202 0049 04       		.byte	0x4
 203 004a 07       		.byte	0x7
 204 004b 40000000 		.4byte	.LASF5
 205 004f 02       		.uleb128 0x2
 206 0050 08       		.byte	0x8
 207 0051 05       		.byte	0x5
 208 0052 00000000 		.4byte	.LASF6
 209 0056 02       		.uleb128 0x2
 210 0057 08       		.byte	0x8
 211 0058 07       		.byte	0x7
 212 0059 52000000 		.4byte	.LASF7
ARM GAS  C:\Users\ilias\AppData\Local\Temp\ccuzXXgF.s 			page 6


 213 005d 03       		.uleb128 0x3
 214 005e 04       		.byte	0x4
 215 005f 05       		.byte	0x5
 216 0060 696E7400 		.ascii	"int\000"
 217 0064 02       		.uleb128 0x2
 218 0065 04       		.byte	0x4
 219 0066 07       		.byte	0x7
 220 0067 15000000 		.4byte	.LASF8
 221 006b 04       		.uleb128 0x4
 222 006c 3A000000 		.4byte	.LASF9
 223 0070 02       		.byte	0x2
 224 0071 3801     		.2byte	0x138
 225 0073 2C000000 		.4byte	0x2c
 226 0077 04       		.uleb128 0x4
 227 0078 0E000000 		.4byte	.LASF10
 228 007c 02       		.byte	0x2
 229 007d 3A01     		.2byte	0x13a
 230 007f 48000000 		.4byte	0x48
 231 0083 02       		.uleb128 0x2
 232 0084 04       		.byte	0x4
 233 0085 04       		.byte	0x4
 234 0086 1C010000 		.4byte	.LASF11
 235 008a 02       		.uleb128 0x2
 236 008b 08       		.byte	0x8
 237 008c 04       		.byte	0x4
 238 008d DF000000 		.4byte	.LASF12
 239 0091 02       		.uleb128 0x2
 240 0092 01       		.byte	0x1
 241 0093 08       		.byte	0x8
 242 0094 AA000000 		.4byte	.LASF13
 243 0098 02       		.uleb128 0x2
 244 0099 04       		.byte	0x4
 245 009a 07       		.byte	0x7
 246 009b 2C010000 		.4byte	.LASF14
 247 009f 05       		.uleb128 0x5
 248 00a0 BD000000 		.4byte	.LASF15
 249 00a4 01       		.byte	0x1
 250 00a5 15       		.byte	0x15
 251 00a6 5D000000 		.4byte	0x5d
 252 00aa 00000000 		.4byte	.LFB37
 253 00ae 2C000000 		.4byte	.LFE37-.LFB37
 254 00b2 01       		.uleb128 0x1
 255 00b3 9C       		.byte	0x9c
 256 00b4 06       		.uleb128 0x6
 257 00b5 69000000 		.4byte	.LASF16
 258 00b9 01       		.byte	0x1
 259 00ba 2C       		.byte	0x2c
 260 00bb 00000000 		.4byte	.LFB38
 261 00bf 2C000000 		.4byte	.LFE38-.LFB38
 262 00c3 01       		.uleb128 0x1
 263 00c4 9C       		.byte	0x9c
 264 00c5 07       		.uleb128 0x7
 265 00c6 C2000000 		.4byte	.LASF25
 266 00ca 01       		.byte	0x1
 267 00cb 39       		.byte	0x39
 268 00cc 00000000 		.4byte	.LFB39
 269 00d0 34000000 		.4byte	.LFE39-.LFB39
ARM GAS  C:\Users\ilias\AppData\Local\Temp\ccuzXXgF.s 			page 7


 270 00d4 01       		.uleb128 0x1
 271 00d5 9C       		.byte	0x9c
 272 00d6 08010000 		.4byte	0x108
 273 00da 08       		.uleb128 0x8
 274 00db 05010000 		.4byte	.LASF17
 275 00df 01       		.byte	0x1
 276 00e0 3B       		.byte	0x3b
 277 00e1 77000000 		.4byte	0x77
 278 00e5 02       		.uleb128 0x2
 279 00e6 91       		.byte	0x91
 280 00e7 74       		.sleb128 -12
 281 00e8 08       		.uleb128 0x8
 282 00e9 A1000000 		.4byte	.LASF18
 283 00ed 01       		.byte	0x1
 284 00ee 3C       		.byte	0x3c
 285 00ef 6B000000 		.4byte	0x6b
 286 00f3 05       		.uleb128 0x5
 287 00f4 03       		.byte	0x3
 288 00f5 00000000 		.4byte	lastData.6736
 289 00f9 08       		.uleb128 0x8
 290 00fa 22000000 		.4byte	.LASF19
 291 00fe 01       		.byte	0x1
 292 00ff 3E       		.byte	0x3e
 293 0100 6B000000 		.4byte	0x6b
 294 0104 02       		.uleb128 0x2
 295 0105 91       		.byte	0x91
 296 0106 73       		.sleb128 -13
 297 0107 00       		.byte	0
 298 0108 09       		.uleb128 0x9
 299 0109 0A010000 		.4byte	.LASF20
 300 010d 01       		.byte	0x1
 301 010e 0E       		.byte	0xe
 302 010f 6B000000 		.4byte	0x6b
 303 0113 09       		.uleb128 0x9
 304 0114 2A000000 		.4byte	.LASF21
 305 0118 01       		.byte	0x1
 306 0119 10       		.byte	0x10
 307 011a 6B000000 		.4byte	0x6b
 308 011e 00       		.byte	0
 309              		.section	.debug_abbrev,"",%progbits
 310              	.Ldebug_abbrev0:
 311 0000 01       		.uleb128 0x1
 312 0001 11       		.uleb128 0x11
 313 0002 01       		.byte	0x1
 314 0003 25       		.uleb128 0x25
 315 0004 0E       		.uleb128 0xe
 316 0005 13       		.uleb128 0x13
 317 0006 0B       		.uleb128 0xb
 318 0007 03       		.uleb128 0x3
 319 0008 0E       		.uleb128 0xe
 320 0009 1B       		.uleb128 0x1b
 321 000a 0E       		.uleb128 0xe
 322 000b 55       		.uleb128 0x55
 323 000c 17       		.uleb128 0x17
 324 000d 11       		.uleb128 0x11
 325 000e 01       		.uleb128 0x1
 326 000f 10       		.uleb128 0x10
ARM GAS  C:\Users\ilias\AppData\Local\Temp\ccuzXXgF.s 			page 8


 327 0010 17       		.uleb128 0x17
 328 0011 00       		.byte	0
 329 0012 00       		.byte	0
 330 0013 02       		.uleb128 0x2
 331 0014 24       		.uleb128 0x24
 332 0015 00       		.byte	0
 333 0016 0B       		.uleb128 0xb
 334 0017 0B       		.uleb128 0xb
 335 0018 3E       		.uleb128 0x3e
 336 0019 0B       		.uleb128 0xb
 337 001a 03       		.uleb128 0x3
 338 001b 0E       		.uleb128 0xe
 339 001c 00       		.byte	0
 340 001d 00       		.byte	0
 341 001e 03       		.uleb128 0x3
 342 001f 24       		.uleb128 0x24
 343 0020 00       		.byte	0
 344 0021 0B       		.uleb128 0xb
 345 0022 0B       		.uleb128 0xb
 346 0023 3E       		.uleb128 0x3e
 347 0024 0B       		.uleb128 0xb
 348 0025 03       		.uleb128 0x3
 349 0026 08       		.uleb128 0x8
 350 0027 00       		.byte	0
 351 0028 00       		.byte	0
 352 0029 04       		.uleb128 0x4
 353 002a 16       		.uleb128 0x16
 354 002b 00       		.byte	0
 355 002c 03       		.uleb128 0x3
 356 002d 0E       		.uleb128 0xe
 357 002e 3A       		.uleb128 0x3a
 358 002f 0B       		.uleb128 0xb
 359 0030 3B       		.uleb128 0x3b
 360 0031 05       		.uleb128 0x5
 361 0032 49       		.uleb128 0x49
 362 0033 13       		.uleb128 0x13
 363 0034 00       		.byte	0
 364 0035 00       		.byte	0
 365 0036 05       		.uleb128 0x5
 366 0037 2E       		.uleb128 0x2e
 367 0038 00       		.byte	0
 368 0039 3F       		.uleb128 0x3f
 369 003a 19       		.uleb128 0x19
 370 003b 03       		.uleb128 0x3
 371 003c 0E       		.uleb128 0xe
 372 003d 3A       		.uleb128 0x3a
 373 003e 0B       		.uleb128 0xb
 374 003f 3B       		.uleb128 0x3b
 375 0040 0B       		.uleb128 0xb
 376 0041 49       		.uleb128 0x49
 377 0042 13       		.uleb128 0x13
 378 0043 11       		.uleb128 0x11
 379 0044 01       		.uleb128 0x1
 380 0045 12       		.uleb128 0x12
 381 0046 06       		.uleb128 0x6
 382 0047 40       		.uleb128 0x40
 383 0048 18       		.uleb128 0x18
ARM GAS  C:\Users\ilias\AppData\Local\Temp\ccuzXXgF.s 			page 9


 384 0049 9642     		.uleb128 0x2116
 385 004b 19       		.uleb128 0x19
 386 004c 00       		.byte	0
 387 004d 00       		.byte	0
 388 004e 06       		.uleb128 0x6
 389 004f 2E       		.uleb128 0x2e
 390 0050 00       		.byte	0
 391 0051 3F       		.uleb128 0x3f
 392 0052 19       		.uleb128 0x19
 393 0053 03       		.uleb128 0x3
 394 0054 0E       		.uleb128 0xe
 395 0055 3A       		.uleb128 0x3a
 396 0056 0B       		.uleb128 0xb
 397 0057 3B       		.uleb128 0x3b
 398 0058 0B       		.uleb128 0xb
 399 0059 27       		.uleb128 0x27
 400 005a 19       		.uleb128 0x19
 401 005b 11       		.uleb128 0x11
 402 005c 01       		.uleb128 0x1
 403 005d 12       		.uleb128 0x12
 404 005e 06       		.uleb128 0x6
 405 005f 40       		.uleb128 0x40
 406 0060 18       		.uleb128 0x18
 407 0061 9642     		.uleb128 0x2116
 408 0063 19       		.uleb128 0x19
 409 0064 00       		.byte	0
 410 0065 00       		.byte	0
 411 0066 07       		.uleb128 0x7
 412 0067 2E       		.uleb128 0x2e
 413 0068 01       		.byte	0x1
 414 0069 3F       		.uleb128 0x3f
 415 006a 19       		.uleb128 0x19
 416 006b 03       		.uleb128 0x3
 417 006c 0E       		.uleb128 0xe
 418 006d 3A       		.uleb128 0x3a
 419 006e 0B       		.uleb128 0xb
 420 006f 3B       		.uleb128 0x3b
 421 0070 0B       		.uleb128 0xb
 422 0071 27       		.uleb128 0x27
 423 0072 19       		.uleb128 0x19
 424 0073 11       		.uleb128 0x11
 425 0074 01       		.uleb128 0x1
 426 0075 12       		.uleb128 0x12
 427 0076 06       		.uleb128 0x6
 428 0077 40       		.uleb128 0x40
 429 0078 18       		.uleb128 0x18
 430 0079 9642     		.uleb128 0x2116
 431 007b 19       		.uleb128 0x19
 432 007c 01       		.uleb128 0x1
 433 007d 13       		.uleb128 0x13
 434 007e 00       		.byte	0
 435 007f 00       		.byte	0
 436 0080 08       		.uleb128 0x8
 437 0081 34       		.uleb128 0x34
 438 0082 00       		.byte	0
 439 0083 03       		.uleb128 0x3
 440 0084 0E       		.uleb128 0xe
ARM GAS  C:\Users\ilias\AppData\Local\Temp\ccuzXXgF.s 			page 10


 441 0085 3A       		.uleb128 0x3a
 442 0086 0B       		.uleb128 0xb
 443 0087 3B       		.uleb128 0x3b
 444 0088 0B       		.uleb128 0xb
 445 0089 49       		.uleb128 0x49
 446 008a 13       		.uleb128 0x13
 447 008b 02       		.uleb128 0x2
 448 008c 18       		.uleb128 0x18
 449 008d 00       		.byte	0
 450 008e 00       		.byte	0
 451 008f 09       		.uleb128 0x9
 452 0090 34       		.uleb128 0x34
 453 0091 00       		.byte	0
 454 0092 03       		.uleb128 0x3
 455 0093 0E       		.uleb128 0xe
 456 0094 3A       		.uleb128 0x3a
 457 0095 0B       		.uleb128 0xb
 458 0096 3B       		.uleb128 0x3b
 459 0097 0B       		.uleb128 0xb
 460 0098 49       		.uleb128 0x49
 461 0099 13       		.uleb128 0x13
 462 009a 3F       		.uleb128 0x3f
 463 009b 19       		.uleb128 0x19
 464 009c 3C       		.uleb128 0x3c
 465 009d 19       		.uleb128 0x19
 466 009e 00       		.byte	0
 467 009f 00       		.byte	0
 468 00a0 00       		.byte	0
 469              		.section	.debug_aranges,"",%progbits
 470 0000 2C000000 		.4byte	0x2c
 471 0004 0200     		.2byte	0x2
 472 0006 00000000 		.4byte	.Ldebug_info0
 473 000a 04       		.byte	0x4
 474 000b 00       		.byte	0
 475 000c 0000     		.2byte	0
 476 000e 0000     		.2byte	0
 477 0010 00000000 		.4byte	.LFB37
 478 0014 2C000000 		.4byte	.LFE37-.LFB37
 479 0018 00000000 		.4byte	.LFB38
 480 001c 2C000000 		.4byte	.LFE38-.LFB38
 481 0020 00000000 		.4byte	.LFB39
 482 0024 34000000 		.4byte	.LFE39-.LFB39
 483 0028 00000000 		.4byte	0
 484 002c 00000000 		.4byte	0
 485              		.section	.debug_ranges,"",%progbits
 486              	.Ldebug_ranges0:
 487 0000 00000000 		.4byte	.LFB37
 488 0004 2C000000 		.4byte	.LFE37
 489 0008 00000000 		.4byte	.LFB38
 490 000c 2C000000 		.4byte	.LFE38
 491 0010 00000000 		.4byte	.LFB39
 492 0014 34000000 		.4byte	.LFE39
 493 0018 00000000 		.4byte	0
 494 001c 00000000 		.4byte	0
 495              		.section	.debug_line,"",%progbits
 496              	.Ldebug_line0:
 497 0000 87000000 		.section	.debug_str,"MS",%progbits,1
ARM GAS  C:\Users\ilias\AppData\Local\Temp\ccuzXXgF.s 			page 11


 497      02004300 
 497      00000201 
 497      FB0E0D00 
 497      01010101 
 498              	.LASF6:
 499 0000 6C6F6E67 		.ascii	"long long int\000"
 499      206C6F6E 
 499      6720696E 
 499      7400
 500              	.LASF10:
 501 000e 75696E74 		.ascii	"uint32\000"
 501      333200
 502              	.LASF8:
 503 0015 756E7369 		.ascii	"unsigned int\000"
 503      676E6564 
 503      20696E74 
 503      00
 504              	.LASF19:
 505 0022 6E657744 		.ascii	"newData\000"
 505      61746100 
 506              	.LASF21:
 507 002a 64657669 		.ascii	"deviceConnected\000"
 507      6365436F 
 507      6E6E6563 
 507      74656400 
 508              	.LASF9:
 509 003a 75696E74 		.ascii	"uint8\000"
 509      3800
 510              	.LASF5:
 511 0040 6C6F6E67 		.ascii	"long unsigned int\000"
 511      20756E73 
 511      69676E65 
 511      6420696E 
 511      7400
 512              	.LASF7:
 513 0052 6C6F6E67 		.ascii	"long long unsigned int\000"
 513      206C6F6E 
 513      6720756E 
 513      7369676E 
 513      65642069 
 514              	.LASF16:
 515 0069 496E6974 		.ascii	"InitializeSystem\000"
 515      69616C69 
 515      7A655379 
 515      7374656D 
 515      00
 516              	.LASF24:
 517 007a 453A5C43 		.ascii	"E:\\Cypress\\FirstApp\\TransferByte.cydsn\000"
 517      79707265 
 517      73735C46 
 517      69727374 
 517      4170705C 
 518              	.LASF18:
 519 00a1 6C617374 		.ascii	"lastData\000"
 519      44617461 
 519      00
 520              	.LASF13:
ARM GAS  C:\Users\ilias\AppData\Local\Temp\ccuzXXgF.s 			page 12


 521 00aa 63686172 		.ascii	"char\000"
 521      00
 522              	.LASF1:
 523 00af 756E7369 		.ascii	"unsigned char\000"
 523      676E6564 
 523      20636861 
 523      7200
 524              	.LASF15:
 525 00bd 6D61696E 		.ascii	"main\000"
 525      00
 526              	.LASF25:
 527 00c2 48616E64 		.ascii	"HandleData\000"
 527      6C654461 
 527      746100
 528              	.LASF4:
 529 00cd 6C6F6E67 		.ascii	"long int\000"
 529      20696E74 
 529      00
 530              	.LASF23:
 531 00d6 2E5C6D61 		.ascii	".\\main.c\000"
 531      696E2E63 
 531      00
 532              	.LASF12:
 533 00df 646F7562 		.ascii	"double\000"
 533      6C6500
 534              	.LASF3:
 535 00e6 73686F72 		.ascii	"short unsigned int\000"
 535      7420756E 
 535      7369676E 
 535      65642069 
 535      6E7400
 536              	.LASF0:
 537 00f9 7369676E 		.ascii	"signed char\000"
 537      65642063 
 537      68617200 
 538              	.LASF17:
 539 0105 73697A65 		.ascii	"size\000"
 539      00
 540              	.LASF20:
 541 010a 73656E64 		.ascii	"sendNotifications\000"
 541      4E6F7469 
 541      66696361 
 541      74696F6E 
 541      7300
 542              	.LASF11:
 543 011c 666C6F61 		.ascii	"float\000"
 543      7400
 544              	.LASF2:
 545 0122 73686F72 		.ascii	"short int\000"
 545      7420696E 
 545      7400
 546              	.LASF14:
 547 012c 73697A65 		.ascii	"sizetype\000"
 547      74797065 
 547      00
 548              	.LASF22:
 549 0135 474E5520 		.ascii	"GNU C 4.9.3 20150303 (release) [ARM/embedded-4_9-br"
ARM GAS  C:\Users\ilias\AppData\Local\Temp\ccuzXXgF.s 			page 13


 549      4320342E 
 549      392E3320 
 549      32303135 
 549      30333033 
 550 0168 616E6368 		.ascii	"anch revision 221220] -mcpu=cortex-m0 -mthumb -g -O"
 550      20726576 
 550      6973696F 
 550      6E203232 
 550      31323230 
 551 019b 30202D66 		.ascii	"0 -ffunction-sections -ffat-lto-objects\000"
 551      66756E63 
 551      74696F6E 
 551      2D736563 
 551      74696F6E 
 552              		.ident	"GCC: (GNU Tools for ARM Embedded Processors) 4.9.3 20150303 (release) [ARM/embedded-4_9-br
