ARM GAS  C:\Users\ilias\AppData\Local\Temp\ccTxJvGH.s 			page 1


   1              		.cpu cortex-m0
   2              		.fpu softvfp
   3              		.eabi_attribute 20, 1
   4              		.eabi_attribute 21, 1
   5              		.eabi_attribute 23, 3
   6              		.eabi_attribute 24, 1
   7              		.eabi_attribute 25, 1
   8              		.eabi_attribute 26, 1
   9              		.eabi_attribute 30, 6
  10              		.eabi_attribute 34, 0
  11              		.eabi_attribute 18, 4
  12              		.code	16
  13              		.file	"SCB_1.c"
  14              		.text
  15              	.Ltext0:
  16              		.cfi_sections	.debug_frame
  17              		.global	SCB_1_initVar
  18              		.bss
  19              		.type	SCB_1_initVar, %object
  20              		.size	SCB_1_initVar, 1
  21              	SCB_1_initVar:
  22 0000 00       		.space	1
  23              		.section	.text.SCB_1_Init,"ax",%progbits
  24              		.align	2
  25              		.global	SCB_1_Init
  26              		.code	16
  27              		.thumb_func
  28              		.type	SCB_1_Init, %function
  29              	SCB_1_Init:
  30              	.LFB2:
  31              		.file 1 ".\\Generated_Source\\PSoC4\\SCB_1.c"
   1:.\Generated_Source\PSoC4/SCB_1.c **** /*******************************************************************************
   2:.\Generated_Source\PSoC4/SCB_1.c **** * File Name: SCB_1.c
   3:.\Generated_Source\PSoC4/SCB_1.c **** * Version 3.10
   4:.\Generated_Source\PSoC4/SCB_1.c **** *
   5:.\Generated_Source\PSoC4/SCB_1.c **** * Description:
   6:.\Generated_Source\PSoC4/SCB_1.c **** *  This file provides the source code to the API for the SCB Component.
   7:.\Generated_Source\PSoC4/SCB_1.c **** *
   8:.\Generated_Source\PSoC4/SCB_1.c **** * Note:
   9:.\Generated_Source\PSoC4/SCB_1.c **** *
  10:.\Generated_Source\PSoC4/SCB_1.c **** *******************************************************************************
  11:.\Generated_Source\PSoC4/SCB_1.c **** * Copyright 2013-2015, Cypress Semiconductor Corporation.  All rights reserved.
  12:.\Generated_Source\PSoC4/SCB_1.c **** * You may use this file only in accordance with the license, terms, conditions,
  13:.\Generated_Source\PSoC4/SCB_1.c **** * disclaimers, and limitations in the end user license agreement accompanying
  14:.\Generated_Source\PSoC4/SCB_1.c **** * the software package with which this file was provided.
  15:.\Generated_Source\PSoC4/SCB_1.c **** *******************************************************************************/
  16:.\Generated_Source\PSoC4/SCB_1.c **** 
  17:.\Generated_Source\PSoC4/SCB_1.c **** #include "SCB_1_PVT.h"
  18:.\Generated_Source\PSoC4/SCB_1.c **** 
  19:.\Generated_Source\PSoC4/SCB_1.c **** #if (SCB_1_SCB_MODE_I2C_INC)
  20:.\Generated_Source\PSoC4/SCB_1.c ****     #include "SCB_1_I2C_PVT.h"
  21:.\Generated_Source\PSoC4/SCB_1.c **** #endif /* (SCB_1_SCB_MODE_I2C_INC) */
  22:.\Generated_Source\PSoC4/SCB_1.c **** 
  23:.\Generated_Source\PSoC4/SCB_1.c **** #if (SCB_1_SCB_MODE_EZI2C_INC)
  24:.\Generated_Source\PSoC4/SCB_1.c ****     #include "SCB_1_EZI2C_PVT.h"
  25:.\Generated_Source\PSoC4/SCB_1.c **** #endif /* (SCB_1_SCB_MODE_EZI2C_INC) */
  26:.\Generated_Source\PSoC4/SCB_1.c **** 
ARM GAS  C:\Users\ilias\AppData\Local\Temp\ccTxJvGH.s 			page 2


  27:.\Generated_Source\PSoC4/SCB_1.c **** #if (SCB_1_SCB_MODE_SPI_INC || SCB_1_SCB_MODE_UART_INC)
  28:.\Generated_Source\PSoC4/SCB_1.c ****     #include "SCB_1_SPI_UART_PVT.h"
  29:.\Generated_Source\PSoC4/SCB_1.c **** #endif /* (SCB_1_SCB_MODE_SPI_INC || SCB_1_SCB_MODE_UART_INC) */
  30:.\Generated_Source\PSoC4/SCB_1.c **** 
  31:.\Generated_Source\PSoC4/SCB_1.c **** 
  32:.\Generated_Source\PSoC4/SCB_1.c **** /***************************************
  33:.\Generated_Source\PSoC4/SCB_1.c **** *    Run Time Configuration Vars
  34:.\Generated_Source\PSoC4/SCB_1.c **** ***************************************/
  35:.\Generated_Source\PSoC4/SCB_1.c **** 
  36:.\Generated_Source\PSoC4/SCB_1.c **** /* Stores internal component configuration for Unconfigured mode */
  37:.\Generated_Source\PSoC4/SCB_1.c **** #if (SCB_1_SCB_MODE_UNCONFIG_CONST_CFG)
  38:.\Generated_Source\PSoC4/SCB_1.c ****     /* Common configuration variables */
  39:.\Generated_Source\PSoC4/SCB_1.c ****     uint8 SCB_1_scbMode = SCB_1_SCB_MODE_UNCONFIG;
  40:.\Generated_Source\PSoC4/SCB_1.c ****     uint8 SCB_1_scbEnableWake;
  41:.\Generated_Source\PSoC4/SCB_1.c ****     uint8 SCB_1_scbEnableIntr;
  42:.\Generated_Source\PSoC4/SCB_1.c **** 
  43:.\Generated_Source\PSoC4/SCB_1.c ****     /* I2C configuration variables */
  44:.\Generated_Source\PSoC4/SCB_1.c ****     uint8 SCB_1_mode;
  45:.\Generated_Source\PSoC4/SCB_1.c ****     uint8 SCB_1_acceptAddr;
  46:.\Generated_Source\PSoC4/SCB_1.c **** 
  47:.\Generated_Source\PSoC4/SCB_1.c ****     /* SPI/UART configuration variables */
  48:.\Generated_Source\PSoC4/SCB_1.c ****     volatile uint8 * SCB_1_rxBuffer;
  49:.\Generated_Source\PSoC4/SCB_1.c ****     uint8  SCB_1_rxDataBits;
  50:.\Generated_Source\PSoC4/SCB_1.c ****     uint32 SCB_1_rxBufferSize;
  51:.\Generated_Source\PSoC4/SCB_1.c **** 
  52:.\Generated_Source\PSoC4/SCB_1.c ****     volatile uint8 * SCB_1_txBuffer;
  53:.\Generated_Source\PSoC4/SCB_1.c ****     uint8  SCB_1_txDataBits;
  54:.\Generated_Source\PSoC4/SCB_1.c ****     uint32 SCB_1_txBufferSize;
  55:.\Generated_Source\PSoC4/SCB_1.c **** 
  56:.\Generated_Source\PSoC4/SCB_1.c ****     /* EZI2C configuration variables */
  57:.\Generated_Source\PSoC4/SCB_1.c ****     uint8 SCB_1_numberOfAddr;
  58:.\Generated_Source\PSoC4/SCB_1.c ****     uint8 SCB_1_subAddrSize;
  59:.\Generated_Source\PSoC4/SCB_1.c **** #endif /* (SCB_1_SCB_MODE_UNCONFIG_CONST_CFG) */
  60:.\Generated_Source\PSoC4/SCB_1.c **** 
  61:.\Generated_Source\PSoC4/SCB_1.c **** 
  62:.\Generated_Source\PSoC4/SCB_1.c **** /***************************************
  63:.\Generated_Source\PSoC4/SCB_1.c **** *     Common SCB Vars
  64:.\Generated_Source\PSoC4/SCB_1.c **** ***************************************/
  65:.\Generated_Source\PSoC4/SCB_1.c **** 
  66:.\Generated_Source\PSoC4/SCB_1.c **** uint8 SCB_1_initVar = 0u;
  67:.\Generated_Source\PSoC4/SCB_1.c **** 
  68:.\Generated_Source\PSoC4/SCB_1.c **** #if (SCB_1_SCB_IRQ_INTERNAL)
  69:.\Generated_Source\PSoC4/SCB_1.c **** #if !defined (CY_REMOVE_SCB_1_CUSTOM_INTR_HANDLER)
  70:.\Generated_Source\PSoC4/SCB_1.c ****     void (*SCB_1_customIntrHandler)(void) = NULL;
  71:.\Generated_Source\PSoC4/SCB_1.c **** #endif /* !defined (CY_REMOVE_SCB_1_CUSTOM_INTR_HANDLER) */
  72:.\Generated_Source\PSoC4/SCB_1.c **** #endif /* (SCB_1_SCB_IRQ_INTERNAL) */
  73:.\Generated_Source\PSoC4/SCB_1.c **** 
  74:.\Generated_Source\PSoC4/SCB_1.c **** 
  75:.\Generated_Source\PSoC4/SCB_1.c **** /***************************************
  76:.\Generated_Source\PSoC4/SCB_1.c **** *    Private Function Prototypes
  77:.\Generated_Source\PSoC4/SCB_1.c **** ***************************************/
  78:.\Generated_Source\PSoC4/SCB_1.c **** 
  79:.\Generated_Source\PSoC4/SCB_1.c **** static void SCB_1_ScbEnableIntr(void);
  80:.\Generated_Source\PSoC4/SCB_1.c **** static void SCB_1_ScbModeStop(void);
  81:.\Generated_Source\PSoC4/SCB_1.c **** static void SCB_1_ScbModePostEnable(void);
  82:.\Generated_Source\PSoC4/SCB_1.c **** 
  83:.\Generated_Source\PSoC4/SCB_1.c **** 
ARM GAS  C:\Users\ilias\AppData\Local\Temp\ccTxJvGH.s 			page 3


  84:.\Generated_Source\PSoC4/SCB_1.c **** /*******************************************************************************
  85:.\Generated_Source\PSoC4/SCB_1.c **** * Function Name: SCB_1_Init
  86:.\Generated_Source\PSoC4/SCB_1.c **** ********************************************************************************
  87:.\Generated_Source\PSoC4/SCB_1.c **** *
  88:.\Generated_Source\PSoC4/SCB_1.c **** * Summary:
  89:.\Generated_Source\PSoC4/SCB_1.c **** *  Initializes the SCB component to operate in one of the selected
  90:.\Generated_Source\PSoC4/SCB_1.c **** *  configurations: I2C, SPI, UART or EZI2C.
  91:.\Generated_Source\PSoC4/SCB_1.c **** *  When the configuration is set to "Unconfigured SCB", this function does
  92:.\Generated_Source\PSoC4/SCB_1.c **** *  not do any initialization. Use mode-specific initialization APIs instead:
  93:.\Generated_Source\PSoC4/SCB_1.c **** *  SCB_I2CInit, SCB_SpiInit, SCB_UartInit or SCB_EzI2CInit.
  94:.\Generated_Source\PSoC4/SCB_1.c **** *
  95:.\Generated_Source\PSoC4/SCB_1.c **** * Parameters:
  96:.\Generated_Source\PSoC4/SCB_1.c **** *  None
  97:.\Generated_Source\PSoC4/SCB_1.c **** *
  98:.\Generated_Source\PSoC4/SCB_1.c **** * Return:
  99:.\Generated_Source\PSoC4/SCB_1.c **** *  None
 100:.\Generated_Source\PSoC4/SCB_1.c **** *
 101:.\Generated_Source\PSoC4/SCB_1.c **** *******************************************************************************/
 102:.\Generated_Source\PSoC4/SCB_1.c **** void SCB_1_Init(void)
 103:.\Generated_Source\PSoC4/SCB_1.c **** {
  32              		.loc 1 103 0
  33              		.cfi_startproc
  34 0000 80B5     		push	{r7, lr}
  35              		.cfi_def_cfa_offset 8
  36              		.cfi_offset 7, -8
  37              		.cfi_offset 14, -4
  38 0002 00AF     		add	r7, sp, #0
  39              		.cfi_def_cfa_register 7
 104:.\Generated_Source\PSoC4/SCB_1.c **** #if (SCB_1_SCB_MODE_UNCONFIG_CONST_CFG)
 105:.\Generated_Source\PSoC4/SCB_1.c ****     if (SCB_1_SCB_MODE_UNCONFIG_RUNTM_CFG)
 106:.\Generated_Source\PSoC4/SCB_1.c ****     {
 107:.\Generated_Source\PSoC4/SCB_1.c ****         SCB_1_initVar = 0u;
 108:.\Generated_Source\PSoC4/SCB_1.c ****     }
 109:.\Generated_Source\PSoC4/SCB_1.c ****     else
 110:.\Generated_Source\PSoC4/SCB_1.c ****     {
 111:.\Generated_Source\PSoC4/SCB_1.c ****         /* Initialization was done before this function call */
 112:.\Generated_Source\PSoC4/SCB_1.c ****     }
 113:.\Generated_Source\PSoC4/SCB_1.c **** 
 114:.\Generated_Source\PSoC4/SCB_1.c **** #elif (SCB_1_SCB_MODE_I2C_CONST_CFG)
 115:.\Generated_Source\PSoC4/SCB_1.c ****     SCB_1_I2CInit();
 116:.\Generated_Source\PSoC4/SCB_1.c **** 
 117:.\Generated_Source\PSoC4/SCB_1.c **** #elif (SCB_1_SCB_MODE_SPI_CONST_CFG)
 118:.\Generated_Source\PSoC4/SCB_1.c ****     SCB_1_SpiInit();
  40              		.loc 1 118 0
  41 0004 FFF7FEFF 		bl	SCB_1_SpiInit
 119:.\Generated_Source\PSoC4/SCB_1.c **** 
 120:.\Generated_Source\PSoC4/SCB_1.c **** #elif (SCB_1_SCB_MODE_UART_CONST_CFG)
 121:.\Generated_Source\PSoC4/SCB_1.c ****     SCB_1_UartInit();
 122:.\Generated_Source\PSoC4/SCB_1.c **** 
 123:.\Generated_Source\PSoC4/SCB_1.c **** #elif (SCB_1_SCB_MODE_EZI2C_CONST_CFG)
 124:.\Generated_Source\PSoC4/SCB_1.c ****     SCB_1_EzI2CInit();
 125:.\Generated_Source\PSoC4/SCB_1.c **** 
 126:.\Generated_Source\PSoC4/SCB_1.c **** #endif /* (SCB_1_SCB_MODE_UNCONFIG_CONST_CFG) */
 127:.\Generated_Source\PSoC4/SCB_1.c **** }
  42              		.loc 1 127 0
  43 0008 BD46     		mov	sp, r7
  44              		@ sp needed
ARM GAS  C:\Users\ilias\AppData\Local\Temp\ccTxJvGH.s 			page 4


  45 000a 80BD     		pop	{r7, pc}
  46              		.cfi_endproc
  47              	.LFE2:
  48              		.size	SCB_1_Init, .-SCB_1_Init
  49              		.section	.text.SCB_1_Enable,"ax",%progbits
  50              		.align	2
  51              		.global	SCB_1_Enable
  52              		.code	16
  53              		.thumb_func
  54              		.type	SCB_1_Enable, %function
  55              	SCB_1_Enable:
  56              	.LFB3:
 128:.\Generated_Source\PSoC4/SCB_1.c **** 
 129:.\Generated_Source\PSoC4/SCB_1.c **** 
 130:.\Generated_Source\PSoC4/SCB_1.c **** /*******************************************************************************
 131:.\Generated_Source\PSoC4/SCB_1.c **** * Function Name: SCB_1_Enable
 132:.\Generated_Source\PSoC4/SCB_1.c **** ********************************************************************************
 133:.\Generated_Source\PSoC4/SCB_1.c **** *
 134:.\Generated_Source\PSoC4/SCB_1.c **** * Summary:
 135:.\Generated_Source\PSoC4/SCB_1.c **** *  Enables the SCB component operation.
 136:.\Generated_Source\PSoC4/SCB_1.c **** *  The SCB configuration should be not changed when the component is enabled.
 137:.\Generated_Source\PSoC4/SCB_1.c **** *  Any configuration changes should be made after disabling the component.
 138:.\Generated_Source\PSoC4/SCB_1.c **** *
 139:.\Generated_Source\PSoC4/SCB_1.c **** * Parameters:
 140:.\Generated_Source\PSoC4/SCB_1.c **** *  None
 141:.\Generated_Source\PSoC4/SCB_1.c **** *
 142:.\Generated_Source\PSoC4/SCB_1.c **** * Return:
 143:.\Generated_Source\PSoC4/SCB_1.c **** *  None
 144:.\Generated_Source\PSoC4/SCB_1.c **** *
 145:.\Generated_Source\PSoC4/SCB_1.c **** *******************************************************************************/
 146:.\Generated_Source\PSoC4/SCB_1.c **** void SCB_1_Enable(void)
 147:.\Generated_Source\PSoC4/SCB_1.c **** {
  57              		.loc 1 147 0
  58              		.cfi_startproc
  59 0000 80B5     		push	{r7, lr}
  60              		.cfi_def_cfa_offset 8
  61              		.cfi_offset 7, -8
  62              		.cfi_offset 14, -4
  63 0002 00AF     		add	r7, sp, #0
  64              		.cfi_def_cfa_register 7
 148:.\Generated_Source\PSoC4/SCB_1.c **** #if (SCB_1_SCB_MODE_UNCONFIG_CONST_CFG)
 149:.\Generated_Source\PSoC4/SCB_1.c ****     /* Enable SCB block, only if it is already configured */
 150:.\Generated_Source\PSoC4/SCB_1.c ****     if (!SCB_1_SCB_MODE_UNCONFIG_RUNTM_CFG)
 151:.\Generated_Source\PSoC4/SCB_1.c ****     {
 152:.\Generated_Source\PSoC4/SCB_1.c ****         SCB_1_CTRL_REG |= SCB_1_CTRL_ENABLED;
 153:.\Generated_Source\PSoC4/SCB_1.c **** 
 154:.\Generated_Source\PSoC4/SCB_1.c ****         SCB_1_ScbEnableIntr();
 155:.\Generated_Source\PSoC4/SCB_1.c **** 
 156:.\Generated_Source\PSoC4/SCB_1.c ****         /* Call PostEnable function specific to current operation mode */
 157:.\Generated_Source\PSoC4/SCB_1.c ****         SCB_1_ScbModePostEnable();
 158:.\Generated_Source\PSoC4/SCB_1.c ****     }
 159:.\Generated_Source\PSoC4/SCB_1.c **** #else
 160:.\Generated_Source\PSoC4/SCB_1.c ****     SCB_1_CTRL_REG |= SCB_1_CTRL_ENABLED;
  65              		.loc 1 160 0
  66 0004 064B     		ldr	r3, .L3
  67 0006 064A     		ldr	r2, .L3
  68 0008 1268     		ldr	r2, [r2]
ARM GAS  C:\Users\ilias\AppData\Local\Temp\ccTxJvGH.s 			page 5


  69 000a 8021     		mov	r1, #128
  70 000c 0906     		lsl	r1, r1, #24
  71 000e 0A43     		orr	r2, r1
  72 0010 1A60     		str	r2, [r3]
 161:.\Generated_Source\PSoC4/SCB_1.c **** 
 162:.\Generated_Source\PSoC4/SCB_1.c ****     SCB_1_ScbEnableIntr();
  73              		.loc 1 162 0
  74 0012 FFF7FEFF 		bl	SCB_1_ScbEnableIntr
 163:.\Generated_Source\PSoC4/SCB_1.c **** 
 164:.\Generated_Source\PSoC4/SCB_1.c ****     /* Call PostEnable function specific to current operation mode */
 165:.\Generated_Source\PSoC4/SCB_1.c ****     SCB_1_ScbModePostEnable();
  75              		.loc 1 165 0
  76 0016 FFF7FEFF 		bl	SCB_1_ScbModePostEnable
 166:.\Generated_Source\PSoC4/SCB_1.c **** #endif /* (SCB_1_SCB_MODE_UNCONFIG_CONST_CFG) */
 167:.\Generated_Source\PSoC4/SCB_1.c **** }
  77              		.loc 1 167 0
  78 001a BD46     		mov	sp, r7
  79              		@ sp needed
  80 001c 80BD     		pop	{r7, pc}
  81              	.L4:
  82 001e C046     		.align	2
  83              	.L3:
  84 0020 00002540 		.word	1076166656
  85              		.cfi_endproc
  86              	.LFE3:
  87              		.size	SCB_1_Enable, .-SCB_1_Enable
  88              		.section	.text.SCB_1_Start,"ax",%progbits
  89              		.align	2
  90              		.global	SCB_1_Start
  91              		.code	16
  92              		.thumb_func
  93              		.type	SCB_1_Start, %function
  94              	SCB_1_Start:
  95              	.LFB4:
 168:.\Generated_Source\PSoC4/SCB_1.c **** 
 169:.\Generated_Source\PSoC4/SCB_1.c **** 
 170:.\Generated_Source\PSoC4/SCB_1.c **** /*******************************************************************************
 171:.\Generated_Source\PSoC4/SCB_1.c **** * Function Name: SCB_1_Start
 172:.\Generated_Source\PSoC4/SCB_1.c **** ********************************************************************************
 173:.\Generated_Source\PSoC4/SCB_1.c **** *
 174:.\Generated_Source\PSoC4/SCB_1.c **** * Summary:
 175:.\Generated_Source\PSoC4/SCB_1.c **** *  Invokes SCB_Init() and SCB_Enable().
 176:.\Generated_Source\PSoC4/SCB_1.c **** *  After this function call, the component is enabled and ready for operation.
 177:.\Generated_Source\PSoC4/SCB_1.c **** *  When configuration is set to "Unconfigured SCB", the component must first be
 178:.\Generated_Source\PSoC4/SCB_1.c **** *  initialized to operate in one of the following configurations: I2C, SPI, UART
 179:.\Generated_Source\PSoC4/SCB_1.c **** *  or EZ I2C. Otherwise this function does not enable the component.
 180:.\Generated_Source\PSoC4/SCB_1.c **** *
 181:.\Generated_Source\PSoC4/SCB_1.c **** * Parameters:
 182:.\Generated_Source\PSoC4/SCB_1.c **** *  None
 183:.\Generated_Source\PSoC4/SCB_1.c **** *
 184:.\Generated_Source\PSoC4/SCB_1.c **** * Return:
 185:.\Generated_Source\PSoC4/SCB_1.c **** *  None
 186:.\Generated_Source\PSoC4/SCB_1.c **** *
 187:.\Generated_Source\PSoC4/SCB_1.c **** * Global variables:
 188:.\Generated_Source\PSoC4/SCB_1.c **** *  SCB_1_initVar - used to check initial configuration, modified
 189:.\Generated_Source\PSoC4/SCB_1.c **** *  on first function call.
 190:.\Generated_Source\PSoC4/SCB_1.c **** *
ARM GAS  C:\Users\ilias\AppData\Local\Temp\ccTxJvGH.s 			page 6


 191:.\Generated_Source\PSoC4/SCB_1.c **** *******************************************************************************/
 192:.\Generated_Source\PSoC4/SCB_1.c **** void SCB_1_Start(void)
 193:.\Generated_Source\PSoC4/SCB_1.c **** {
  96              		.loc 1 193 0
  97              		.cfi_startproc
  98 0000 80B5     		push	{r7, lr}
  99              		.cfi_def_cfa_offset 8
 100              		.cfi_offset 7, -8
 101              		.cfi_offset 14, -4
 102 0002 00AF     		add	r7, sp, #0
 103              		.cfi_def_cfa_register 7
 194:.\Generated_Source\PSoC4/SCB_1.c ****     if (0u == SCB_1_initVar)
 104              		.loc 1 194 0
 105 0004 064B     		ldr	r3, .L7
 106 0006 1B78     		ldrb	r3, [r3]
 107 0008 002B     		cmp	r3, #0
 108 000a 04D1     		bne	.L6
 195:.\Generated_Source\PSoC4/SCB_1.c ****     {
 196:.\Generated_Source\PSoC4/SCB_1.c ****         SCB_1_Init();
 109              		.loc 1 196 0
 110 000c FFF7FEFF 		bl	SCB_1_Init
 197:.\Generated_Source\PSoC4/SCB_1.c ****         SCB_1_initVar = 1u; /* Component was initialized */
 111              		.loc 1 197 0
 112 0010 034B     		ldr	r3, .L7
 113 0012 0122     		mov	r2, #1
 114 0014 1A70     		strb	r2, [r3]
 115              	.L6:
 198:.\Generated_Source\PSoC4/SCB_1.c ****     }
 199:.\Generated_Source\PSoC4/SCB_1.c **** 
 200:.\Generated_Source\PSoC4/SCB_1.c ****     SCB_1_Enable();
 116              		.loc 1 200 0
 117 0016 FFF7FEFF 		bl	SCB_1_Enable
 201:.\Generated_Source\PSoC4/SCB_1.c **** }
 118              		.loc 1 201 0
 119 001a BD46     		mov	sp, r7
 120              		@ sp needed
 121 001c 80BD     		pop	{r7, pc}
 122              	.L8:
 123 001e C046     		.align	2
 124              	.L7:
 125 0020 00000000 		.word	SCB_1_initVar
 126              		.cfi_endproc
 127              	.LFE4:
 128              		.size	SCB_1_Start, .-SCB_1_Start
 129              		.section	.text.SCB_1_Stop,"ax",%progbits
 130              		.align	2
 131              		.global	SCB_1_Stop
 132              		.code	16
 133              		.thumb_func
 134              		.type	SCB_1_Stop, %function
 135              	SCB_1_Stop:
 136              	.LFB5:
 202:.\Generated_Source\PSoC4/SCB_1.c **** 
 203:.\Generated_Source\PSoC4/SCB_1.c **** 
 204:.\Generated_Source\PSoC4/SCB_1.c **** /*******************************************************************************
 205:.\Generated_Source\PSoC4/SCB_1.c **** * Function Name: SCB_1_Stop
 206:.\Generated_Source\PSoC4/SCB_1.c **** ********************************************************************************
ARM GAS  C:\Users\ilias\AppData\Local\Temp\ccTxJvGH.s 			page 7


 207:.\Generated_Source\PSoC4/SCB_1.c **** *
 208:.\Generated_Source\PSoC4/SCB_1.c **** * Summary:
 209:.\Generated_Source\PSoC4/SCB_1.c **** *  Disables the SCB component and its interrupt.
 210:.\Generated_Source\PSoC4/SCB_1.c **** *  It also disables all TX interrupt sources so as not to cause an unexpected
 211:.\Generated_Source\PSoC4/SCB_1.c **** *  interrupt trigger because after the component is enabled, the TX FIFO 
 212:.\Generated_Source\PSoC4/SCB_1.c **** *  is empty.
 213:.\Generated_Source\PSoC4/SCB_1.c **** *
 214:.\Generated_Source\PSoC4/SCB_1.c **** * Parameters:
 215:.\Generated_Source\PSoC4/SCB_1.c **** *  None
 216:.\Generated_Source\PSoC4/SCB_1.c **** *
 217:.\Generated_Source\PSoC4/SCB_1.c **** * Return:
 218:.\Generated_Source\PSoC4/SCB_1.c **** *  None
 219:.\Generated_Source\PSoC4/SCB_1.c **** * 
 220:.\Generated_Source\PSoC4/SCB_1.c **** *******************************************************************************/
 221:.\Generated_Source\PSoC4/SCB_1.c **** void SCB_1_Stop(void)
 222:.\Generated_Source\PSoC4/SCB_1.c **** {
 137              		.loc 1 222 0
 138              		.cfi_startproc
 139 0000 80B5     		push	{r7, lr}
 140              		.cfi_def_cfa_offset 8
 141              		.cfi_offset 7, -8
 142              		.cfi_offset 14, -4
 143 0002 00AF     		add	r7, sp, #0
 144              		.cfi_def_cfa_register 7
 223:.\Generated_Source\PSoC4/SCB_1.c **** #if (SCB_1_SCB_IRQ_INTERNAL)
 224:.\Generated_Source\PSoC4/SCB_1.c ****     SCB_1_DisableInt();
 225:.\Generated_Source\PSoC4/SCB_1.c **** #endif /* (SCB_1_SCB_IRQ_INTERNAL) */
 226:.\Generated_Source\PSoC4/SCB_1.c **** 
 227:.\Generated_Source\PSoC4/SCB_1.c ****     /* Call Stop function specific to current operation mode */
 228:.\Generated_Source\PSoC4/SCB_1.c ****     SCB_1_ScbModeStop();
 145              		.loc 1 228 0
 146 0004 FFF7FEFF 		bl	SCB_1_ScbModeStop
 229:.\Generated_Source\PSoC4/SCB_1.c **** 
 230:.\Generated_Source\PSoC4/SCB_1.c ****     /* Disable SCB IP */
 231:.\Generated_Source\PSoC4/SCB_1.c ****     SCB_1_CTRL_REG &= (uint32) ~SCB_1_CTRL_ENABLED;
 147              		.loc 1 231 0
 148 0008 054B     		ldr	r3, .L10
 149 000a 054A     		ldr	r2, .L10
 150 000c 1268     		ldr	r2, [r2]
 151 000e 5200     		lsl	r2, r2, #1
 152 0010 5208     		lsr	r2, r2, #1
 153 0012 1A60     		str	r2, [r3]
 232:.\Generated_Source\PSoC4/SCB_1.c **** 
 233:.\Generated_Source\PSoC4/SCB_1.c ****     /* Disable all TX interrupt sources so as not to cause an unexpected
 234:.\Generated_Source\PSoC4/SCB_1.c ****     * interrupt trigger because after the component is enabled, the TX FIFO
 235:.\Generated_Source\PSoC4/SCB_1.c ****     * is empty.
 236:.\Generated_Source\PSoC4/SCB_1.c ****     * For SCB IP v0, it is critical as it does not mask-out interrupt
 237:.\Generated_Source\PSoC4/SCB_1.c ****     * sources when they are disabled. This can cause a code lock-up in the
 238:.\Generated_Source\PSoC4/SCB_1.c ****     * interrupt handler because TX FIFO cannot be loaded after the block
 239:.\Generated_Source\PSoC4/SCB_1.c ****     * is disabled.
 240:.\Generated_Source\PSoC4/SCB_1.c ****     */
 241:.\Generated_Source\PSoC4/SCB_1.c ****     SCB_1_SetTxInterruptMode(SCB_1_NO_INTR_SOURCES);
 154              		.loc 1 241 0
 155 0014 034B     		ldr	r3, .L10+4
 156 0016 0022     		mov	r2, #0
 157 0018 1A60     		str	r2, [r3]
 242:.\Generated_Source\PSoC4/SCB_1.c **** 
ARM GAS  C:\Users\ilias\AppData\Local\Temp\ccTxJvGH.s 			page 8


 243:.\Generated_Source\PSoC4/SCB_1.c **** #if (SCB_1_SCB_IRQ_INTERNAL)
 244:.\Generated_Source\PSoC4/SCB_1.c ****     SCB_1_ClearPendingInt();
 245:.\Generated_Source\PSoC4/SCB_1.c **** #endif /* (SCB_1_SCB_IRQ_INTERNAL) */
 246:.\Generated_Source\PSoC4/SCB_1.c **** }
 158              		.loc 1 246 0
 159 001a BD46     		mov	sp, r7
 160              		@ sp needed
 161 001c 80BD     		pop	{r7, pc}
 162              	.L11:
 163 001e C046     		.align	2
 164              	.L10:
 165 0020 00002540 		.word	1076166656
 166 0024 880F2540 		.word	1076170632
 167              		.cfi_endproc
 168              	.LFE5:
 169              		.size	SCB_1_Stop, .-SCB_1_Stop
 170              		.section	.text.SCB_1_SetRxFifoLevel,"ax",%progbits
 171              		.align	2
 172              		.global	SCB_1_SetRxFifoLevel
 173              		.code	16
 174              		.thumb_func
 175              		.type	SCB_1_SetRxFifoLevel, %function
 176              	SCB_1_SetRxFifoLevel:
 177              	.LFB6:
 247:.\Generated_Source\PSoC4/SCB_1.c **** 
 248:.\Generated_Source\PSoC4/SCB_1.c **** 
 249:.\Generated_Source\PSoC4/SCB_1.c **** /*******************************************************************************
 250:.\Generated_Source\PSoC4/SCB_1.c **** * Function Name: SCB_1_SetRxFifoLevel
 251:.\Generated_Source\PSoC4/SCB_1.c **** ********************************************************************************
 252:.\Generated_Source\PSoC4/SCB_1.c **** *
 253:.\Generated_Source\PSoC4/SCB_1.c **** * Summary:
 254:.\Generated_Source\PSoC4/SCB_1.c **** *  Sets level in the RX FIFO to generate a RX level interrupt.
 255:.\Generated_Source\PSoC4/SCB_1.c **** *  When the RX FIFO has more entries than the RX FIFO level an RX level
 256:.\Generated_Source\PSoC4/SCB_1.c **** *  interrupt request is generated.
 257:.\Generated_Source\PSoC4/SCB_1.c **** *
 258:.\Generated_Source\PSoC4/SCB_1.c **** * Parameters:
 259:.\Generated_Source\PSoC4/SCB_1.c **** *  level: Level in the RX FIFO to generate RX level interrupt.
 260:.\Generated_Source\PSoC4/SCB_1.c **** *         The range of valid level values is between 0 and RX FIFO depth - 1.
 261:.\Generated_Source\PSoC4/SCB_1.c **** *
 262:.\Generated_Source\PSoC4/SCB_1.c **** * Return:
 263:.\Generated_Source\PSoC4/SCB_1.c **** *  None
 264:.\Generated_Source\PSoC4/SCB_1.c **** *
 265:.\Generated_Source\PSoC4/SCB_1.c **** *******************************************************************************/
 266:.\Generated_Source\PSoC4/SCB_1.c **** void SCB_1_SetRxFifoLevel(uint32 level)
 267:.\Generated_Source\PSoC4/SCB_1.c **** {
 178              		.loc 1 267 0
 179              		.cfi_startproc
 180 0000 80B5     		push	{r7, lr}
 181              		.cfi_def_cfa_offset 8
 182              		.cfi_offset 7, -8
 183              		.cfi_offset 14, -4
 184 0002 84B0     		sub	sp, sp, #16
 185              		.cfi_def_cfa_offset 24
 186 0004 00AF     		add	r7, sp, #0
 187              		.cfi_def_cfa_register 7
 188 0006 7860     		str	r0, [r7, #4]
 268:.\Generated_Source\PSoC4/SCB_1.c ****     uint32 rxFifoCtrl;
ARM GAS  C:\Users\ilias\AppData\Local\Temp\ccTxJvGH.s 			page 9


 269:.\Generated_Source\PSoC4/SCB_1.c **** 
 270:.\Generated_Source\PSoC4/SCB_1.c ****     rxFifoCtrl = SCB_1_RX_FIFO_CTRL_REG;
 189              		.loc 1 270 0
 190 0008 094B     		ldr	r3, .L13
 191 000a 1B68     		ldr	r3, [r3]
 192 000c FB60     		str	r3, [r7, #12]
 271:.\Generated_Source\PSoC4/SCB_1.c **** 
 272:.\Generated_Source\PSoC4/SCB_1.c ****     rxFifoCtrl &= ((uint32) ~SCB_1_RX_FIFO_CTRL_TRIGGER_LEVEL_MASK); /* Clear level mask bits */
 193              		.loc 1 272 0
 194 000e FB68     		ldr	r3, [r7, #12]
 195 0010 0F22     		mov	r2, #15
 196 0012 9343     		bic	r3, r2
 197 0014 FB60     		str	r3, [r7, #12]
 273:.\Generated_Source\PSoC4/SCB_1.c ****     rxFifoCtrl |= ((uint32) (SCB_1_RX_FIFO_CTRL_TRIGGER_LEVEL_MASK & level));
 198              		.loc 1 273 0
 199 0016 7B68     		ldr	r3, [r7, #4]
 200 0018 0F22     		mov	r2, #15
 201 001a 1340     		and	r3, r2
 202 001c FA68     		ldr	r2, [r7, #12]
 203 001e 1343     		orr	r3, r2
 204 0020 FB60     		str	r3, [r7, #12]
 274:.\Generated_Source\PSoC4/SCB_1.c **** 
 275:.\Generated_Source\PSoC4/SCB_1.c ****     SCB_1_RX_FIFO_CTRL_REG = rxFifoCtrl;
 205              		.loc 1 275 0
 206 0022 034B     		ldr	r3, .L13
 207 0024 FA68     		ldr	r2, [r7, #12]
 208 0026 1A60     		str	r2, [r3]
 276:.\Generated_Source\PSoC4/SCB_1.c **** }
 209              		.loc 1 276 0
 210 0028 BD46     		mov	sp, r7
 211 002a 04B0     		add	sp, sp, #16
 212              		@ sp needed
 213 002c 80BD     		pop	{r7, pc}
 214              	.L14:
 215 002e C046     		.align	2
 216              	.L13:
 217 0030 04032540 		.word	1076167428
 218              		.cfi_endproc
 219              	.LFE6:
 220              		.size	SCB_1_SetRxFifoLevel, .-SCB_1_SetRxFifoLevel
 221              		.section	.text.SCB_1_SetTxFifoLevel,"ax",%progbits
 222              		.align	2
 223              		.global	SCB_1_SetTxFifoLevel
 224              		.code	16
 225              		.thumb_func
 226              		.type	SCB_1_SetTxFifoLevel, %function
 227              	SCB_1_SetTxFifoLevel:
 228              	.LFB7:
 277:.\Generated_Source\PSoC4/SCB_1.c **** 
 278:.\Generated_Source\PSoC4/SCB_1.c **** 
 279:.\Generated_Source\PSoC4/SCB_1.c **** /*******************************************************************************
 280:.\Generated_Source\PSoC4/SCB_1.c **** * Function Name: SCB_1_SetTxFifoLevel
 281:.\Generated_Source\PSoC4/SCB_1.c **** ********************************************************************************
 282:.\Generated_Source\PSoC4/SCB_1.c **** *
 283:.\Generated_Source\PSoC4/SCB_1.c **** * Summary:
 284:.\Generated_Source\PSoC4/SCB_1.c **** *  Sets level in the TX FIFO to generate a TX level interrupt.
 285:.\Generated_Source\PSoC4/SCB_1.c **** *  When the TX FIFO has more entries than the TX FIFO level an TX level
ARM GAS  C:\Users\ilias\AppData\Local\Temp\ccTxJvGH.s 			page 10


 286:.\Generated_Source\PSoC4/SCB_1.c **** *  interrupt request is generated.
 287:.\Generated_Source\PSoC4/SCB_1.c **** *
 288:.\Generated_Source\PSoC4/SCB_1.c **** * Parameters:
 289:.\Generated_Source\PSoC4/SCB_1.c **** *  level: Level in the TX FIFO to generate TX level interrupt.
 290:.\Generated_Source\PSoC4/SCB_1.c **** *         The range of valid level values is between 0 and TX FIFO depth - 1.
 291:.\Generated_Source\PSoC4/SCB_1.c **** *
 292:.\Generated_Source\PSoC4/SCB_1.c **** * Return:
 293:.\Generated_Source\PSoC4/SCB_1.c **** *  None
 294:.\Generated_Source\PSoC4/SCB_1.c **** *
 295:.\Generated_Source\PSoC4/SCB_1.c **** *******************************************************************************/
 296:.\Generated_Source\PSoC4/SCB_1.c **** void SCB_1_SetTxFifoLevel(uint32 level)
 297:.\Generated_Source\PSoC4/SCB_1.c **** {
 229              		.loc 1 297 0
 230              		.cfi_startproc
 231 0000 80B5     		push	{r7, lr}
 232              		.cfi_def_cfa_offset 8
 233              		.cfi_offset 7, -8
 234              		.cfi_offset 14, -4
 235 0002 84B0     		sub	sp, sp, #16
 236              		.cfi_def_cfa_offset 24
 237 0004 00AF     		add	r7, sp, #0
 238              		.cfi_def_cfa_register 7
 239 0006 7860     		str	r0, [r7, #4]
 298:.\Generated_Source\PSoC4/SCB_1.c ****     uint32 txFifoCtrl;
 299:.\Generated_Source\PSoC4/SCB_1.c **** 
 300:.\Generated_Source\PSoC4/SCB_1.c ****     txFifoCtrl = SCB_1_TX_FIFO_CTRL_REG;
 240              		.loc 1 300 0
 241 0008 094B     		ldr	r3, .L16
 242 000a 1B68     		ldr	r3, [r3]
 243 000c FB60     		str	r3, [r7, #12]
 301:.\Generated_Source\PSoC4/SCB_1.c **** 
 302:.\Generated_Source\PSoC4/SCB_1.c ****     txFifoCtrl &= ((uint32) ~SCB_1_TX_FIFO_CTRL_TRIGGER_LEVEL_MASK); /* Clear level mask bits */
 244              		.loc 1 302 0
 245 000e FB68     		ldr	r3, [r7, #12]
 246 0010 0F22     		mov	r2, #15
 247 0012 9343     		bic	r3, r2
 248 0014 FB60     		str	r3, [r7, #12]
 303:.\Generated_Source\PSoC4/SCB_1.c ****     txFifoCtrl |= ((uint32) (SCB_1_TX_FIFO_CTRL_TRIGGER_LEVEL_MASK & level));
 249              		.loc 1 303 0
 250 0016 7B68     		ldr	r3, [r7, #4]
 251 0018 0F22     		mov	r2, #15
 252 001a 1340     		and	r3, r2
 253 001c FA68     		ldr	r2, [r7, #12]
 254 001e 1343     		orr	r3, r2
 255 0020 FB60     		str	r3, [r7, #12]
 304:.\Generated_Source\PSoC4/SCB_1.c **** 
 305:.\Generated_Source\PSoC4/SCB_1.c ****     SCB_1_TX_FIFO_CTRL_REG = txFifoCtrl;
 256              		.loc 1 305 0
 257 0022 034B     		ldr	r3, .L16
 258 0024 FA68     		ldr	r2, [r7, #12]
 259 0026 1A60     		str	r2, [r3]
 306:.\Generated_Source\PSoC4/SCB_1.c **** }
 260              		.loc 1 306 0
 261 0028 BD46     		mov	sp, r7
 262 002a 04B0     		add	sp, sp, #16
 263              		@ sp needed
 264 002c 80BD     		pop	{r7, pc}
ARM GAS  C:\Users\ilias\AppData\Local\Temp\ccTxJvGH.s 			page 11


 265              	.L17:
 266 002e C046     		.align	2
 267              	.L16:
 268 0030 04022540 		.word	1076167172
 269              		.cfi_endproc
 270              	.LFE7:
 271              		.size	SCB_1_SetTxFifoLevel, .-SCB_1_SetTxFifoLevel
 272              		.section	.text.SCB_1_ScbEnableIntr,"ax",%progbits
 273              		.align	2
 274              		.code	16
 275              		.thumb_func
 276              		.type	SCB_1_ScbEnableIntr, %function
 277              	SCB_1_ScbEnableIntr:
 278              	.LFB8:
 307:.\Generated_Source\PSoC4/SCB_1.c **** 
 308:.\Generated_Source\PSoC4/SCB_1.c **** 
 309:.\Generated_Source\PSoC4/SCB_1.c **** #if (SCB_1_SCB_IRQ_INTERNAL)
 310:.\Generated_Source\PSoC4/SCB_1.c ****     /*******************************************************************************
 311:.\Generated_Source\PSoC4/SCB_1.c ****     * Function Name: SCB_1_SetCustomInterruptHandler
 312:.\Generated_Source\PSoC4/SCB_1.c ****     ********************************************************************************
 313:.\Generated_Source\PSoC4/SCB_1.c ****     *
 314:.\Generated_Source\PSoC4/SCB_1.c ****     * Summary:
 315:.\Generated_Source\PSoC4/SCB_1.c ****     *  Registers a function to be called by the internal interrupt handler.
 316:.\Generated_Source\PSoC4/SCB_1.c ****     *  First the function that is registered is called, then the internal interrupt
 317:.\Generated_Source\PSoC4/SCB_1.c ****     *  handler performs any operation such as software buffer management functions
 318:.\Generated_Source\PSoC4/SCB_1.c ****     *  before the interrupt returns.  It is the user's responsibility not to break
 319:.\Generated_Source\PSoC4/SCB_1.c ****     *  the software buffer operations. Only one custom handler is supported, which
 320:.\Generated_Source\PSoC4/SCB_1.c ****     *  is the function provided by the most recent call.
 321:.\Generated_Source\PSoC4/SCB_1.c ****     *  At the initialization time no custom handler is registered.
 322:.\Generated_Source\PSoC4/SCB_1.c ****     *
 323:.\Generated_Source\PSoC4/SCB_1.c ****     * Parameters:
 324:.\Generated_Source\PSoC4/SCB_1.c ****     *  func: Pointer to the function to register.
 325:.\Generated_Source\PSoC4/SCB_1.c ****     *        The value NULL indicates to remove the current custom interrupt
 326:.\Generated_Source\PSoC4/SCB_1.c ****     *        handler.
 327:.\Generated_Source\PSoC4/SCB_1.c ****     *
 328:.\Generated_Source\PSoC4/SCB_1.c ****     * Return:
 329:.\Generated_Source\PSoC4/SCB_1.c ****     *  None
 330:.\Generated_Source\PSoC4/SCB_1.c ****     *
 331:.\Generated_Source\PSoC4/SCB_1.c ****     *******************************************************************************/
 332:.\Generated_Source\PSoC4/SCB_1.c ****     void SCB_1_SetCustomInterruptHandler(void (*func)(void))
 333:.\Generated_Source\PSoC4/SCB_1.c ****     {
 334:.\Generated_Source\PSoC4/SCB_1.c ****     #if !defined (CY_REMOVE_SCB_1_CUSTOM_INTR_HANDLER)
 335:.\Generated_Source\PSoC4/SCB_1.c ****         SCB_1_customIntrHandler = func; /* Register interrupt handler */
 336:.\Generated_Source\PSoC4/SCB_1.c ****     #else
 337:.\Generated_Source\PSoC4/SCB_1.c ****         if (NULL != func)
 338:.\Generated_Source\PSoC4/SCB_1.c ****         {
 339:.\Generated_Source\PSoC4/SCB_1.c ****             /* Suppress compiler warning */
 340:.\Generated_Source\PSoC4/SCB_1.c ****         }
 341:.\Generated_Source\PSoC4/SCB_1.c ****     #endif /* !defined (CY_REMOVE_SCB_1_CUSTOM_INTR_HANDLER) */
 342:.\Generated_Source\PSoC4/SCB_1.c ****     }
 343:.\Generated_Source\PSoC4/SCB_1.c **** #endif /* (SCB_1_SCB_IRQ_INTERNAL) */
 344:.\Generated_Source\PSoC4/SCB_1.c **** 
 345:.\Generated_Source\PSoC4/SCB_1.c **** 
 346:.\Generated_Source\PSoC4/SCB_1.c **** /*******************************************************************************
 347:.\Generated_Source\PSoC4/SCB_1.c **** * Function Name: SCB_1_ScbModeEnableIntr
 348:.\Generated_Source\PSoC4/SCB_1.c **** ********************************************************************************
 349:.\Generated_Source\PSoC4/SCB_1.c **** *
ARM GAS  C:\Users\ilias\AppData\Local\Temp\ccTxJvGH.s 			page 12


 350:.\Generated_Source\PSoC4/SCB_1.c **** * Summary:
 351:.\Generated_Source\PSoC4/SCB_1.c **** *  Enables an interrupt for a specific mode.
 352:.\Generated_Source\PSoC4/SCB_1.c **** *
 353:.\Generated_Source\PSoC4/SCB_1.c **** * Parameters:
 354:.\Generated_Source\PSoC4/SCB_1.c **** *  None
 355:.\Generated_Source\PSoC4/SCB_1.c **** *
 356:.\Generated_Source\PSoC4/SCB_1.c **** * Return:
 357:.\Generated_Source\PSoC4/SCB_1.c **** *  None
 358:.\Generated_Source\PSoC4/SCB_1.c **** *
 359:.\Generated_Source\PSoC4/SCB_1.c **** *******************************************************************************/
 360:.\Generated_Source\PSoC4/SCB_1.c **** static void SCB_1_ScbEnableIntr(void)
 361:.\Generated_Source\PSoC4/SCB_1.c **** {
 279              		.loc 1 361 0
 280              		.cfi_startproc
 281 0000 80B5     		push	{r7, lr}
 282              		.cfi_def_cfa_offset 8
 283              		.cfi_offset 7, -8
 284              		.cfi_offset 14, -4
 285 0002 00AF     		add	r7, sp, #0
 286              		.cfi_def_cfa_register 7
 362:.\Generated_Source\PSoC4/SCB_1.c **** #if (SCB_1_SCB_IRQ_INTERNAL)
 363:.\Generated_Source\PSoC4/SCB_1.c ****     /* Enable interrupt in NVIC */
 364:.\Generated_Source\PSoC4/SCB_1.c ****     #if (SCB_1_SCB_MODE_UNCONFIG_CONST_CFG)
 365:.\Generated_Source\PSoC4/SCB_1.c ****         if (0u != SCB_1_scbEnableIntr)
 366:.\Generated_Source\PSoC4/SCB_1.c ****         {
 367:.\Generated_Source\PSoC4/SCB_1.c ****             SCB_1_EnableInt();
 368:.\Generated_Source\PSoC4/SCB_1.c ****         }
 369:.\Generated_Source\PSoC4/SCB_1.c **** 
 370:.\Generated_Source\PSoC4/SCB_1.c ****     #else
 371:.\Generated_Source\PSoC4/SCB_1.c ****         SCB_1_EnableInt();
 372:.\Generated_Source\PSoC4/SCB_1.c **** 
 373:.\Generated_Source\PSoC4/SCB_1.c ****     #endif /* (SCB_1_SCB_MODE_UNCONFIG_CONST_CFG) */
 374:.\Generated_Source\PSoC4/SCB_1.c **** #endif /* (SCB_1_SCB_IRQ_INTERNAL) */
 375:.\Generated_Source\PSoC4/SCB_1.c **** }
 287              		.loc 1 375 0
 288 0004 BD46     		mov	sp, r7
 289              		@ sp needed
 290 0006 80BD     		pop	{r7, pc}
 291              		.cfi_endproc
 292              	.LFE8:
 293              		.size	SCB_1_ScbEnableIntr, .-SCB_1_ScbEnableIntr
 294              		.section	.text.SCB_1_ScbModePostEnable,"ax",%progbits
 295              		.align	2
 296              		.code	16
 297              		.thumb_func
 298              		.type	SCB_1_ScbModePostEnable, %function
 299              	SCB_1_ScbModePostEnable:
 300              	.LFB9:
 376:.\Generated_Source\PSoC4/SCB_1.c **** 
 377:.\Generated_Source\PSoC4/SCB_1.c **** 
 378:.\Generated_Source\PSoC4/SCB_1.c **** /*******************************************************************************
 379:.\Generated_Source\PSoC4/SCB_1.c **** * Function Name: SCB_1_ScbModePostEnable
 380:.\Generated_Source\PSoC4/SCB_1.c **** ********************************************************************************
 381:.\Generated_Source\PSoC4/SCB_1.c **** *
 382:.\Generated_Source\PSoC4/SCB_1.c **** * Summary:
 383:.\Generated_Source\PSoC4/SCB_1.c **** *  Calls the PostEnable function for a specific operation mode.
 384:.\Generated_Source\PSoC4/SCB_1.c **** *
ARM GAS  C:\Users\ilias\AppData\Local\Temp\ccTxJvGH.s 			page 13


 385:.\Generated_Source\PSoC4/SCB_1.c **** * Parameters:
 386:.\Generated_Source\PSoC4/SCB_1.c **** *  None
 387:.\Generated_Source\PSoC4/SCB_1.c **** *
 388:.\Generated_Source\PSoC4/SCB_1.c **** * Return:
 389:.\Generated_Source\PSoC4/SCB_1.c **** *  None
 390:.\Generated_Source\PSoC4/SCB_1.c **** *
 391:.\Generated_Source\PSoC4/SCB_1.c **** *******************************************************************************/
 392:.\Generated_Source\PSoC4/SCB_1.c **** static void SCB_1_ScbModePostEnable(void)
 393:.\Generated_Source\PSoC4/SCB_1.c **** {
 301              		.loc 1 393 0
 302              		.cfi_startproc
 303 0000 80B5     		push	{r7, lr}
 304              		.cfi_def_cfa_offset 8
 305              		.cfi_offset 7, -8
 306              		.cfi_offset 14, -4
 307 0002 00AF     		add	r7, sp, #0
 308              		.cfi_def_cfa_register 7
 394:.\Generated_Source\PSoC4/SCB_1.c **** #if (SCB_1_SCB_MODE_UNCONFIG_CONST_CFG)
 395:.\Generated_Source\PSoC4/SCB_1.c **** #if (!SCB_1_CY_SCBIP_V1)
 396:.\Generated_Source\PSoC4/SCB_1.c ****     if (SCB_1_SCB_MODE_SPI_RUNTM_CFG)
 397:.\Generated_Source\PSoC4/SCB_1.c ****     {
 398:.\Generated_Source\PSoC4/SCB_1.c ****         SCB_1_SpiPostEnable();
 399:.\Generated_Source\PSoC4/SCB_1.c ****     }
 400:.\Generated_Source\PSoC4/SCB_1.c ****     else if (SCB_1_SCB_MODE_UART_RUNTM_CFG)
 401:.\Generated_Source\PSoC4/SCB_1.c ****     {
 402:.\Generated_Source\PSoC4/SCB_1.c ****         SCB_1_UartPostEnable();
 403:.\Generated_Source\PSoC4/SCB_1.c ****     }
 404:.\Generated_Source\PSoC4/SCB_1.c ****     else
 405:.\Generated_Source\PSoC4/SCB_1.c ****     {
 406:.\Generated_Source\PSoC4/SCB_1.c ****         /* Unknown mode: do nothing */
 407:.\Generated_Source\PSoC4/SCB_1.c ****     }
 408:.\Generated_Source\PSoC4/SCB_1.c **** #endif /* (!SCB_1_CY_SCBIP_V1) */
 409:.\Generated_Source\PSoC4/SCB_1.c **** 
 410:.\Generated_Source\PSoC4/SCB_1.c **** #elif (SCB_1_SCB_MODE_SPI_CONST_CFG)
 411:.\Generated_Source\PSoC4/SCB_1.c ****     SCB_1_SpiPostEnable();
 309              		.loc 1 411 0
 310 0004 FFF7FEFF 		bl	SCB_1_SpiPostEnable
 412:.\Generated_Source\PSoC4/SCB_1.c **** 
 413:.\Generated_Source\PSoC4/SCB_1.c **** #elif (SCB_1_SCB_MODE_UART_CONST_CFG)
 414:.\Generated_Source\PSoC4/SCB_1.c ****     SCB_1_UartPostEnable();
 415:.\Generated_Source\PSoC4/SCB_1.c **** 
 416:.\Generated_Source\PSoC4/SCB_1.c **** #else
 417:.\Generated_Source\PSoC4/SCB_1.c ****     /* Unknown mode: do nothing */
 418:.\Generated_Source\PSoC4/SCB_1.c **** #endif /* (SCB_1_SCB_MODE_UNCONFIG_CONST_CFG) */
 419:.\Generated_Source\PSoC4/SCB_1.c **** }
 311              		.loc 1 419 0
 312 0008 BD46     		mov	sp, r7
 313              		@ sp needed
 314 000a 80BD     		pop	{r7, pc}
 315              		.cfi_endproc
 316              	.LFE9:
 317              		.size	SCB_1_ScbModePostEnable, .-SCB_1_ScbModePostEnable
 318              		.section	.text.SCB_1_ScbModeStop,"ax",%progbits
 319              		.align	2
 320              		.code	16
 321              		.thumb_func
 322              		.type	SCB_1_ScbModeStop, %function
ARM GAS  C:\Users\ilias\AppData\Local\Temp\ccTxJvGH.s 			page 14


 323              	SCB_1_ScbModeStop:
 324              	.LFB10:
 420:.\Generated_Source\PSoC4/SCB_1.c **** 
 421:.\Generated_Source\PSoC4/SCB_1.c **** 
 422:.\Generated_Source\PSoC4/SCB_1.c **** /*******************************************************************************
 423:.\Generated_Source\PSoC4/SCB_1.c **** * Function Name: SCB_1_ScbModeStop
 424:.\Generated_Source\PSoC4/SCB_1.c **** ********************************************************************************
 425:.\Generated_Source\PSoC4/SCB_1.c **** *
 426:.\Generated_Source\PSoC4/SCB_1.c **** * Summary:
 427:.\Generated_Source\PSoC4/SCB_1.c **** *  Calls the Stop function for a specific operation mode.
 428:.\Generated_Source\PSoC4/SCB_1.c **** *
 429:.\Generated_Source\PSoC4/SCB_1.c **** * Parameters:
 430:.\Generated_Source\PSoC4/SCB_1.c **** *  None
 431:.\Generated_Source\PSoC4/SCB_1.c **** *
 432:.\Generated_Source\PSoC4/SCB_1.c **** * Return:
 433:.\Generated_Source\PSoC4/SCB_1.c **** *  None
 434:.\Generated_Source\PSoC4/SCB_1.c **** *
 435:.\Generated_Source\PSoC4/SCB_1.c **** *******************************************************************************/
 436:.\Generated_Source\PSoC4/SCB_1.c **** static void SCB_1_ScbModeStop(void)
 437:.\Generated_Source\PSoC4/SCB_1.c **** {
 325              		.loc 1 437 0
 326              		.cfi_startproc
 327 0000 80B5     		push	{r7, lr}
 328              		.cfi_def_cfa_offset 8
 329              		.cfi_offset 7, -8
 330              		.cfi_offset 14, -4
 331 0002 00AF     		add	r7, sp, #0
 332              		.cfi_def_cfa_register 7
 438:.\Generated_Source\PSoC4/SCB_1.c **** #if (SCB_1_SCB_MODE_UNCONFIG_CONST_CFG)
 439:.\Generated_Source\PSoC4/SCB_1.c ****     if (SCB_1_SCB_MODE_I2C_RUNTM_CFG)
 440:.\Generated_Source\PSoC4/SCB_1.c ****     {
 441:.\Generated_Source\PSoC4/SCB_1.c ****         SCB_1_I2CStop();
 442:.\Generated_Source\PSoC4/SCB_1.c ****     }
 443:.\Generated_Source\PSoC4/SCB_1.c ****     else if (SCB_1_SCB_MODE_EZI2C_RUNTM_CFG)
 444:.\Generated_Source\PSoC4/SCB_1.c ****     {
 445:.\Generated_Source\PSoC4/SCB_1.c ****         SCB_1_EzI2CStop();
 446:.\Generated_Source\PSoC4/SCB_1.c ****     }
 447:.\Generated_Source\PSoC4/SCB_1.c **** #if (!SCB_1_CY_SCBIP_V1)
 448:.\Generated_Source\PSoC4/SCB_1.c ****     else if (SCB_1_SCB_MODE_SPI_RUNTM_CFG)
 449:.\Generated_Source\PSoC4/SCB_1.c ****     {
 450:.\Generated_Source\PSoC4/SCB_1.c ****         SCB_1_SpiStop();
 451:.\Generated_Source\PSoC4/SCB_1.c ****     }
 452:.\Generated_Source\PSoC4/SCB_1.c ****     else if (SCB_1_SCB_MODE_UART_RUNTM_CFG)
 453:.\Generated_Source\PSoC4/SCB_1.c ****     {
 454:.\Generated_Source\PSoC4/SCB_1.c ****         SCB_1_UartStop();
 455:.\Generated_Source\PSoC4/SCB_1.c ****     }
 456:.\Generated_Source\PSoC4/SCB_1.c **** #endif /* (!SCB_1_CY_SCBIP_V1) */
 457:.\Generated_Source\PSoC4/SCB_1.c ****     else
 458:.\Generated_Source\PSoC4/SCB_1.c ****     {
 459:.\Generated_Source\PSoC4/SCB_1.c ****         /* Unknown mode: do nothing */
 460:.\Generated_Source\PSoC4/SCB_1.c ****     }
 461:.\Generated_Source\PSoC4/SCB_1.c **** #elif (SCB_1_SCB_MODE_I2C_CONST_CFG)
 462:.\Generated_Source\PSoC4/SCB_1.c ****     SCB_1_I2CStop();
 463:.\Generated_Source\PSoC4/SCB_1.c **** 
 464:.\Generated_Source\PSoC4/SCB_1.c **** #elif (SCB_1_SCB_MODE_EZI2C_CONST_CFG)
 465:.\Generated_Source\PSoC4/SCB_1.c ****     SCB_1_EzI2CStop();
 466:.\Generated_Source\PSoC4/SCB_1.c **** 
ARM GAS  C:\Users\ilias\AppData\Local\Temp\ccTxJvGH.s 			page 15


 467:.\Generated_Source\PSoC4/SCB_1.c **** #elif (SCB_1_SCB_MODE_SPI_CONST_CFG)
 468:.\Generated_Source\PSoC4/SCB_1.c ****     SCB_1_SpiStop();
 333              		.loc 1 468 0
 334 0004 FFF7FEFF 		bl	SCB_1_SpiStop
 469:.\Generated_Source\PSoC4/SCB_1.c **** 
 470:.\Generated_Source\PSoC4/SCB_1.c **** #elif (SCB_1_SCB_MODE_UART_CONST_CFG)
 471:.\Generated_Source\PSoC4/SCB_1.c ****     SCB_1_UartStop();
 472:.\Generated_Source\PSoC4/SCB_1.c **** 
 473:.\Generated_Source\PSoC4/SCB_1.c **** #else
 474:.\Generated_Source\PSoC4/SCB_1.c ****     /* Unknown mode: do nothing */
 475:.\Generated_Source\PSoC4/SCB_1.c **** #endif /* (SCB_1_SCB_MODE_UNCONFIG_CONST_CFG) */
 476:.\Generated_Source\PSoC4/SCB_1.c **** }
 335              		.loc 1 476 0
 336 0008 BD46     		mov	sp, r7
 337              		@ sp needed
 338 000a 80BD     		pop	{r7, pc}
 339              		.cfi_endproc
 340              	.LFE10:
 341              		.size	SCB_1_ScbModeStop, .-SCB_1_ScbModeStop
 342              		.text
 343              	.Letext0:
 344              		.file 2 "Generated_Source\\PSoC4/cytypes.h"
 345              		.section	.debug_info,"",%progbits
 346              	.Ldebug_info0:
 347 0000 A2010000 		.4byte	0x1a2
 348 0004 0400     		.2byte	0x4
 349 0006 00000000 		.4byte	.Ldebug_abbrev0
 350 000a 04       		.byte	0x4
 351 000b 01       		.uleb128 0x1
 352 000c BA000000 		.4byte	.LASF28
 353 0010 01       		.byte	0x1
 354 0011 13000000 		.4byte	.LASF29
 355 0015 5A010000 		.4byte	.LASF30
 356 0019 00000000 		.4byte	.Ldebug_ranges0+0
 357 001d 00000000 		.4byte	0
 358 0021 00000000 		.4byte	.Ldebug_line0
 359 0025 02       		.uleb128 0x2
 360 0026 01       		.byte	0x1
 361 0027 06       		.byte	0x6
 362 0028 3D020000 		.4byte	.LASF0
 363 002c 02       		.uleb128 0x2
 364 002d 01       		.byte	0x1
 365 002e 08       		.byte	0x8
 366 002f 8D000000 		.4byte	.LASF1
 367 0033 02       		.uleb128 0x2
 368 0034 02       		.byte	0x2
 369 0035 05       		.byte	0x5
 370 0036 EB010000 		.4byte	.LASF2
 371 003a 02       		.uleb128 0x2
 372 003b 02       		.byte	0x2
 373 003c 07       		.byte	0x7
 374 003d 5F000000 		.4byte	.LASF3
 375 0041 02       		.uleb128 0x2
 376 0042 04       		.byte	0x4
 377 0043 05       		.byte	0x5
 378 0044 1F020000 		.4byte	.LASF4
 379 0048 02       		.uleb128 0x2
ARM GAS  C:\Users\ilias\AppData\Local\Temp\ccTxJvGH.s 			page 16


 380 0049 04       		.byte	0x4
 381 004a 07       		.byte	0x7
 382 004b 9B000000 		.4byte	.LASF5
 383 004f 02       		.uleb128 0x2
 384 0050 08       		.byte	0x8
 385 0051 05       		.byte	0x5
 386 0052 D8010000 		.4byte	.LASF6
 387 0056 02       		.uleb128 0x2
 388 0057 08       		.byte	0x8
 389 0058 07       		.byte	0x7
 390 0059 8E010000 		.4byte	.LASF7
 391 005d 03       		.uleb128 0x3
 392 005e 04       		.byte	0x4
 393 005f 05       		.byte	0x5
 394 0060 696E7400 		.ascii	"int\000"
 395 0064 02       		.uleb128 0x2
 396 0065 04       		.byte	0x4
 397 0066 07       		.byte	0x7
 398 0067 81010000 		.4byte	.LASF8
 399 006b 04       		.uleb128 0x4
 400 006c AD000000 		.4byte	.LASF9
 401 0070 02       		.byte	0x2
 402 0071 3801     		.2byte	0x138
 403 0073 2C000000 		.4byte	0x2c
 404 0077 04       		.uleb128 0x4
 405 0078 53010000 		.4byte	.LASF10
 406 007c 02       		.byte	0x2
 407 007d 3A01     		.2byte	0x13a
 408 007f 48000000 		.4byte	0x48
 409 0083 02       		.uleb128 0x2
 410 0084 04       		.byte	0x4
 411 0085 04       		.byte	0x4
 412 0086 87000000 		.4byte	.LASF11
 413 008a 02       		.uleb128 0x2
 414 008b 08       		.byte	0x8
 415 008c 04       		.byte	0x4
 416 008d B3000000 		.4byte	.LASF12
 417 0091 02       		.uleb128 0x2
 418 0092 01       		.byte	0x1
 419 0093 08       		.byte	0x8
 420 0094 E6010000 		.4byte	.LASF13
 421 0098 04       		.uleb128 0x4
 422 0099 0D000000 		.4byte	.LASF14
 423 009d 02       		.byte	0x2
 424 009e E401     		.2byte	0x1e4
 425 00a0 A4000000 		.4byte	0xa4
 426 00a4 05       		.uleb128 0x5
 427 00a5 77000000 		.4byte	0x77
 428 00a9 02       		.uleb128 0x2
 429 00aa 04       		.byte	0x4
 430 00ab 07       		.byte	0x7
 431 00ac CF010000 		.4byte	.LASF15
 432 00b0 06       		.uleb128 0x6
 433 00b1 48010000 		.4byte	.LASF16
 434 00b5 01       		.byte	0x1
 435 00b6 66       		.byte	0x66
 436 00b7 00000000 		.4byte	.LFB2
ARM GAS  C:\Users\ilias\AppData\Local\Temp\ccTxJvGH.s 			page 17


 437 00bb 0C000000 		.4byte	.LFE2-.LFB2
 438 00bf 01       		.uleb128 0x1
 439 00c0 9C       		.byte	0x9c
 440 00c1 06       		.uleb128 0x6
 441 00c2 00000000 		.4byte	.LASF17
 442 00c6 01       		.byte	0x1
 443 00c7 92       		.byte	0x92
 444 00c8 00000000 		.4byte	.LFB3
 445 00cc 24000000 		.4byte	.LFE3-.LFB3
 446 00d0 01       		.uleb128 0x1
 447 00d1 9C       		.byte	0x9c
 448 00d2 06       		.uleb128 0x6
 449 00d3 3F000000 		.4byte	.LASF18
 450 00d7 01       		.byte	0x1
 451 00d8 C0       		.byte	0xc0
 452 00d9 00000000 		.4byte	.LFB4
 453 00dd 24000000 		.4byte	.LFE4-.LFB4
 454 00e1 01       		.uleb128 0x1
 455 00e2 9C       		.byte	0x9c
 456 00e3 06       		.uleb128 0x6
 457 00e4 09020000 		.4byte	.LASF19
 458 00e8 01       		.byte	0x1
 459 00e9 DD       		.byte	0xdd
 460 00ea 00000000 		.4byte	.LFB5
 461 00ee 28000000 		.4byte	.LFE5-.LFB5
 462 00f2 01       		.uleb128 0x1
 463 00f3 9C       		.byte	0x9c
 464 00f4 07       		.uleb128 0x7
 465 00f5 28020000 		.4byte	.LASF20
 466 00f9 01       		.byte	0x1
 467 00fa 0A01     		.2byte	0x10a
 468 00fc 00000000 		.4byte	.LFB6
 469 0100 34000000 		.4byte	.LFE6-.LFB6
 470 0104 01       		.uleb128 0x1
 471 0105 9C       		.byte	0x9c
 472 0106 29010000 		.4byte	0x129
 473 010a 08       		.uleb128 0x8
 474 010b 4B000000 		.4byte	.LASF22
 475 010f 01       		.byte	0x1
 476 0110 0A01     		.2byte	0x10a
 477 0112 77000000 		.4byte	0x77
 478 0116 02       		.uleb128 0x2
 479 0117 91       		.byte	0x91
 480 0118 6C       		.sleb128 -20
 481 0119 09       		.uleb128 0x9
 482 011a 14020000 		.4byte	.LASF23
 483 011e 01       		.byte	0x1
 484 011f 0C01     		.2byte	0x10c
 485 0121 77000000 		.4byte	0x77
 486 0125 02       		.uleb128 0x2
 487 0126 91       		.byte	0x91
 488 0127 74       		.sleb128 -12
 489 0128 00       		.byte	0
 490 0129 07       		.uleb128 0x7
 491 012a 72000000 		.4byte	.LASF21
 492 012e 01       		.byte	0x1
 493 012f 2801     		.2byte	0x128
ARM GAS  C:\Users\ilias\AppData\Local\Temp\ccTxJvGH.s 			page 18


 494 0131 00000000 		.4byte	.LFB7
 495 0135 34000000 		.4byte	.LFE7-.LFB7
 496 0139 01       		.uleb128 0x1
 497 013a 9C       		.byte	0x9c
 498 013b 5E010000 		.4byte	0x15e
 499 013f 08       		.uleb128 0x8
 500 0140 4B000000 		.4byte	.LASF22
 501 0144 01       		.byte	0x1
 502 0145 2801     		.2byte	0x128
 503 0147 77000000 		.4byte	0x77
 504 014b 02       		.uleb128 0x2
 505 014c 91       		.byte	0x91
 506 014d 6C       		.sleb128 -20
 507 014e 09       		.uleb128 0x9
 508 014f 34000000 		.4byte	.LASF24
 509 0153 01       		.byte	0x1
 510 0154 2A01     		.2byte	0x12a
 511 0156 77000000 		.4byte	0x77
 512 015a 02       		.uleb128 0x2
 513 015b 91       		.byte	0x91
 514 015c 74       		.sleb128 -12
 515 015d 00       		.byte	0
 516 015e 0A       		.uleb128 0xa
 517 015f F5010000 		.4byte	.LASF25
 518 0163 01       		.byte	0x1
 519 0164 6801     		.2byte	0x168
 520 0166 00000000 		.4byte	.LFB8
 521 016a 08000000 		.4byte	.LFE8-.LFB8
 522 016e 01       		.uleb128 0x1
 523 016f 9C       		.byte	0x9c
 524 0170 0B       		.uleb128 0xb
 525 0171 A5010000 		.4byte	.LASF26
 526 0175 01       		.byte	0x1
 527 0176 8801     		.2byte	0x188
 528 0178 00000000 		.4byte	.LFB9
 529 017c 0C000000 		.4byte	.LFE9-.LFB9
 530 0180 01       		.uleb128 0x1
 531 0181 9C       		.byte	0x9c
 532 0182 0B       		.uleb128 0xb
 533 0183 BD010000 		.4byte	.LASF27
 534 0187 01       		.byte	0x1
 535 0188 B401     		.2byte	0x1b4
 536 018a 00000000 		.4byte	.LFB10
 537 018e 0C000000 		.4byte	.LFE10-.LFB10
 538 0192 01       		.uleb128 0x1
 539 0193 9C       		.byte	0x9c
 540 0194 0C       		.uleb128 0xc
 541 0195 51000000 		.4byte	.LASF31
 542 0199 01       		.byte	0x1
 543 019a 42       		.byte	0x42
 544 019b 6B000000 		.4byte	0x6b
 545 019f 05       		.uleb128 0x5
 546 01a0 03       		.byte	0x3
 547 01a1 00000000 		.4byte	SCB_1_initVar
 548 01a5 00       		.byte	0
 549              		.section	.debug_abbrev,"",%progbits
 550              	.Ldebug_abbrev0:
ARM GAS  C:\Users\ilias\AppData\Local\Temp\ccTxJvGH.s 			page 19


 551 0000 01       		.uleb128 0x1
 552 0001 11       		.uleb128 0x11
 553 0002 01       		.byte	0x1
 554 0003 25       		.uleb128 0x25
 555 0004 0E       		.uleb128 0xe
 556 0005 13       		.uleb128 0x13
 557 0006 0B       		.uleb128 0xb
 558 0007 03       		.uleb128 0x3
 559 0008 0E       		.uleb128 0xe
 560 0009 1B       		.uleb128 0x1b
 561 000a 0E       		.uleb128 0xe
 562 000b 55       		.uleb128 0x55
 563 000c 17       		.uleb128 0x17
 564 000d 11       		.uleb128 0x11
 565 000e 01       		.uleb128 0x1
 566 000f 10       		.uleb128 0x10
 567 0010 17       		.uleb128 0x17
 568 0011 00       		.byte	0
 569 0012 00       		.byte	0
 570 0013 02       		.uleb128 0x2
 571 0014 24       		.uleb128 0x24
 572 0015 00       		.byte	0
 573 0016 0B       		.uleb128 0xb
 574 0017 0B       		.uleb128 0xb
 575 0018 3E       		.uleb128 0x3e
 576 0019 0B       		.uleb128 0xb
 577 001a 03       		.uleb128 0x3
 578 001b 0E       		.uleb128 0xe
 579 001c 00       		.byte	0
 580 001d 00       		.byte	0
 581 001e 03       		.uleb128 0x3
 582 001f 24       		.uleb128 0x24
 583 0020 00       		.byte	0
 584 0021 0B       		.uleb128 0xb
 585 0022 0B       		.uleb128 0xb
 586 0023 3E       		.uleb128 0x3e
 587 0024 0B       		.uleb128 0xb
 588 0025 03       		.uleb128 0x3
 589 0026 08       		.uleb128 0x8
 590 0027 00       		.byte	0
 591 0028 00       		.byte	0
 592 0029 04       		.uleb128 0x4
 593 002a 16       		.uleb128 0x16
 594 002b 00       		.byte	0
 595 002c 03       		.uleb128 0x3
 596 002d 0E       		.uleb128 0xe
 597 002e 3A       		.uleb128 0x3a
 598 002f 0B       		.uleb128 0xb
 599 0030 3B       		.uleb128 0x3b
 600 0031 05       		.uleb128 0x5
 601 0032 49       		.uleb128 0x49
 602 0033 13       		.uleb128 0x13
 603 0034 00       		.byte	0
 604 0035 00       		.byte	0
 605 0036 05       		.uleb128 0x5
 606 0037 35       		.uleb128 0x35
 607 0038 00       		.byte	0
ARM GAS  C:\Users\ilias\AppData\Local\Temp\ccTxJvGH.s 			page 20


 608 0039 49       		.uleb128 0x49
 609 003a 13       		.uleb128 0x13
 610 003b 00       		.byte	0
 611 003c 00       		.byte	0
 612 003d 06       		.uleb128 0x6
 613 003e 2E       		.uleb128 0x2e
 614 003f 00       		.byte	0
 615 0040 3F       		.uleb128 0x3f
 616 0041 19       		.uleb128 0x19
 617 0042 03       		.uleb128 0x3
 618 0043 0E       		.uleb128 0xe
 619 0044 3A       		.uleb128 0x3a
 620 0045 0B       		.uleb128 0xb
 621 0046 3B       		.uleb128 0x3b
 622 0047 0B       		.uleb128 0xb
 623 0048 27       		.uleb128 0x27
 624 0049 19       		.uleb128 0x19
 625 004a 11       		.uleb128 0x11
 626 004b 01       		.uleb128 0x1
 627 004c 12       		.uleb128 0x12
 628 004d 06       		.uleb128 0x6
 629 004e 40       		.uleb128 0x40
 630 004f 18       		.uleb128 0x18
 631 0050 9642     		.uleb128 0x2116
 632 0052 19       		.uleb128 0x19
 633 0053 00       		.byte	0
 634 0054 00       		.byte	0
 635 0055 07       		.uleb128 0x7
 636 0056 2E       		.uleb128 0x2e
 637 0057 01       		.byte	0x1
 638 0058 3F       		.uleb128 0x3f
 639 0059 19       		.uleb128 0x19
 640 005a 03       		.uleb128 0x3
 641 005b 0E       		.uleb128 0xe
 642 005c 3A       		.uleb128 0x3a
 643 005d 0B       		.uleb128 0xb
 644 005e 3B       		.uleb128 0x3b
 645 005f 05       		.uleb128 0x5
 646 0060 27       		.uleb128 0x27
 647 0061 19       		.uleb128 0x19
 648 0062 11       		.uleb128 0x11
 649 0063 01       		.uleb128 0x1
 650 0064 12       		.uleb128 0x12
 651 0065 06       		.uleb128 0x6
 652 0066 40       		.uleb128 0x40
 653 0067 18       		.uleb128 0x18
 654 0068 9742     		.uleb128 0x2117
 655 006a 19       		.uleb128 0x19
 656 006b 01       		.uleb128 0x1
 657 006c 13       		.uleb128 0x13
 658 006d 00       		.byte	0
 659 006e 00       		.byte	0
 660 006f 08       		.uleb128 0x8
 661 0070 05       		.uleb128 0x5
 662 0071 00       		.byte	0
 663 0072 03       		.uleb128 0x3
 664 0073 0E       		.uleb128 0xe
ARM GAS  C:\Users\ilias\AppData\Local\Temp\ccTxJvGH.s 			page 21


 665 0074 3A       		.uleb128 0x3a
 666 0075 0B       		.uleb128 0xb
 667 0076 3B       		.uleb128 0x3b
 668 0077 05       		.uleb128 0x5
 669 0078 49       		.uleb128 0x49
 670 0079 13       		.uleb128 0x13
 671 007a 02       		.uleb128 0x2
 672 007b 18       		.uleb128 0x18
 673 007c 00       		.byte	0
 674 007d 00       		.byte	0
 675 007e 09       		.uleb128 0x9
 676 007f 34       		.uleb128 0x34
 677 0080 00       		.byte	0
 678 0081 03       		.uleb128 0x3
 679 0082 0E       		.uleb128 0xe
 680 0083 3A       		.uleb128 0x3a
 681 0084 0B       		.uleb128 0xb
 682 0085 3B       		.uleb128 0x3b
 683 0086 05       		.uleb128 0x5
 684 0087 49       		.uleb128 0x49
 685 0088 13       		.uleb128 0x13
 686 0089 02       		.uleb128 0x2
 687 008a 18       		.uleb128 0x18
 688 008b 00       		.byte	0
 689 008c 00       		.byte	0
 690 008d 0A       		.uleb128 0xa
 691 008e 2E       		.uleb128 0x2e
 692 008f 00       		.byte	0
 693 0090 03       		.uleb128 0x3
 694 0091 0E       		.uleb128 0xe
 695 0092 3A       		.uleb128 0x3a
 696 0093 0B       		.uleb128 0xb
 697 0094 3B       		.uleb128 0x3b
 698 0095 05       		.uleb128 0x5
 699 0096 27       		.uleb128 0x27
 700 0097 19       		.uleb128 0x19
 701 0098 11       		.uleb128 0x11
 702 0099 01       		.uleb128 0x1
 703 009a 12       		.uleb128 0x12
 704 009b 06       		.uleb128 0x6
 705 009c 40       		.uleb128 0x40
 706 009d 18       		.uleb128 0x18
 707 009e 9742     		.uleb128 0x2117
 708 00a0 19       		.uleb128 0x19
 709 00a1 00       		.byte	0
 710 00a2 00       		.byte	0
 711 00a3 0B       		.uleb128 0xb
 712 00a4 2E       		.uleb128 0x2e
 713 00a5 00       		.byte	0
 714 00a6 03       		.uleb128 0x3
 715 00a7 0E       		.uleb128 0xe
 716 00a8 3A       		.uleb128 0x3a
 717 00a9 0B       		.uleb128 0xb
 718 00aa 3B       		.uleb128 0x3b
 719 00ab 05       		.uleb128 0x5
 720 00ac 27       		.uleb128 0x27
 721 00ad 19       		.uleb128 0x19
ARM GAS  C:\Users\ilias\AppData\Local\Temp\ccTxJvGH.s 			page 22


 722 00ae 11       		.uleb128 0x11
 723 00af 01       		.uleb128 0x1
 724 00b0 12       		.uleb128 0x12
 725 00b1 06       		.uleb128 0x6
 726 00b2 40       		.uleb128 0x40
 727 00b3 18       		.uleb128 0x18
 728 00b4 9642     		.uleb128 0x2116
 729 00b6 19       		.uleb128 0x19
 730 00b7 00       		.byte	0
 731 00b8 00       		.byte	0
 732 00b9 0C       		.uleb128 0xc
 733 00ba 34       		.uleb128 0x34
 734 00bb 00       		.byte	0
 735 00bc 03       		.uleb128 0x3
 736 00bd 0E       		.uleb128 0xe
 737 00be 3A       		.uleb128 0x3a
 738 00bf 0B       		.uleb128 0xb
 739 00c0 3B       		.uleb128 0x3b
 740 00c1 0B       		.uleb128 0xb
 741 00c2 49       		.uleb128 0x49
 742 00c3 13       		.uleb128 0x13
 743 00c4 3F       		.uleb128 0x3f
 744 00c5 19       		.uleb128 0x19
 745 00c6 02       		.uleb128 0x2
 746 00c7 18       		.uleb128 0x18
 747 00c8 00       		.byte	0
 748 00c9 00       		.byte	0
 749 00ca 00       		.byte	0
 750              		.section	.debug_aranges,"",%progbits
 751 0000 5C000000 		.4byte	0x5c
 752 0004 0200     		.2byte	0x2
 753 0006 00000000 		.4byte	.Ldebug_info0
 754 000a 04       		.byte	0x4
 755 000b 00       		.byte	0
 756 000c 0000     		.2byte	0
 757 000e 0000     		.2byte	0
 758 0010 00000000 		.4byte	.LFB2
 759 0014 0C000000 		.4byte	.LFE2-.LFB2
 760 0018 00000000 		.4byte	.LFB3
 761 001c 24000000 		.4byte	.LFE3-.LFB3
 762 0020 00000000 		.4byte	.LFB4
 763 0024 24000000 		.4byte	.LFE4-.LFB4
 764 0028 00000000 		.4byte	.LFB5
 765 002c 28000000 		.4byte	.LFE5-.LFB5
 766 0030 00000000 		.4byte	.LFB6
 767 0034 34000000 		.4byte	.LFE6-.LFB6
 768 0038 00000000 		.4byte	.LFB7
 769 003c 34000000 		.4byte	.LFE7-.LFB7
 770 0040 00000000 		.4byte	.LFB8
 771 0044 08000000 		.4byte	.LFE8-.LFB8
 772 0048 00000000 		.4byte	.LFB9
 773 004c 0C000000 		.4byte	.LFE9-.LFB9
 774 0050 00000000 		.4byte	.LFB10
 775 0054 0C000000 		.4byte	.LFE10-.LFB10
 776 0058 00000000 		.4byte	0
 777 005c 00000000 		.4byte	0
 778              		.section	.debug_ranges,"",%progbits
ARM GAS  C:\Users\ilias\AppData\Local\Temp\ccTxJvGH.s 			page 23


 779              	.Ldebug_ranges0:
 780 0000 00000000 		.4byte	.LFB2
 781 0004 0C000000 		.4byte	.LFE2
 782 0008 00000000 		.4byte	.LFB3
 783 000c 24000000 		.4byte	.LFE3
 784 0010 00000000 		.4byte	.LFB4
 785 0014 24000000 		.4byte	.LFE4
 786 0018 00000000 		.4byte	.LFB5
 787 001c 28000000 		.4byte	.LFE5
 788 0020 00000000 		.4byte	.LFB6
 789 0024 34000000 		.4byte	.LFE6
 790 0028 00000000 		.4byte	.LFB7
 791 002c 34000000 		.4byte	.LFE7
 792 0030 00000000 		.4byte	.LFB8
 793 0034 08000000 		.4byte	.LFE8
 794 0038 00000000 		.4byte	.LFB9
 795 003c 0C000000 		.4byte	.LFE9
 796 0040 00000000 		.4byte	.LFB10
 797 0044 0C000000 		.4byte	.LFE10
 798 0048 00000000 		.4byte	0
 799 004c 00000000 		.4byte	0
 800              		.section	.debug_line,"",%progbits
 801              	.Ldebug_line0:
 802 0000 1D010000 		.section	.debug_str,"MS",%progbits,1
 802      02005B00 
 802      00000201 
 802      FB0E0D00 
 802      01010101 
 803              	.LASF17:
 804 0000 5343425F 		.ascii	"SCB_1_Enable\000"
 804      315F456E 
 804      61626C65 
 804      00
 805              	.LASF14:
 806 000d 72656733 		.ascii	"reg32\000"
 806      3200
 807              	.LASF29:
 808 0013 2E5C4765 		.ascii	".\\Generated_Source\\PSoC4\\SCB_1.c\000"
 808      6E657261 
 808      7465645F 
 808      536F7572 
 808      63655C50 
 809              	.LASF24:
 810 0034 74784669 		.ascii	"txFifoCtrl\000"
 810      666F4374 
 810      726C00
 811              	.LASF18:
 812 003f 5343425F 		.ascii	"SCB_1_Start\000"
 812      315F5374 
 812      61727400 
 813              	.LASF22:
 814 004b 6C657665 		.ascii	"level\000"
 814      6C00
 815              	.LASF31:
 816 0051 5343425F 		.ascii	"SCB_1_initVar\000"
 816      315F696E 
 816      69745661 
ARM GAS  C:\Users\ilias\AppData\Local\Temp\ccTxJvGH.s 			page 24


 816      7200
 817              	.LASF3:
 818 005f 73686F72 		.ascii	"short unsigned int\000"
 818      7420756E 
 818      7369676E 
 818      65642069 
 818      6E7400
 819              	.LASF21:
 820 0072 5343425F 		.ascii	"SCB_1_SetTxFifoLevel\000"
 820      315F5365 
 820      74547846 
 820      69666F4C 
 820      6576656C 
 821              	.LASF11:
 822 0087 666C6F61 		.ascii	"float\000"
 822      7400
 823              	.LASF1:
 824 008d 756E7369 		.ascii	"unsigned char\000"
 824      676E6564 
 824      20636861 
 824      7200
 825              	.LASF5:
 826 009b 6C6F6E67 		.ascii	"long unsigned int\000"
 826      20756E73 
 826      69676E65 
 826      6420696E 
 826      7400
 827              	.LASF9:
 828 00ad 75696E74 		.ascii	"uint8\000"
 828      3800
 829              	.LASF12:
 830 00b3 646F7562 		.ascii	"double\000"
 830      6C6500
 831              	.LASF28:
 832 00ba 474E5520 		.ascii	"GNU C 4.9.3 20150303 (release) [ARM/embedded-4_9-br"
 832      4320342E 
 832      392E3320 
 832      32303135 
 832      30333033 
 833 00ed 616E6368 		.ascii	"anch revision 221220] -mcpu=cortex-m0 -mthumb -g -O"
 833      20726576 
 833      6973696F 
 833      6E203232 
 833      31323230 
 834 0120 30202D66 		.ascii	"0 -ffunction-sections -ffat-lto-objects\000"
 834      66756E63 
 834      74696F6E 
 834      2D736563 
 834      74696F6E 
 835              	.LASF16:
 836 0148 5343425F 		.ascii	"SCB_1_Init\000"
 836      315F496E 
 836      697400
 837              	.LASF10:
 838 0153 75696E74 		.ascii	"uint32\000"
 838      333200
 839              	.LASF30:
ARM GAS  C:\Users\ilias\AppData\Local\Temp\ccTxJvGH.s 			page 25


 840 015a 453A5C43 		.ascii	"E:\\Cypress\\FirstApp\\TransferByte.cydsn\000"
 840      79707265 
 840      73735C46 
 840      69727374 
 840      4170705C 
 841              	.LASF8:
 842 0181 756E7369 		.ascii	"unsigned int\000"
 842      676E6564 
 842      20696E74 
 842      00
 843              	.LASF7:
 844 018e 6C6F6E67 		.ascii	"long long unsigned int\000"
 844      206C6F6E 
 844      6720756E 
 844      7369676E 
 844      65642069 
 845              	.LASF26:
 846 01a5 5343425F 		.ascii	"SCB_1_ScbModePostEnable\000"
 846      315F5363 
 846      624D6F64 
 846      65506F73 
 846      74456E61 
 847              	.LASF27:
 848 01bd 5343425F 		.ascii	"SCB_1_ScbModeStop\000"
 848      315F5363 
 848      624D6F64 
 848      6553746F 
 848      7000
 849              	.LASF15:
 850 01cf 73697A65 		.ascii	"sizetype\000"
 850      74797065 
 850      00
 851              	.LASF6:
 852 01d8 6C6F6E67 		.ascii	"long long int\000"
 852      206C6F6E 
 852      6720696E 
 852      7400
 853              	.LASF13:
 854 01e6 63686172 		.ascii	"char\000"
 854      00
 855              	.LASF2:
 856 01eb 73686F72 		.ascii	"short int\000"
 856      7420696E 
 856      7400
 857              	.LASF25:
 858 01f5 5343425F 		.ascii	"SCB_1_ScbEnableIntr\000"
 858      315F5363 
 858      62456E61 
 858      626C6549 
 858      6E747200 
 859              	.LASF19:
 860 0209 5343425F 		.ascii	"SCB_1_Stop\000"
 860      315F5374 
 860      6F7000
 861              	.LASF23:
 862 0214 72784669 		.ascii	"rxFifoCtrl\000"
 862      666F4374 
ARM GAS  C:\Users\ilias\AppData\Local\Temp\ccTxJvGH.s 			page 26


 862      726C00
 863              	.LASF4:
 864 021f 6C6F6E67 		.ascii	"long int\000"
 864      20696E74 
 864      00
 865              	.LASF20:
 866 0228 5343425F 		.ascii	"SCB_1_SetRxFifoLevel\000"
 866      315F5365 
 866      74527846 
 866      69666F4C 
 866      6576656C 
 867              	.LASF0:
 868 023d 7369676E 		.ascii	"signed char\000"
 868      65642063 
 868      68617200 
 869              		.ident	"GCC: (GNU Tools for ARM Embedded Processors) 4.9.3 20150303 (release) [ARM/embedded-4_9-br
