ARM GAS  C:\Users\ilias\AppData\Local\Temp\ccbDwCrd.s 			page 1


   1              		.cpu cortex-m0
   2              		.fpu softvfp
   3              		.eabi_attribute 20, 1
   4              		.eabi_attribute 21, 1
   5              		.eabi_attribute 23, 3
   6              		.eabi_attribute 24, 1
   7              		.eabi_attribute 25, 1
   8              		.eabi_attribute 26, 1
   9              		.eabi_attribute 30, 6
  10              		.eabi_attribute 34, 0
  11              		.eabi_attribute 18, 4
  12              		.code	16
  13              		.file	"UART_1_SPI_UART.c"
  14              		.text
  15              	.Ltext0:
  16              		.cfi_sections	.debug_frame
  17              		.comm	UART_1_rxBufferHead,4,4
  18              		.comm	UART_1_rxBufferTail,4,4
  19              		.comm	UART_1_rxBufferOverflow,1,1
  20              		.comm	UART_1_txBufferHead,4,4
  21              		.comm	UART_1_txBufferTail,4,4
  22              		.comm	UART_1_rxBufferInternal,2049,4
  23              		.comm	UART_1_txBufferInternal,2048,4
  24              		.section	.text.UART_1_SpiUartReadRxData,"ax",%progbits
  25              		.align	2
  26              		.global	UART_1_SpiUartReadRxData
  27              		.code	16
  28              		.thumb_func
  29              		.type	UART_1_SpiUartReadRxData, %function
  30              	UART_1_SpiUartReadRxData:
  31              	.LFB2:
  32              		.file 1 ".\\Generated_Source\\PSoC4\\UART_1_SPI_UART.c"
   1:.\Generated_Source\PSoC4/UART_1_SPI_UART.c **** /*******************************************************************************
   2:.\Generated_Source\PSoC4/UART_1_SPI_UART.c **** * File Name: UART_1_SPI_UART.c
   3:.\Generated_Source\PSoC4/UART_1_SPI_UART.c **** * Version 3.10
   4:.\Generated_Source\PSoC4/UART_1_SPI_UART.c **** *
   5:.\Generated_Source\PSoC4/UART_1_SPI_UART.c **** * Description:
   6:.\Generated_Source\PSoC4/UART_1_SPI_UART.c **** *  This file provides the source code to the API for the SCB Component in
   7:.\Generated_Source\PSoC4/UART_1_SPI_UART.c **** *  SPI and UART modes.
   8:.\Generated_Source\PSoC4/UART_1_SPI_UART.c **** *
   9:.\Generated_Source\PSoC4/UART_1_SPI_UART.c **** * Note:
  10:.\Generated_Source\PSoC4/UART_1_SPI_UART.c **** *
  11:.\Generated_Source\PSoC4/UART_1_SPI_UART.c **** *******************************************************************************
  12:.\Generated_Source\PSoC4/UART_1_SPI_UART.c **** * Copyright 2013-2015, Cypress Semiconductor Corporation.  All rights reserved.
  13:.\Generated_Source\PSoC4/UART_1_SPI_UART.c **** * You may use this file only in accordance with the license, terms, conditions,
  14:.\Generated_Source\PSoC4/UART_1_SPI_UART.c **** * disclaimers, and limitations in the end user license agreement accompanying
  15:.\Generated_Source\PSoC4/UART_1_SPI_UART.c **** * the software package with which this file was provided.
  16:.\Generated_Source\PSoC4/UART_1_SPI_UART.c **** *******************************************************************************/
  17:.\Generated_Source\PSoC4/UART_1_SPI_UART.c **** 
  18:.\Generated_Source\PSoC4/UART_1_SPI_UART.c **** #include "UART_1_PVT.h"
  19:.\Generated_Source\PSoC4/UART_1_SPI_UART.c **** #include "UART_1_SPI_UART_PVT.h"
  20:.\Generated_Source\PSoC4/UART_1_SPI_UART.c **** 
  21:.\Generated_Source\PSoC4/UART_1_SPI_UART.c **** /***************************************
  22:.\Generated_Source\PSoC4/UART_1_SPI_UART.c **** *        SPI/UART Private Vars
  23:.\Generated_Source\PSoC4/UART_1_SPI_UART.c **** ***************************************/
  24:.\Generated_Source\PSoC4/UART_1_SPI_UART.c **** 
  25:.\Generated_Source\PSoC4/UART_1_SPI_UART.c **** #if(UART_1_INTERNAL_RX_SW_BUFFER_CONST)
ARM GAS  C:\Users\ilias\AppData\Local\Temp\ccbDwCrd.s 			page 2


  26:.\Generated_Source\PSoC4/UART_1_SPI_UART.c ****     volatile uint32 UART_1_rxBufferHead;
  27:.\Generated_Source\PSoC4/UART_1_SPI_UART.c ****     volatile uint32 UART_1_rxBufferTail;
  28:.\Generated_Source\PSoC4/UART_1_SPI_UART.c ****     volatile uint8  UART_1_rxBufferOverflow;
  29:.\Generated_Source\PSoC4/UART_1_SPI_UART.c **** #endif /* (UART_1_INTERNAL_RX_SW_BUFFER_CONST) */
  30:.\Generated_Source\PSoC4/UART_1_SPI_UART.c **** 
  31:.\Generated_Source\PSoC4/UART_1_SPI_UART.c **** #if(UART_1_INTERNAL_TX_SW_BUFFER_CONST)
  32:.\Generated_Source\PSoC4/UART_1_SPI_UART.c ****     volatile uint32 UART_1_txBufferHead;
  33:.\Generated_Source\PSoC4/UART_1_SPI_UART.c ****     volatile uint32 UART_1_txBufferTail;
  34:.\Generated_Source\PSoC4/UART_1_SPI_UART.c **** #endif /* (UART_1_INTERNAL_TX_SW_BUFFER_CONST) */
  35:.\Generated_Source\PSoC4/UART_1_SPI_UART.c **** 
  36:.\Generated_Source\PSoC4/UART_1_SPI_UART.c **** #if(UART_1_INTERNAL_RX_SW_BUFFER)
  37:.\Generated_Source\PSoC4/UART_1_SPI_UART.c ****     /* Add one element to the buffer to receive full packet. One byte in receive buffer is always e
  38:.\Generated_Source\PSoC4/UART_1_SPI_UART.c ****     volatile uint8 UART_1_rxBufferInternal[UART_1_INTERNAL_RX_BUFFER_SIZE];
  39:.\Generated_Source\PSoC4/UART_1_SPI_UART.c **** #endif /* (UART_1_INTERNAL_RX_SW_BUFFER) */
  40:.\Generated_Source\PSoC4/UART_1_SPI_UART.c **** 
  41:.\Generated_Source\PSoC4/UART_1_SPI_UART.c **** #if(UART_1_INTERNAL_TX_SW_BUFFER)
  42:.\Generated_Source\PSoC4/UART_1_SPI_UART.c ****     volatile uint8 UART_1_txBufferInternal[UART_1_TX_BUFFER_SIZE];
  43:.\Generated_Source\PSoC4/UART_1_SPI_UART.c **** #endif /* (UART_1_INTERNAL_TX_SW_BUFFER) */
  44:.\Generated_Source\PSoC4/UART_1_SPI_UART.c **** 
  45:.\Generated_Source\PSoC4/UART_1_SPI_UART.c **** 
  46:.\Generated_Source\PSoC4/UART_1_SPI_UART.c **** #if(UART_1_RX_DIRECTION)
  47:.\Generated_Source\PSoC4/UART_1_SPI_UART.c ****     /*******************************************************************************
  48:.\Generated_Source\PSoC4/UART_1_SPI_UART.c ****     * Function Name: UART_1_SpiUartReadRxData
  49:.\Generated_Source\PSoC4/UART_1_SPI_UART.c ****     ********************************************************************************
  50:.\Generated_Source\PSoC4/UART_1_SPI_UART.c ****     *
  51:.\Generated_Source\PSoC4/UART_1_SPI_UART.c ****     * Summary:
  52:.\Generated_Source\PSoC4/UART_1_SPI_UART.c ****     *  Retrieves the next data element from the receive buffer.
  53:.\Generated_Source\PSoC4/UART_1_SPI_UART.c ****     *   - RX software buffer is disabled: Returns data element retrieved from
  54:.\Generated_Source\PSoC4/UART_1_SPI_UART.c ****     *     RX FIFO. Undefined data will be returned if the RX FIFO is empty.
  55:.\Generated_Source\PSoC4/UART_1_SPI_UART.c ****     *   - RX software buffer is enabled: Returns data element from the software
  56:.\Generated_Source\PSoC4/UART_1_SPI_UART.c ****     *     receive buffer. Zero value is returned if the software receive buffer
  57:.\Generated_Source\PSoC4/UART_1_SPI_UART.c ****     *     is empty.
  58:.\Generated_Source\PSoC4/UART_1_SPI_UART.c ****     *
  59:.\Generated_Source\PSoC4/UART_1_SPI_UART.c ****     * Parameters:
  60:.\Generated_Source\PSoC4/UART_1_SPI_UART.c ****     *  None
  61:.\Generated_Source\PSoC4/UART_1_SPI_UART.c ****     *
  62:.\Generated_Source\PSoC4/UART_1_SPI_UART.c ****     * Return:
  63:.\Generated_Source\PSoC4/UART_1_SPI_UART.c ****     *  Next data element from the receive buffer.
  64:.\Generated_Source\PSoC4/UART_1_SPI_UART.c ****     *
  65:.\Generated_Source\PSoC4/UART_1_SPI_UART.c ****     * Global Variables:
  66:.\Generated_Source\PSoC4/UART_1_SPI_UART.c ****     *  Look into UART_1_SpiInit for description.
  67:.\Generated_Source\PSoC4/UART_1_SPI_UART.c ****     *
  68:.\Generated_Source\PSoC4/UART_1_SPI_UART.c ****     *******************************************************************************/
  69:.\Generated_Source\PSoC4/UART_1_SPI_UART.c ****     uint32 UART_1_SpiUartReadRxData(void)
  70:.\Generated_Source\PSoC4/UART_1_SPI_UART.c ****     {
  33              		.loc 1 70 0
  34              		.cfi_startproc
  35 0000 80B5     		push	{r7, lr}
  36              		.cfi_def_cfa_offset 8
  37              		.cfi_offset 7, -8
  38              		.cfi_offset 14, -4
  39 0002 82B0     		sub	sp, sp, #8
  40              		.cfi_def_cfa_offset 16
  41 0004 00AF     		add	r7, sp, #0
  42              		.cfi_def_cfa_register 7
  71:.\Generated_Source\PSoC4/UART_1_SPI_UART.c ****         uint32 rxData = 0u;
  43              		.loc 1 71 0
ARM GAS  C:\Users\ilias\AppData\Local\Temp\ccbDwCrd.s 			page 3


  44 0006 0023     		mov	r3, #0
  45 0008 7B60     		str	r3, [r7, #4]
  72:.\Generated_Source\PSoC4/UART_1_SPI_UART.c **** 
  73:.\Generated_Source\PSoC4/UART_1_SPI_UART.c ****     #if (UART_1_INTERNAL_RX_SW_BUFFER_CONST)
  74:.\Generated_Source\PSoC4/UART_1_SPI_UART.c ****         uint32 locTail;
  75:.\Generated_Source\PSoC4/UART_1_SPI_UART.c ****     #endif /* (UART_1_INTERNAL_RX_SW_BUFFER_CONST) */
  76:.\Generated_Source\PSoC4/UART_1_SPI_UART.c **** 
  77:.\Generated_Source\PSoC4/UART_1_SPI_UART.c ****         #if (UART_1_CHECK_RX_SW_BUFFER)
  78:.\Generated_Source\PSoC4/UART_1_SPI_UART.c ****         {
  79:.\Generated_Source\PSoC4/UART_1_SPI_UART.c ****             if (UART_1_rxBufferHead != UART_1_rxBufferTail)
  46              		.loc 1 79 0
  47 000a 0F4B     		ldr	r3, .L5
  48 000c 1A68     		ldr	r2, [r3]
  49 000e 0F4B     		ldr	r3, .L5+4
  50 0010 1B68     		ldr	r3, [r3]
  51 0012 9A42     		cmp	r2, r3
  52 0014 12D0     		beq	.L2
  80:.\Generated_Source\PSoC4/UART_1_SPI_UART.c ****             {
  81:.\Generated_Source\PSoC4/UART_1_SPI_UART.c ****                 /* There is data in RX software buffer */
  82:.\Generated_Source\PSoC4/UART_1_SPI_UART.c **** 
  83:.\Generated_Source\PSoC4/UART_1_SPI_UART.c ****                 /* Calculate index to read from */
  84:.\Generated_Source\PSoC4/UART_1_SPI_UART.c ****                 locTail = (UART_1_rxBufferTail + 1u);
  53              		.loc 1 84 0
  54 0016 0D4B     		ldr	r3, .L5+4
  55 0018 1B68     		ldr	r3, [r3]
  56 001a 0133     		add	r3, r3, #1
  57 001c 3B60     		str	r3, [r7]
  85:.\Generated_Source\PSoC4/UART_1_SPI_UART.c **** 
  86:.\Generated_Source\PSoC4/UART_1_SPI_UART.c ****                 if (UART_1_INTERNAL_RX_BUFFER_SIZE == locTail)
  58              		.loc 1 86 0
  59 001e 3B68     		ldr	r3, [r7]
  60 0020 0B4A     		ldr	r2, .L5+8
  61 0022 9342     		cmp	r3, r2
  62 0024 01D1     		bne	.L3
  87:.\Generated_Source\PSoC4/UART_1_SPI_UART.c ****                 {
  88:.\Generated_Source\PSoC4/UART_1_SPI_UART.c ****                     locTail = 0u;
  63              		.loc 1 88 0
  64 0026 0023     		mov	r3, #0
  65 0028 3B60     		str	r3, [r7]
  66              	.L3:
  89:.\Generated_Source\PSoC4/UART_1_SPI_UART.c ****                 }
  90:.\Generated_Source\PSoC4/UART_1_SPI_UART.c **** 
  91:.\Generated_Source\PSoC4/UART_1_SPI_UART.c ****                 /* Get data from RX software buffer */
  92:.\Generated_Source\PSoC4/UART_1_SPI_UART.c ****                 rxData = UART_1_GetWordFromRxBuffer(locTail);
  67              		.loc 1 92 0
  68 002a 0A4A     		ldr	r2, .L5+12
  69 002c 3B68     		ldr	r3, [r7]
  70 002e D318     		add	r3, r2, r3
  71 0030 1B78     		ldrb	r3, [r3]
  72 0032 DBB2     		uxtb	r3, r3
  73 0034 7B60     		str	r3, [r7, #4]
  93:.\Generated_Source\PSoC4/UART_1_SPI_UART.c **** 
  94:.\Generated_Source\PSoC4/UART_1_SPI_UART.c ****                 /* Change index in the buffer */
  95:.\Generated_Source\PSoC4/UART_1_SPI_UART.c ****                 UART_1_rxBufferTail = locTail;
  74              		.loc 1 95 0
  75 0036 054B     		ldr	r3, .L5+4
  76 0038 3A68     		ldr	r2, [r7]
ARM GAS  C:\Users\ilias\AppData\Local\Temp\ccbDwCrd.s 			page 4


  77 003a 1A60     		str	r2, [r3]
  78              	.L2:
  96:.\Generated_Source\PSoC4/UART_1_SPI_UART.c **** 
  97:.\Generated_Source\PSoC4/UART_1_SPI_UART.c ****                 #if (UART_1_CHECK_UART_RTS_CONTROL_FLOW)
  98:.\Generated_Source\PSoC4/UART_1_SPI_UART.c ****                 {
  99:.\Generated_Source\PSoC4/UART_1_SPI_UART.c ****                     /* Check if RX Not Empty is disabled in the interrupt */
 100:.\Generated_Source\PSoC4/UART_1_SPI_UART.c ****                     if (0u == (UART_1_INTR_RX_MASK_REG & UART_1_INTR_RX_NOT_EMPTY))
 101:.\Generated_Source\PSoC4/UART_1_SPI_UART.c ****                     {
 102:.\Generated_Source\PSoC4/UART_1_SPI_UART.c ****                         /* Enable RX Not Empty interrupt source to continue
 103:.\Generated_Source\PSoC4/UART_1_SPI_UART.c ****                         * receiving data into software buffer.
 104:.\Generated_Source\PSoC4/UART_1_SPI_UART.c ****                         */
 105:.\Generated_Source\PSoC4/UART_1_SPI_UART.c ****                         UART_1_INTR_RX_MASK_REG |= UART_1_INTR_RX_NOT_EMPTY;
 106:.\Generated_Source\PSoC4/UART_1_SPI_UART.c ****                     }
 107:.\Generated_Source\PSoC4/UART_1_SPI_UART.c ****                 }
 108:.\Generated_Source\PSoC4/UART_1_SPI_UART.c ****                 #endif
 109:.\Generated_Source\PSoC4/UART_1_SPI_UART.c **** 
 110:.\Generated_Source\PSoC4/UART_1_SPI_UART.c ****             }
 111:.\Generated_Source\PSoC4/UART_1_SPI_UART.c ****         }
 112:.\Generated_Source\PSoC4/UART_1_SPI_UART.c ****         #else
 113:.\Generated_Source\PSoC4/UART_1_SPI_UART.c ****         {
 114:.\Generated_Source\PSoC4/UART_1_SPI_UART.c ****             /* Read data from RX FIFO */
 115:.\Generated_Source\PSoC4/UART_1_SPI_UART.c ****             rxData = UART_1_RX_FIFO_RD_REG;
 116:.\Generated_Source\PSoC4/UART_1_SPI_UART.c ****         }
 117:.\Generated_Source\PSoC4/UART_1_SPI_UART.c ****         #endif
 118:.\Generated_Source\PSoC4/UART_1_SPI_UART.c **** 
 119:.\Generated_Source\PSoC4/UART_1_SPI_UART.c ****         return (rxData);
  79              		.loc 1 119 0
  80 003c 7B68     		ldr	r3, [r7, #4]
 120:.\Generated_Source\PSoC4/UART_1_SPI_UART.c ****     }
  81              		.loc 1 120 0
  82 003e 181C     		mov	r0, r3
  83 0040 BD46     		mov	sp, r7
  84 0042 02B0     		add	sp, sp, #8
  85              		@ sp needed
  86 0044 80BD     		pop	{r7, pc}
  87              	.L6:
  88 0046 C046     		.align	2
  89              	.L5:
  90 0048 00000000 		.word	UART_1_rxBufferHead
  91 004c 00000000 		.word	UART_1_rxBufferTail
  92 0050 01080000 		.word	2049
  93 0054 00000000 		.word	UART_1_rxBufferInternal
  94              		.cfi_endproc
  95              	.LFE2:
  96              		.size	UART_1_SpiUartReadRxData, .-UART_1_SpiUartReadRxData
  97              		.section	.text.UART_1_SpiUartGetRxBufferSize,"ax",%progbits
  98              		.align	2
  99              		.global	UART_1_SpiUartGetRxBufferSize
 100              		.code	16
 101              		.thumb_func
 102              		.type	UART_1_SpiUartGetRxBufferSize, %function
 103              	UART_1_SpiUartGetRxBufferSize:
 104              	.LFB3:
 121:.\Generated_Source\PSoC4/UART_1_SPI_UART.c **** 
 122:.\Generated_Source\PSoC4/UART_1_SPI_UART.c **** 
 123:.\Generated_Source\PSoC4/UART_1_SPI_UART.c ****     /*******************************************************************************
 124:.\Generated_Source\PSoC4/UART_1_SPI_UART.c ****     * Function Name: UART_1_SpiUartGetRxBufferSize
ARM GAS  C:\Users\ilias\AppData\Local\Temp\ccbDwCrd.s 			page 5


 125:.\Generated_Source\PSoC4/UART_1_SPI_UART.c ****     ********************************************************************************
 126:.\Generated_Source\PSoC4/UART_1_SPI_UART.c ****     *
 127:.\Generated_Source\PSoC4/UART_1_SPI_UART.c ****     * Summary:
 128:.\Generated_Source\PSoC4/UART_1_SPI_UART.c ****     *  Returns the number of received data elements in the receive buffer.
 129:.\Generated_Source\PSoC4/UART_1_SPI_UART.c ****     *   - RX software buffer disabled: returns the number of used entries in
 130:.\Generated_Source\PSoC4/UART_1_SPI_UART.c ****     *     RX FIFO.
 131:.\Generated_Source\PSoC4/UART_1_SPI_UART.c ****     *   - RX software buffer enabled: returns the number of elements which were
 132:.\Generated_Source\PSoC4/UART_1_SPI_UART.c ****     *     placed in the receive buffer. This does not include the hardware RX FIFO.
 133:.\Generated_Source\PSoC4/UART_1_SPI_UART.c ****     *
 134:.\Generated_Source\PSoC4/UART_1_SPI_UART.c ****     * Parameters:
 135:.\Generated_Source\PSoC4/UART_1_SPI_UART.c ****     *  None
 136:.\Generated_Source\PSoC4/UART_1_SPI_UART.c ****     *
 137:.\Generated_Source\PSoC4/UART_1_SPI_UART.c ****     * Return:
 138:.\Generated_Source\PSoC4/UART_1_SPI_UART.c ****     *  Number of received data elements
 139:.\Generated_Source\PSoC4/UART_1_SPI_UART.c ****     *
 140:.\Generated_Source\PSoC4/UART_1_SPI_UART.c ****     *******************************************************************************/
 141:.\Generated_Source\PSoC4/UART_1_SPI_UART.c ****     uint32 UART_1_SpiUartGetRxBufferSize(void)
 142:.\Generated_Source\PSoC4/UART_1_SPI_UART.c ****     {
 105              		.loc 1 142 0
 106              		.cfi_startproc
 107 0000 80B5     		push	{r7, lr}
 108              		.cfi_def_cfa_offset 8
 109              		.cfi_offset 7, -8
 110              		.cfi_offset 14, -4
 111 0002 82B0     		sub	sp, sp, #8
 112              		.cfi_def_cfa_offset 16
 113 0004 00AF     		add	r7, sp, #0
 114              		.cfi_def_cfa_register 7
 143:.\Generated_Source\PSoC4/UART_1_SPI_UART.c ****         uint32 size;
 144:.\Generated_Source\PSoC4/UART_1_SPI_UART.c ****     #if (UART_1_INTERNAL_RX_SW_BUFFER_CONST)
 145:.\Generated_Source\PSoC4/UART_1_SPI_UART.c ****         uint32 locHead;
 146:.\Generated_Source\PSoC4/UART_1_SPI_UART.c ****     #endif /* (UART_1_INTERNAL_RX_SW_BUFFER_CONST) */
 147:.\Generated_Source\PSoC4/UART_1_SPI_UART.c **** 
 148:.\Generated_Source\PSoC4/UART_1_SPI_UART.c ****         #if (UART_1_CHECK_RX_SW_BUFFER)
 149:.\Generated_Source\PSoC4/UART_1_SPI_UART.c ****         {
 150:.\Generated_Source\PSoC4/UART_1_SPI_UART.c ****             locHead = UART_1_rxBufferHead;
 115              		.loc 1 150 0
 116 0006 0D4B     		ldr	r3, .L11
 117 0008 1B68     		ldr	r3, [r3]
 118 000a 3B60     		str	r3, [r7]
 151:.\Generated_Source\PSoC4/UART_1_SPI_UART.c **** 
 152:.\Generated_Source\PSoC4/UART_1_SPI_UART.c ****             if(locHead >= UART_1_rxBufferTail)
 119              		.loc 1 152 0
 120 000c 0C4B     		ldr	r3, .L11+4
 121 000e 1B68     		ldr	r3, [r3]
 122 0010 3A68     		ldr	r2, [r7]
 123 0012 9A42     		cmp	r2, r3
 124 0014 05D3     		bcc	.L8
 153:.\Generated_Source\PSoC4/UART_1_SPI_UART.c ****             {
 154:.\Generated_Source\PSoC4/UART_1_SPI_UART.c ****                 size = (locHead - UART_1_rxBufferTail);
 125              		.loc 1 154 0
 126 0016 0A4B     		ldr	r3, .L11+4
 127 0018 1B68     		ldr	r3, [r3]
 128 001a 3A68     		ldr	r2, [r7]
 129 001c D31A     		sub	r3, r2, r3
 130 001e 7B60     		str	r3, [r7, #4]
 131 0020 07E0     		b	.L9
ARM GAS  C:\Users\ilias\AppData\Local\Temp\ccbDwCrd.s 			page 6


 132              	.L8:
 155:.\Generated_Source\PSoC4/UART_1_SPI_UART.c ****             }
 156:.\Generated_Source\PSoC4/UART_1_SPI_UART.c ****             else
 157:.\Generated_Source\PSoC4/UART_1_SPI_UART.c ****             {
 158:.\Generated_Source\PSoC4/UART_1_SPI_UART.c ****                 size = (locHead + (UART_1_INTERNAL_RX_BUFFER_SIZE - UART_1_rxBufferTail));
 133              		.loc 1 158 0
 134 0022 074B     		ldr	r3, .L11+4
 135 0024 1B68     		ldr	r3, [r3]
 136 0026 3A68     		ldr	r2, [r7]
 137 0028 D31A     		sub	r3, r2, r3
 138 002a 064A     		ldr	r2, .L11+8
 139 002c 9446     		mov	ip, r2
 140 002e 6344     		add	r3, r3, ip
 141 0030 7B60     		str	r3, [r7, #4]
 142              	.L9:
 159:.\Generated_Source\PSoC4/UART_1_SPI_UART.c ****             }
 160:.\Generated_Source\PSoC4/UART_1_SPI_UART.c ****         }
 161:.\Generated_Source\PSoC4/UART_1_SPI_UART.c ****         #else
 162:.\Generated_Source\PSoC4/UART_1_SPI_UART.c ****         {
 163:.\Generated_Source\PSoC4/UART_1_SPI_UART.c ****             size = UART_1_GET_RX_FIFO_ENTRIES;
 164:.\Generated_Source\PSoC4/UART_1_SPI_UART.c ****         }
 165:.\Generated_Source\PSoC4/UART_1_SPI_UART.c ****         #endif
 166:.\Generated_Source\PSoC4/UART_1_SPI_UART.c **** 
 167:.\Generated_Source\PSoC4/UART_1_SPI_UART.c ****         return (size);
 143              		.loc 1 167 0
 144 0032 7B68     		ldr	r3, [r7, #4]
 168:.\Generated_Source\PSoC4/UART_1_SPI_UART.c ****     }
 145              		.loc 1 168 0
 146 0034 181C     		mov	r0, r3
 147 0036 BD46     		mov	sp, r7
 148 0038 02B0     		add	sp, sp, #8
 149              		@ sp needed
 150 003a 80BD     		pop	{r7, pc}
 151              	.L12:
 152              		.align	2
 153              	.L11:
 154 003c 00000000 		.word	UART_1_rxBufferHead
 155 0040 00000000 		.word	UART_1_rxBufferTail
 156 0044 01080000 		.word	2049
 157              		.cfi_endproc
 158              	.LFE3:
 159              		.size	UART_1_SpiUartGetRxBufferSize, .-UART_1_SpiUartGetRxBufferSize
 160              		.section	.text.UART_1_SpiUartClearRxBuffer,"ax",%progbits
 161              		.align	2
 162              		.global	UART_1_SpiUartClearRxBuffer
 163              		.code	16
 164              		.thumb_func
 165              		.type	UART_1_SpiUartClearRxBuffer, %function
 166              	UART_1_SpiUartClearRxBuffer:
 167              	.LFB4:
 169:.\Generated_Source\PSoC4/UART_1_SPI_UART.c **** 
 170:.\Generated_Source\PSoC4/UART_1_SPI_UART.c **** 
 171:.\Generated_Source\PSoC4/UART_1_SPI_UART.c ****     /*******************************************************************************
 172:.\Generated_Source\PSoC4/UART_1_SPI_UART.c ****     * Function Name: UART_1_SpiUartClearRxBuffer
 173:.\Generated_Source\PSoC4/UART_1_SPI_UART.c ****     ********************************************************************************
 174:.\Generated_Source\PSoC4/UART_1_SPI_UART.c ****     *
 175:.\Generated_Source\PSoC4/UART_1_SPI_UART.c ****     * Summary:
ARM GAS  C:\Users\ilias\AppData\Local\Temp\ccbDwCrd.s 			page 7


 176:.\Generated_Source\PSoC4/UART_1_SPI_UART.c ****     *  Clears the receive buffer and RX FIFO.
 177:.\Generated_Source\PSoC4/UART_1_SPI_UART.c ****     *
 178:.\Generated_Source\PSoC4/UART_1_SPI_UART.c ****     * Parameters:
 179:.\Generated_Source\PSoC4/UART_1_SPI_UART.c ****     *  None
 180:.\Generated_Source\PSoC4/UART_1_SPI_UART.c ****     *
 181:.\Generated_Source\PSoC4/UART_1_SPI_UART.c ****     * Return:
 182:.\Generated_Source\PSoC4/UART_1_SPI_UART.c ****     *  None
 183:.\Generated_Source\PSoC4/UART_1_SPI_UART.c ****     *
 184:.\Generated_Source\PSoC4/UART_1_SPI_UART.c ****     *******************************************************************************/
 185:.\Generated_Source\PSoC4/UART_1_SPI_UART.c ****     void UART_1_SpiUartClearRxBuffer(void)
 186:.\Generated_Source\PSoC4/UART_1_SPI_UART.c ****     {
 168              		.loc 1 186 0
 169              		.cfi_startproc
 170 0000 80B5     		push	{r7, lr}
 171              		.cfi_def_cfa_offset 8
 172              		.cfi_offset 7, -8
 173              		.cfi_offset 14, -4
 174 0002 00AF     		add	r7, sp, #0
 175              		.cfi_def_cfa_register 7
 187:.\Generated_Source\PSoC4/UART_1_SPI_UART.c ****         #if (UART_1_CHECK_RX_SW_BUFFER)
 188:.\Generated_Source\PSoC4/UART_1_SPI_UART.c ****         {
 189:.\Generated_Source\PSoC4/UART_1_SPI_UART.c ****             /* Lock from component interruption */
 190:.\Generated_Source\PSoC4/UART_1_SPI_UART.c ****             UART_1_DisableInt();
 176              		.loc 1 190 0
 177 0004 0920     		mov	r0, #9
 178 0006 FFF7FEFF 		bl	CyIntDisable
 191:.\Generated_Source\PSoC4/UART_1_SPI_UART.c **** 
 192:.\Generated_Source\PSoC4/UART_1_SPI_UART.c ****             /* Flush RX software buffer */
 193:.\Generated_Source\PSoC4/UART_1_SPI_UART.c ****             UART_1_rxBufferHead = UART_1_rxBufferTail;
 179              		.loc 1 193 0
 180 000a 0E4B     		ldr	r3, .L14
 181 000c 1A68     		ldr	r2, [r3]
 182 000e 0E4B     		ldr	r3, .L14+4
 183 0010 1A60     		str	r2, [r3]
 194:.\Generated_Source\PSoC4/UART_1_SPI_UART.c ****             UART_1_rxBufferOverflow = 0u;
 184              		.loc 1 194 0
 185 0012 0E4B     		ldr	r3, .L14+8
 186 0014 0022     		mov	r2, #0
 187 0016 1A70     		strb	r2, [r3]
 195:.\Generated_Source\PSoC4/UART_1_SPI_UART.c **** 
 196:.\Generated_Source\PSoC4/UART_1_SPI_UART.c ****             UART_1_CLEAR_RX_FIFO;
 188              		.loc 1 196 0
 189 0018 0D4B     		ldr	r3, .L14+12
 190 001a 0D4A     		ldr	r2, .L14+12
 191 001c 1268     		ldr	r2, [r2]
 192 001e 8021     		mov	r1, #128
 193 0020 4902     		lsl	r1, r1, #9
 194 0022 0A43     		orr	r2, r1
 195 0024 1A60     		str	r2, [r3]
 196 0026 0A4B     		ldr	r3, .L14+12
 197 0028 094A     		ldr	r2, .L14+12
 198 002a 1268     		ldr	r2, [r2]
 199 002c 0949     		ldr	r1, .L14+16
 200 002e 0A40     		and	r2, r1
 201 0030 1A60     		str	r2, [r3]
 197:.\Generated_Source\PSoC4/UART_1_SPI_UART.c ****             UART_1_ClearRxInterruptSource(UART_1_INTR_RX_ALL);
 202              		.loc 1 197 0
ARM GAS  C:\Users\ilias\AppData\Local\Temp\ccbDwCrd.s 			page 8


 203 0032 094B     		ldr	r3, .L14+20
 204 0034 094A     		ldr	r2, .L14+24
 205 0036 1A60     		str	r2, [r3]
 198:.\Generated_Source\PSoC4/UART_1_SPI_UART.c **** 
 199:.\Generated_Source\PSoC4/UART_1_SPI_UART.c ****             #if (UART_1_CHECK_UART_RTS_CONTROL_FLOW)
 200:.\Generated_Source\PSoC4/UART_1_SPI_UART.c ****             {
 201:.\Generated_Source\PSoC4/UART_1_SPI_UART.c ****                 /* Enable RX Not Empty interrupt source to continue receiving
 202:.\Generated_Source\PSoC4/UART_1_SPI_UART.c ****                 * data into software buffer.
 203:.\Generated_Source\PSoC4/UART_1_SPI_UART.c ****                 */
 204:.\Generated_Source\PSoC4/UART_1_SPI_UART.c ****                 UART_1_INTR_RX_MASK_REG |= UART_1_INTR_RX_NOT_EMPTY;
 205:.\Generated_Source\PSoC4/UART_1_SPI_UART.c ****             }
 206:.\Generated_Source\PSoC4/UART_1_SPI_UART.c ****             #endif
 207:.\Generated_Source\PSoC4/UART_1_SPI_UART.c **** 
 208:.\Generated_Source\PSoC4/UART_1_SPI_UART.c ****             /* Release lock */
 209:.\Generated_Source\PSoC4/UART_1_SPI_UART.c ****             UART_1_EnableInt();
 206              		.loc 1 209 0
 207 0038 0920     		mov	r0, #9
 208 003a FFF7FEFF 		bl	CyIntEnable
 210:.\Generated_Source\PSoC4/UART_1_SPI_UART.c ****         }
 211:.\Generated_Source\PSoC4/UART_1_SPI_UART.c ****         #else
 212:.\Generated_Source\PSoC4/UART_1_SPI_UART.c ****         {
 213:.\Generated_Source\PSoC4/UART_1_SPI_UART.c ****             UART_1_CLEAR_RX_FIFO;
 214:.\Generated_Source\PSoC4/UART_1_SPI_UART.c ****         }
 215:.\Generated_Source\PSoC4/UART_1_SPI_UART.c ****         #endif
 216:.\Generated_Source\PSoC4/UART_1_SPI_UART.c ****     }
 209              		.loc 1 216 0
 210 003e BD46     		mov	sp, r7
 211              		@ sp needed
 212 0040 80BD     		pop	{r7, pc}
 213              	.L15:
 214 0042 C046     		.align	2
 215              	.L14:
 216 0044 00000000 		.word	UART_1_rxBufferTail
 217 0048 00000000 		.word	UART_1_rxBufferHead
 218 004c 00000000 		.word	UART_1_rxBufferOverflow
 219 0050 04032440 		.word	1076101892
 220 0054 FFFFFEFF 		.word	-65537
 221 0058 C00F2440 		.word	1076105152
 222 005c ED0F0000 		.word	4077
 223              		.cfi_endproc
 224              	.LFE4:
 225              		.size	UART_1_SpiUartClearRxBuffer, .-UART_1_SpiUartClearRxBuffer
 226              		.section	.text.UART_1_SpiUartWriteTxData,"ax",%progbits
 227              		.align	2
 228              		.global	UART_1_SpiUartWriteTxData
 229              		.code	16
 230              		.thumb_func
 231              		.type	UART_1_SpiUartWriteTxData, %function
 232              	UART_1_SpiUartWriteTxData:
 233              	.LFB5:
 217:.\Generated_Source\PSoC4/UART_1_SPI_UART.c **** 
 218:.\Generated_Source\PSoC4/UART_1_SPI_UART.c **** #endif /* (UART_1_RX_DIRECTION) */
 219:.\Generated_Source\PSoC4/UART_1_SPI_UART.c **** 
 220:.\Generated_Source\PSoC4/UART_1_SPI_UART.c **** 
 221:.\Generated_Source\PSoC4/UART_1_SPI_UART.c **** #if(UART_1_TX_DIRECTION)
 222:.\Generated_Source\PSoC4/UART_1_SPI_UART.c ****     /*******************************************************************************
 223:.\Generated_Source\PSoC4/UART_1_SPI_UART.c ****     * Function Name: UART_1_SpiUartWriteTxData
ARM GAS  C:\Users\ilias\AppData\Local\Temp\ccbDwCrd.s 			page 9


 224:.\Generated_Source\PSoC4/UART_1_SPI_UART.c ****     ********************************************************************************
 225:.\Generated_Source\PSoC4/UART_1_SPI_UART.c ****     *
 226:.\Generated_Source\PSoC4/UART_1_SPI_UART.c ****     * Summary:
 227:.\Generated_Source\PSoC4/UART_1_SPI_UART.c ****     *  Places a data entry into the transmit buffer to be sent at the next available
 228:.\Generated_Source\PSoC4/UART_1_SPI_UART.c ****     *  bus time.
 229:.\Generated_Source\PSoC4/UART_1_SPI_UART.c ****     *  This function is blocking and waits until there is space available to put the
 230:.\Generated_Source\PSoC4/UART_1_SPI_UART.c ****     *  requested data in the transmit buffer.
 231:.\Generated_Source\PSoC4/UART_1_SPI_UART.c ****     *
 232:.\Generated_Source\PSoC4/UART_1_SPI_UART.c ****     * Parameters:
 233:.\Generated_Source\PSoC4/UART_1_SPI_UART.c ****     *  txDataByte: the data to be transmitted.
 234:.\Generated_Source\PSoC4/UART_1_SPI_UART.c ****     *
 235:.\Generated_Source\PSoC4/UART_1_SPI_UART.c ****     * Return:
 236:.\Generated_Source\PSoC4/UART_1_SPI_UART.c ****     *  None
 237:.\Generated_Source\PSoC4/UART_1_SPI_UART.c ****     *
 238:.\Generated_Source\PSoC4/UART_1_SPI_UART.c ****     *******************************************************************************/
 239:.\Generated_Source\PSoC4/UART_1_SPI_UART.c ****     void UART_1_SpiUartWriteTxData(uint32 txData)
 240:.\Generated_Source\PSoC4/UART_1_SPI_UART.c ****     {
 234              		.loc 1 240 0
 235              		.cfi_startproc
 236 0000 80B5     		push	{r7, lr}
 237              		.cfi_def_cfa_offset 8
 238              		.cfi_offset 7, -8
 239              		.cfi_offset 14, -4
 240 0002 84B0     		sub	sp, sp, #16
 241              		.cfi_def_cfa_offset 24
 242 0004 00AF     		add	r7, sp, #0
 243              		.cfi_def_cfa_register 7
 244 0006 7860     		str	r0, [r7, #4]
 241:.\Generated_Source\PSoC4/UART_1_SPI_UART.c ****     #if (UART_1_INTERNAL_TX_SW_BUFFER_CONST)
 242:.\Generated_Source\PSoC4/UART_1_SPI_UART.c ****         uint32 locHead;
 243:.\Generated_Source\PSoC4/UART_1_SPI_UART.c ****     #endif /* (UART_1_INTERNAL_TX_SW_BUFFER_CONST) */
 244:.\Generated_Source\PSoC4/UART_1_SPI_UART.c **** 
 245:.\Generated_Source\PSoC4/UART_1_SPI_UART.c ****         #if (UART_1_CHECK_TX_SW_BUFFER)
 246:.\Generated_Source\PSoC4/UART_1_SPI_UART.c ****         {
 247:.\Generated_Source\PSoC4/UART_1_SPI_UART.c ****             /* Put data directly into the TX FIFO */
 248:.\Generated_Source\PSoC4/UART_1_SPI_UART.c ****             if ((UART_1_txBufferHead == UART_1_txBufferTail) &&
 245              		.loc 1 248 0
 246 0008 1D4B     		ldr	r3, .L21
 247 000a 1A68     		ldr	r2, [r3]
 248 000c 1D4B     		ldr	r3, .L21+4
 249 000e 1B68     		ldr	r3, [r3]
 250 0010 9A42     		cmp	r2, r3
 251 0012 09D1     		bne	.L17
 249:.\Generated_Source\PSoC4/UART_1_SPI_UART.c ****                 (UART_1_SPI_UART_FIFO_SIZE != UART_1_GET_TX_FIFO_ENTRIES))
 252              		.loc 1 249 0 discriminator 1
 253 0014 1C4B     		ldr	r3, .L21+8
 254 0016 1B68     		ldr	r3, [r3]
 255 0018 1F22     		mov	r2, #31
 256 001a 1340     		and	r3, r2
 248:.\Generated_Source\PSoC4/UART_1_SPI_UART.c ****                 (UART_1_SPI_UART_FIFO_SIZE != UART_1_GET_TX_FIFO_ENTRIES))
 257              		.loc 1 248 0 discriminator 1
 258 001c 082B     		cmp	r3, #8
 259 001e 03D0     		beq	.L17
 250:.\Generated_Source\PSoC4/UART_1_SPI_UART.c ****             {
 251:.\Generated_Source\PSoC4/UART_1_SPI_UART.c ****                 /* TX software buffer is empty: put data directly in TX FIFO */
 252:.\Generated_Source\PSoC4/UART_1_SPI_UART.c ****                 UART_1_TX_FIFO_WR_REG = txData;
 260              		.loc 1 252 0
ARM GAS  C:\Users\ilias\AppData\Local\Temp\ccbDwCrd.s 			page 10


 261 0020 1A4B     		ldr	r3, .L21+12
 262 0022 7A68     		ldr	r2, [r7, #4]
 263 0024 1A60     		str	r2, [r3]
 264 0026 28E0     		b	.L16
 265              	.L17:
 253:.\Generated_Source\PSoC4/UART_1_SPI_UART.c ****             }
 254:.\Generated_Source\PSoC4/UART_1_SPI_UART.c ****             /* Put data into TX software buffer */
 255:.\Generated_Source\PSoC4/UART_1_SPI_UART.c ****             else
 256:.\Generated_Source\PSoC4/UART_1_SPI_UART.c ****             {
 257:.\Generated_Source\PSoC4/UART_1_SPI_UART.c ****                 /* Head index to put data */
 258:.\Generated_Source\PSoC4/UART_1_SPI_UART.c ****                 locHead = (UART_1_txBufferHead + 1u);
 266              		.loc 1 258 0
 267 0028 154B     		ldr	r3, .L21
 268 002a 1B68     		ldr	r3, [r3]
 269 002c 0133     		add	r3, r3, #1
 270 002e FB60     		str	r3, [r7, #12]
 259:.\Generated_Source\PSoC4/UART_1_SPI_UART.c **** 
 260:.\Generated_Source\PSoC4/UART_1_SPI_UART.c ****                 /* Adjust TX software buffer index */
 261:.\Generated_Source\PSoC4/UART_1_SPI_UART.c ****                 if (UART_1_TX_BUFFER_SIZE == locHead)
 271              		.loc 1 261 0
 272 0030 FA68     		ldr	r2, [r7, #12]
 273 0032 8023     		mov	r3, #128
 274 0034 1B01     		lsl	r3, r3, #4
 275 0036 9A42     		cmp	r2, r3
 276 0038 01D1     		bne	.L19
 262:.\Generated_Source\PSoC4/UART_1_SPI_UART.c ****                 {
 263:.\Generated_Source\PSoC4/UART_1_SPI_UART.c ****                     locHead = 0u;
 277              		.loc 1 263 0
 278 003a 0023     		mov	r3, #0
 279 003c FB60     		str	r3, [r7, #12]
 280              	.L19:
 264:.\Generated_Source\PSoC4/UART_1_SPI_UART.c ****                 }
 265:.\Generated_Source\PSoC4/UART_1_SPI_UART.c **** 
 266:.\Generated_Source\PSoC4/UART_1_SPI_UART.c ****                 /* Wait for space in TX software buffer */
 267:.\Generated_Source\PSoC4/UART_1_SPI_UART.c ****                 while (locHead == UART_1_txBufferTail)
 281              		.loc 1 267 0
 282 003e C046     		mov	r8, r8
 283              	.L20:
 284              		.loc 1 267 0 is_stmt 0 discriminator 1
 285 0040 104B     		ldr	r3, .L21+4
 286 0042 1B68     		ldr	r3, [r3]
 287 0044 FA68     		ldr	r2, [r7, #12]
 288 0046 9A42     		cmp	r2, r3
 289 0048 FAD0     		beq	.L20
 268:.\Generated_Source\PSoC4/UART_1_SPI_UART.c ****                 {
 269:.\Generated_Source\PSoC4/UART_1_SPI_UART.c ****                 }
 270:.\Generated_Source\PSoC4/UART_1_SPI_UART.c **** 
 271:.\Generated_Source\PSoC4/UART_1_SPI_UART.c ****                 /* TX software buffer has at least one room */
 272:.\Generated_Source\PSoC4/UART_1_SPI_UART.c **** 
 273:.\Generated_Source\PSoC4/UART_1_SPI_UART.c ****                 /* Clear old status of INTR_TX_NOT_FULL. It sets at the end of transfer when TX FIF
 274:.\Generated_Source\PSoC4/UART_1_SPI_UART.c ****                 UART_1_ClearTxInterruptSource(UART_1_INTR_TX_NOT_FULL);
 290              		.loc 1 274 0 is_stmt 1
 291 004a 114B     		ldr	r3, .L21+16
 292 004c 0222     		mov	r2, #2
 293 004e 1A60     		str	r2, [r3]
 275:.\Generated_Source\PSoC4/UART_1_SPI_UART.c **** 
 276:.\Generated_Source\PSoC4/UART_1_SPI_UART.c ****                 UART_1_PutWordInTxBuffer(locHead, txData);
ARM GAS  C:\Users\ilias\AppData\Local\Temp\ccbDwCrd.s 			page 11


 294              		.loc 1 276 0
 295 0050 7B68     		ldr	r3, [r7, #4]
 296 0052 D9B2     		uxtb	r1, r3
 297 0054 0F4A     		ldr	r2, .L21+20
 298 0056 FB68     		ldr	r3, [r7, #12]
 299 0058 D318     		add	r3, r2, r3
 300 005a 0A1C     		add	r2, r1, #0
 301 005c 1A70     		strb	r2, [r3]
 277:.\Generated_Source\PSoC4/UART_1_SPI_UART.c **** 
 278:.\Generated_Source\PSoC4/UART_1_SPI_UART.c ****                 UART_1_txBufferHead = locHead;
 302              		.loc 1 278 0
 303 005e 084B     		ldr	r3, .L21
 304 0060 FA68     		ldr	r2, [r7, #12]
 305 0062 1A60     		str	r2, [r3]
 279:.\Generated_Source\PSoC4/UART_1_SPI_UART.c **** 
 280:.\Generated_Source\PSoC4/UART_1_SPI_UART.c ****                 /* Check if TX Not Full is disabled in interrupt */
 281:.\Generated_Source\PSoC4/UART_1_SPI_UART.c ****                 if (0u == (UART_1_INTR_TX_MASK_REG & UART_1_INTR_TX_NOT_FULL))
 306              		.loc 1 281 0
 307 0064 0C4B     		ldr	r3, .L21+24
 308 0066 1B68     		ldr	r3, [r3]
 309 0068 0222     		mov	r2, #2
 310 006a 1340     		and	r3, r2
 311 006c 05D1     		bne	.L16
 282:.\Generated_Source\PSoC4/UART_1_SPI_UART.c ****                 {
 283:.\Generated_Source\PSoC4/UART_1_SPI_UART.c ****                     /* Enable TX Not Full interrupt source to transmit from software buffer */
 284:.\Generated_Source\PSoC4/UART_1_SPI_UART.c ****                     UART_1_INTR_TX_MASK_REG |= (uint32) UART_1_INTR_TX_NOT_FULL;
 312              		.loc 1 284 0
 313 006e 0A4B     		ldr	r3, .L21+24
 314 0070 094A     		ldr	r2, .L21+24
 315 0072 1268     		ldr	r2, [r2]
 316 0074 0221     		mov	r1, #2
 317 0076 0A43     		orr	r2, r1
 318 0078 1A60     		str	r2, [r3]
 319              	.L16:
 285:.\Generated_Source\PSoC4/UART_1_SPI_UART.c ****                 }
 286:.\Generated_Source\PSoC4/UART_1_SPI_UART.c ****             }
 287:.\Generated_Source\PSoC4/UART_1_SPI_UART.c ****         }
 288:.\Generated_Source\PSoC4/UART_1_SPI_UART.c ****         #else
 289:.\Generated_Source\PSoC4/UART_1_SPI_UART.c ****         {
 290:.\Generated_Source\PSoC4/UART_1_SPI_UART.c ****             /* Wait until TX FIFO has space to put data element */
 291:.\Generated_Source\PSoC4/UART_1_SPI_UART.c ****             while (UART_1_SPI_UART_FIFO_SIZE == UART_1_GET_TX_FIFO_ENTRIES)
 292:.\Generated_Source\PSoC4/UART_1_SPI_UART.c ****             {
 293:.\Generated_Source\PSoC4/UART_1_SPI_UART.c ****             }
 294:.\Generated_Source\PSoC4/UART_1_SPI_UART.c **** 
 295:.\Generated_Source\PSoC4/UART_1_SPI_UART.c ****             UART_1_TX_FIFO_WR_REG = txData;
 296:.\Generated_Source\PSoC4/UART_1_SPI_UART.c ****         }
 297:.\Generated_Source\PSoC4/UART_1_SPI_UART.c ****         #endif
 298:.\Generated_Source\PSoC4/UART_1_SPI_UART.c ****     }
 320              		.loc 1 298 0
 321 007a BD46     		mov	sp, r7
 322 007c 04B0     		add	sp, sp, #16
 323              		@ sp needed
 324 007e 80BD     		pop	{r7, pc}
 325              	.L22:
 326              		.align	2
 327              	.L21:
 328 0080 00000000 		.word	UART_1_txBufferHead
ARM GAS  C:\Users\ilias\AppData\Local\Temp\ccbDwCrd.s 			page 12


 329 0084 00000000 		.word	UART_1_txBufferTail
 330 0088 08022440 		.word	1076101640
 331 008c 40022440 		.word	1076101696
 332 0090 800F2440 		.word	1076105088
 333 0094 00000000 		.word	UART_1_txBufferInternal
 334 0098 880F2440 		.word	1076105096
 335              		.cfi_endproc
 336              	.LFE5:
 337              		.size	UART_1_SpiUartWriteTxData, .-UART_1_SpiUartWriteTxData
 338              		.section	.text.UART_1_SpiUartPutArray,"ax",%progbits
 339              		.align	2
 340              		.global	UART_1_SpiUartPutArray
 341              		.code	16
 342              		.thumb_func
 343              		.type	UART_1_SpiUartPutArray, %function
 344              	UART_1_SpiUartPutArray:
 345              	.LFB6:
 299:.\Generated_Source\PSoC4/UART_1_SPI_UART.c **** 
 300:.\Generated_Source\PSoC4/UART_1_SPI_UART.c **** 
 301:.\Generated_Source\PSoC4/UART_1_SPI_UART.c ****     /*******************************************************************************
 302:.\Generated_Source\PSoC4/UART_1_SPI_UART.c ****     * Function Name: UART_1_SpiUartPutArray
 303:.\Generated_Source\PSoC4/UART_1_SPI_UART.c ****     ********************************************************************************
 304:.\Generated_Source\PSoC4/UART_1_SPI_UART.c ****     *
 305:.\Generated_Source\PSoC4/UART_1_SPI_UART.c ****     * Summary:
 306:.\Generated_Source\PSoC4/UART_1_SPI_UART.c ****     *  Places an array of data into the transmit buffer to be sent.
 307:.\Generated_Source\PSoC4/UART_1_SPI_UART.c ****     *  This function is blocking and waits until there is a space available to put
 308:.\Generated_Source\PSoC4/UART_1_SPI_UART.c ****     *  all the requested data in the transmit buffer. The array size can be greater
 309:.\Generated_Source\PSoC4/UART_1_SPI_UART.c ****     *  than transmit buffer size.
 310:.\Generated_Source\PSoC4/UART_1_SPI_UART.c ****     *
 311:.\Generated_Source\PSoC4/UART_1_SPI_UART.c ****     * Parameters:
 312:.\Generated_Source\PSoC4/UART_1_SPI_UART.c ****     *  wrBuf:  pointer to an array with data to be placed in transmit buffer.
 313:.\Generated_Source\PSoC4/UART_1_SPI_UART.c ****     *  count:  number of data elements to be placed in the transmit buffer.
 314:.\Generated_Source\PSoC4/UART_1_SPI_UART.c ****     *
 315:.\Generated_Source\PSoC4/UART_1_SPI_UART.c ****     * Return:
 316:.\Generated_Source\PSoC4/UART_1_SPI_UART.c ****     *  None
 317:.\Generated_Source\PSoC4/UART_1_SPI_UART.c ****     *
 318:.\Generated_Source\PSoC4/UART_1_SPI_UART.c ****     *******************************************************************************/
 319:.\Generated_Source\PSoC4/UART_1_SPI_UART.c ****     void UART_1_SpiUartPutArray(const uint8 wrBuf[], uint32 count)
 320:.\Generated_Source\PSoC4/UART_1_SPI_UART.c ****     {
 346              		.loc 1 320 0
 347              		.cfi_startproc
 348 0000 80B5     		push	{r7, lr}
 349              		.cfi_def_cfa_offset 8
 350              		.cfi_offset 7, -8
 351              		.cfi_offset 14, -4
 352 0002 84B0     		sub	sp, sp, #16
 353              		.cfi_def_cfa_offset 24
 354 0004 00AF     		add	r7, sp, #0
 355              		.cfi_def_cfa_register 7
 356 0006 7860     		str	r0, [r7, #4]
 357 0008 3960     		str	r1, [r7]
 321:.\Generated_Source\PSoC4/UART_1_SPI_UART.c ****         uint32 i;
 322:.\Generated_Source\PSoC4/UART_1_SPI_UART.c **** 
 323:.\Generated_Source\PSoC4/UART_1_SPI_UART.c ****         for (i=0u; i < count; i++)
 358              		.loc 1 323 0
 359 000a 0023     		mov	r3, #0
 360 000c FB60     		str	r3, [r7, #12]
ARM GAS  C:\Users\ilias\AppData\Local\Temp\ccbDwCrd.s 			page 13


 361 000e 09E0     		b	.L24
 362              	.L25:
 324:.\Generated_Source\PSoC4/UART_1_SPI_UART.c ****         {
 325:.\Generated_Source\PSoC4/UART_1_SPI_UART.c ****             UART_1_SpiUartWriteTxData((uint32) wrBuf[i]);
 363              		.loc 1 325 0 discriminator 3
 364 0010 7A68     		ldr	r2, [r7, #4]
 365 0012 FB68     		ldr	r3, [r7, #12]
 366 0014 D318     		add	r3, r2, r3
 367 0016 1B78     		ldrb	r3, [r3]
 368 0018 181C     		mov	r0, r3
 369 001a FFF7FEFF 		bl	UART_1_SpiUartWriteTxData
 323:.\Generated_Source\PSoC4/UART_1_SPI_UART.c ****         {
 370              		.loc 1 323 0 discriminator 3
 371 001e FB68     		ldr	r3, [r7, #12]
 372 0020 0133     		add	r3, r3, #1
 373 0022 FB60     		str	r3, [r7, #12]
 374              	.L24:
 323:.\Generated_Source\PSoC4/UART_1_SPI_UART.c ****         {
 375              		.loc 1 323 0 is_stmt 0 discriminator 1
 376 0024 FA68     		ldr	r2, [r7, #12]
 377 0026 3B68     		ldr	r3, [r7]
 378 0028 9A42     		cmp	r2, r3
 379 002a F1D3     		bcc	.L25
 326:.\Generated_Source\PSoC4/UART_1_SPI_UART.c ****         }
 327:.\Generated_Source\PSoC4/UART_1_SPI_UART.c ****     }
 380              		.loc 1 327 0 is_stmt 1
 381 002c BD46     		mov	sp, r7
 382 002e 04B0     		add	sp, sp, #16
 383              		@ sp needed
 384 0030 80BD     		pop	{r7, pc}
 385              		.cfi_endproc
 386              	.LFE6:
 387              		.size	UART_1_SpiUartPutArray, .-UART_1_SpiUartPutArray
 388 0032 C046     		.section	.text.UART_1_SpiUartGetTxBufferSize,"ax",%progbits
 389              		.align	2
 390              		.global	UART_1_SpiUartGetTxBufferSize
 391              		.code	16
 392              		.thumb_func
 393              		.type	UART_1_SpiUartGetTxBufferSize, %function
 394              	UART_1_SpiUartGetTxBufferSize:
 395              	.LFB7:
 328:.\Generated_Source\PSoC4/UART_1_SPI_UART.c **** 
 329:.\Generated_Source\PSoC4/UART_1_SPI_UART.c **** 
 330:.\Generated_Source\PSoC4/UART_1_SPI_UART.c ****     /*******************************************************************************
 331:.\Generated_Source\PSoC4/UART_1_SPI_UART.c ****     * Function Name: UART_1_SpiUartGetTxBufferSize
 332:.\Generated_Source\PSoC4/UART_1_SPI_UART.c ****     ********************************************************************************
 333:.\Generated_Source\PSoC4/UART_1_SPI_UART.c ****     *
 334:.\Generated_Source\PSoC4/UART_1_SPI_UART.c ****     * Summary:
 335:.\Generated_Source\PSoC4/UART_1_SPI_UART.c ****     * Returns the number of elements currently in the transmit buffer.
 336:.\Generated_Source\PSoC4/UART_1_SPI_UART.c ****     *  - TX software buffer is disabled: returns the number of used entries in
 337:.\Generated_Source\PSoC4/UART_1_SPI_UART.c ****     *    TX FIFO.
 338:.\Generated_Source\PSoC4/UART_1_SPI_UART.c ****     *  - TX software buffer is enabled: returns the number of elements currently
 339:.\Generated_Source\PSoC4/UART_1_SPI_UART.c ****     *    used in the transmit buffer. This number does not include used entries in
 340:.\Generated_Source\PSoC4/UART_1_SPI_UART.c ****     *    the TX FIFO. The transmit buffer size is zero until the TX FIFO is
 341:.\Generated_Source\PSoC4/UART_1_SPI_UART.c ****     *    not full.
 342:.\Generated_Source\PSoC4/UART_1_SPI_UART.c ****     *
 343:.\Generated_Source\PSoC4/UART_1_SPI_UART.c ****     * Parameters:
ARM GAS  C:\Users\ilias\AppData\Local\Temp\ccbDwCrd.s 			page 14


 344:.\Generated_Source\PSoC4/UART_1_SPI_UART.c ****     *  None
 345:.\Generated_Source\PSoC4/UART_1_SPI_UART.c ****     *
 346:.\Generated_Source\PSoC4/UART_1_SPI_UART.c ****     * Return:
 347:.\Generated_Source\PSoC4/UART_1_SPI_UART.c ****     *  Number of data elements ready to transmit.
 348:.\Generated_Source\PSoC4/UART_1_SPI_UART.c ****     *
 349:.\Generated_Source\PSoC4/UART_1_SPI_UART.c ****     *******************************************************************************/
 350:.\Generated_Source\PSoC4/UART_1_SPI_UART.c ****     uint32 UART_1_SpiUartGetTxBufferSize(void)
 351:.\Generated_Source\PSoC4/UART_1_SPI_UART.c ****     {
 396              		.loc 1 351 0
 397              		.cfi_startproc
 398 0000 80B5     		push	{r7, lr}
 399              		.cfi_def_cfa_offset 8
 400              		.cfi_offset 7, -8
 401              		.cfi_offset 14, -4
 402 0002 82B0     		sub	sp, sp, #8
 403              		.cfi_def_cfa_offset 16
 404 0004 00AF     		add	r7, sp, #0
 405              		.cfi_def_cfa_register 7
 352:.\Generated_Source\PSoC4/UART_1_SPI_UART.c ****         uint32 size;
 353:.\Generated_Source\PSoC4/UART_1_SPI_UART.c ****     #if (UART_1_INTERNAL_TX_SW_BUFFER_CONST)
 354:.\Generated_Source\PSoC4/UART_1_SPI_UART.c ****         uint32 locTail;
 355:.\Generated_Source\PSoC4/UART_1_SPI_UART.c ****     #endif /* (UART_1_INTERNAL_TX_SW_BUFFER_CONST) */
 356:.\Generated_Source\PSoC4/UART_1_SPI_UART.c **** 
 357:.\Generated_Source\PSoC4/UART_1_SPI_UART.c ****         #if (UART_1_CHECK_TX_SW_BUFFER)
 358:.\Generated_Source\PSoC4/UART_1_SPI_UART.c ****         {
 359:.\Generated_Source\PSoC4/UART_1_SPI_UART.c ****             /* Get current Tail index */
 360:.\Generated_Source\PSoC4/UART_1_SPI_UART.c ****             locTail = UART_1_txBufferTail;
 406              		.loc 1 360 0
 407 0006 0E4B     		ldr	r3, .L30
 408 0008 1B68     		ldr	r3, [r3]
 409 000a 3B60     		str	r3, [r7]
 361:.\Generated_Source\PSoC4/UART_1_SPI_UART.c **** 
 362:.\Generated_Source\PSoC4/UART_1_SPI_UART.c ****             if (UART_1_txBufferHead >= locTail)
 410              		.loc 1 362 0
 411 000c 0D4B     		ldr	r3, .L30+4
 412 000e 1A68     		ldr	r2, [r3]
 413 0010 3B68     		ldr	r3, [r7]
 414 0012 9A42     		cmp	r2, r3
 415 0014 05D3     		bcc	.L27
 363:.\Generated_Source\PSoC4/UART_1_SPI_UART.c ****             {
 364:.\Generated_Source\PSoC4/UART_1_SPI_UART.c ****                 size = (UART_1_txBufferHead - locTail);
 416              		.loc 1 364 0
 417 0016 0B4B     		ldr	r3, .L30+4
 418 0018 1A68     		ldr	r2, [r3]
 419 001a 3B68     		ldr	r3, [r7]
 420 001c D31A     		sub	r3, r2, r3
 421 001e 7B60     		str	r3, [r7, #4]
 422 0020 08E0     		b	.L28
 423              	.L27:
 365:.\Generated_Source\PSoC4/UART_1_SPI_UART.c ****             }
 366:.\Generated_Source\PSoC4/UART_1_SPI_UART.c ****             else
 367:.\Generated_Source\PSoC4/UART_1_SPI_UART.c ****             {
 368:.\Generated_Source\PSoC4/UART_1_SPI_UART.c ****                 size = (UART_1_txBufferHead + (UART_1_TX_BUFFER_SIZE - locTail));
 424              		.loc 1 368 0
 425 0022 084B     		ldr	r3, .L30+4
 426 0024 1A68     		ldr	r2, [r3]
 427 0026 3B68     		ldr	r3, [r7]
ARM GAS  C:\Users\ilias\AppData\Local\Temp\ccbDwCrd.s 			page 15


 428 0028 D31A     		sub	r3, r2, r3
 429 002a 8022     		mov	r2, #128
 430 002c 1201     		lsl	r2, r2, #4
 431 002e 9446     		mov	ip, r2
 432 0030 6344     		add	r3, r3, ip
 433 0032 7B60     		str	r3, [r7, #4]
 434              	.L28:
 369:.\Generated_Source\PSoC4/UART_1_SPI_UART.c ****             }
 370:.\Generated_Source\PSoC4/UART_1_SPI_UART.c ****         }
 371:.\Generated_Source\PSoC4/UART_1_SPI_UART.c ****         #else
 372:.\Generated_Source\PSoC4/UART_1_SPI_UART.c ****         {
 373:.\Generated_Source\PSoC4/UART_1_SPI_UART.c ****             size = UART_1_GET_TX_FIFO_ENTRIES;
 374:.\Generated_Source\PSoC4/UART_1_SPI_UART.c ****         }
 375:.\Generated_Source\PSoC4/UART_1_SPI_UART.c ****         #endif
 376:.\Generated_Source\PSoC4/UART_1_SPI_UART.c **** 
 377:.\Generated_Source\PSoC4/UART_1_SPI_UART.c ****         return (size);
 435              		.loc 1 377 0
 436 0034 7B68     		ldr	r3, [r7, #4]
 378:.\Generated_Source\PSoC4/UART_1_SPI_UART.c ****     }
 437              		.loc 1 378 0
 438 0036 181C     		mov	r0, r3
 439 0038 BD46     		mov	sp, r7
 440 003a 02B0     		add	sp, sp, #8
 441              		@ sp needed
 442 003c 80BD     		pop	{r7, pc}
 443              	.L31:
 444 003e C046     		.align	2
 445              	.L30:
 446 0040 00000000 		.word	UART_1_txBufferTail
 447 0044 00000000 		.word	UART_1_txBufferHead
 448              		.cfi_endproc
 449              	.LFE7:
 450              		.size	UART_1_SpiUartGetTxBufferSize, .-UART_1_SpiUartGetTxBufferSize
 451              		.section	.text.UART_1_SpiUartClearTxBuffer,"ax",%progbits
 452              		.align	2
 453              		.global	UART_1_SpiUartClearTxBuffer
 454              		.code	16
 455              		.thumb_func
 456              		.type	UART_1_SpiUartClearTxBuffer, %function
 457              	UART_1_SpiUartClearTxBuffer:
 458              	.LFB8:
 379:.\Generated_Source\PSoC4/UART_1_SPI_UART.c **** 
 380:.\Generated_Source\PSoC4/UART_1_SPI_UART.c **** 
 381:.\Generated_Source\PSoC4/UART_1_SPI_UART.c ****     /*******************************************************************************
 382:.\Generated_Source\PSoC4/UART_1_SPI_UART.c ****     * Function Name: UART_1_SpiUartClearTxBuffer
 383:.\Generated_Source\PSoC4/UART_1_SPI_UART.c ****     ********************************************************************************
 384:.\Generated_Source\PSoC4/UART_1_SPI_UART.c ****     *
 385:.\Generated_Source\PSoC4/UART_1_SPI_UART.c ****     * Summary:
 386:.\Generated_Source\PSoC4/UART_1_SPI_UART.c ****     *  Clears the transmit buffer and TX FIFO.
 387:.\Generated_Source\PSoC4/UART_1_SPI_UART.c ****     *
 388:.\Generated_Source\PSoC4/UART_1_SPI_UART.c ****     * Parameters:
 389:.\Generated_Source\PSoC4/UART_1_SPI_UART.c ****     *  None
 390:.\Generated_Source\PSoC4/UART_1_SPI_UART.c ****     *
 391:.\Generated_Source\PSoC4/UART_1_SPI_UART.c ****     * Return:
 392:.\Generated_Source\PSoC4/UART_1_SPI_UART.c ****     *  None
 393:.\Generated_Source\PSoC4/UART_1_SPI_UART.c ****     *
 394:.\Generated_Source\PSoC4/UART_1_SPI_UART.c ****     *******************************************************************************/
ARM GAS  C:\Users\ilias\AppData\Local\Temp\ccbDwCrd.s 			page 16


 395:.\Generated_Source\PSoC4/UART_1_SPI_UART.c ****     void UART_1_SpiUartClearTxBuffer(void)
 396:.\Generated_Source\PSoC4/UART_1_SPI_UART.c ****     {
 459              		.loc 1 396 0
 460              		.cfi_startproc
 461 0000 80B5     		push	{r7, lr}
 462              		.cfi_def_cfa_offset 8
 463              		.cfi_offset 7, -8
 464              		.cfi_offset 14, -4
 465 0002 00AF     		add	r7, sp, #0
 466              		.cfi_def_cfa_register 7
 397:.\Generated_Source\PSoC4/UART_1_SPI_UART.c ****         #if (UART_1_CHECK_TX_SW_BUFFER)
 398:.\Generated_Source\PSoC4/UART_1_SPI_UART.c ****         {
 399:.\Generated_Source\PSoC4/UART_1_SPI_UART.c ****             /* Lock from component interruption */
 400:.\Generated_Source\PSoC4/UART_1_SPI_UART.c ****             UART_1_DisableInt();
 467              		.loc 1 400 0
 468 0004 0920     		mov	r0, #9
 469 0006 FFF7FEFF 		bl	CyIntDisable
 401:.\Generated_Source\PSoC4/UART_1_SPI_UART.c **** 
 402:.\Generated_Source\PSoC4/UART_1_SPI_UART.c ****             /* Flush TX software buffer */
 403:.\Generated_Source\PSoC4/UART_1_SPI_UART.c ****             UART_1_txBufferHead = UART_1_txBufferTail;
 470              		.loc 1 403 0
 471 000a 0F4B     		ldr	r3, .L33
 472 000c 1A68     		ldr	r2, [r3]
 473 000e 0F4B     		ldr	r3, .L33+4
 474 0010 1A60     		str	r2, [r3]
 404:.\Generated_Source\PSoC4/UART_1_SPI_UART.c **** 
 405:.\Generated_Source\PSoC4/UART_1_SPI_UART.c ****             UART_1_INTR_TX_MASK_REG &= (uint32) ~UART_1_INTR_TX_NOT_FULL;
 475              		.loc 1 405 0
 476 0012 0F4B     		ldr	r3, .L33+8
 477 0014 0E4A     		ldr	r2, .L33+8
 478 0016 1268     		ldr	r2, [r2]
 479 0018 0221     		mov	r1, #2
 480 001a 8A43     		bic	r2, r1
 481 001c 1A60     		str	r2, [r3]
 406:.\Generated_Source\PSoC4/UART_1_SPI_UART.c ****             UART_1_CLEAR_TX_FIFO;
 482              		.loc 1 406 0
 483 001e 0D4B     		ldr	r3, .L33+12
 484 0020 0C4A     		ldr	r2, .L33+12
 485 0022 1268     		ldr	r2, [r2]
 486 0024 8021     		mov	r1, #128
 487 0026 4902     		lsl	r1, r1, #9
 488 0028 0A43     		orr	r2, r1
 489 002a 1A60     		str	r2, [r3]
 490 002c 094B     		ldr	r3, .L33+12
 491 002e 094A     		ldr	r2, .L33+12
 492 0030 1268     		ldr	r2, [r2]
 493 0032 0949     		ldr	r1, .L33+16
 494 0034 0A40     		and	r2, r1
 495 0036 1A60     		str	r2, [r3]
 407:.\Generated_Source\PSoC4/UART_1_SPI_UART.c ****             UART_1_ClearTxInterruptSource(UART_1_INTR_TX_ALL);
 496              		.loc 1 407 0
 497 0038 084B     		ldr	r3, .L33+20
 498 003a 094A     		ldr	r2, .L33+24
 499 003c 1A60     		str	r2, [r3]
 408:.\Generated_Source\PSoC4/UART_1_SPI_UART.c **** 
 409:.\Generated_Source\PSoC4/UART_1_SPI_UART.c ****             /* Release lock */
 410:.\Generated_Source\PSoC4/UART_1_SPI_UART.c ****             UART_1_EnableInt();
ARM GAS  C:\Users\ilias\AppData\Local\Temp\ccbDwCrd.s 			page 17


 500              		.loc 1 410 0
 501 003e 0920     		mov	r0, #9
 502 0040 FFF7FEFF 		bl	CyIntEnable
 411:.\Generated_Source\PSoC4/UART_1_SPI_UART.c ****         }
 412:.\Generated_Source\PSoC4/UART_1_SPI_UART.c ****         #else
 413:.\Generated_Source\PSoC4/UART_1_SPI_UART.c ****         {
 414:.\Generated_Source\PSoC4/UART_1_SPI_UART.c ****             UART_1_CLEAR_TX_FIFO;
 415:.\Generated_Source\PSoC4/UART_1_SPI_UART.c ****         }
 416:.\Generated_Source\PSoC4/UART_1_SPI_UART.c ****         #endif
 417:.\Generated_Source\PSoC4/UART_1_SPI_UART.c ****     }
 503              		.loc 1 417 0
 504 0044 BD46     		mov	sp, r7
 505              		@ sp needed
 506 0046 80BD     		pop	{r7, pc}
 507              	.L34:
 508              		.align	2
 509              	.L33:
 510 0048 00000000 		.word	UART_1_txBufferTail
 511 004c 00000000 		.word	UART_1_txBufferHead
 512 0050 880F2440 		.word	1076105096
 513 0054 04022440 		.word	1076101636
 514 0058 FFFFFEFF 		.word	-65537
 515 005c 800F2440 		.word	1076105088
 516 0060 F3070000 		.word	2035
 517              		.cfi_endproc
 518              	.LFE8:
 519              		.size	UART_1_SpiUartClearTxBuffer, .-UART_1_SpiUartClearTxBuffer
 520              		.section	.text.UART_1_SpiUartDisableIntRx,"ax",%progbits
 521              		.align	2
 522              		.global	UART_1_SpiUartDisableIntRx
 523              		.code	16
 524              		.thumb_func
 525              		.type	UART_1_SpiUartDisableIntRx, %function
 526              	UART_1_SpiUartDisableIntRx:
 527              	.LFB9:
 418:.\Generated_Source\PSoC4/UART_1_SPI_UART.c **** 
 419:.\Generated_Source\PSoC4/UART_1_SPI_UART.c **** #endif /* (UART_1_TX_DIRECTION) */
 420:.\Generated_Source\PSoC4/UART_1_SPI_UART.c **** 
 421:.\Generated_Source\PSoC4/UART_1_SPI_UART.c **** 
 422:.\Generated_Source\PSoC4/UART_1_SPI_UART.c **** /*******************************************************************************
 423:.\Generated_Source\PSoC4/UART_1_SPI_UART.c **** * Function Name: UART_1_SpiUartDisableIntRx
 424:.\Generated_Source\PSoC4/UART_1_SPI_UART.c **** ********************************************************************************
 425:.\Generated_Source\PSoC4/UART_1_SPI_UART.c **** *
 426:.\Generated_Source\PSoC4/UART_1_SPI_UART.c **** * Summary:
 427:.\Generated_Source\PSoC4/UART_1_SPI_UART.c **** *  Disables the RX interrupt sources.
 428:.\Generated_Source\PSoC4/UART_1_SPI_UART.c **** *
 429:.\Generated_Source\PSoC4/UART_1_SPI_UART.c **** * Parameters:
 430:.\Generated_Source\PSoC4/UART_1_SPI_UART.c **** *  None
 431:.\Generated_Source\PSoC4/UART_1_SPI_UART.c **** *
 432:.\Generated_Source\PSoC4/UART_1_SPI_UART.c **** * Return:
 433:.\Generated_Source\PSoC4/UART_1_SPI_UART.c **** *  Returns the RX interrupt sources enabled before the function call.
 434:.\Generated_Source\PSoC4/UART_1_SPI_UART.c **** *
 435:.\Generated_Source\PSoC4/UART_1_SPI_UART.c **** *******************************************************************************/
 436:.\Generated_Source\PSoC4/UART_1_SPI_UART.c **** uint32 UART_1_SpiUartDisableIntRx(void)
 437:.\Generated_Source\PSoC4/UART_1_SPI_UART.c **** {
 528              		.loc 1 437 0
 529              		.cfi_startproc
ARM GAS  C:\Users\ilias\AppData\Local\Temp\ccbDwCrd.s 			page 18


 530 0000 80B5     		push	{r7, lr}
 531              		.cfi_def_cfa_offset 8
 532              		.cfi_offset 7, -8
 533              		.cfi_offset 14, -4
 534 0002 82B0     		sub	sp, sp, #8
 535              		.cfi_def_cfa_offset 16
 536 0004 00AF     		add	r7, sp, #0
 537              		.cfi_def_cfa_register 7
 438:.\Generated_Source\PSoC4/UART_1_SPI_UART.c ****     uint32 intSource;
 439:.\Generated_Source\PSoC4/UART_1_SPI_UART.c **** 
 440:.\Generated_Source\PSoC4/UART_1_SPI_UART.c ****     intSource = UART_1_GetRxInterruptMode();
 538              		.loc 1 440 0
 539 0006 054B     		ldr	r3, .L37
 540 0008 1B68     		ldr	r3, [r3]
 541 000a 7B60     		str	r3, [r7, #4]
 441:.\Generated_Source\PSoC4/UART_1_SPI_UART.c **** 
 442:.\Generated_Source\PSoC4/UART_1_SPI_UART.c ****     UART_1_SetRxInterruptMode(UART_1_NO_INTR_SOURCES);
 542              		.loc 1 442 0
 543 000c 034B     		ldr	r3, .L37
 544 000e 0022     		mov	r2, #0
 545 0010 1A60     		str	r2, [r3]
 443:.\Generated_Source\PSoC4/UART_1_SPI_UART.c **** 
 444:.\Generated_Source\PSoC4/UART_1_SPI_UART.c ****     return (intSource);
 546              		.loc 1 444 0
 547 0012 7B68     		ldr	r3, [r7, #4]
 445:.\Generated_Source\PSoC4/UART_1_SPI_UART.c **** }
 548              		.loc 1 445 0
 549 0014 181C     		mov	r0, r3
 550 0016 BD46     		mov	sp, r7
 551 0018 02B0     		add	sp, sp, #8
 552              		@ sp needed
 553 001a 80BD     		pop	{r7, pc}
 554              	.L38:
 555              		.align	2
 556              	.L37:
 557 001c C80F2440 		.word	1076105160
 558              		.cfi_endproc
 559              	.LFE9:
 560              		.size	UART_1_SpiUartDisableIntRx, .-UART_1_SpiUartDisableIntRx
 561              		.section	.text.UART_1_SpiUartDisableIntTx,"ax",%progbits
 562              		.align	2
 563              		.global	UART_1_SpiUartDisableIntTx
 564              		.code	16
 565              		.thumb_func
 566              		.type	UART_1_SpiUartDisableIntTx, %function
 567              	UART_1_SpiUartDisableIntTx:
 568              	.LFB10:
 446:.\Generated_Source\PSoC4/UART_1_SPI_UART.c **** 
 447:.\Generated_Source\PSoC4/UART_1_SPI_UART.c **** 
 448:.\Generated_Source\PSoC4/UART_1_SPI_UART.c **** /*******************************************************************************
 449:.\Generated_Source\PSoC4/UART_1_SPI_UART.c **** * Function Name: UART_1_SpiUartDisableIntTx
 450:.\Generated_Source\PSoC4/UART_1_SPI_UART.c **** ********************************************************************************
 451:.\Generated_Source\PSoC4/UART_1_SPI_UART.c **** *
 452:.\Generated_Source\PSoC4/UART_1_SPI_UART.c **** * Summary:
 453:.\Generated_Source\PSoC4/UART_1_SPI_UART.c **** *  Disables TX interrupt sources.
 454:.\Generated_Source\PSoC4/UART_1_SPI_UART.c **** *
 455:.\Generated_Source\PSoC4/UART_1_SPI_UART.c **** * Parameters:
ARM GAS  C:\Users\ilias\AppData\Local\Temp\ccbDwCrd.s 			page 19


 456:.\Generated_Source\PSoC4/UART_1_SPI_UART.c **** *  None
 457:.\Generated_Source\PSoC4/UART_1_SPI_UART.c **** *
 458:.\Generated_Source\PSoC4/UART_1_SPI_UART.c **** * Return:
 459:.\Generated_Source\PSoC4/UART_1_SPI_UART.c **** *  Returns TX interrupt sources enabled before function call.
 460:.\Generated_Source\PSoC4/UART_1_SPI_UART.c **** *
 461:.\Generated_Source\PSoC4/UART_1_SPI_UART.c **** *******************************************************************************/
 462:.\Generated_Source\PSoC4/UART_1_SPI_UART.c **** uint32 UART_1_SpiUartDisableIntTx(void)
 463:.\Generated_Source\PSoC4/UART_1_SPI_UART.c **** {
 569              		.loc 1 463 0
 570              		.cfi_startproc
 571 0000 80B5     		push	{r7, lr}
 572              		.cfi_def_cfa_offset 8
 573              		.cfi_offset 7, -8
 574              		.cfi_offset 14, -4
 575 0002 82B0     		sub	sp, sp, #8
 576              		.cfi_def_cfa_offset 16
 577 0004 00AF     		add	r7, sp, #0
 578              		.cfi_def_cfa_register 7
 464:.\Generated_Source\PSoC4/UART_1_SPI_UART.c ****     uint32 intSourceMask;
 465:.\Generated_Source\PSoC4/UART_1_SPI_UART.c **** 
 466:.\Generated_Source\PSoC4/UART_1_SPI_UART.c ****     intSourceMask = UART_1_GetTxInterruptMode();
 579              		.loc 1 466 0
 580 0006 054B     		ldr	r3, .L41
 581 0008 1B68     		ldr	r3, [r3]
 582 000a 7B60     		str	r3, [r7, #4]
 467:.\Generated_Source\PSoC4/UART_1_SPI_UART.c **** 
 468:.\Generated_Source\PSoC4/UART_1_SPI_UART.c ****     UART_1_SetTxInterruptMode(UART_1_NO_INTR_SOURCES);
 583              		.loc 1 468 0
 584 000c 034B     		ldr	r3, .L41
 585 000e 0022     		mov	r2, #0
 586 0010 1A60     		str	r2, [r3]
 469:.\Generated_Source\PSoC4/UART_1_SPI_UART.c **** 
 470:.\Generated_Source\PSoC4/UART_1_SPI_UART.c ****     return (intSourceMask);
 587              		.loc 1 470 0
 588 0012 7B68     		ldr	r3, [r7, #4]
 471:.\Generated_Source\PSoC4/UART_1_SPI_UART.c **** }
 589              		.loc 1 471 0
 590 0014 181C     		mov	r0, r3
 591 0016 BD46     		mov	sp, r7
 592 0018 02B0     		add	sp, sp, #8
 593              		@ sp needed
 594 001a 80BD     		pop	{r7, pc}
 595              	.L42:
 596              		.align	2
 597              	.L41:
 598 001c 880F2440 		.word	1076105096
 599              		.cfi_endproc
 600              	.LFE10:
 601              		.size	UART_1_SpiUartDisableIntTx, .-UART_1_SpiUartDisableIntTx
 602              		.text
 603              	.Letext0:
 604              		.file 2 "Generated_Source\\PSoC4/cytypes.h"
 605              		.section	.debug_info,"",%progbits
 606              	.Ldebug_info0:
 607 0000 F0020000 		.4byte	0x2f0
 608 0004 0400     		.2byte	0x4
 609 0006 00000000 		.4byte	.Ldebug_abbrev0
ARM GAS  C:\Users\ilias\AppData\Local\Temp\ccbDwCrd.s 			page 20


 610 000a 04       		.byte	0x4
 611 000b 01       		.uleb128 0x1
 612 000c 49010000 		.4byte	.LASF41
 613 0010 01       		.byte	0x1
 614 0011 F9020000 		.4byte	.LASF42
 615 0015 DE010000 		.4byte	.LASF43
 616 0019 00000000 		.4byte	.Ldebug_ranges0+0
 617 001d 00000000 		.4byte	0
 618 0021 00000000 		.4byte	.Ldebug_line0
 619 0025 02       		.uleb128 0x2
 620 0026 01       		.byte	0x1
 621 0027 06       		.byte	0x6
 622 0028 41030000 		.4byte	.LASF0
 623 002c 02       		.uleb128 0x2
 624 002d 01       		.byte	0x1
 625 002e 08       		.byte	0x8
 626 002f 02010000 		.4byte	.LASF1
 627 0033 02       		.uleb128 0x2
 628 0034 02       		.byte	0x2
 629 0035 05       		.byte	0x5
 630 0036 D4020000 		.4byte	.LASF2
 631 003a 02       		.uleb128 0x2
 632 003b 02       		.byte	0x2
 633 003c 07       		.byte	0x7
 634 003d 31000000 		.4byte	.LASF3
 635 0041 02       		.uleb128 0x2
 636 0042 04       		.byte	0x4
 637 0043 05       		.byte	0x5
 638 0044 38030000 		.4byte	.LASF4
 639 0048 02       		.uleb128 0x2
 640 0049 04       		.byte	0x4
 641 004a 07       		.byte	0x7
 642 004b AD000000 		.4byte	.LASF5
 643 004f 02       		.uleb128 0x2
 644 0050 08       		.byte	0x8
 645 0051 05       		.byte	0x5
 646 0052 92020000 		.4byte	.LASF6
 647 0056 02       		.uleb128 0x2
 648 0057 08       		.byte	0x8
 649 0058 07       		.byte	0x7
 650 0059 1D020000 		.4byte	.LASF7
 651 005d 03       		.uleb128 0x3
 652 005e 04       		.byte	0x4
 653 005f 05       		.byte	0x5
 654 0060 696E7400 		.ascii	"int\000"
 655 0064 02       		.uleb128 0x2
 656 0065 04       		.byte	0x4
 657 0066 07       		.byte	0x7
 658 0067 44000000 		.4byte	.LASF8
 659 006b 04       		.uleb128 0x4
 660 006c DB000000 		.4byte	.LASF9
 661 0070 02       		.byte	0x2
 662 0071 3801     		.2byte	0x138
 663 0073 2C000000 		.4byte	0x2c
 664 0077 04       		.uleb128 0x4
 665 0078 D7010000 		.4byte	.LASF10
 666 007c 02       		.byte	0x2
ARM GAS  C:\Users\ilias\AppData\Local\Temp\ccbDwCrd.s 			page 21


 667 007d 3A01     		.2byte	0x13a
 668 007f 48000000 		.4byte	0x48
 669 0083 02       		.uleb128 0x2
 670 0084 04       		.byte	0x4
 671 0085 04       		.byte	0x4
 672 0086 8B000000 		.4byte	.LASF11
 673 008a 02       		.uleb128 0x2
 674 008b 08       		.byte	0x8
 675 008c 04       		.byte	0x4
 676 008d 10010000 		.4byte	.LASF12
 677 0091 02       		.uleb128 0x2
 678 0092 01       		.byte	0x1
 679 0093 08       		.byte	0x8
 680 0094 A0020000 		.4byte	.LASF13
 681 0098 05       		.uleb128 0x5
 682 0099 6B000000 		.4byte	0x6b
 683 009d 04       		.uleb128 0x4
 684 009e 1E000000 		.4byte	.LASF14
 685 00a2 02       		.byte	0x2
 686 00a3 E401     		.2byte	0x1e4
 687 00a5 A9000000 		.4byte	0xa9
 688 00a9 05       		.uleb128 0x5
 689 00aa 77000000 		.4byte	0x77
 690 00ae 02       		.uleb128 0x2
 691 00af 04       		.byte	0x4
 692 00b0 07       		.byte	0x7
 693 00b1 89020000 		.4byte	.LASF15
 694 00b5 06       		.uleb128 0x6
 695 00b6 50020000 		.4byte	.LASF18
 696 00ba 01       		.byte	0x1
 697 00bb 45       		.byte	0x45
 698 00bc 77000000 		.4byte	0x77
 699 00c0 00000000 		.4byte	.LFB2
 700 00c4 58000000 		.4byte	.LFE2-.LFB2
 701 00c8 01       		.uleb128 0x1
 702 00c9 9C       		.byte	0x9c
 703 00ca EB000000 		.4byte	0xeb
 704 00ce 07       		.uleb128 0x7
 705 00cf F5000000 		.4byte	.LASF16
 706 00d3 01       		.byte	0x1
 707 00d4 47       		.byte	0x47
 708 00d5 77000000 		.4byte	0x77
 709 00d9 02       		.uleb128 0x2
 710 00da 91       		.byte	0x91
 711 00db 74       		.sleb128 -12
 712 00dc 07       		.uleb128 0x7
 713 00dd 81020000 		.4byte	.LASF17
 714 00e1 01       		.byte	0x1
 715 00e2 4A       		.byte	0x4a
 716 00e3 77000000 		.4byte	0x77
 717 00e7 02       		.uleb128 0x2
 718 00e8 91       		.byte	0x91
 719 00e9 70       		.sleb128 -16
 720 00ea 00       		.byte	0
 721 00eb 06       		.uleb128 0x6
 722 00ec 51000000 		.4byte	.LASF19
 723 00f0 01       		.byte	0x1
ARM GAS  C:\Users\ilias\AppData\Local\Temp\ccbDwCrd.s 			page 22


 724 00f1 8D       		.byte	0x8d
 725 00f2 77000000 		.4byte	0x77
 726 00f6 00000000 		.4byte	.LFB3
 727 00fa 48000000 		.4byte	.LFE3-.LFB3
 728 00fe 01       		.uleb128 0x1
 729 00ff 9C       		.byte	0x9c
 730 0100 21010000 		.4byte	0x121
 731 0104 07       		.uleb128 0x7
 732 0105 A8000000 		.4byte	.LASF20
 733 0109 01       		.byte	0x1
 734 010a 8F       		.byte	0x8f
 735 010b 77000000 		.4byte	0x77
 736 010f 02       		.uleb128 0x2
 737 0110 91       		.byte	0x91
 738 0111 74       		.sleb128 -12
 739 0112 07       		.uleb128 0x7
 740 0113 83000000 		.4byte	.LASF21
 741 0117 01       		.byte	0x1
 742 0118 91       		.byte	0x91
 743 0119 77000000 		.4byte	0x77
 744 011d 02       		.uleb128 0x2
 745 011e 91       		.byte	0x91
 746 011f 70       		.sleb128 -16
 747 0120 00       		.byte	0
 748 0121 08       		.uleb128 0x8
 749 0122 34020000 		.4byte	.LASF28
 750 0126 01       		.byte	0x1
 751 0127 B9       		.byte	0xb9
 752 0128 00000000 		.4byte	.LFB4
 753 012c 60000000 		.4byte	.LFE4-.LFB4
 754 0130 01       		.uleb128 0x1
 755 0131 9C       		.byte	0x9c
 756 0132 09       		.uleb128 0x9
 757 0133 2F010000 		.4byte	.LASF22
 758 0137 01       		.byte	0x1
 759 0138 EF       		.byte	0xef
 760 0139 00000000 		.4byte	.LFB5
 761 013d 9C000000 		.4byte	.LFE5-.LFB5
 762 0141 01       		.uleb128 0x1
 763 0142 9C       		.byte	0x9c
 764 0143 64010000 		.4byte	0x164
 765 0147 0A       		.uleb128 0xa
 766 0148 2A000000 		.4byte	.LASF24
 767 014c 01       		.byte	0x1
 768 014d EF       		.byte	0xef
 769 014e 77000000 		.4byte	0x77
 770 0152 02       		.uleb128 0x2
 771 0153 91       		.byte	0x91
 772 0154 6C       		.sleb128 -20
 773 0155 07       		.uleb128 0x7
 774 0156 83000000 		.4byte	.LASF21
 775 015a 01       		.byte	0x1
 776 015b F2       		.byte	0xf2
 777 015c 77000000 		.4byte	0x77
 778 0160 02       		.uleb128 0x2
 779 0161 91       		.byte	0x91
 780 0162 74       		.sleb128 -12
ARM GAS  C:\Users\ilias\AppData\Local\Temp\ccbDwCrd.s 			page 23


 781 0163 00       		.byte	0
 782 0164 0B       		.uleb128 0xb
 783 0165 91000000 		.4byte	.LASF23
 784 0169 01       		.byte	0x1
 785 016a 3F01     		.2byte	0x13f
 786 016c 00000000 		.4byte	.LFB6
 787 0170 32000000 		.4byte	.LFE6-.LFB6
 788 0174 01       		.uleb128 0x1
 789 0175 9C       		.byte	0x9c
 790 0176 A6010000 		.4byte	0x1a6
 791 017a 0C       		.uleb128 0xc
 792 017b FC000000 		.4byte	.LASF25
 793 017f 01       		.byte	0x1
 794 0180 3F01     		.2byte	0x13f
 795 0182 A6010000 		.4byte	0x1a6
 796 0186 02       		.uleb128 0x2
 797 0187 91       		.byte	0x91
 798 0188 6C       		.sleb128 -20
 799 0189 0C       		.uleb128 0xc
 800 018a 24000000 		.4byte	.LASF26
 801 018e 01       		.byte	0x1
 802 018f 3F01     		.2byte	0x13f
 803 0191 77000000 		.4byte	0x77
 804 0195 02       		.uleb128 0x2
 805 0196 91       		.byte	0x91
 806 0197 68       		.sleb128 -24
 807 0198 0D       		.uleb128 0xd
 808 0199 6900     		.ascii	"i\000"
 809 019b 01       		.byte	0x1
 810 019c 4101     		.2byte	0x141
 811 019e 77000000 		.4byte	0x77
 812 01a2 02       		.uleb128 0x2
 813 01a3 91       		.byte	0x91
 814 01a4 74       		.sleb128 -12
 815 01a5 00       		.byte	0
 816 01a6 0E       		.uleb128 0xe
 817 01a7 04       		.byte	0x4
 818 01a8 AC010000 		.4byte	0x1ac
 819 01ac 0F       		.uleb128 0xf
 820 01ad 6B000000 		.4byte	0x6b
 821 01b1 10       		.uleb128 0x10
 822 01b2 00000000 		.4byte	.LASF27
 823 01b6 01       		.byte	0x1
 824 01b7 5E01     		.2byte	0x15e
 825 01b9 77000000 		.4byte	0x77
 826 01bd 00000000 		.4byte	.LFB7
 827 01c1 48000000 		.4byte	.LFE7-.LFB7
 828 01c5 01       		.uleb128 0x1
 829 01c6 9C       		.byte	0x9c
 830 01c7 EA010000 		.4byte	0x1ea
 831 01cb 11       		.uleb128 0x11
 832 01cc A8000000 		.4byte	.LASF20
 833 01d0 01       		.byte	0x1
 834 01d1 6001     		.2byte	0x160
 835 01d3 77000000 		.4byte	0x77
 836 01d7 02       		.uleb128 0x2
 837 01d8 91       		.byte	0x91
ARM GAS  C:\Users\ilias\AppData\Local\Temp\ccbDwCrd.s 			page 24


 838 01d9 74       		.sleb128 -12
 839 01da 11       		.uleb128 0x11
 840 01db 81020000 		.4byte	.LASF17
 841 01df 01       		.byte	0x1
 842 01e0 6201     		.2byte	0x162
 843 01e2 77000000 		.4byte	0x77
 844 01e6 02       		.uleb128 0x2
 845 01e7 91       		.byte	0x91
 846 01e8 70       		.sleb128 -16
 847 01e9 00       		.byte	0
 848 01ea 12       		.uleb128 0x12
 849 01eb BF000000 		.4byte	.LASF29
 850 01ef 01       		.byte	0x1
 851 01f0 8B01     		.2byte	0x18b
 852 01f2 00000000 		.4byte	.LFB8
 853 01f6 64000000 		.4byte	.LFE8-.LFB8
 854 01fa 01       		.uleb128 0x1
 855 01fb 9C       		.byte	0x9c
 856 01fc 10       		.uleb128 0x10
 857 01fd A5020000 		.4byte	.LASF30
 858 0201 01       		.byte	0x1
 859 0202 B401     		.2byte	0x1b4
 860 0204 77000000 		.4byte	0x77
 861 0208 00000000 		.4byte	.LFB9
 862 020c 20000000 		.4byte	.LFE9-.LFB9
 863 0210 01       		.uleb128 0x1
 864 0211 9C       		.byte	0x9c
 865 0212 26020000 		.4byte	0x226
 866 0216 11       		.uleb128 0x11
 867 0217 13020000 		.4byte	.LASF31
 868 021b 01       		.byte	0x1
 869 021c B601     		.2byte	0x1b6
 870 021e 77000000 		.4byte	0x77
 871 0222 02       		.uleb128 0x2
 872 0223 91       		.byte	0x91
 873 0224 74       		.sleb128 -12
 874 0225 00       		.byte	0
 875 0226 10       		.uleb128 0x10
 876 0227 DE020000 		.4byte	.LASF32
 877 022b 01       		.byte	0x1
 878 022c CE01     		.2byte	0x1ce
 879 022e 77000000 		.4byte	0x77
 880 0232 00000000 		.4byte	.LFB10
 881 0236 20000000 		.4byte	.LFE10-.LFB10
 882 023a 01       		.uleb128 0x1
 883 023b 9C       		.byte	0x9c
 884 023c 50020000 		.4byte	0x250
 885 0240 11       		.uleb128 0x11
 886 0241 05020000 		.4byte	.LASF33
 887 0245 01       		.byte	0x1
 888 0246 D001     		.2byte	0x1d0
 889 0248 77000000 		.4byte	0x77
 890 024c 02       		.uleb128 0x2
 891 024d 91       		.byte	0x91
 892 024e 74       		.sleb128 -12
 893 024f 00       		.byte	0
 894 0250 13       		.uleb128 0x13
ARM GAS  C:\Users\ilias\AppData\Local\Temp\ccbDwCrd.s 			page 25


 895 0251 24030000 		.4byte	.LASF34
 896 0255 01       		.byte	0x1
 897 0256 1A       		.byte	0x1a
 898 0257 A9000000 		.4byte	0xa9
 899 025b 05       		.uleb128 0x5
 900 025c 03       		.byte	0x3
 901 025d 00000000 		.4byte	UART_1_rxBufferHead
 902 0261 13       		.uleb128 0x13
 903 0262 E1000000 		.4byte	.LASF35
 904 0266 01       		.byte	0x1
 905 0267 1B       		.byte	0x1b
 906 0268 A9000000 		.4byte	0xa9
 907 026c 05       		.uleb128 0x5
 908 026d 03       		.byte	0x3
 909 026e 00000000 		.4byte	UART_1_rxBufferTail
 910 0272 13       		.uleb128 0x13
 911 0273 69020000 		.4byte	.LASF36
 912 0277 01       		.byte	0x1
 913 0278 1C       		.byte	0x1c
 914 0279 98000000 		.4byte	0x98
 915 027d 05       		.uleb128 0x5
 916 027e 03       		.byte	0x3
 917 027f 00000000 		.4byte	UART_1_rxBufferOverflow
 918 0283 13       		.uleb128 0x13
 919 0284 C0020000 		.4byte	.LASF37
 920 0288 01       		.byte	0x1
 921 0289 20       		.byte	0x20
 922 028a A9000000 		.4byte	0xa9
 923 028e 05       		.uleb128 0x5
 924 028f 03       		.byte	0x3
 925 0290 00000000 		.4byte	UART_1_txBufferHead
 926 0294 13       		.uleb128 0x13
 927 0295 6F000000 		.4byte	.LASF38
 928 0299 01       		.byte	0x1
 929 029a 21       		.byte	0x21
 930 029b A9000000 		.4byte	0xa9
 931 029f 05       		.uleb128 0x5
 932 02a0 03       		.byte	0x3
 933 02a1 00000000 		.4byte	UART_1_txBufferTail
 934 02a5 14       		.uleb128 0x14
 935 02a6 6B000000 		.4byte	0x6b
 936 02aa B6020000 		.4byte	0x2b6
 937 02ae 15       		.uleb128 0x15
 938 02af AE000000 		.4byte	0xae
 939 02b3 0008     		.2byte	0x800
 940 02b5 00       		.byte	0
 941 02b6 13       		.uleb128 0x13
 942 02b7 17010000 		.4byte	.LASF39
 943 02bb 01       		.byte	0x1
 944 02bc 26       		.byte	0x26
 945 02bd C7020000 		.4byte	0x2c7
 946 02c1 05       		.uleb128 0x5
 947 02c2 03       		.byte	0x3
 948 02c3 00000000 		.4byte	UART_1_rxBufferInternal
 949 02c7 05       		.uleb128 0x5
 950 02c8 A5020000 		.4byte	0x2a5
 951 02cc 14       		.uleb128 0x14
ARM GAS  C:\Users\ilias\AppData\Local\Temp\ccbDwCrd.s 			page 26


 952 02cd 6B000000 		.4byte	0x6b
 953 02d1 DD020000 		.4byte	0x2dd
 954 02d5 15       		.uleb128 0x15
 955 02d6 AE000000 		.4byte	0xae
 956 02da FF07     		.2byte	0x7ff
 957 02dc 00       		.byte	0
 958 02dd 13       		.uleb128 0x13
 959 02de 4D030000 		.4byte	.LASF40
 960 02e2 01       		.byte	0x1
 961 02e3 2A       		.byte	0x2a
 962 02e4 EE020000 		.4byte	0x2ee
 963 02e8 05       		.uleb128 0x5
 964 02e9 03       		.byte	0x3
 965 02ea 00000000 		.4byte	UART_1_txBufferInternal
 966 02ee 05       		.uleb128 0x5
 967 02ef CC020000 		.4byte	0x2cc
 968 02f3 00       		.byte	0
 969              		.section	.debug_abbrev,"",%progbits
 970              	.Ldebug_abbrev0:
 971 0000 01       		.uleb128 0x1
 972 0001 11       		.uleb128 0x11
 973 0002 01       		.byte	0x1
 974 0003 25       		.uleb128 0x25
 975 0004 0E       		.uleb128 0xe
 976 0005 13       		.uleb128 0x13
 977 0006 0B       		.uleb128 0xb
 978 0007 03       		.uleb128 0x3
 979 0008 0E       		.uleb128 0xe
 980 0009 1B       		.uleb128 0x1b
 981 000a 0E       		.uleb128 0xe
 982 000b 55       		.uleb128 0x55
 983 000c 17       		.uleb128 0x17
 984 000d 11       		.uleb128 0x11
 985 000e 01       		.uleb128 0x1
 986 000f 10       		.uleb128 0x10
 987 0010 17       		.uleb128 0x17
 988 0011 00       		.byte	0
 989 0012 00       		.byte	0
 990 0013 02       		.uleb128 0x2
 991 0014 24       		.uleb128 0x24
 992 0015 00       		.byte	0
 993 0016 0B       		.uleb128 0xb
 994 0017 0B       		.uleb128 0xb
 995 0018 3E       		.uleb128 0x3e
 996 0019 0B       		.uleb128 0xb
 997 001a 03       		.uleb128 0x3
 998 001b 0E       		.uleb128 0xe
 999 001c 00       		.byte	0
 1000 001d 00       		.byte	0
 1001 001e 03       		.uleb128 0x3
 1002 001f 24       		.uleb128 0x24
 1003 0020 00       		.byte	0
 1004 0021 0B       		.uleb128 0xb
 1005 0022 0B       		.uleb128 0xb
 1006 0023 3E       		.uleb128 0x3e
 1007 0024 0B       		.uleb128 0xb
 1008 0025 03       		.uleb128 0x3
ARM GAS  C:\Users\ilias\AppData\Local\Temp\ccbDwCrd.s 			page 27


 1009 0026 08       		.uleb128 0x8
 1010 0027 00       		.byte	0
 1011 0028 00       		.byte	0
 1012 0029 04       		.uleb128 0x4
 1013 002a 16       		.uleb128 0x16
 1014 002b 00       		.byte	0
 1015 002c 03       		.uleb128 0x3
 1016 002d 0E       		.uleb128 0xe
 1017 002e 3A       		.uleb128 0x3a
 1018 002f 0B       		.uleb128 0xb
 1019 0030 3B       		.uleb128 0x3b
 1020 0031 05       		.uleb128 0x5
 1021 0032 49       		.uleb128 0x49
 1022 0033 13       		.uleb128 0x13
 1023 0034 00       		.byte	0
 1024 0035 00       		.byte	0
 1025 0036 05       		.uleb128 0x5
 1026 0037 35       		.uleb128 0x35
 1027 0038 00       		.byte	0
 1028 0039 49       		.uleb128 0x49
 1029 003a 13       		.uleb128 0x13
 1030 003b 00       		.byte	0
 1031 003c 00       		.byte	0
 1032 003d 06       		.uleb128 0x6
 1033 003e 2E       		.uleb128 0x2e
 1034 003f 01       		.byte	0x1
 1035 0040 3F       		.uleb128 0x3f
 1036 0041 19       		.uleb128 0x19
 1037 0042 03       		.uleb128 0x3
 1038 0043 0E       		.uleb128 0xe
 1039 0044 3A       		.uleb128 0x3a
 1040 0045 0B       		.uleb128 0xb
 1041 0046 3B       		.uleb128 0x3b
 1042 0047 0B       		.uleb128 0xb
 1043 0048 27       		.uleb128 0x27
 1044 0049 19       		.uleb128 0x19
 1045 004a 49       		.uleb128 0x49
 1046 004b 13       		.uleb128 0x13
 1047 004c 11       		.uleb128 0x11
 1048 004d 01       		.uleb128 0x1
 1049 004e 12       		.uleb128 0x12
 1050 004f 06       		.uleb128 0x6
 1051 0050 40       		.uleb128 0x40
 1052 0051 18       		.uleb128 0x18
 1053 0052 9742     		.uleb128 0x2117
 1054 0054 19       		.uleb128 0x19
 1055 0055 01       		.uleb128 0x1
 1056 0056 13       		.uleb128 0x13
 1057 0057 00       		.byte	0
 1058 0058 00       		.byte	0
 1059 0059 07       		.uleb128 0x7
 1060 005a 34       		.uleb128 0x34
 1061 005b 00       		.byte	0
 1062 005c 03       		.uleb128 0x3
 1063 005d 0E       		.uleb128 0xe
 1064 005e 3A       		.uleb128 0x3a
 1065 005f 0B       		.uleb128 0xb
ARM GAS  C:\Users\ilias\AppData\Local\Temp\ccbDwCrd.s 			page 28


 1066 0060 3B       		.uleb128 0x3b
 1067 0061 0B       		.uleb128 0xb
 1068 0062 49       		.uleb128 0x49
 1069 0063 13       		.uleb128 0x13
 1070 0064 02       		.uleb128 0x2
 1071 0065 18       		.uleb128 0x18
 1072 0066 00       		.byte	0
 1073 0067 00       		.byte	0
 1074 0068 08       		.uleb128 0x8
 1075 0069 2E       		.uleb128 0x2e
 1076 006a 00       		.byte	0
 1077 006b 3F       		.uleb128 0x3f
 1078 006c 19       		.uleb128 0x19
 1079 006d 03       		.uleb128 0x3
 1080 006e 0E       		.uleb128 0xe
 1081 006f 3A       		.uleb128 0x3a
 1082 0070 0B       		.uleb128 0xb
 1083 0071 3B       		.uleb128 0x3b
 1084 0072 0B       		.uleb128 0xb
 1085 0073 27       		.uleb128 0x27
 1086 0074 19       		.uleb128 0x19
 1087 0075 11       		.uleb128 0x11
 1088 0076 01       		.uleb128 0x1
 1089 0077 12       		.uleb128 0x12
 1090 0078 06       		.uleb128 0x6
 1091 0079 40       		.uleb128 0x40
 1092 007a 18       		.uleb128 0x18
 1093 007b 9642     		.uleb128 0x2116
 1094 007d 19       		.uleb128 0x19
 1095 007e 00       		.byte	0
 1096 007f 00       		.byte	0
 1097 0080 09       		.uleb128 0x9
 1098 0081 2E       		.uleb128 0x2e
 1099 0082 01       		.byte	0x1
 1100 0083 3F       		.uleb128 0x3f
 1101 0084 19       		.uleb128 0x19
 1102 0085 03       		.uleb128 0x3
 1103 0086 0E       		.uleb128 0xe
 1104 0087 3A       		.uleb128 0x3a
 1105 0088 0B       		.uleb128 0xb
 1106 0089 3B       		.uleb128 0x3b
 1107 008a 0B       		.uleb128 0xb
 1108 008b 27       		.uleb128 0x27
 1109 008c 19       		.uleb128 0x19
 1110 008d 11       		.uleb128 0x11
 1111 008e 01       		.uleb128 0x1
 1112 008f 12       		.uleb128 0x12
 1113 0090 06       		.uleb128 0x6
 1114 0091 40       		.uleb128 0x40
 1115 0092 18       		.uleb128 0x18
 1116 0093 9742     		.uleb128 0x2117
 1117 0095 19       		.uleb128 0x19
 1118 0096 01       		.uleb128 0x1
 1119 0097 13       		.uleb128 0x13
 1120 0098 00       		.byte	0
 1121 0099 00       		.byte	0
 1122 009a 0A       		.uleb128 0xa
ARM GAS  C:\Users\ilias\AppData\Local\Temp\ccbDwCrd.s 			page 29


 1123 009b 05       		.uleb128 0x5
 1124 009c 00       		.byte	0
 1125 009d 03       		.uleb128 0x3
 1126 009e 0E       		.uleb128 0xe
 1127 009f 3A       		.uleb128 0x3a
 1128 00a0 0B       		.uleb128 0xb
 1129 00a1 3B       		.uleb128 0x3b
 1130 00a2 0B       		.uleb128 0xb
 1131 00a3 49       		.uleb128 0x49
 1132 00a4 13       		.uleb128 0x13
 1133 00a5 02       		.uleb128 0x2
 1134 00a6 18       		.uleb128 0x18
 1135 00a7 00       		.byte	0
 1136 00a8 00       		.byte	0
 1137 00a9 0B       		.uleb128 0xb
 1138 00aa 2E       		.uleb128 0x2e
 1139 00ab 01       		.byte	0x1
 1140 00ac 3F       		.uleb128 0x3f
 1141 00ad 19       		.uleb128 0x19
 1142 00ae 03       		.uleb128 0x3
 1143 00af 0E       		.uleb128 0xe
 1144 00b0 3A       		.uleb128 0x3a
 1145 00b1 0B       		.uleb128 0xb
 1146 00b2 3B       		.uleb128 0x3b
 1147 00b3 05       		.uleb128 0x5
 1148 00b4 27       		.uleb128 0x27
 1149 00b5 19       		.uleb128 0x19
 1150 00b6 11       		.uleb128 0x11
 1151 00b7 01       		.uleb128 0x1
 1152 00b8 12       		.uleb128 0x12
 1153 00b9 06       		.uleb128 0x6
 1154 00ba 40       		.uleb128 0x40
 1155 00bb 18       		.uleb128 0x18
 1156 00bc 9642     		.uleb128 0x2116
 1157 00be 19       		.uleb128 0x19
 1158 00bf 01       		.uleb128 0x1
 1159 00c0 13       		.uleb128 0x13
 1160 00c1 00       		.byte	0
 1161 00c2 00       		.byte	0
 1162 00c3 0C       		.uleb128 0xc
 1163 00c4 05       		.uleb128 0x5
 1164 00c5 00       		.byte	0
 1165 00c6 03       		.uleb128 0x3
 1166 00c7 0E       		.uleb128 0xe
 1167 00c8 3A       		.uleb128 0x3a
 1168 00c9 0B       		.uleb128 0xb
 1169 00ca 3B       		.uleb128 0x3b
 1170 00cb 05       		.uleb128 0x5
 1171 00cc 49       		.uleb128 0x49
 1172 00cd 13       		.uleb128 0x13
 1173 00ce 02       		.uleb128 0x2
 1174 00cf 18       		.uleb128 0x18
 1175 00d0 00       		.byte	0
 1176 00d1 00       		.byte	0
 1177 00d2 0D       		.uleb128 0xd
 1178 00d3 34       		.uleb128 0x34
 1179 00d4 00       		.byte	0
ARM GAS  C:\Users\ilias\AppData\Local\Temp\ccbDwCrd.s 			page 30


 1180 00d5 03       		.uleb128 0x3
 1181 00d6 08       		.uleb128 0x8
 1182 00d7 3A       		.uleb128 0x3a
 1183 00d8 0B       		.uleb128 0xb
 1184 00d9 3B       		.uleb128 0x3b
 1185 00da 05       		.uleb128 0x5
 1186 00db 49       		.uleb128 0x49
 1187 00dc 13       		.uleb128 0x13
 1188 00dd 02       		.uleb128 0x2
 1189 00de 18       		.uleb128 0x18
 1190 00df 00       		.byte	0
 1191 00e0 00       		.byte	0
 1192 00e1 0E       		.uleb128 0xe
 1193 00e2 0F       		.uleb128 0xf
 1194 00e3 00       		.byte	0
 1195 00e4 0B       		.uleb128 0xb
 1196 00e5 0B       		.uleb128 0xb
 1197 00e6 49       		.uleb128 0x49
 1198 00e7 13       		.uleb128 0x13
 1199 00e8 00       		.byte	0
 1200 00e9 00       		.byte	0
 1201 00ea 0F       		.uleb128 0xf
 1202 00eb 26       		.uleb128 0x26
 1203 00ec 00       		.byte	0
 1204 00ed 49       		.uleb128 0x49
 1205 00ee 13       		.uleb128 0x13
 1206 00ef 00       		.byte	0
 1207 00f0 00       		.byte	0
 1208 00f1 10       		.uleb128 0x10
 1209 00f2 2E       		.uleb128 0x2e
 1210 00f3 01       		.byte	0x1
 1211 00f4 3F       		.uleb128 0x3f
 1212 00f5 19       		.uleb128 0x19
 1213 00f6 03       		.uleb128 0x3
 1214 00f7 0E       		.uleb128 0xe
 1215 00f8 3A       		.uleb128 0x3a
 1216 00f9 0B       		.uleb128 0xb
 1217 00fa 3B       		.uleb128 0x3b
 1218 00fb 05       		.uleb128 0x5
 1219 00fc 27       		.uleb128 0x27
 1220 00fd 19       		.uleb128 0x19
 1221 00fe 49       		.uleb128 0x49
 1222 00ff 13       		.uleb128 0x13
 1223 0100 11       		.uleb128 0x11
 1224 0101 01       		.uleb128 0x1
 1225 0102 12       		.uleb128 0x12
 1226 0103 06       		.uleb128 0x6
 1227 0104 40       		.uleb128 0x40
 1228 0105 18       		.uleb128 0x18
 1229 0106 9742     		.uleb128 0x2117
 1230 0108 19       		.uleb128 0x19
 1231 0109 01       		.uleb128 0x1
 1232 010a 13       		.uleb128 0x13
 1233 010b 00       		.byte	0
 1234 010c 00       		.byte	0
 1235 010d 11       		.uleb128 0x11
 1236 010e 34       		.uleb128 0x34
ARM GAS  C:\Users\ilias\AppData\Local\Temp\ccbDwCrd.s 			page 31


 1237 010f 00       		.byte	0
 1238 0110 03       		.uleb128 0x3
 1239 0111 0E       		.uleb128 0xe
 1240 0112 3A       		.uleb128 0x3a
 1241 0113 0B       		.uleb128 0xb
 1242 0114 3B       		.uleb128 0x3b
 1243 0115 05       		.uleb128 0x5
 1244 0116 49       		.uleb128 0x49
 1245 0117 13       		.uleb128 0x13
 1246 0118 02       		.uleb128 0x2
 1247 0119 18       		.uleb128 0x18
 1248 011a 00       		.byte	0
 1249 011b 00       		.byte	0
 1250 011c 12       		.uleb128 0x12
 1251 011d 2E       		.uleb128 0x2e
 1252 011e 00       		.byte	0
 1253 011f 3F       		.uleb128 0x3f
 1254 0120 19       		.uleb128 0x19
 1255 0121 03       		.uleb128 0x3
 1256 0122 0E       		.uleb128 0xe
 1257 0123 3A       		.uleb128 0x3a
 1258 0124 0B       		.uleb128 0xb
 1259 0125 3B       		.uleb128 0x3b
 1260 0126 05       		.uleb128 0x5
 1261 0127 27       		.uleb128 0x27
 1262 0128 19       		.uleb128 0x19
 1263 0129 11       		.uleb128 0x11
 1264 012a 01       		.uleb128 0x1
 1265 012b 12       		.uleb128 0x12
 1266 012c 06       		.uleb128 0x6
 1267 012d 40       		.uleb128 0x40
 1268 012e 18       		.uleb128 0x18
 1269 012f 9642     		.uleb128 0x2116
 1270 0131 19       		.uleb128 0x19
 1271 0132 00       		.byte	0
 1272 0133 00       		.byte	0
 1273 0134 13       		.uleb128 0x13
 1274 0135 34       		.uleb128 0x34
 1275 0136 00       		.byte	0
 1276 0137 03       		.uleb128 0x3
 1277 0138 0E       		.uleb128 0xe
 1278 0139 3A       		.uleb128 0x3a
 1279 013a 0B       		.uleb128 0xb
 1280 013b 3B       		.uleb128 0x3b
 1281 013c 0B       		.uleb128 0xb
 1282 013d 49       		.uleb128 0x49
 1283 013e 13       		.uleb128 0x13
 1284 013f 3F       		.uleb128 0x3f
 1285 0140 19       		.uleb128 0x19
 1286 0141 02       		.uleb128 0x2
 1287 0142 18       		.uleb128 0x18
 1288 0143 00       		.byte	0
 1289 0144 00       		.byte	0
 1290 0145 14       		.uleb128 0x14
 1291 0146 01       		.uleb128 0x1
 1292 0147 01       		.byte	0x1
 1293 0148 49       		.uleb128 0x49
ARM GAS  C:\Users\ilias\AppData\Local\Temp\ccbDwCrd.s 			page 32


 1294 0149 13       		.uleb128 0x13
 1295 014a 01       		.uleb128 0x1
 1296 014b 13       		.uleb128 0x13
 1297 014c 00       		.byte	0
 1298 014d 00       		.byte	0
 1299 014e 15       		.uleb128 0x15
 1300 014f 21       		.uleb128 0x21
 1301 0150 00       		.byte	0
 1302 0151 49       		.uleb128 0x49
 1303 0152 13       		.uleb128 0x13
 1304 0153 2F       		.uleb128 0x2f
 1305 0154 05       		.uleb128 0x5
 1306 0155 00       		.byte	0
 1307 0156 00       		.byte	0
 1308 0157 00       		.byte	0
 1309              		.section	.debug_aranges,"",%progbits
 1310 0000 5C000000 		.4byte	0x5c
 1311 0004 0200     		.2byte	0x2
 1312 0006 00000000 		.4byte	.Ldebug_info0
 1313 000a 04       		.byte	0x4
 1314 000b 00       		.byte	0
 1315 000c 0000     		.2byte	0
 1316 000e 0000     		.2byte	0
 1317 0010 00000000 		.4byte	.LFB2
 1318 0014 58000000 		.4byte	.LFE2-.LFB2
 1319 0018 00000000 		.4byte	.LFB3
 1320 001c 48000000 		.4byte	.LFE3-.LFB3
 1321 0020 00000000 		.4byte	.LFB4
 1322 0024 60000000 		.4byte	.LFE4-.LFB4
 1323 0028 00000000 		.4byte	.LFB5
 1324 002c 9C000000 		.4byte	.LFE5-.LFB5
 1325 0030 00000000 		.4byte	.LFB6
 1326 0034 32000000 		.4byte	.LFE6-.LFB6
 1327 0038 00000000 		.4byte	.LFB7
 1328 003c 48000000 		.4byte	.LFE7-.LFB7
 1329 0040 00000000 		.4byte	.LFB8
 1330 0044 64000000 		.4byte	.LFE8-.LFB8
 1331 0048 00000000 		.4byte	.LFB9
 1332 004c 20000000 		.4byte	.LFE9-.LFB9
 1333 0050 00000000 		.4byte	.LFB10
 1334 0054 20000000 		.4byte	.LFE10-.LFB10
 1335 0058 00000000 		.4byte	0
 1336 005c 00000000 		.4byte	0
 1337              		.section	.debug_ranges,"",%progbits
 1338              	.Ldebug_ranges0:
 1339 0000 00000000 		.4byte	.LFB2
 1340 0004 58000000 		.4byte	.LFE2
 1341 0008 00000000 		.4byte	.LFB3
 1342 000c 48000000 		.4byte	.LFE3
 1343 0010 00000000 		.4byte	.LFB4
 1344 0014 60000000 		.4byte	.LFE4
 1345 0018 00000000 		.4byte	.LFB5
 1346 001c 9C000000 		.4byte	.LFE5
 1347 0020 00000000 		.4byte	.LFB6
 1348 0024 32000000 		.4byte	.LFE6
 1349 0028 00000000 		.4byte	.LFB7
 1350 002c 48000000 		.4byte	.LFE7
ARM GAS  C:\Users\ilias\AppData\Local\Temp\ccbDwCrd.s 			page 33


 1351 0030 00000000 		.4byte	.LFB8
 1352 0034 64000000 		.4byte	.LFE8
 1353 0038 00000000 		.4byte	.LFB9
 1354 003c 20000000 		.4byte	.LFE9
 1355 0040 00000000 		.4byte	.LFB10
 1356 0044 20000000 		.4byte	.LFE10
 1357 0048 00000000 		.4byte	0
 1358 004c 00000000 		.4byte	0
 1359              		.section	.debug_line,"",%progbits
 1360              	.Ldebug_line0:
 1361 0000 60010000 		.section	.debug_str,"MS",%progbits,1
 1361      02006500 
 1361      00000201 
 1361      FB0E0D00 
 1361      01010101 
 1362              	.LASF27:
 1363 0000 55415254 		.ascii	"UART_1_SpiUartGetTxBufferSize\000"
 1363      5F315F53 
 1363      70695561 
 1363      72744765 
 1363      74547842 
 1364              	.LASF14:
 1365 001e 72656733 		.ascii	"reg32\000"
 1365      3200
 1366              	.LASF26:
 1367 0024 636F756E 		.ascii	"count\000"
 1367      7400
 1368              	.LASF24:
 1369 002a 74784461 		.ascii	"txData\000"
 1369      746100
 1370              	.LASF3:
 1371 0031 73686F72 		.ascii	"short unsigned int\000"
 1371      7420756E 
 1371      7369676E 
 1371      65642069 
 1371      6E7400
 1372              	.LASF8:
 1373 0044 756E7369 		.ascii	"unsigned int\000"
 1373      676E6564 
 1373      20696E74 
 1373      00
 1374              	.LASF19:
 1375 0051 55415254 		.ascii	"UART_1_SpiUartGetRxBufferSize\000"
 1375      5F315F53 
 1375      70695561 
 1375      72744765 
 1375      74527842 
 1376              	.LASF38:
 1377 006f 55415254 		.ascii	"UART_1_txBufferTail\000"
 1377      5F315F74 
 1377      78427566 
 1377      66657254 
 1377      61696C00 
 1378              	.LASF21:
 1379 0083 6C6F6348 		.ascii	"locHead\000"
 1379      65616400 
 1380              	.LASF11:
ARM GAS  C:\Users\ilias\AppData\Local\Temp\ccbDwCrd.s 			page 34


 1381 008b 666C6F61 		.ascii	"float\000"
 1381      7400
 1382              	.LASF23:
 1383 0091 55415254 		.ascii	"UART_1_SpiUartPutArray\000"
 1383      5F315F53 
 1383      70695561 
 1383      72745075 
 1383      74417272 
 1384              	.LASF20:
 1385 00a8 73697A65 		.ascii	"size\000"
 1385      00
 1386              	.LASF5:
 1387 00ad 6C6F6E67 		.ascii	"long unsigned int\000"
 1387      20756E73 
 1387      69676E65 
 1387      6420696E 
 1387      7400
 1388              	.LASF29:
 1389 00bf 55415254 		.ascii	"UART_1_SpiUartClearTxBuffer\000"
 1389      5F315F53 
 1389      70695561 
 1389      7274436C 
 1389      65617254 
 1390              	.LASF9:
 1391 00db 75696E74 		.ascii	"uint8\000"
 1391      3800
 1392              	.LASF35:
 1393 00e1 55415254 		.ascii	"UART_1_rxBufferTail\000"
 1393      5F315F72 
 1393      78427566 
 1393      66657254 
 1393      61696C00 
 1394              	.LASF16:
 1395 00f5 72784461 		.ascii	"rxData\000"
 1395      746100
 1396              	.LASF25:
 1397 00fc 77724275 		.ascii	"wrBuf\000"
 1397      6600
 1398              	.LASF1:
 1399 0102 756E7369 		.ascii	"unsigned char\000"
 1399      676E6564 
 1399      20636861 
 1399      7200
 1400              	.LASF12:
 1401 0110 646F7562 		.ascii	"double\000"
 1401      6C6500
 1402              	.LASF39:
 1403 0117 55415254 		.ascii	"UART_1_rxBufferInternal\000"
 1403      5F315F72 
 1403      78427566 
 1403      66657249 
 1403      6E746572 
 1404              	.LASF22:
 1405 012f 55415254 		.ascii	"UART_1_SpiUartWriteTxData\000"
 1405      5F315F53 
 1405      70695561 
 1405      72745772 
ARM GAS  C:\Users\ilias\AppData\Local\Temp\ccbDwCrd.s 			page 35


 1405      69746554 
 1406              	.LASF41:
 1407 0149 474E5520 		.ascii	"GNU C 4.9.3 20150303 (release) [ARM/embedded-4_9-br"
 1407      4320342E 
 1407      392E3320 
 1407      32303135 
 1407      30333033 
 1408 017c 616E6368 		.ascii	"anch revision 221220] -mcpu=cortex-m0 -mthumb -g -O"
 1408      20726576 
 1408      6973696F 
 1408      6E203232 
 1408      31323230 
 1409 01af 30202D66 		.ascii	"0 -ffunction-sections -ffat-lto-objects\000"
 1409      66756E63 
 1409      74696F6E 
 1409      2D736563 
 1409      74696F6E 
 1410              	.LASF10:
 1411 01d7 75696E74 		.ascii	"uint32\000"
 1411      333200
 1412              	.LASF43:
 1413 01de 453A5C43 		.ascii	"E:\\Cypress\\FirstApp\\TransferByte.cydsn\000"
 1413      79707265 
 1413      73735C46 
 1413      69727374 
 1413      4170705C 
 1414              	.LASF33:
 1415 0205 696E7453 		.ascii	"intSourceMask\000"
 1415      6F757263 
 1415      654D6173 
 1415      6B00
 1416              	.LASF31:
 1417 0213 696E7453 		.ascii	"intSource\000"
 1417      6F757263 
 1417      6500
 1418              	.LASF7:
 1419 021d 6C6F6E67 		.ascii	"long long unsigned int\000"
 1419      206C6F6E 
 1419      6720756E 
 1419      7369676E 
 1419      65642069 
 1420              	.LASF28:
 1421 0234 55415254 		.ascii	"UART_1_SpiUartClearRxBuffer\000"
 1421      5F315F53 
 1421      70695561 
 1421      7274436C 
 1421      65617252 
 1422              	.LASF18:
 1423 0250 55415254 		.ascii	"UART_1_SpiUartReadRxData\000"
 1423      5F315F53 
 1423      70695561 
 1423      72745265 
 1423      61645278 
 1424              	.LASF36:
 1425 0269 55415254 		.ascii	"UART_1_rxBufferOverflow\000"
 1425      5F315F72 
 1425      78427566 
ARM GAS  C:\Users\ilias\AppData\Local\Temp\ccbDwCrd.s 			page 36


 1425      6665724F 
 1425      76657266 
 1426              	.LASF17:
 1427 0281 6C6F6354 		.ascii	"locTail\000"
 1427      61696C00 
 1428              	.LASF15:
 1429 0289 73697A65 		.ascii	"sizetype\000"
 1429      74797065 
 1429      00
 1430              	.LASF6:
 1431 0292 6C6F6E67 		.ascii	"long long int\000"
 1431      206C6F6E 
 1431      6720696E 
 1431      7400
 1432              	.LASF13:
 1433 02a0 63686172 		.ascii	"char\000"
 1433      00
 1434              	.LASF30:
 1435 02a5 55415254 		.ascii	"UART_1_SpiUartDisableIntRx\000"
 1435      5F315F53 
 1435      70695561 
 1435      72744469 
 1435      7361626C 
 1436              	.LASF37:
 1437 02c0 55415254 		.ascii	"UART_1_txBufferHead\000"
 1437      5F315F74 
 1437      78427566 
 1437      66657248 
 1437      65616400 
 1438              	.LASF2:
 1439 02d4 73686F72 		.ascii	"short int\000"
 1439      7420696E 
 1439      7400
 1440              	.LASF32:
 1441 02de 55415254 		.ascii	"UART_1_SpiUartDisableIntTx\000"
 1441      5F315F53 
 1441      70695561 
 1441      72744469 
 1441      7361626C 
 1442              	.LASF42:
 1443 02f9 2E5C4765 		.ascii	".\\Generated_Source\\PSoC4\\UART_1_SPI_UART.c\000"
 1443      6E657261 
 1443      7465645F 
 1443      536F7572 
 1443      63655C50 
 1444              	.LASF34:
 1445 0324 55415254 		.ascii	"UART_1_rxBufferHead\000"
 1445      5F315F72 
 1445      78427566 
 1445      66657248 
 1445      65616400 
 1446              	.LASF4:
 1447 0338 6C6F6E67 		.ascii	"long int\000"
 1447      20696E74 
 1447      00
 1448              	.LASF0:
 1449 0341 7369676E 		.ascii	"signed char\000"
ARM GAS  C:\Users\ilias\AppData\Local\Temp\ccbDwCrd.s 			page 37


 1449      65642063 
 1449      68617200 
 1450              	.LASF40:
 1451 034d 55415254 		.ascii	"UART_1_txBufferInternal\000"
 1451      5F315F74 
 1451      78427566 
 1451      66657249 
 1451      6E746572 
 1452              		.ident	"GCC: (GNU Tools for ARM Embedded Processors) 4.9.3 20150303 (release) [ARM/embedded-4_9-br
