ARM GAS  C:\Users\ilias\AppData\Local\Temp\ccCzPGoc.s 			page 1


   1              		.cpu cortex-m0
   2              		.fpu softvfp
   3              		.eabi_attribute 20, 1
   4              		.eabi_attribute 21, 1
   5              		.eabi_attribute 23, 3
   6              		.eabi_attribute 24, 1
   7              		.eabi_attribute 25, 1
   8              		.eabi_attribute 26, 1
   9              		.eabi_attribute 30, 6
  10              		.eabi_attribute 34, 0
  11              		.eabi_attribute 18, 4
  12              		.code	16
  13              		.file	"UART_1.c"
  14              		.text
  15              	.Ltext0:
  16              		.cfi_sections	.debug_frame
  17              		.global	UART_1_initVar
  18              		.bss
  19              		.type	UART_1_initVar, %object
  20              		.size	UART_1_initVar, 1
  21              	UART_1_initVar:
  22 0000 00       		.space	1
  23              		.global	UART_1_customIntrHandler
  24 0001 000000   		.align	2
  25              		.type	UART_1_customIntrHandler, %object
  26              		.size	UART_1_customIntrHandler, 4
  27              	UART_1_customIntrHandler:
  28 0004 00000000 		.space	4
  29              		.section	.text.UART_1_Init,"ax",%progbits
  30              		.align	2
  31              		.global	UART_1_Init
  32              		.code	16
  33              		.thumb_func
  34              		.type	UART_1_Init, %function
  35              	UART_1_Init:
  36              	.LFB2:
  37              		.file 1 ".\\Generated_Source\\PSoC4\\UART_1.c"
   1:.\Generated_Source\PSoC4/UART_1.c **** /*******************************************************************************
   2:.\Generated_Source\PSoC4/UART_1.c **** * File Name: UART_1.c
   3:.\Generated_Source\PSoC4/UART_1.c **** * Version 3.10
   4:.\Generated_Source\PSoC4/UART_1.c **** *
   5:.\Generated_Source\PSoC4/UART_1.c **** * Description:
   6:.\Generated_Source\PSoC4/UART_1.c **** *  This file provides the source code to the API for the SCB Component.
   7:.\Generated_Source\PSoC4/UART_1.c **** *
   8:.\Generated_Source\PSoC4/UART_1.c **** * Note:
   9:.\Generated_Source\PSoC4/UART_1.c **** *
  10:.\Generated_Source\PSoC4/UART_1.c **** *******************************************************************************
  11:.\Generated_Source\PSoC4/UART_1.c **** * Copyright 2013-2015, Cypress Semiconductor Corporation.  All rights reserved.
  12:.\Generated_Source\PSoC4/UART_1.c **** * You may use this file only in accordance with the license, terms, conditions,
  13:.\Generated_Source\PSoC4/UART_1.c **** * disclaimers, and limitations in the end user license agreement accompanying
  14:.\Generated_Source\PSoC4/UART_1.c **** * the software package with which this file was provided.
  15:.\Generated_Source\PSoC4/UART_1.c **** *******************************************************************************/
  16:.\Generated_Source\PSoC4/UART_1.c **** 
  17:.\Generated_Source\PSoC4/UART_1.c **** #include "UART_1_PVT.h"
  18:.\Generated_Source\PSoC4/UART_1.c **** 
  19:.\Generated_Source\PSoC4/UART_1.c **** #if (UART_1_SCB_MODE_I2C_INC)
  20:.\Generated_Source\PSoC4/UART_1.c ****     #include "UART_1_I2C_PVT.h"
ARM GAS  C:\Users\ilias\AppData\Local\Temp\ccCzPGoc.s 			page 2


  21:.\Generated_Source\PSoC4/UART_1.c **** #endif /* (UART_1_SCB_MODE_I2C_INC) */
  22:.\Generated_Source\PSoC4/UART_1.c **** 
  23:.\Generated_Source\PSoC4/UART_1.c **** #if (UART_1_SCB_MODE_EZI2C_INC)
  24:.\Generated_Source\PSoC4/UART_1.c ****     #include "UART_1_EZI2C_PVT.h"
  25:.\Generated_Source\PSoC4/UART_1.c **** #endif /* (UART_1_SCB_MODE_EZI2C_INC) */
  26:.\Generated_Source\PSoC4/UART_1.c **** 
  27:.\Generated_Source\PSoC4/UART_1.c **** #if (UART_1_SCB_MODE_SPI_INC || UART_1_SCB_MODE_UART_INC)
  28:.\Generated_Source\PSoC4/UART_1.c ****     #include "UART_1_SPI_UART_PVT.h"
  29:.\Generated_Source\PSoC4/UART_1.c **** #endif /* (UART_1_SCB_MODE_SPI_INC || UART_1_SCB_MODE_UART_INC) */
  30:.\Generated_Source\PSoC4/UART_1.c **** 
  31:.\Generated_Source\PSoC4/UART_1.c **** 
  32:.\Generated_Source\PSoC4/UART_1.c **** /***************************************
  33:.\Generated_Source\PSoC4/UART_1.c **** *    Run Time Configuration Vars
  34:.\Generated_Source\PSoC4/UART_1.c **** ***************************************/
  35:.\Generated_Source\PSoC4/UART_1.c **** 
  36:.\Generated_Source\PSoC4/UART_1.c **** /* Stores internal component configuration for Unconfigured mode */
  37:.\Generated_Source\PSoC4/UART_1.c **** #if (UART_1_SCB_MODE_UNCONFIG_CONST_CFG)
  38:.\Generated_Source\PSoC4/UART_1.c ****     /* Common configuration variables */
  39:.\Generated_Source\PSoC4/UART_1.c ****     uint8 UART_1_scbMode = UART_1_SCB_MODE_UNCONFIG;
  40:.\Generated_Source\PSoC4/UART_1.c ****     uint8 UART_1_scbEnableWake;
  41:.\Generated_Source\PSoC4/UART_1.c ****     uint8 UART_1_scbEnableIntr;
  42:.\Generated_Source\PSoC4/UART_1.c **** 
  43:.\Generated_Source\PSoC4/UART_1.c ****     /* I2C configuration variables */
  44:.\Generated_Source\PSoC4/UART_1.c ****     uint8 UART_1_mode;
  45:.\Generated_Source\PSoC4/UART_1.c ****     uint8 UART_1_acceptAddr;
  46:.\Generated_Source\PSoC4/UART_1.c **** 
  47:.\Generated_Source\PSoC4/UART_1.c ****     /* SPI/UART configuration variables */
  48:.\Generated_Source\PSoC4/UART_1.c ****     volatile uint8 * UART_1_rxBuffer;
  49:.\Generated_Source\PSoC4/UART_1.c ****     uint8  UART_1_rxDataBits;
  50:.\Generated_Source\PSoC4/UART_1.c ****     uint32 UART_1_rxBufferSize;
  51:.\Generated_Source\PSoC4/UART_1.c **** 
  52:.\Generated_Source\PSoC4/UART_1.c ****     volatile uint8 * UART_1_txBuffer;
  53:.\Generated_Source\PSoC4/UART_1.c ****     uint8  UART_1_txDataBits;
  54:.\Generated_Source\PSoC4/UART_1.c ****     uint32 UART_1_txBufferSize;
  55:.\Generated_Source\PSoC4/UART_1.c **** 
  56:.\Generated_Source\PSoC4/UART_1.c ****     /* EZI2C configuration variables */
  57:.\Generated_Source\PSoC4/UART_1.c ****     uint8 UART_1_numberOfAddr;
  58:.\Generated_Source\PSoC4/UART_1.c ****     uint8 UART_1_subAddrSize;
  59:.\Generated_Source\PSoC4/UART_1.c **** #endif /* (UART_1_SCB_MODE_UNCONFIG_CONST_CFG) */
  60:.\Generated_Source\PSoC4/UART_1.c **** 
  61:.\Generated_Source\PSoC4/UART_1.c **** 
  62:.\Generated_Source\PSoC4/UART_1.c **** /***************************************
  63:.\Generated_Source\PSoC4/UART_1.c **** *     Common SCB Vars
  64:.\Generated_Source\PSoC4/UART_1.c **** ***************************************/
  65:.\Generated_Source\PSoC4/UART_1.c **** 
  66:.\Generated_Source\PSoC4/UART_1.c **** uint8 UART_1_initVar = 0u;
  67:.\Generated_Source\PSoC4/UART_1.c **** 
  68:.\Generated_Source\PSoC4/UART_1.c **** #if (UART_1_SCB_IRQ_INTERNAL)
  69:.\Generated_Source\PSoC4/UART_1.c **** #if !defined (CY_REMOVE_UART_1_CUSTOM_INTR_HANDLER)
  70:.\Generated_Source\PSoC4/UART_1.c ****     void (*UART_1_customIntrHandler)(void) = NULL;
  71:.\Generated_Source\PSoC4/UART_1.c **** #endif /* !defined (CY_REMOVE_UART_1_CUSTOM_INTR_HANDLER) */
  72:.\Generated_Source\PSoC4/UART_1.c **** #endif /* (UART_1_SCB_IRQ_INTERNAL) */
  73:.\Generated_Source\PSoC4/UART_1.c **** 
  74:.\Generated_Source\PSoC4/UART_1.c **** 
  75:.\Generated_Source\PSoC4/UART_1.c **** /***************************************
  76:.\Generated_Source\PSoC4/UART_1.c **** *    Private Function Prototypes
  77:.\Generated_Source\PSoC4/UART_1.c **** ***************************************/
ARM GAS  C:\Users\ilias\AppData\Local\Temp\ccCzPGoc.s 			page 3


  78:.\Generated_Source\PSoC4/UART_1.c **** 
  79:.\Generated_Source\PSoC4/UART_1.c **** static void UART_1_ScbEnableIntr(void);
  80:.\Generated_Source\PSoC4/UART_1.c **** static void UART_1_ScbModeStop(void);
  81:.\Generated_Source\PSoC4/UART_1.c **** static void UART_1_ScbModePostEnable(void);
  82:.\Generated_Source\PSoC4/UART_1.c **** 
  83:.\Generated_Source\PSoC4/UART_1.c **** 
  84:.\Generated_Source\PSoC4/UART_1.c **** /*******************************************************************************
  85:.\Generated_Source\PSoC4/UART_1.c **** * Function Name: UART_1_Init
  86:.\Generated_Source\PSoC4/UART_1.c **** ********************************************************************************
  87:.\Generated_Source\PSoC4/UART_1.c **** *
  88:.\Generated_Source\PSoC4/UART_1.c **** * Summary:
  89:.\Generated_Source\PSoC4/UART_1.c **** *  Initializes the SCB component to operate in one of the selected
  90:.\Generated_Source\PSoC4/UART_1.c **** *  configurations: I2C, SPI, UART or EZI2C.
  91:.\Generated_Source\PSoC4/UART_1.c **** *  When the configuration is set to "Unconfigured SCB", this function does
  92:.\Generated_Source\PSoC4/UART_1.c **** *  not do any initialization. Use mode-specific initialization APIs instead:
  93:.\Generated_Source\PSoC4/UART_1.c **** *  SCB_I2CInit, SCB_SpiInit, SCB_UartInit or SCB_EzI2CInit.
  94:.\Generated_Source\PSoC4/UART_1.c **** *
  95:.\Generated_Source\PSoC4/UART_1.c **** * Parameters:
  96:.\Generated_Source\PSoC4/UART_1.c **** *  None
  97:.\Generated_Source\PSoC4/UART_1.c **** *
  98:.\Generated_Source\PSoC4/UART_1.c **** * Return:
  99:.\Generated_Source\PSoC4/UART_1.c **** *  None
 100:.\Generated_Source\PSoC4/UART_1.c **** *
 101:.\Generated_Source\PSoC4/UART_1.c **** *******************************************************************************/
 102:.\Generated_Source\PSoC4/UART_1.c **** void UART_1_Init(void)
 103:.\Generated_Source\PSoC4/UART_1.c **** {
  38              		.loc 1 103 0
  39              		.cfi_startproc
  40 0000 80B5     		push	{r7, lr}
  41              		.cfi_def_cfa_offset 8
  42              		.cfi_offset 7, -8
  43              		.cfi_offset 14, -4
  44 0002 00AF     		add	r7, sp, #0
  45              		.cfi_def_cfa_register 7
 104:.\Generated_Source\PSoC4/UART_1.c **** #if (UART_1_SCB_MODE_UNCONFIG_CONST_CFG)
 105:.\Generated_Source\PSoC4/UART_1.c ****     if (UART_1_SCB_MODE_UNCONFIG_RUNTM_CFG)
 106:.\Generated_Source\PSoC4/UART_1.c ****     {
 107:.\Generated_Source\PSoC4/UART_1.c ****         UART_1_initVar = 0u;
 108:.\Generated_Source\PSoC4/UART_1.c ****     }
 109:.\Generated_Source\PSoC4/UART_1.c ****     else
 110:.\Generated_Source\PSoC4/UART_1.c ****     {
 111:.\Generated_Source\PSoC4/UART_1.c ****         /* Initialization was done before this function call */
 112:.\Generated_Source\PSoC4/UART_1.c ****     }
 113:.\Generated_Source\PSoC4/UART_1.c **** 
 114:.\Generated_Source\PSoC4/UART_1.c **** #elif (UART_1_SCB_MODE_I2C_CONST_CFG)
 115:.\Generated_Source\PSoC4/UART_1.c ****     UART_1_I2CInit();
 116:.\Generated_Source\PSoC4/UART_1.c **** 
 117:.\Generated_Source\PSoC4/UART_1.c **** #elif (UART_1_SCB_MODE_SPI_CONST_CFG)
 118:.\Generated_Source\PSoC4/UART_1.c ****     UART_1_SpiInit();
 119:.\Generated_Source\PSoC4/UART_1.c **** 
 120:.\Generated_Source\PSoC4/UART_1.c **** #elif (UART_1_SCB_MODE_UART_CONST_CFG)
 121:.\Generated_Source\PSoC4/UART_1.c ****     UART_1_UartInit();
  46              		.loc 1 121 0
  47 0004 FFF7FEFF 		bl	UART_1_UartInit
 122:.\Generated_Source\PSoC4/UART_1.c **** 
 123:.\Generated_Source\PSoC4/UART_1.c **** #elif (UART_1_SCB_MODE_EZI2C_CONST_CFG)
 124:.\Generated_Source\PSoC4/UART_1.c ****     UART_1_EzI2CInit();
ARM GAS  C:\Users\ilias\AppData\Local\Temp\ccCzPGoc.s 			page 4


 125:.\Generated_Source\PSoC4/UART_1.c **** 
 126:.\Generated_Source\PSoC4/UART_1.c **** #endif /* (UART_1_SCB_MODE_UNCONFIG_CONST_CFG) */
 127:.\Generated_Source\PSoC4/UART_1.c **** }
  48              		.loc 1 127 0
  49 0008 BD46     		mov	sp, r7
  50              		@ sp needed
  51 000a 80BD     		pop	{r7, pc}
  52              		.cfi_endproc
  53              	.LFE2:
  54              		.size	UART_1_Init, .-UART_1_Init
  55              		.section	.text.UART_1_Enable,"ax",%progbits
  56              		.align	2
  57              		.global	UART_1_Enable
  58              		.code	16
  59              		.thumb_func
  60              		.type	UART_1_Enable, %function
  61              	UART_1_Enable:
  62              	.LFB3:
 128:.\Generated_Source\PSoC4/UART_1.c **** 
 129:.\Generated_Source\PSoC4/UART_1.c **** 
 130:.\Generated_Source\PSoC4/UART_1.c **** /*******************************************************************************
 131:.\Generated_Source\PSoC4/UART_1.c **** * Function Name: UART_1_Enable
 132:.\Generated_Source\PSoC4/UART_1.c **** ********************************************************************************
 133:.\Generated_Source\PSoC4/UART_1.c **** *
 134:.\Generated_Source\PSoC4/UART_1.c **** * Summary:
 135:.\Generated_Source\PSoC4/UART_1.c **** *  Enables the SCB component operation.
 136:.\Generated_Source\PSoC4/UART_1.c **** *  The SCB configuration should be not changed when the component is enabled.
 137:.\Generated_Source\PSoC4/UART_1.c **** *  Any configuration changes should be made after disabling the component.
 138:.\Generated_Source\PSoC4/UART_1.c **** *
 139:.\Generated_Source\PSoC4/UART_1.c **** * Parameters:
 140:.\Generated_Source\PSoC4/UART_1.c **** *  None
 141:.\Generated_Source\PSoC4/UART_1.c **** *
 142:.\Generated_Source\PSoC4/UART_1.c **** * Return:
 143:.\Generated_Source\PSoC4/UART_1.c **** *  None
 144:.\Generated_Source\PSoC4/UART_1.c **** *
 145:.\Generated_Source\PSoC4/UART_1.c **** *******************************************************************************/
 146:.\Generated_Source\PSoC4/UART_1.c **** void UART_1_Enable(void)
 147:.\Generated_Source\PSoC4/UART_1.c **** {
  63              		.loc 1 147 0
  64              		.cfi_startproc
  65 0000 80B5     		push	{r7, lr}
  66              		.cfi_def_cfa_offset 8
  67              		.cfi_offset 7, -8
  68              		.cfi_offset 14, -4
  69 0002 00AF     		add	r7, sp, #0
  70              		.cfi_def_cfa_register 7
 148:.\Generated_Source\PSoC4/UART_1.c **** #if (UART_1_SCB_MODE_UNCONFIG_CONST_CFG)
 149:.\Generated_Source\PSoC4/UART_1.c ****     /* Enable SCB block, only if it is already configured */
 150:.\Generated_Source\PSoC4/UART_1.c ****     if (!UART_1_SCB_MODE_UNCONFIG_RUNTM_CFG)
 151:.\Generated_Source\PSoC4/UART_1.c ****     {
 152:.\Generated_Source\PSoC4/UART_1.c ****         UART_1_CTRL_REG |= UART_1_CTRL_ENABLED;
 153:.\Generated_Source\PSoC4/UART_1.c **** 
 154:.\Generated_Source\PSoC4/UART_1.c ****         UART_1_ScbEnableIntr();
 155:.\Generated_Source\PSoC4/UART_1.c **** 
 156:.\Generated_Source\PSoC4/UART_1.c ****         /* Call PostEnable function specific to current operation mode */
 157:.\Generated_Source\PSoC4/UART_1.c ****         UART_1_ScbModePostEnable();
 158:.\Generated_Source\PSoC4/UART_1.c ****     }
ARM GAS  C:\Users\ilias\AppData\Local\Temp\ccCzPGoc.s 			page 5


 159:.\Generated_Source\PSoC4/UART_1.c **** #else
 160:.\Generated_Source\PSoC4/UART_1.c ****     UART_1_CTRL_REG |= UART_1_CTRL_ENABLED;
  71              		.loc 1 160 0
  72 0004 064B     		ldr	r3, .L3
  73 0006 064A     		ldr	r2, .L3
  74 0008 1268     		ldr	r2, [r2]
  75 000a 8021     		mov	r1, #128
  76 000c 0906     		lsl	r1, r1, #24
  77 000e 0A43     		orr	r2, r1
  78 0010 1A60     		str	r2, [r3]
 161:.\Generated_Source\PSoC4/UART_1.c **** 
 162:.\Generated_Source\PSoC4/UART_1.c ****     UART_1_ScbEnableIntr();
  79              		.loc 1 162 0
  80 0012 FFF7FEFF 		bl	UART_1_ScbEnableIntr
 163:.\Generated_Source\PSoC4/UART_1.c **** 
 164:.\Generated_Source\PSoC4/UART_1.c ****     /* Call PostEnable function specific to current operation mode */
 165:.\Generated_Source\PSoC4/UART_1.c ****     UART_1_ScbModePostEnable();
  81              		.loc 1 165 0
  82 0016 FFF7FEFF 		bl	UART_1_ScbModePostEnable
 166:.\Generated_Source\PSoC4/UART_1.c **** #endif /* (UART_1_SCB_MODE_UNCONFIG_CONST_CFG) */
 167:.\Generated_Source\PSoC4/UART_1.c **** }
  83              		.loc 1 167 0
  84 001a BD46     		mov	sp, r7
  85              		@ sp needed
  86 001c 80BD     		pop	{r7, pc}
  87              	.L4:
  88 001e C046     		.align	2
  89              	.L3:
  90 0020 00002440 		.word	1076101120
  91              		.cfi_endproc
  92              	.LFE3:
  93              		.size	UART_1_Enable, .-UART_1_Enable
  94              		.section	.text.UART_1_Start,"ax",%progbits
  95              		.align	2
  96              		.global	UART_1_Start
  97              		.code	16
  98              		.thumb_func
  99              		.type	UART_1_Start, %function
 100              	UART_1_Start:
 101              	.LFB4:
 168:.\Generated_Source\PSoC4/UART_1.c **** 
 169:.\Generated_Source\PSoC4/UART_1.c **** 
 170:.\Generated_Source\PSoC4/UART_1.c **** /*******************************************************************************
 171:.\Generated_Source\PSoC4/UART_1.c **** * Function Name: UART_1_Start
 172:.\Generated_Source\PSoC4/UART_1.c **** ********************************************************************************
 173:.\Generated_Source\PSoC4/UART_1.c **** *
 174:.\Generated_Source\PSoC4/UART_1.c **** * Summary:
 175:.\Generated_Source\PSoC4/UART_1.c **** *  Invokes SCB_Init() and SCB_Enable().
 176:.\Generated_Source\PSoC4/UART_1.c **** *  After this function call, the component is enabled and ready for operation.
 177:.\Generated_Source\PSoC4/UART_1.c **** *  When configuration is set to "Unconfigured SCB", the component must first be
 178:.\Generated_Source\PSoC4/UART_1.c **** *  initialized to operate in one of the following configurations: I2C, SPI, UART
 179:.\Generated_Source\PSoC4/UART_1.c **** *  or EZ I2C. Otherwise this function does not enable the component.
 180:.\Generated_Source\PSoC4/UART_1.c **** *
 181:.\Generated_Source\PSoC4/UART_1.c **** * Parameters:
 182:.\Generated_Source\PSoC4/UART_1.c **** *  None
 183:.\Generated_Source\PSoC4/UART_1.c **** *
 184:.\Generated_Source\PSoC4/UART_1.c **** * Return:
ARM GAS  C:\Users\ilias\AppData\Local\Temp\ccCzPGoc.s 			page 6


 185:.\Generated_Source\PSoC4/UART_1.c **** *  None
 186:.\Generated_Source\PSoC4/UART_1.c **** *
 187:.\Generated_Source\PSoC4/UART_1.c **** * Global variables:
 188:.\Generated_Source\PSoC4/UART_1.c **** *  UART_1_initVar - used to check initial configuration, modified
 189:.\Generated_Source\PSoC4/UART_1.c **** *  on first function call.
 190:.\Generated_Source\PSoC4/UART_1.c **** *
 191:.\Generated_Source\PSoC4/UART_1.c **** *******************************************************************************/
 192:.\Generated_Source\PSoC4/UART_1.c **** void UART_1_Start(void)
 193:.\Generated_Source\PSoC4/UART_1.c **** {
 102              		.loc 1 193 0
 103              		.cfi_startproc
 104 0000 80B5     		push	{r7, lr}
 105              		.cfi_def_cfa_offset 8
 106              		.cfi_offset 7, -8
 107              		.cfi_offset 14, -4
 108 0002 00AF     		add	r7, sp, #0
 109              		.cfi_def_cfa_register 7
 194:.\Generated_Source\PSoC4/UART_1.c ****     if (0u == UART_1_initVar)
 110              		.loc 1 194 0
 111 0004 064B     		ldr	r3, .L7
 112 0006 1B78     		ldrb	r3, [r3]
 113 0008 002B     		cmp	r3, #0
 114 000a 04D1     		bne	.L6
 195:.\Generated_Source\PSoC4/UART_1.c ****     {
 196:.\Generated_Source\PSoC4/UART_1.c ****         UART_1_Init();
 115              		.loc 1 196 0
 116 000c FFF7FEFF 		bl	UART_1_Init
 197:.\Generated_Source\PSoC4/UART_1.c ****         UART_1_initVar = 1u; /* Component was initialized */
 117              		.loc 1 197 0
 118 0010 034B     		ldr	r3, .L7
 119 0012 0122     		mov	r2, #1
 120 0014 1A70     		strb	r2, [r3]
 121              	.L6:
 198:.\Generated_Source\PSoC4/UART_1.c ****     }
 199:.\Generated_Source\PSoC4/UART_1.c **** 
 200:.\Generated_Source\PSoC4/UART_1.c ****     UART_1_Enable();
 122              		.loc 1 200 0
 123 0016 FFF7FEFF 		bl	UART_1_Enable
 201:.\Generated_Source\PSoC4/UART_1.c **** }
 124              		.loc 1 201 0
 125 001a BD46     		mov	sp, r7
 126              		@ sp needed
 127 001c 80BD     		pop	{r7, pc}
 128              	.L8:
 129 001e C046     		.align	2
 130              	.L7:
 131 0020 00000000 		.word	UART_1_initVar
 132              		.cfi_endproc
 133              	.LFE4:
 134              		.size	UART_1_Start, .-UART_1_Start
 135              		.section	.text.UART_1_Stop,"ax",%progbits
 136              		.align	2
 137              		.global	UART_1_Stop
 138              		.code	16
 139              		.thumb_func
 140              		.type	UART_1_Stop, %function
 141              	UART_1_Stop:
ARM GAS  C:\Users\ilias\AppData\Local\Temp\ccCzPGoc.s 			page 7


 142              	.LFB5:
 202:.\Generated_Source\PSoC4/UART_1.c **** 
 203:.\Generated_Source\PSoC4/UART_1.c **** 
 204:.\Generated_Source\PSoC4/UART_1.c **** /*******************************************************************************
 205:.\Generated_Source\PSoC4/UART_1.c **** * Function Name: UART_1_Stop
 206:.\Generated_Source\PSoC4/UART_1.c **** ********************************************************************************
 207:.\Generated_Source\PSoC4/UART_1.c **** *
 208:.\Generated_Source\PSoC4/UART_1.c **** * Summary:
 209:.\Generated_Source\PSoC4/UART_1.c **** *  Disables the SCB component and its interrupt.
 210:.\Generated_Source\PSoC4/UART_1.c **** *  It also disables all TX interrupt sources so as not to cause an unexpected
 211:.\Generated_Source\PSoC4/UART_1.c **** *  interrupt trigger because after the component is enabled, the TX FIFO 
 212:.\Generated_Source\PSoC4/UART_1.c **** *  is empty.
 213:.\Generated_Source\PSoC4/UART_1.c **** *
 214:.\Generated_Source\PSoC4/UART_1.c **** * Parameters:
 215:.\Generated_Source\PSoC4/UART_1.c **** *  None
 216:.\Generated_Source\PSoC4/UART_1.c **** *
 217:.\Generated_Source\PSoC4/UART_1.c **** * Return:
 218:.\Generated_Source\PSoC4/UART_1.c **** *  None
 219:.\Generated_Source\PSoC4/UART_1.c **** * 
 220:.\Generated_Source\PSoC4/UART_1.c **** *******************************************************************************/
 221:.\Generated_Source\PSoC4/UART_1.c **** void UART_1_Stop(void)
 222:.\Generated_Source\PSoC4/UART_1.c **** {
 143              		.loc 1 222 0
 144              		.cfi_startproc
 145 0000 80B5     		push	{r7, lr}
 146              		.cfi_def_cfa_offset 8
 147              		.cfi_offset 7, -8
 148              		.cfi_offset 14, -4
 149 0002 00AF     		add	r7, sp, #0
 150              		.cfi_def_cfa_register 7
 223:.\Generated_Source\PSoC4/UART_1.c **** #if (UART_1_SCB_IRQ_INTERNAL)
 224:.\Generated_Source\PSoC4/UART_1.c ****     UART_1_DisableInt();
 151              		.loc 1 224 0
 152 0004 0920     		mov	r0, #9
 153 0006 FFF7FEFF 		bl	CyIntDisable
 225:.\Generated_Source\PSoC4/UART_1.c **** #endif /* (UART_1_SCB_IRQ_INTERNAL) */
 226:.\Generated_Source\PSoC4/UART_1.c **** 
 227:.\Generated_Source\PSoC4/UART_1.c ****     /* Call Stop function specific to current operation mode */
 228:.\Generated_Source\PSoC4/UART_1.c ****     UART_1_ScbModeStop();
 154              		.loc 1 228 0
 155 000a FFF7FEFF 		bl	UART_1_ScbModeStop
 229:.\Generated_Source\PSoC4/UART_1.c **** 
 230:.\Generated_Source\PSoC4/UART_1.c ****     /* Disable SCB IP */
 231:.\Generated_Source\PSoC4/UART_1.c ****     UART_1_CTRL_REG &= (uint32) ~UART_1_CTRL_ENABLED;
 156              		.loc 1 231 0
 157 000e 074B     		ldr	r3, .L10
 158 0010 064A     		ldr	r2, .L10
 159 0012 1268     		ldr	r2, [r2]
 160 0014 5200     		lsl	r2, r2, #1
 161 0016 5208     		lsr	r2, r2, #1
 162 0018 1A60     		str	r2, [r3]
 232:.\Generated_Source\PSoC4/UART_1.c **** 
 233:.\Generated_Source\PSoC4/UART_1.c ****     /* Disable all TX interrupt sources so as not to cause an unexpected
 234:.\Generated_Source\PSoC4/UART_1.c ****     * interrupt trigger because after the component is enabled, the TX FIFO
 235:.\Generated_Source\PSoC4/UART_1.c ****     * is empty.
 236:.\Generated_Source\PSoC4/UART_1.c ****     * For SCB IP v0, it is critical as it does not mask-out interrupt
 237:.\Generated_Source\PSoC4/UART_1.c ****     * sources when they are disabled. This can cause a code lock-up in the
ARM GAS  C:\Users\ilias\AppData\Local\Temp\ccCzPGoc.s 			page 8


 238:.\Generated_Source\PSoC4/UART_1.c ****     * interrupt handler because TX FIFO cannot be loaded after the block
 239:.\Generated_Source\PSoC4/UART_1.c ****     * is disabled.
 240:.\Generated_Source\PSoC4/UART_1.c ****     */
 241:.\Generated_Source\PSoC4/UART_1.c ****     UART_1_SetTxInterruptMode(UART_1_NO_INTR_SOURCES);
 163              		.loc 1 241 0
 164 001a 054B     		ldr	r3, .L10+4
 165 001c 0022     		mov	r2, #0
 166 001e 1A60     		str	r2, [r3]
 242:.\Generated_Source\PSoC4/UART_1.c **** 
 243:.\Generated_Source\PSoC4/UART_1.c **** #if (UART_1_SCB_IRQ_INTERNAL)
 244:.\Generated_Source\PSoC4/UART_1.c ****     UART_1_ClearPendingInt();
 167              		.loc 1 244 0
 168 0020 0920     		mov	r0, #9
 169 0022 FFF7FEFF 		bl	CyIntClearPending
 245:.\Generated_Source\PSoC4/UART_1.c **** #endif /* (UART_1_SCB_IRQ_INTERNAL) */
 246:.\Generated_Source\PSoC4/UART_1.c **** }
 170              		.loc 1 246 0
 171 0026 BD46     		mov	sp, r7
 172              		@ sp needed
 173 0028 80BD     		pop	{r7, pc}
 174              	.L11:
 175 002a C046     		.align	2
 176              	.L10:
 177 002c 00002440 		.word	1076101120
 178 0030 880F2440 		.word	1076105096
 179              		.cfi_endproc
 180              	.LFE5:
 181              		.size	UART_1_Stop, .-UART_1_Stop
 182              		.section	.text.UART_1_SetRxFifoLevel,"ax",%progbits
 183              		.align	2
 184              		.global	UART_1_SetRxFifoLevel
 185              		.code	16
 186              		.thumb_func
 187              		.type	UART_1_SetRxFifoLevel, %function
 188              	UART_1_SetRxFifoLevel:
 189              	.LFB6:
 247:.\Generated_Source\PSoC4/UART_1.c **** 
 248:.\Generated_Source\PSoC4/UART_1.c **** 
 249:.\Generated_Source\PSoC4/UART_1.c **** /*******************************************************************************
 250:.\Generated_Source\PSoC4/UART_1.c **** * Function Name: UART_1_SetRxFifoLevel
 251:.\Generated_Source\PSoC4/UART_1.c **** ********************************************************************************
 252:.\Generated_Source\PSoC4/UART_1.c **** *
 253:.\Generated_Source\PSoC4/UART_1.c **** * Summary:
 254:.\Generated_Source\PSoC4/UART_1.c **** *  Sets level in the RX FIFO to generate a RX level interrupt.
 255:.\Generated_Source\PSoC4/UART_1.c **** *  When the RX FIFO has more entries than the RX FIFO level an RX level
 256:.\Generated_Source\PSoC4/UART_1.c **** *  interrupt request is generated.
 257:.\Generated_Source\PSoC4/UART_1.c **** *
 258:.\Generated_Source\PSoC4/UART_1.c **** * Parameters:
 259:.\Generated_Source\PSoC4/UART_1.c **** *  level: Level in the RX FIFO to generate RX level interrupt.
 260:.\Generated_Source\PSoC4/UART_1.c **** *         The range of valid level values is between 0 and RX FIFO depth - 1.
 261:.\Generated_Source\PSoC4/UART_1.c **** *
 262:.\Generated_Source\PSoC4/UART_1.c **** * Return:
 263:.\Generated_Source\PSoC4/UART_1.c **** *  None
 264:.\Generated_Source\PSoC4/UART_1.c **** *
 265:.\Generated_Source\PSoC4/UART_1.c **** *******************************************************************************/
 266:.\Generated_Source\PSoC4/UART_1.c **** void UART_1_SetRxFifoLevel(uint32 level)
 267:.\Generated_Source\PSoC4/UART_1.c **** {
ARM GAS  C:\Users\ilias\AppData\Local\Temp\ccCzPGoc.s 			page 9


 190              		.loc 1 267 0
 191              		.cfi_startproc
 192 0000 80B5     		push	{r7, lr}
 193              		.cfi_def_cfa_offset 8
 194              		.cfi_offset 7, -8
 195              		.cfi_offset 14, -4
 196 0002 84B0     		sub	sp, sp, #16
 197              		.cfi_def_cfa_offset 24
 198 0004 00AF     		add	r7, sp, #0
 199              		.cfi_def_cfa_register 7
 200 0006 7860     		str	r0, [r7, #4]
 268:.\Generated_Source\PSoC4/UART_1.c ****     uint32 rxFifoCtrl;
 269:.\Generated_Source\PSoC4/UART_1.c **** 
 270:.\Generated_Source\PSoC4/UART_1.c ****     rxFifoCtrl = UART_1_RX_FIFO_CTRL_REG;
 201              		.loc 1 270 0
 202 0008 094B     		ldr	r3, .L13
 203 000a 1B68     		ldr	r3, [r3]
 204 000c FB60     		str	r3, [r7, #12]
 271:.\Generated_Source\PSoC4/UART_1.c **** 
 272:.\Generated_Source\PSoC4/UART_1.c ****     rxFifoCtrl &= ((uint32) ~UART_1_RX_FIFO_CTRL_TRIGGER_LEVEL_MASK); /* Clear level mask bits */
 205              		.loc 1 272 0
 206 000e FB68     		ldr	r3, [r7, #12]
 207 0010 0F22     		mov	r2, #15
 208 0012 9343     		bic	r3, r2
 209 0014 FB60     		str	r3, [r7, #12]
 273:.\Generated_Source\PSoC4/UART_1.c ****     rxFifoCtrl |= ((uint32) (UART_1_RX_FIFO_CTRL_TRIGGER_LEVEL_MASK & level));
 210              		.loc 1 273 0
 211 0016 7B68     		ldr	r3, [r7, #4]
 212 0018 0F22     		mov	r2, #15
 213 001a 1340     		and	r3, r2
 214 001c FA68     		ldr	r2, [r7, #12]
 215 001e 1343     		orr	r3, r2
 216 0020 FB60     		str	r3, [r7, #12]
 274:.\Generated_Source\PSoC4/UART_1.c **** 
 275:.\Generated_Source\PSoC4/UART_1.c ****     UART_1_RX_FIFO_CTRL_REG = rxFifoCtrl;
 217              		.loc 1 275 0
 218 0022 034B     		ldr	r3, .L13
 219 0024 FA68     		ldr	r2, [r7, #12]
 220 0026 1A60     		str	r2, [r3]
 276:.\Generated_Source\PSoC4/UART_1.c **** }
 221              		.loc 1 276 0
 222 0028 BD46     		mov	sp, r7
 223 002a 04B0     		add	sp, sp, #16
 224              		@ sp needed
 225 002c 80BD     		pop	{r7, pc}
 226              	.L14:
 227 002e C046     		.align	2
 228              	.L13:
 229 0030 04032440 		.word	1076101892
 230              		.cfi_endproc
 231              	.LFE6:
 232              		.size	UART_1_SetRxFifoLevel, .-UART_1_SetRxFifoLevel
 233              		.section	.text.UART_1_SetTxFifoLevel,"ax",%progbits
 234              		.align	2
 235              		.global	UART_1_SetTxFifoLevel
 236              		.code	16
 237              		.thumb_func
ARM GAS  C:\Users\ilias\AppData\Local\Temp\ccCzPGoc.s 			page 10


 238              		.type	UART_1_SetTxFifoLevel, %function
 239              	UART_1_SetTxFifoLevel:
 240              	.LFB7:
 277:.\Generated_Source\PSoC4/UART_1.c **** 
 278:.\Generated_Source\PSoC4/UART_1.c **** 
 279:.\Generated_Source\PSoC4/UART_1.c **** /*******************************************************************************
 280:.\Generated_Source\PSoC4/UART_1.c **** * Function Name: UART_1_SetTxFifoLevel
 281:.\Generated_Source\PSoC4/UART_1.c **** ********************************************************************************
 282:.\Generated_Source\PSoC4/UART_1.c **** *
 283:.\Generated_Source\PSoC4/UART_1.c **** * Summary:
 284:.\Generated_Source\PSoC4/UART_1.c **** *  Sets level in the TX FIFO to generate a TX level interrupt.
 285:.\Generated_Source\PSoC4/UART_1.c **** *  When the TX FIFO has more entries than the TX FIFO level an TX level
 286:.\Generated_Source\PSoC4/UART_1.c **** *  interrupt request is generated.
 287:.\Generated_Source\PSoC4/UART_1.c **** *
 288:.\Generated_Source\PSoC4/UART_1.c **** * Parameters:
 289:.\Generated_Source\PSoC4/UART_1.c **** *  level: Level in the TX FIFO to generate TX level interrupt.
 290:.\Generated_Source\PSoC4/UART_1.c **** *         The range of valid level values is between 0 and TX FIFO depth - 1.
 291:.\Generated_Source\PSoC4/UART_1.c **** *
 292:.\Generated_Source\PSoC4/UART_1.c **** * Return:
 293:.\Generated_Source\PSoC4/UART_1.c **** *  None
 294:.\Generated_Source\PSoC4/UART_1.c **** *
 295:.\Generated_Source\PSoC4/UART_1.c **** *******************************************************************************/
 296:.\Generated_Source\PSoC4/UART_1.c **** void UART_1_SetTxFifoLevel(uint32 level)
 297:.\Generated_Source\PSoC4/UART_1.c **** {
 241              		.loc 1 297 0
 242              		.cfi_startproc
 243 0000 80B5     		push	{r7, lr}
 244              		.cfi_def_cfa_offset 8
 245              		.cfi_offset 7, -8
 246              		.cfi_offset 14, -4
 247 0002 84B0     		sub	sp, sp, #16
 248              		.cfi_def_cfa_offset 24
 249 0004 00AF     		add	r7, sp, #0
 250              		.cfi_def_cfa_register 7
 251 0006 7860     		str	r0, [r7, #4]
 298:.\Generated_Source\PSoC4/UART_1.c ****     uint32 txFifoCtrl;
 299:.\Generated_Source\PSoC4/UART_1.c **** 
 300:.\Generated_Source\PSoC4/UART_1.c ****     txFifoCtrl = UART_1_TX_FIFO_CTRL_REG;
 252              		.loc 1 300 0
 253 0008 094B     		ldr	r3, .L16
 254 000a 1B68     		ldr	r3, [r3]
 255 000c FB60     		str	r3, [r7, #12]
 301:.\Generated_Source\PSoC4/UART_1.c **** 
 302:.\Generated_Source\PSoC4/UART_1.c ****     txFifoCtrl &= ((uint32) ~UART_1_TX_FIFO_CTRL_TRIGGER_LEVEL_MASK); /* Clear level mask bits */
 256              		.loc 1 302 0
 257 000e FB68     		ldr	r3, [r7, #12]
 258 0010 0F22     		mov	r2, #15
 259 0012 9343     		bic	r3, r2
 260 0014 FB60     		str	r3, [r7, #12]
 303:.\Generated_Source\PSoC4/UART_1.c ****     txFifoCtrl |= ((uint32) (UART_1_TX_FIFO_CTRL_TRIGGER_LEVEL_MASK & level));
 261              		.loc 1 303 0
 262 0016 7B68     		ldr	r3, [r7, #4]
 263 0018 0F22     		mov	r2, #15
 264 001a 1340     		and	r3, r2
 265 001c FA68     		ldr	r2, [r7, #12]
 266 001e 1343     		orr	r3, r2
 267 0020 FB60     		str	r3, [r7, #12]
ARM GAS  C:\Users\ilias\AppData\Local\Temp\ccCzPGoc.s 			page 11


 304:.\Generated_Source\PSoC4/UART_1.c **** 
 305:.\Generated_Source\PSoC4/UART_1.c ****     UART_1_TX_FIFO_CTRL_REG = txFifoCtrl;
 268              		.loc 1 305 0
 269 0022 034B     		ldr	r3, .L16
 270 0024 FA68     		ldr	r2, [r7, #12]
 271 0026 1A60     		str	r2, [r3]
 306:.\Generated_Source\PSoC4/UART_1.c **** }
 272              		.loc 1 306 0
 273 0028 BD46     		mov	sp, r7
 274 002a 04B0     		add	sp, sp, #16
 275              		@ sp needed
 276 002c 80BD     		pop	{r7, pc}
 277              	.L17:
 278 002e C046     		.align	2
 279              	.L16:
 280 0030 04022440 		.word	1076101636
 281              		.cfi_endproc
 282              	.LFE7:
 283              		.size	UART_1_SetTxFifoLevel, .-UART_1_SetTxFifoLevel
 284              		.section	.text.UART_1_SetCustomInterruptHandler,"ax",%progbits
 285              		.align	2
 286              		.global	UART_1_SetCustomInterruptHandler
 287              		.code	16
 288              		.thumb_func
 289              		.type	UART_1_SetCustomInterruptHandler, %function
 290              	UART_1_SetCustomInterruptHandler:
 291              	.LFB8:
 307:.\Generated_Source\PSoC4/UART_1.c **** 
 308:.\Generated_Source\PSoC4/UART_1.c **** 
 309:.\Generated_Source\PSoC4/UART_1.c **** #if (UART_1_SCB_IRQ_INTERNAL)
 310:.\Generated_Source\PSoC4/UART_1.c ****     /*******************************************************************************
 311:.\Generated_Source\PSoC4/UART_1.c ****     * Function Name: UART_1_SetCustomInterruptHandler
 312:.\Generated_Source\PSoC4/UART_1.c ****     ********************************************************************************
 313:.\Generated_Source\PSoC4/UART_1.c ****     *
 314:.\Generated_Source\PSoC4/UART_1.c ****     * Summary:
 315:.\Generated_Source\PSoC4/UART_1.c ****     *  Registers a function to be called by the internal interrupt handler.
 316:.\Generated_Source\PSoC4/UART_1.c ****     *  First the function that is registered is called, then the internal interrupt
 317:.\Generated_Source\PSoC4/UART_1.c ****     *  handler performs any operation such as software buffer management functions
 318:.\Generated_Source\PSoC4/UART_1.c ****     *  before the interrupt returns.  It is the user's responsibility not to break
 319:.\Generated_Source\PSoC4/UART_1.c ****     *  the software buffer operations. Only one custom handler is supported, which
 320:.\Generated_Source\PSoC4/UART_1.c ****     *  is the function provided by the most recent call.
 321:.\Generated_Source\PSoC4/UART_1.c ****     *  At the initialization time no custom handler is registered.
 322:.\Generated_Source\PSoC4/UART_1.c ****     *
 323:.\Generated_Source\PSoC4/UART_1.c ****     * Parameters:
 324:.\Generated_Source\PSoC4/UART_1.c ****     *  func: Pointer to the function to register.
 325:.\Generated_Source\PSoC4/UART_1.c ****     *        The value NULL indicates to remove the current custom interrupt
 326:.\Generated_Source\PSoC4/UART_1.c ****     *        handler.
 327:.\Generated_Source\PSoC4/UART_1.c ****     *
 328:.\Generated_Source\PSoC4/UART_1.c ****     * Return:
 329:.\Generated_Source\PSoC4/UART_1.c ****     *  None
 330:.\Generated_Source\PSoC4/UART_1.c ****     *
 331:.\Generated_Source\PSoC4/UART_1.c ****     *******************************************************************************/
 332:.\Generated_Source\PSoC4/UART_1.c ****     void UART_1_SetCustomInterruptHandler(void (*func)(void))
 333:.\Generated_Source\PSoC4/UART_1.c ****     {
 292              		.loc 1 333 0
 293              		.cfi_startproc
 294 0000 80B5     		push	{r7, lr}
ARM GAS  C:\Users\ilias\AppData\Local\Temp\ccCzPGoc.s 			page 12


 295              		.cfi_def_cfa_offset 8
 296              		.cfi_offset 7, -8
 297              		.cfi_offset 14, -4
 298 0002 82B0     		sub	sp, sp, #8
 299              		.cfi_def_cfa_offset 16
 300 0004 00AF     		add	r7, sp, #0
 301              		.cfi_def_cfa_register 7
 302 0006 7860     		str	r0, [r7, #4]
 334:.\Generated_Source\PSoC4/UART_1.c ****     #if !defined (CY_REMOVE_UART_1_CUSTOM_INTR_HANDLER)
 335:.\Generated_Source\PSoC4/UART_1.c ****         UART_1_customIntrHandler = func; /* Register interrupt handler */
 303              		.loc 1 335 0
 304 0008 024B     		ldr	r3, .L19
 305 000a 7A68     		ldr	r2, [r7, #4]
 306 000c 1A60     		str	r2, [r3]
 336:.\Generated_Source\PSoC4/UART_1.c ****     #else
 337:.\Generated_Source\PSoC4/UART_1.c ****         if (NULL != func)
 338:.\Generated_Source\PSoC4/UART_1.c ****         {
 339:.\Generated_Source\PSoC4/UART_1.c ****             /* Suppress compiler warning */
 340:.\Generated_Source\PSoC4/UART_1.c ****         }
 341:.\Generated_Source\PSoC4/UART_1.c ****     #endif /* !defined (CY_REMOVE_UART_1_CUSTOM_INTR_HANDLER) */
 342:.\Generated_Source\PSoC4/UART_1.c ****     }
 307              		.loc 1 342 0
 308 000e BD46     		mov	sp, r7
 309 0010 02B0     		add	sp, sp, #8
 310              		@ sp needed
 311 0012 80BD     		pop	{r7, pc}
 312              	.L20:
 313              		.align	2
 314              	.L19:
 315 0014 00000000 		.word	UART_1_customIntrHandler
 316              		.cfi_endproc
 317              	.LFE8:
 318              		.size	UART_1_SetCustomInterruptHandler, .-UART_1_SetCustomInterruptHandler
 319              		.section	.text.UART_1_ScbEnableIntr,"ax",%progbits
 320              		.align	2
 321              		.code	16
 322              		.thumb_func
 323              		.type	UART_1_ScbEnableIntr, %function
 324              	UART_1_ScbEnableIntr:
 325              	.LFB9:
 343:.\Generated_Source\PSoC4/UART_1.c **** #endif /* (UART_1_SCB_IRQ_INTERNAL) */
 344:.\Generated_Source\PSoC4/UART_1.c **** 
 345:.\Generated_Source\PSoC4/UART_1.c **** 
 346:.\Generated_Source\PSoC4/UART_1.c **** /*******************************************************************************
 347:.\Generated_Source\PSoC4/UART_1.c **** * Function Name: UART_1_ScbModeEnableIntr
 348:.\Generated_Source\PSoC4/UART_1.c **** ********************************************************************************
 349:.\Generated_Source\PSoC4/UART_1.c **** *
 350:.\Generated_Source\PSoC4/UART_1.c **** * Summary:
 351:.\Generated_Source\PSoC4/UART_1.c **** *  Enables an interrupt for a specific mode.
 352:.\Generated_Source\PSoC4/UART_1.c **** *
 353:.\Generated_Source\PSoC4/UART_1.c **** * Parameters:
 354:.\Generated_Source\PSoC4/UART_1.c **** *  None
 355:.\Generated_Source\PSoC4/UART_1.c **** *
 356:.\Generated_Source\PSoC4/UART_1.c **** * Return:
 357:.\Generated_Source\PSoC4/UART_1.c **** *  None
 358:.\Generated_Source\PSoC4/UART_1.c **** *
 359:.\Generated_Source\PSoC4/UART_1.c **** *******************************************************************************/
ARM GAS  C:\Users\ilias\AppData\Local\Temp\ccCzPGoc.s 			page 13


 360:.\Generated_Source\PSoC4/UART_1.c **** static void UART_1_ScbEnableIntr(void)
 361:.\Generated_Source\PSoC4/UART_1.c **** {
 326              		.loc 1 361 0
 327              		.cfi_startproc
 328 0000 80B5     		push	{r7, lr}
 329              		.cfi_def_cfa_offset 8
 330              		.cfi_offset 7, -8
 331              		.cfi_offset 14, -4
 332 0002 00AF     		add	r7, sp, #0
 333              		.cfi_def_cfa_register 7
 362:.\Generated_Source\PSoC4/UART_1.c **** #if (UART_1_SCB_IRQ_INTERNAL)
 363:.\Generated_Source\PSoC4/UART_1.c ****     /* Enable interrupt in NVIC */
 364:.\Generated_Source\PSoC4/UART_1.c ****     #if (UART_1_SCB_MODE_UNCONFIG_CONST_CFG)
 365:.\Generated_Source\PSoC4/UART_1.c ****         if (0u != UART_1_scbEnableIntr)
 366:.\Generated_Source\PSoC4/UART_1.c ****         {
 367:.\Generated_Source\PSoC4/UART_1.c ****             UART_1_EnableInt();
 368:.\Generated_Source\PSoC4/UART_1.c ****         }
 369:.\Generated_Source\PSoC4/UART_1.c **** 
 370:.\Generated_Source\PSoC4/UART_1.c ****     #else
 371:.\Generated_Source\PSoC4/UART_1.c ****         UART_1_EnableInt();
 334              		.loc 1 371 0
 335 0004 0920     		mov	r0, #9
 336 0006 FFF7FEFF 		bl	CyIntEnable
 372:.\Generated_Source\PSoC4/UART_1.c **** 
 373:.\Generated_Source\PSoC4/UART_1.c ****     #endif /* (UART_1_SCB_MODE_UNCONFIG_CONST_CFG) */
 374:.\Generated_Source\PSoC4/UART_1.c **** #endif /* (UART_1_SCB_IRQ_INTERNAL) */
 375:.\Generated_Source\PSoC4/UART_1.c **** }
 337              		.loc 1 375 0
 338 000a BD46     		mov	sp, r7
 339              		@ sp needed
 340 000c 80BD     		pop	{r7, pc}
 341              		.cfi_endproc
 342              	.LFE9:
 343              		.size	UART_1_ScbEnableIntr, .-UART_1_ScbEnableIntr
 344              		.section	.text.UART_1_ScbModePostEnable,"ax",%progbits
 345              		.align	2
 346              		.code	16
 347              		.thumb_func
 348              		.type	UART_1_ScbModePostEnable, %function
 349              	UART_1_ScbModePostEnable:
 350              	.LFB10:
 376:.\Generated_Source\PSoC4/UART_1.c **** 
 377:.\Generated_Source\PSoC4/UART_1.c **** 
 378:.\Generated_Source\PSoC4/UART_1.c **** /*******************************************************************************
 379:.\Generated_Source\PSoC4/UART_1.c **** * Function Name: UART_1_ScbModePostEnable
 380:.\Generated_Source\PSoC4/UART_1.c **** ********************************************************************************
 381:.\Generated_Source\PSoC4/UART_1.c **** *
 382:.\Generated_Source\PSoC4/UART_1.c **** * Summary:
 383:.\Generated_Source\PSoC4/UART_1.c **** *  Calls the PostEnable function for a specific operation mode.
 384:.\Generated_Source\PSoC4/UART_1.c **** *
 385:.\Generated_Source\PSoC4/UART_1.c **** * Parameters:
 386:.\Generated_Source\PSoC4/UART_1.c **** *  None
 387:.\Generated_Source\PSoC4/UART_1.c **** *
 388:.\Generated_Source\PSoC4/UART_1.c **** * Return:
 389:.\Generated_Source\PSoC4/UART_1.c **** *  None
 390:.\Generated_Source\PSoC4/UART_1.c **** *
 391:.\Generated_Source\PSoC4/UART_1.c **** *******************************************************************************/
ARM GAS  C:\Users\ilias\AppData\Local\Temp\ccCzPGoc.s 			page 14


 392:.\Generated_Source\PSoC4/UART_1.c **** static void UART_1_ScbModePostEnable(void)
 393:.\Generated_Source\PSoC4/UART_1.c **** {
 351              		.loc 1 393 0
 352              		.cfi_startproc
 353 0000 80B5     		push	{r7, lr}
 354              		.cfi_def_cfa_offset 8
 355              		.cfi_offset 7, -8
 356              		.cfi_offset 14, -4
 357 0002 00AF     		add	r7, sp, #0
 358              		.cfi_def_cfa_register 7
 394:.\Generated_Source\PSoC4/UART_1.c **** #if (UART_1_SCB_MODE_UNCONFIG_CONST_CFG)
 395:.\Generated_Source\PSoC4/UART_1.c **** #if (!UART_1_CY_SCBIP_V1)
 396:.\Generated_Source\PSoC4/UART_1.c ****     if (UART_1_SCB_MODE_SPI_RUNTM_CFG)
 397:.\Generated_Source\PSoC4/UART_1.c ****     {
 398:.\Generated_Source\PSoC4/UART_1.c ****         UART_1_SpiPostEnable();
 399:.\Generated_Source\PSoC4/UART_1.c ****     }
 400:.\Generated_Source\PSoC4/UART_1.c ****     else if (UART_1_SCB_MODE_UART_RUNTM_CFG)
 401:.\Generated_Source\PSoC4/UART_1.c ****     {
 402:.\Generated_Source\PSoC4/UART_1.c ****         UART_1_UartPostEnable();
 403:.\Generated_Source\PSoC4/UART_1.c ****     }
 404:.\Generated_Source\PSoC4/UART_1.c ****     else
 405:.\Generated_Source\PSoC4/UART_1.c ****     {
 406:.\Generated_Source\PSoC4/UART_1.c ****         /* Unknown mode: do nothing */
 407:.\Generated_Source\PSoC4/UART_1.c ****     }
 408:.\Generated_Source\PSoC4/UART_1.c **** #endif /* (!UART_1_CY_SCBIP_V1) */
 409:.\Generated_Source\PSoC4/UART_1.c **** 
 410:.\Generated_Source\PSoC4/UART_1.c **** #elif (UART_1_SCB_MODE_SPI_CONST_CFG)
 411:.\Generated_Source\PSoC4/UART_1.c ****     UART_1_SpiPostEnable();
 412:.\Generated_Source\PSoC4/UART_1.c **** 
 413:.\Generated_Source\PSoC4/UART_1.c **** #elif (UART_1_SCB_MODE_UART_CONST_CFG)
 414:.\Generated_Source\PSoC4/UART_1.c ****     UART_1_UartPostEnable();
 359              		.loc 1 414 0
 360 0004 FFF7FEFF 		bl	UART_1_UartPostEnable
 415:.\Generated_Source\PSoC4/UART_1.c **** 
 416:.\Generated_Source\PSoC4/UART_1.c **** #else
 417:.\Generated_Source\PSoC4/UART_1.c ****     /* Unknown mode: do nothing */
 418:.\Generated_Source\PSoC4/UART_1.c **** #endif /* (UART_1_SCB_MODE_UNCONFIG_CONST_CFG) */
 419:.\Generated_Source\PSoC4/UART_1.c **** }
 361              		.loc 1 419 0
 362 0008 BD46     		mov	sp, r7
 363              		@ sp needed
 364 000a 80BD     		pop	{r7, pc}
 365              		.cfi_endproc
 366              	.LFE10:
 367              		.size	UART_1_ScbModePostEnable, .-UART_1_ScbModePostEnable
 368              		.section	.text.UART_1_ScbModeStop,"ax",%progbits
 369              		.align	2
 370              		.code	16
 371              		.thumb_func
 372              		.type	UART_1_ScbModeStop, %function
 373              	UART_1_ScbModeStop:
 374              	.LFB11:
 420:.\Generated_Source\PSoC4/UART_1.c **** 
 421:.\Generated_Source\PSoC4/UART_1.c **** 
 422:.\Generated_Source\PSoC4/UART_1.c **** /*******************************************************************************
 423:.\Generated_Source\PSoC4/UART_1.c **** * Function Name: UART_1_ScbModeStop
 424:.\Generated_Source\PSoC4/UART_1.c **** ********************************************************************************
ARM GAS  C:\Users\ilias\AppData\Local\Temp\ccCzPGoc.s 			page 15


 425:.\Generated_Source\PSoC4/UART_1.c **** *
 426:.\Generated_Source\PSoC4/UART_1.c **** * Summary:
 427:.\Generated_Source\PSoC4/UART_1.c **** *  Calls the Stop function for a specific operation mode.
 428:.\Generated_Source\PSoC4/UART_1.c **** *
 429:.\Generated_Source\PSoC4/UART_1.c **** * Parameters:
 430:.\Generated_Source\PSoC4/UART_1.c **** *  None
 431:.\Generated_Source\PSoC4/UART_1.c **** *
 432:.\Generated_Source\PSoC4/UART_1.c **** * Return:
 433:.\Generated_Source\PSoC4/UART_1.c **** *  None
 434:.\Generated_Source\PSoC4/UART_1.c **** *
 435:.\Generated_Source\PSoC4/UART_1.c **** *******************************************************************************/
 436:.\Generated_Source\PSoC4/UART_1.c **** static void UART_1_ScbModeStop(void)
 437:.\Generated_Source\PSoC4/UART_1.c **** {
 375              		.loc 1 437 0
 376              		.cfi_startproc
 377 0000 80B5     		push	{r7, lr}
 378              		.cfi_def_cfa_offset 8
 379              		.cfi_offset 7, -8
 380              		.cfi_offset 14, -4
 381 0002 00AF     		add	r7, sp, #0
 382              		.cfi_def_cfa_register 7
 438:.\Generated_Source\PSoC4/UART_1.c **** #if (UART_1_SCB_MODE_UNCONFIG_CONST_CFG)
 439:.\Generated_Source\PSoC4/UART_1.c ****     if (UART_1_SCB_MODE_I2C_RUNTM_CFG)
 440:.\Generated_Source\PSoC4/UART_1.c ****     {
 441:.\Generated_Source\PSoC4/UART_1.c ****         UART_1_I2CStop();
 442:.\Generated_Source\PSoC4/UART_1.c ****     }
 443:.\Generated_Source\PSoC4/UART_1.c ****     else if (UART_1_SCB_MODE_EZI2C_RUNTM_CFG)
 444:.\Generated_Source\PSoC4/UART_1.c ****     {
 445:.\Generated_Source\PSoC4/UART_1.c ****         UART_1_EzI2CStop();
 446:.\Generated_Source\PSoC4/UART_1.c ****     }
 447:.\Generated_Source\PSoC4/UART_1.c **** #if (!UART_1_CY_SCBIP_V1)
 448:.\Generated_Source\PSoC4/UART_1.c ****     else if (UART_1_SCB_MODE_SPI_RUNTM_CFG)
 449:.\Generated_Source\PSoC4/UART_1.c ****     {
 450:.\Generated_Source\PSoC4/UART_1.c ****         UART_1_SpiStop();
 451:.\Generated_Source\PSoC4/UART_1.c ****     }
 452:.\Generated_Source\PSoC4/UART_1.c ****     else if (UART_1_SCB_MODE_UART_RUNTM_CFG)
 453:.\Generated_Source\PSoC4/UART_1.c ****     {
 454:.\Generated_Source\PSoC4/UART_1.c ****         UART_1_UartStop();
 455:.\Generated_Source\PSoC4/UART_1.c ****     }
 456:.\Generated_Source\PSoC4/UART_1.c **** #endif /* (!UART_1_CY_SCBIP_V1) */
 457:.\Generated_Source\PSoC4/UART_1.c ****     else
 458:.\Generated_Source\PSoC4/UART_1.c ****     {
 459:.\Generated_Source\PSoC4/UART_1.c ****         /* Unknown mode: do nothing */
 460:.\Generated_Source\PSoC4/UART_1.c ****     }
 461:.\Generated_Source\PSoC4/UART_1.c **** #elif (UART_1_SCB_MODE_I2C_CONST_CFG)
 462:.\Generated_Source\PSoC4/UART_1.c ****     UART_1_I2CStop();
 463:.\Generated_Source\PSoC4/UART_1.c **** 
 464:.\Generated_Source\PSoC4/UART_1.c **** #elif (UART_1_SCB_MODE_EZI2C_CONST_CFG)
 465:.\Generated_Source\PSoC4/UART_1.c ****     UART_1_EzI2CStop();
 466:.\Generated_Source\PSoC4/UART_1.c **** 
 467:.\Generated_Source\PSoC4/UART_1.c **** #elif (UART_1_SCB_MODE_SPI_CONST_CFG)
 468:.\Generated_Source\PSoC4/UART_1.c ****     UART_1_SpiStop();
 469:.\Generated_Source\PSoC4/UART_1.c **** 
 470:.\Generated_Source\PSoC4/UART_1.c **** #elif (UART_1_SCB_MODE_UART_CONST_CFG)
 471:.\Generated_Source\PSoC4/UART_1.c ****     UART_1_UartStop();
 383              		.loc 1 471 0
 384 0004 FFF7FEFF 		bl	UART_1_UartStop
ARM GAS  C:\Users\ilias\AppData\Local\Temp\ccCzPGoc.s 			page 16


 472:.\Generated_Source\PSoC4/UART_1.c **** 
 473:.\Generated_Source\PSoC4/UART_1.c **** #else
 474:.\Generated_Source\PSoC4/UART_1.c ****     /* Unknown mode: do nothing */
 475:.\Generated_Source\PSoC4/UART_1.c **** #endif /* (UART_1_SCB_MODE_UNCONFIG_CONST_CFG) */
 476:.\Generated_Source\PSoC4/UART_1.c **** }
 385              		.loc 1 476 0
 386 0008 BD46     		mov	sp, r7
 387              		@ sp needed
 388 000a 80BD     		pop	{r7, pc}
 389              		.cfi_endproc
 390              	.LFE11:
 391              		.size	UART_1_ScbModeStop, .-UART_1_ScbModeStop
 392              		.text
 393              	.Letext0:
 394              		.file 2 "Generated_Source\\PSoC4/cytypes.h"
 395              		.section	.debug_info,"",%progbits
 396              	.Ldebug_info0:
 397 0000 E0010000 		.4byte	0x1e0
 398 0004 0400     		.2byte	0x4
 399 0006 00000000 		.4byte	.Ldebug_abbrev0
 400 000a 04       		.byte	0x4
 401 000b 01       		.uleb128 0x1
 402 000c 00010000 		.4byte	.LASF32
 403 0010 01       		.byte	0x1
 404 0011 2E020000 		.4byte	.LASF33
 405 0015 B9010000 		.4byte	.LASF34
 406 0019 00000000 		.4byte	.Ldebug_ranges0+0
 407 001d 00000000 		.4byte	0
 408 0021 00000000 		.4byte	.Ldebug_line0
 409 0025 02       		.uleb128 0x2
 410 0026 01       		.byte	0x1
 411 0027 06       		.byte	0x6
 412 0028 50020000 		.4byte	.LASF0
 413 002c 02       		.uleb128 0x2
 414 002d 01       		.byte	0x1
 415 002e 08       		.byte	0x8
 416 002f AD000000 		.4byte	.LASF1
 417 0033 02       		.uleb128 0x2
 418 0034 02       		.byte	0x2
 419 0035 05       		.byte	0x5
 420 0036 FC010000 		.4byte	.LASF2
 421 003a 02       		.uleb128 0x2
 422 003b 02       		.byte	0x2
 423 003c 07       		.byte	0x7
 424 003d 6B000000 		.4byte	.LASF3
 425 0041 02       		.uleb128 0x2
 426 0042 04       		.byte	0x4
 427 0043 05       		.byte	0x5
 428 0044 11020000 		.4byte	.LASF4
 429 0048 02       		.uleb128 0x2
 430 0049 04       		.byte	0x4
 431 004a 07       		.byte	0x7
 432 004b C7000000 		.4byte	.LASF5
 433 004f 02       		.uleb128 0x2
 434 0050 08       		.byte	0x8
 435 0051 05       		.byte	0x5
 436 0052 E9010000 		.4byte	.LASF6
ARM GAS  C:\Users\ilias\AppData\Local\Temp\ccCzPGoc.s 			page 17


 437 0056 02       		.uleb128 0x2
 438 0057 08       		.byte	0x8
 439 0058 07       		.byte	0x7
 440 0059 A2010000 		.4byte	.LASF7
 441 005d 03       		.uleb128 0x3
 442 005e 04       		.byte	0x4
 443 005f 05       		.byte	0x5
 444 0060 696E7400 		.ascii	"int\000"
 445 0064 02       		.uleb128 0x2
 446 0065 04       		.byte	0x4
 447 0066 07       		.byte	0x7
 448 0067 95010000 		.4byte	.LASF8
 449 006b 04       		.uleb128 0x4
 450 006c D9000000 		.4byte	.LASF9
 451 0070 02       		.byte	0x2
 452 0071 3801     		.2byte	0x138
 453 0073 2C000000 		.4byte	0x2c
 454 0077 04       		.uleb128 0x4
 455 0078 8E010000 		.4byte	.LASF10
 456 007c 02       		.byte	0x2
 457 007d 3A01     		.2byte	0x13a
 458 007f 48000000 		.4byte	0x48
 459 0083 02       		.uleb128 0x2
 460 0084 04       		.byte	0x4
 461 0085 04       		.byte	0x4
 462 0086 94000000 		.4byte	.LASF11
 463 008a 02       		.uleb128 0x2
 464 008b 08       		.byte	0x8
 465 008c 04       		.byte	0x4
 466 008d F4000000 		.4byte	.LASF12
 467 0091 02       		.uleb128 0x2
 468 0092 01       		.byte	0x1
 469 0093 08       		.byte	0x8
 470 0094 F7010000 		.4byte	.LASF13
 471 0098 04       		.uleb128 0x4
 472 0099 1A020000 		.4byte	.LASF14
 473 009d 02       		.byte	0x2
 474 009e E401     		.2byte	0x1e4
 475 00a0 A4000000 		.4byte	0xa4
 476 00a4 05       		.uleb128 0x5
 477 00a5 77000000 		.4byte	0x77
 478 00a9 06       		.uleb128 0x6
 479 00aa 04       		.byte	0x4
 480 00ab AF000000 		.4byte	0xaf
 481 00af 07       		.uleb128 0x7
 482 00b0 02       		.uleb128 0x2
 483 00b1 04       		.byte	0x4
 484 00b2 07       		.byte	0x7
 485 00b3 E0010000 		.4byte	.LASF15
 486 00b7 08       		.uleb128 0x8
 487 00b8 19000000 		.4byte	.LASF16
 488 00bc 01       		.byte	0x1
 489 00bd 66       		.byte	0x66
 490 00be 00000000 		.4byte	.LFB2
 491 00c2 0C000000 		.4byte	.LFE2-.LFB2
 492 00c6 01       		.uleb128 0x1
 493 00c7 9C       		.byte	0x9c
ARM GAS  C:\Users\ilias\AppData\Local\Temp\ccCzPGoc.s 			page 18


 494 00c8 08       		.uleb128 0x8
 495 00c9 20020000 		.4byte	.LASF17
 496 00cd 01       		.byte	0x1
 497 00ce 92       		.byte	0x92
 498 00cf 00000000 		.4byte	.LFB3
 499 00d3 24000000 		.4byte	.LFE3-.LFB3
 500 00d7 01       		.uleb128 0x1
 501 00d8 9C       		.byte	0x9c
 502 00d9 08       		.uleb128 0x8
 503 00da 25000000 		.4byte	.LASF18
 504 00de 01       		.byte	0x1
 505 00df C0       		.byte	0xc0
 506 00e0 00000000 		.4byte	.LFB4
 507 00e4 24000000 		.4byte	.LFE4-.LFB4
 508 00e8 01       		.uleb128 0x1
 509 00e9 9C       		.byte	0x9c
 510 00ea 08       		.uleb128 0x8
 511 00eb BB000000 		.4byte	.LASF19
 512 00ef 01       		.byte	0x1
 513 00f0 DD       		.byte	0xdd
 514 00f1 00000000 		.4byte	.LFB5
 515 00f5 34000000 		.4byte	.LFE5-.LFB5
 516 00f9 01       		.uleb128 0x1
 517 00fa 9C       		.byte	0x9c
 518 00fb 09       		.uleb128 0x9
 519 00fc 7D020000 		.4byte	.LASF20
 520 0100 01       		.byte	0x1
 521 0101 0A01     		.2byte	0x10a
 522 0103 00000000 		.4byte	.LFB6
 523 0107 34000000 		.4byte	.LFE6-.LFB6
 524 010b 01       		.uleb128 0x1
 525 010c 9C       		.byte	0x9c
 526 010d 30010000 		.4byte	0x130
 527 0111 0A       		.uleb128 0xa
 528 0112 4C000000 		.4byte	.LASF22
 529 0116 01       		.byte	0x1
 530 0117 0A01     		.2byte	0x10a
 531 0119 77000000 		.4byte	0x77
 532 011d 02       		.uleb128 0x2
 533 011e 91       		.byte	0x91
 534 011f 6C       		.sleb128 -20
 535 0120 0B       		.uleb128 0xb
 536 0121 06020000 		.4byte	.LASF23
 537 0125 01       		.byte	0x1
 538 0126 0C01     		.2byte	0x10c
 539 0128 77000000 		.4byte	0x77
 540 012c 02       		.uleb128 0x2
 541 012d 91       		.byte	0x91
 542 012e 74       		.sleb128 -12
 543 012f 00       		.byte	0
 544 0130 09       		.uleb128 0x9
 545 0131 7E000000 		.4byte	.LASF21
 546 0135 01       		.byte	0x1
 547 0136 2801     		.2byte	0x128
 548 0138 00000000 		.4byte	.LFB7
 549 013c 34000000 		.4byte	.LFE7-.LFB7
 550 0140 01       		.uleb128 0x1
ARM GAS  C:\Users\ilias\AppData\Local\Temp\ccCzPGoc.s 			page 19


 551 0141 9C       		.byte	0x9c
 552 0142 65010000 		.4byte	0x165
 553 0146 0A       		.uleb128 0xa
 554 0147 4C000000 		.4byte	.LASF22
 555 014b 01       		.byte	0x1
 556 014c 2801     		.2byte	0x128
 557 014e 77000000 		.4byte	0x77
 558 0152 02       		.uleb128 0x2
 559 0153 91       		.byte	0x91
 560 0154 6C       		.sleb128 -20
 561 0155 0B       		.uleb128 0xb
 562 0156 32000000 		.4byte	.LASF24
 563 015a 01       		.byte	0x1
 564 015b 2A01     		.2byte	0x12a
 565 015d 77000000 		.4byte	0x77
 566 0161 02       		.uleb128 0x2
 567 0162 91       		.byte	0x91
 568 0163 74       		.sleb128 -12
 569 0164 00       		.byte	0
 570 0165 09       		.uleb128 0x9
 571 0166 5C020000 		.4byte	.LASF25
 572 016a 01       		.byte	0x1
 573 016b 4C01     		.2byte	0x14c
 574 016d 00000000 		.4byte	.LFB8
 575 0171 18000000 		.4byte	.LFE8-.LFB8
 576 0175 01       		.uleb128 0x1
 577 0176 9C       		.byte	0x9c
 578 0177 8B010000 		.4byte	0x18b
 579 017b 0A       		.uleb128 0xa
 580 017c FB000000 		.4byte	.LASF26
 581 0180 01       		.byte	0x1
 582 0181 4C01     		.2byte	0x14c
 583 0183 A9000000 		.4byte	0xa9
 584 0187 02       		.uleb128 0x2
 585 0188 91       		.byte	0x91
 586 0189 74       		.sleb128 -12
 587 018a 00       		.byte	0
 588 018b 0C       		.uleb128 0xc
 589 018c DF000000 		.4byte	.LASF27
 590 0190 01       		.byte	0x1
 591 0191 6801     		.2byte	0x168
 592 0193 00000000 		.4byte	.LFB9
 593 0197 0E000000 		.4byte	.LFE9-.LFB9
 594 019b 01       		.uleb128 0x1
 595 019c 9C       		.byte	0x9c
 596 019d 0C       		.uleb128 0xc
 597 019e 52000000 		.4byte	.LASF28
 598 01a2 01       		.byte	0x1
 599 01a3 8801     		.2byte	0x188
 600 01a5 00000000 		.4byte	.LFB10
 601 01a9 0C000000 		.4byte	.LFE10-.LFB10
 602 01ad 01       		.uleb128 0x1
 603 01ae 9C       		.byte	0x9c
 604 01af 0C       		.uleb128 0xc
 605 01b0 9A000000 		.4byte	.LASF29
 606 01b4 01       		.byte	0x1
 607 01b5 B401     		.2byte	0x1b4
ARM GAS  C:\Users\ilias\AppData\Local\Temp\ccCzPGoc.s 			page 20


 608 01b7 00000000 		.4byte	.LFB11
 609 01bb 0C000000 		.4byte	.LFE11-.LFB11
 610 01bf 01       		.uleb128 0x1
 611 01c0 9C       		.byte	0x9c
 612 01c1 0D       		.uleb128 0xd
 613 01c2 3D000000 		.4byte	.LASF30
 614 01c6 01       		.byte	0x1
 615 01c7 42       		.byte	0x42
 616 01c8 6B000000 		.4byte	0x6b
 617 01cc 05       		.uleb128 0x5
 618 01cd 03       		.byte	0x3
 619 01ce 00000000 		.4byte	UART_1_initVar
 620 01d2 0D       		.uleb128 0xd
 621 01d3 00000000 		.4byte	.LASF31
 622 01d7 01       		.byte	0x1
 623 01d8 46       		.byte	0x46
 624 01d9 A9000000 		.4byte	0xa9
 625 01dd 05       		.uleb128 0x5
 626 01de 03       		.byte	0x3
 627 01df 00000000 		.4byte	UART_1_customIntrHandler
 628 01e3 00       		.byte	0
 629              		.section	.debug_abbrev,"",%progbits
 630              	.Ldebug_abbrev0:
 631 0000 01       		.uleb128 0x1
 632 0001 11       		.uleb128 0x11
 633 0002 01       		.byte	0x1
 634 0003 25       		.uleb128 0x25
 635 0004 0E       		.uleb128 0xe
 636 0005 13       		.uleb128 0x13
 637 0006 0B       		.uleb128 0xb
 638 0007 03       		.uleb128 0x3
 639 0008 0E       		.uleb128 0xe
 640 0009 1B       		.uleb128 0x1b
 641 000a 0E       		.uleb128 0xe
 642 000b 55       		.uleb128 0x55
 643 000c 17       		.uleb128 0x17
 644 000d 11       		.uleb128 0x11
 645 000e 01       		.uleb128 0x1
 646 000f 10       		.uleb128 0x10
 647 0010 17       		.uleb128 0x17
 648 0011 00       		.byte	0
 649 0012 00       		.byte	0
 650 0013 02       		.uleb128 0x2
 651 0014 24       		.uleb128 0x24
 652 0015 00       		.byte	0
 653 0016 0B       		.uleb128 0xb
 654 0017 0B       		.uleb128 0xb
 655 0018 3E       		.uleb128 0x3e
 656 0019 0B       		.uleb128 0xb
 657 001a 03       		.uleb128 0x3
 658 001b 0E       		.uleb128 0xe
 659 001c 00       		.byte	0
 660 001d 00       		.byte	0
 661 001e 03       		.uleb128 0x3
 662 001f 24       		.uleb128 0x24
 663 0020 00       		.byte	0
 664 0021 0B       		.uleb128 0xb
ARM GAS  C:\Users\ilias\AppData\Local\Temp\ccCzPGoc.s 			page 21


 665 0022 0B       		.uleb128 0xb
 666 0023 3E       		.uleb128 0x3e
 667 0024 0B       		.uleb128 0xb
 668 0025 03       		.uleb128 0x3
 669 0026 08       		.uleb128 0x8
 670 0027 00       		.byte	0
 671 0028 00       		.byte	0
 672 0029 04       		.uleb128 0x4
 673 002a 16       		.uleb128 0x16
 674 002b 00       		.byte	0
 675 002c 03       		.uleb128 0x3
 676 002d 0E       		.uleb128 0xe
 677 002e 3A       		.uleb128 0x3a
 678 002f 0B       		.uleb128 0xb
 679 0030 3B       		.uleb128 0x3b
 680 0031 05       		.uleb128 0x5
 681 0032 49       		.uleb128 0x49
 682 0033 13       		.uleb128 0x13
 683 0034 00       		.byte	0
 684 0035 00       		.byte	0
 685 0036 05       		.uleb128 0x5
 686 0037 35       		.uleb128 0x35
 687 0038 00       		.byte	0
 688 0039 49       		.uleb128 0x49
 689 003a 13       		.uleb128 0x13
 690 003b 00       		.byte	0
 691 003c 00       		.byte	0
 692 003d 06       		.uleb128 0x6
 693 003e 0F       		.uleb128 0xf
 694 003f 00       		.byte	0
 695 0040 0B       		.uleb128 0xb
 696 0041 0B       		.uleb128 0xb
 697 0042 49       		.uleb128 0x49
 698 0043 13       		.uleb128 0x13
 699 0044 00       		.byte	0
 700 0045 00       		.byte	0
 701 0046 07       		.uleb128 0x7
 702 0047 15       		.uleb128 0x15
 703 0048 00       		.byte	0
 704 0049 27       		.uleb128 0x27
 705 004a 19       		.uleb128 0x19
 706 004b 00       		.byte	0
 707 004c 00       		.byte	0
 708 004d 08       		.uleb128 0x8
 709 004e 2E       		.uleb128 0x2e
 710 004f 00       		.byte	0
 711 0050 3F       		.uleb128 0x3f
 712 0051 19       		.uleb128 0x19
 713 0052 03       		.uleb128 0x3
 714 0053 0E       		.uleb128 0xe
 715 0054 3A       		.uleb128 0x3a
 716 0055 0B       		.uleb128 0xb
 717 0056 3B       		.uleb128 0x3b
 718 0057 0B       		.uleb128 0xb
 719 0058 27       		.uleb128 0x27
 720 0059 19       		.uleb128 0x19
 721 005a 11       		.uleb128 0x11
ARM GAS  C:\Users\ilias\AppData\Local\Temp\ccCzPGoc.s 			page 22


 722 005b 01       		.uleb128 0x1
 723 005c 12       		.uleb128 0x12
 724 005d 06       		.uleb128 0x6
 725 005e 40       		.uleb128 0x40
 726 005f 18       		.uleb128 0x18
 727 0060 9642     		.uleb128 0x2116
 728 0062 19       		.uleb128 0x19
 729 0063 00       		.byte	0
 730 0064 00       		.byte	0
 731 0065 09       		.uleb128 0x9
 732 0066 2E       		.uleb128 0x2e
 733 0067 01       		.byte	0x1
 734 0068 3F       		.uleb128 0x3f
 735 0069 19       		.uleb128 0x19
 736 006a 03       		.uleb128 0x3
 737 006b 0E       		.uleb128 0xe
 738 006c 3A       		.uleb128 0x3a
 739 006d 0B       		.uleb128 0xb
 740 006e 3B       		.uleb128 0x3b
 741 006f 05       		.uleb128 0x5
 742 0070 27       		.uleb128 0x27
 743 0071 19       		.uleb128 0x19
 744 0072 11       		.uleb128 0x11
 745 0073 01       		.uleb128 0x1
 746 0074 12       		.uleb128 0x12
 747 0075 06       		.uleb128 0x6
 748 0076 40       		.uleb128 0x40
 749 0077 18       		.uleb128 0x18
 750 0078 9742     		.uleb128 0x2117
 751 007a 19       		.uleb128 0x19
 752 007b 01       		.uleb128 0x1
 753 007c 13       		.uleb128 0x13
 754 007d 00       		.byte	0
 755 007e 00       		.byte	0
 756 007f 0A       		.uleb128 0xa
 757 0080 05       		.uleb128 0x5
 758 0081 00       		.byte	0
 759 0082 03       		.uleb128 0x3
 760 0083 0E       		.uleb128 0xe
 761 0084 3A       		.uleb128 0x3a
 762 0085 0B       		.uleb128 0xb
 763 0086 3B       		.uleb128 0x3b
 764 0087 05       		.uleb128 0x5
 765 0088 49       		.uleb128 0x49
 766 0089 13       		.uleb128 0x13
 767 008a 02       		.uleb128 0x2
 768 008b 18       		.uleb128 0x18
 769 008c 00       		.byte	0
 770 008d 00       		.byte	0
 771 008e 0B       		.uleb128 0xb
 772 008f 34       		.uleb128 0x34
 773 0090 00       		.byte	0
 774 0091 03       		.uleb128 0x3
 775 0092 0E       		.uleb128 0xe
 776 0093 3A       		.uleb128 0x3a
 777 0094 0B       		.uleb128 0xb
 778 0095 3B       		.uleb128 0x3b
ARM GAS  C:\Users\ilias\AppData\Local\Temp\ccCzPGoc.s 			page 23


 779 0096 05       		.uleb128 0x5
 780 0097 49       		.uleb128 0x49
 781 0098 13       		.uleb128 0x13
 782 0099 02       		.uleb128 0x2
 783 009a 18       		.uleb128 0x18
 784 009b 00       		.byte	0
 785 009c 00       		.byte	0
 786 009d 0C       		.uleb128 0xc
 787 009e 2E       		.uleb128 0x2e
 788 009f 00       		.byte	0
 789 00a0 03       		.uleb128 0x3
 790 00a1 0E       		.uleb128 0xe
 791 00a2 3A       		.uleb128 0x3a
 792 00a3 0B       		.uleb128 0xb
 793 00a4 3B       		.uleb128 0x3b
 794 00a5 05       		.uleb128 0x5
 795 00a6 27       		.uleb128 0x27
 796 00a7 19       		.uleb128 0x19
 797 00a8 11       		.uleb128 0x11
 798 00a9 01       		.uleb128 0x1
 799 00aa 12       		.uleb128 0x12
 800 00ab 06       		.uleb128 0x6
 801 00ac 40       		.uleb128 0x40
 802 00ad 18       		.uleb128 0x18
 803 00ae 9642     		.uleb128 0x2116
 804 00b0 19       		.uleb128 0x19
 805 00b1 00       		.byte	0
 806 00b2 00       		.byte	0
 807 00b3 0D       		.uleb128 0xd
 808 00b4 34       		.uleb128 0x34
 809 00b5 00       		.byte	0
 810 00b6 03       		.uleb128 0x3
 811 00b7 0E       		.uleb128 0xe
 812 00b8 3A       		.uleb128 0x3a
 813 00b9 0B       		.uleb128 0xb
 814 00ba 3B       		.uleb128 0x3b
 815 00bb 0B       		.uleb128 0xb
 816 00bc 49       		.uleb128 0x49
 817 00bd 13       		.uleb128 0x13
 818 00be 3F       		.uleb128 0x3f
 819 00bf 19       		.uleb128 0x19
 820 00c0 02       		.uleb128 0x2
 821 00c1 18       		.uleb128 0x18
 822 00c2 00       		.byte	0
 823 00c3 00       		.byte	0
 824 00c4 00       		.byte	0
 825              		.section	.debug_aranges,"",%progbits
 826 0000 64000000 		.4byte	0x64
 827 0004 0200     		.2byte	0x2
 828 0006 00000000 		.4byte	.Ldebug_info0
 829 000a 04       		.byte	0x4
 830 000b 00       		.byte	0
 831 000c 0000     		.2byte	0
 832 000e 0000     		.2byte	0
 833 0010 00000000 		.4byte	.LFB2
 834 0014 0C000000 		.4byte	.LFE2-.LFB2
 835 0018 00000000 		.4byte	.LFB3
ARM GAS  C:\Users\ilias\AppData\Local\Temp\ccCzPGoc.s 			page 24


 836 001c 24000000 		.4byte	.LFE3-.LFB3
 837 0020 00000000 		.4byte	.LFB4
 838 0024 24000000 		.4byte	.LFE4-.LFB4
 839 0028 00000000 		.4byte	.LFB5
 840 002c 34000000 		.4byte	.LFE5-.LFB5
 841 0030 00000000 		.4byte	.LFB6
 842 0034 34000000 		.4byte	.LFE6-.LFB6
 843 0038 00000000 		.4byte	.LFB7
 844 003c 34000000 		.4byte	.LFE7-.LFB7
 845 0040 00000000 		.4byte	.LFB8
 846 0044 18000000 		.4byte	.LFE8-.LFB8
 847 0048 00000000 		.4byte	.LFB9
 848 004c 0E000000 		.4byte	.LFE9-.LFB9
 849 0050 00000000 		.4byte	.LFB10
 850 0054 0C000000 		.4byte	.LFE10-.LFB10
 851 0058 00000000 		.4byte	.LFB11
 852 005c 0C000000 		.4byte	.LFE11-.LFB11
 853 0060 00000000 		.4byte	0
 854 0064 00000000 		.4byte	0
 855              		.section	.debug_ranges,"",%progbits
 856              	.Ldebug_ranges0:
 857 0000 00000000 		.4byte	.LFB2
 858 0004 0C000000 		.4byte	.LFE2
 859 0008 00000000 		.4byte	.LFB3
 860 000c 24000000 		.4byte	.LFE3
 861 0010 00000000 		.4byte	.LFB4
 862 0014 24000000 		.4byte	.LFE4
 863 0018 00000000 		.4byte	.LFB5
 864 001c 34000000 		.4byte	.LFE5
 865 0020 00000000 		.4byte	.LFB6
 866 0024 34000000 		.4byte	.LFE6
 867 0028 00000000 		.4byte	.LFB7
 868 002c 34000000 		.4byte	.LFE7
 869 0030 00000000 		.4byte	.LFB8
 870 0034 18000000 		.4byte	.LFE8
 871 0038 00000000 		.4byte	.LFB9
 872 003c 0E000000 		.4byte	.LFE9
 873 0040 00000000 		.4byte	.LFB10
 874 0044 0C000000 		.4byte	.LFE10
 875 0048 00000000 		.4byte	.LFB11
 876 004c 0C000000 		.4byte	.LFE11
 877 0050 00000000 		.4byte	0
 878 0054 00000000 		.4byte	0
 879              		.section	.debug_line,"",%progbits
 880              	.Ldebug_line0:
 881 0000 31010000 		.section	.debug_str,"MS",%progbits,1
 881      02005C00 
 881      00000201 
 881      FB0E0D00 
 881      01010101 
 882              	.LASF31:
 883 0000 55415254 		.ascii	"UART_1_customIntrHandler\000"
 883      5F315F63 
 883      7573746F 
 883      6D496E74 
 883      7248616E 
 884              	.LASF16:
ARM GAS  C:\Users\ilias\AppData\Local\Temp\ccCzPGoc.s 			page 25


 885 0019 55415254 		.ascii	"UART_1_Init\000"
 885      5F315F49 
 885      6E697400 
 886              	.LASF18:
 887 0025 55415254 		.ascii	"UART_1_Start\000"
 887      5F315F53 
 887      74617274 
 887      00
 888              	.LASF24:
 889 0032 74784669 		.ascii	"txFifoCtrl\000"
 889      666F4374 
 889      726C00
 890              	.LASF30:
 891 003d 55415254 		.ascii	"UART_1_initVar\000"
 891      5F315F69 
 891      6E697456 
 891      617200
 892              	.LASF22:
 893 004c 6C657665 		.ascii	"level\000"
 893      6C00
 894              	.LASF28:
 895 0052 55415254 		.ascii	"UART_1_ScbModePostEnable\000"
 895      5F315F53 
 895      63624D6F 
 895      6465506F 
 895      7374456E 
 896              	.LASF3:
 897 006b 73686F72 		.ascii	"short unsigned int\000"
 897      7420756E 
 897      7369676E 
 897      65642069 
 897      6E7400
 898              	.LASF21:
 899 007e 55415254 		.ascii	"UART_1_SetTxFifoLevel\000"
 899      5F315F53 
 899      65745478 
 899      4669666F 
 899      4C657665 
 900              	.LASF11:
 901 0094 666C6F61 		.ascii	"float\000"
 901      7400
 902              	.LASF29:
 903 009a 55415254 		.ascii	"UART_1_ScbModeStop\000"
 903      5F315F53 
 903      63624D6F 
 903      64655374 
 903      6F7000
 904              	.LASF1:
 905 00ad 756E7369 		.ascii	"unsigned char\000"
 905      676E6564 
 905      20636861 
 905      7200
 906              	.LASF19:
 907 00bb 55415254 		.ascii	"UART_1_Stop\000"
 907      5F315F53 
 907      746F7000 
 908              	.LASF5:
ARM GAS  C:\Users\ilias\AppData\Local\Temp\ccCzPGoc.s 			page 26


 909 00c7 6C6F6E67 		.ascii	"long unsigned int\000"
 909      20756E73 
 909      69676E65 
 909      6420696E 
 909      7400
 910              	.LASF9:
 911 00d9 75696E74 		.ascii	"uint8\000"
 911      3800
 912              	.LASF27:
 913 00df 55415254 		.ascii	"UART_1_ScbEnableIntr\000"
 913      5F315F53 
 913      6362456E 
 913      61626C65 
 913      496E7472 
 914              	.LASF12:
 915 00f4 646F7562 		.ascii	"double\000"
 915      6C6500
 916              	.LASF26:
 917 00fb 66756E63 		.ascii	"func\000"
 917      00
 918              	.LASF32:
 919 0100 474E5520 		.ascii	"GNU C 4.9.3 20150303 (release) [ARM/embedded-4_9-br"
 919      4320342E 
 919      392E3320 
 919      32303135 
 919      30333033 
 920 0133 616E6368 		.ascii	"anch revision 221220] -mcpu=cortex-m0 -mthumb -g -O"
 920      20726576 
 920      6973696F 
 920      6E203232 
 920      31323230 
 921 0166 30202D66 		.ascii	"0 -ffunction-sections -ffat-lto-objects\000"
 921      66756E63 
 921      74696F6E 
 921      2D736563 
 921      74696F6E 
 922              	.LASF10:
 923 018e 75696E74 		.ascii	"uint32\000"
 923      333200
 924              	.LASF8:
 925 0195 756E7369 		.ascii	"unsigned int\000"
 925      676E6564 
 925      20696E74 
 925      00
 926              	.LASF7:
 927 01a2 6C6F6E67 		.ascii	"long long unsigned int\000"
 927      206C6F6E 
 927      6720756E 
 927      7369676E 
 927      65642069 
 928              	.LASF34:
 929 01b9 453A5C43 		.ascii	"E:\\Cypress\\FirstApp\\TransferByte.cydsn\000"
 929      79707265 
 929      73735C46 
 929      69727374 
 929      4170705C 
 930              	.LASF15:
ARM GAS  C:\Users\ilias\AppData\Local\Temp\ccCzPGoc.s 			page 27


 931 01e0 73697A65 		.ascii	"sizetype\000"
 931      74797065 
 931      00
 932              	.LASF6:
 933 01e9 6C6F6E67 		.ascii	"long long int\000"
 933      206C6F6E 
 933      6720696E 
 933      7400
 934              	.LASF13:
 935 01f7 63686172 		.ascii	"char\000"
 935      00
 936              	.LASF2:
 937 01fc 73686F72 		.ascii	"short int\000"
 937      7420696E 
 937      7400
 938              	.LASF23:
 939 0206 72784669 		.ascii	"rxFifoCtrl\000"
 939      666F4374 
 939      726C00
 940              	.LASF4:
 941 0211 6C6F6E67 		.ascii	"long int\000"
 941      20696E74 
 941      00
 942              	.LASF14:
 943 021a 72656733 		.ascii	"reg32\000"
 943      3200
 944              	.LASF17:
 945 0220 55415254 		.ascii	"UART_1_Enable\000"
 945      5F315F45 
 945      6E61626C 
 945      6500
 946              	.LASF33:
 947 022e 2E5C4765 		.ascii	".\\Generated_Source\\PSoC4\\UART_1.c\000"
 947      6E657261 
 947      7465645F 
 947      536F7572 
 947      63655C50 
 948              	.LASF0:
 949 0250 7369676E 		.ascii	"signed char\000"
 949      65642063 
 949      68617200 
 950              	.LASF25:
 951 025c 55415254 		.ascii	"UART_1_SetCustomInterruptHandler\000"
 951      5F315F53 
 951      65744375 
 951      73746F6D 
 951      496E7465 
 952              	.LASF20:
 953 027d 55415254 		.ascii	"UART_1_SetRxFifoLevel\000"
 953      5F315F53 
 953      65745278 
 953      4669666F 
 953      4C657665 
 954              		.ident	"GCC: (GNU Tools for ARM Embedded Processors) 4.9.3 20150303 (release) [ARM/embedded-4_9-br
